ARM GAS  C:\Users\Taha\AppData\Local\Temp\ccQUojkO.s 			page 1


   1              		.syntax unified
   2              		.cpu cortex-m3
   3              		.fpu softvfp
   4              		.eabi_attribute 20, 1
   5              		.eabi_attribute 21, 1
   6              		.eabi_attribute 23, 3
   7              		.eabi_attribute 24, 1
   8              		.eabi_attribute 25, 1
   9              		.eabi_attribute 26, 1
  10              		.eabi_attribute 30, 6
  11              		.eabi_attribute 34, 1
  12              		.eabi_attribute 18, 4
  13              		.thumb
  14              		.syntax unified
  15              		.file	"RS485_Sensor_INT.c"
  16              		.text
  17              	.Ltext0:
  18              		.cfi_sections	.debug_frame
  19              		.section	.text.RS485_Sensor_RXISR,"ax",%progbits
  20              		.align	2
  21              		.global	RS485_Sensor_RXISR
  22              		.thumb
  23              		.thumb_func
  24              		.type	RS485_Sensor_RXISR, %function
  25              	RS485_Sensor_RXISR:
  26              	.LFB0:
  27              		.file 1 "Generated_Source\\PSoC5\\RS485_Sensor_INT.c"
   1:Generated_Source\PSoC5/RS485_Sensor_INT.c **** /*******************************************************************************
   2:Generated_Source\PSoC5/RS485_Sensor_INT.c **** * File Name: RS485_SensorINT.c
   3:Generated_Source\PSoC5/RS485_Sensor_INT.c **** * Version 2.50
   4:Generated_Source\PSoC5/RS485_Sensor_INT.c **** *
   5:Generated_Source\PSoC5/RS485_Sensor_INT.c **** * Description:
   6:Generated_Source\PSoC5/RS485_Sensor_INT.c **** *  This file provides all Interrupt Service functionality of the UART component
   7:Generated_Source\PSoC5/RS485_Sensor_INT.c **** *
   8:Generated_Source\PSoC5/RS485_Sensor_INT.c **** ********************************************************************************
   9:Generated_Source\PSoC5/RS485_Sensor_INT.c **** * Copyright 2008-2015, Cypress Semiconductor Corporation.  All rights reserved.
  10:Generated_Source\PSoC5/RS485_Sensor_INT.c **** * You may use this file only in accordance with the license, terms, conditions,
  11:Generated_Source\PSoC5/RS485_Sensor_INT.c **** * disclaimers, and limitations in the end user license agreement accompanying
  12:Generated_Source\PSoC5/RS485_Sensor_INT.c **** * the software package with which this file was provided.
  13:Generated_Source\PSoC5/RS485_Sensor_INT.c **** *******************************************************************************/
  14:Generated_Source\PSoC5/RS485_Sensor_INT.c **** 
  15:Generated_Source\PSoC5/RS485_Sensor_INT.c **** #include "RS485_Sensor.h"
  16:Generated_Source\PSoC5/RS485_Sensor_INT.c **** #include "cyapicallbacks.h"
  17:Generated_Source\PSoC5/RS485_Sensor_INT.c **** 
  18:Generated_Source\PSoC5/RS485_Sensor_INT.c **** 
  19:Generated_Source\PSoC5/RS485_Sensor_INT.c **** /***************************************
  20:Generated_Source\PSoC5/RS485_Sensor_INT.c **** * Custom Declarations
  21:Generated_Source\PSoC5/RS485_Sensor_INT.c **** ***************************************/
  22:Generated_Source\PSoC5/RS485_Sensor_INT.c **** /* `#START CUSTOM_DECLARATIONS` Place your declaration here */
  23:Generated_Source\PSoC5/RS485_Sensor_INT.c **** 
  24:Generated_Source\PSoC5/RS485_Sensor_INT.c **** /* `#END` */
  25:Generated_Source\PSoC5/RS485_Sensor_INT.c **** 
  26:Generated_Source\PSoC5/RS485_Sensor_INT.c **** #if (RS485_Sensor_RX_INTERRUPT_ENABLED && (RS485_Sensor_RX_ENABLED || RS485_Sensor_HD_ENABLED))
  27:Generated_Source\PSoC5/RS485_Sensor_INT.c ****     /*******************************************************************************
  28:Generated_Source\PSoC5/RS485_Sensor_INT.c ****     * Function Name: RS485_Sensor_RXISR
  29:Generated_Source\PSoC5/RS485_Sensor_INT.c ****     ********************************************************************************
  30:Generated_Source\PSoC5/RS485_Sensor_INT.c ****     *
ARM GAS  C:\Users\Taha\AppData\Local\Temp\ccQUojkO.s 			page 2


  31:Generated_Source\PSoC5/RS485_Sensor_INT.c ****     * Summary:
  32:Generated_Source\PSoC5/RS485_Sensor_INT.c ****     *  Interrupt Service Routine for RX portion of the UART
  33:Generated_Source\PSoC5/RS485_Sensor_INT.c ****     *
  34:Generated_Source\PSoC5/RS485_Sensor_INT.c ****     * Parameters:
  35:Generated_Source\PSoC5/RS485_Sensor_INT.c ****     *  None.
  36:Generated_Source\PSoC5/RS485_Sensor_INT.c ****     *
  37:Generated_Source\PSoC5/RS485_Sensor_INT.c ****     * Return:
  38:Generated_Source\PSoC5/RS485_Sensor_INT.c ****     *  None.
  39:Generated_Source\PSoC5/RS485_Sensor_INT.c ****     *
  40:Generated_Source\PSoC5/RS485_Sensor_INT.c ****     * Global Variables:
  41:Generated_Source\PSoC5/RS485_Sensor_INT.c ****     *  RS485_Sensor_rxBuffer - RAM buffer pointer for save received data.
  42:Generated_Source\PSoC5/RS485_Sensor_INT.c ****     *  RS485_Sensor_rxBufferWrite - cyclic index for write to rxBuffer,
  43:Generated_Source\PSoC5/RS485_Sensor_INT.c ****     *     increments after each byte saved to buffer.
  44:Generated_Source\PSoC5/RS485_Sensor_INT.c ****     *  RS485_Sensor_rxBufferRead - cyclic index for read from rxBuffer,
  45:Generated_Source\PSoC5/RS485_Sensor_INT.c ****     *     checked to detect overflow condition.
  46:Generated_Source\PSoC5/RS485_Sensor_INT.c ****     *  RS485_Sensor_rxBufferOverflow - software overflow flag. Set to one
  47:Generated_Source\PSoC5/RS485_Sensor_INT.c ****     *     when RS485_Sensor_rxBufferWrite index overtakes
  48:Generated_Source\PSoC5/RS485_Sensor_INT.c ****     *     RS485_Sensor_rxBufferRead index.
  49:Generated_Source\PSoC5/RS485_Sensor_INT.c ****     *  RS485_Sensor_rxBufferLoopDetect - additional variable to detect overflow.
  50:Generated_Source\PSoC5/RS485_Sensor_INT.c ****     *     Set to one when RS485_Sensor_rxBufferWrite is equal to
  51:Generated_Source\PSoC5/RS485_Sensor_INT.c ****     *    RS485_Sensor_rxBufferRead
  52:Generated_Source\PSoC5/RS485_Sensor_INT.c ****     *  RS485_Sensor_rxAddressMode - this variable contains the Address mode,
  53:Generated_Source\PSoC5/RS485_Sensor_INT.c ****     *     selected in customizer or set by UART_SetRxAddressMode() API.
  54:Generated_Source\PSoC5/RS485_Sensor_INT.c ****     *  RS485_Sensor_rxAddressDetected - set to 1 when correct address received,
  55:Generated_Source\PSoC5/RS485_Sensor_INT.c ****     *     and analysed to store following addressed data bytes to the buffer.
  56:Generated_Source\PSoC5/RS485_Sensor_INT.c ****     *     When not correct address received, set to 0 to skip following data bytes.
  57:Generated_Source\PSoC5/RS485_Sensor_INT.c ****     *
  58:Generated_Source\PSoC5/RS485_Sensor_INT.c ****     *******************************************************************************/
  59:Generated_Source\PSoC5/RS485_Sensor_INT.c ****     CY_ISR(RS485_Sensor_RXISR)
  60:Generated_Source\PSoC5/RS485_Sensor_INT.c ****     {
  28              		.loc 1 60 0
  29              		.cfi_startproc
  30              		@ args = 0, pretend = 0, frame = 8
  31              		@ frame_needed = 1, uses_anonymous_args = 0
  32              		@ link register save eliminated.
  33 0000 80B4     		push	{r7}
  34              		.cfi_def_cfa_offset 4
  35              		.cfi_offset 7, -4
  36 0002 83B0     		sub	sp, sp, #12
  37              		.cfi_def_cfa_offset 16
  38 0004 00AF     		add	r7, sp, #0
  39              		.cfi_def_cfa_register 7
  61:Generated_Source\PSoC5/RS485_Sensor_INT.c ****         uint8 readData;
  62:Generated_Source\PSoC5/RS485_Sensor_INT.c ****         uint8 readStatus;
  63:Generated_Source\PSoC5/RS485_Sensor_INT.c ****         uint8 increment_pointer = 0u;
  40              		.loc 1 63 0
  41 0006 0023     		movs	r3, #0
  42 0008 FB71     		strb	r3, [r7, #7]
  43              	.L6:
  64:Generated_Source\PSoC5/RS485_Sensor_INT.c **** 
  65:Generated_Source\PSoC5/RS485_Sensor_INT.c ****     #if(CY_PSOC3)
  66:Generated_Source\PSoC5/RS485_Sensor_INT.c ****         uint8 int_en;
  67:Generated_Source\PSoC5/RS485_Sensor_INT.c ****     #endif /* (CY_PSOC3) */
  68:Generated_Source\PSoC5/RS485_Sensor_INT.c **** 
  69:Generated_Source\PSoC5/RS485_Sensor_INT.c ****     #ifdef RS485_Sensor_RXISR_ENTRY_CALLBACK
  70:Generated_Source\PSoC5/RS485_Sensor_INT.c ****         RS485_Sensor_RXISR_EntryCallback();
  71:Generated_Source\PSoC5/RS485_Sensor_INT.c ****     #endif /* RS485_Sensor_RXISR_ENTRY_CALLBACK */
ARM GAS  C:\Users\Taha\AppData\Local\Temp\ccQUojkO.s 			page 3


  72:Generated_Source\PSoC5/RS485_Sensor_INT.c **** 
  73:Generated_Source\PSoC5/RS485_Sensor_INT.c ****         /* User code required at start of ISR */
  74:Generated_Source\PSoC5/RS485_Sensor_INT.c ****         /* `#START RS485_Sensor_RXISR_START` */
  75:Generated_Source\PSoC5/RS485_Sensor_INT.c **** 
  76:Generated_Source\PSoC5/RS485_Sensor_INT.c ****         /* `#END` */
  77:Generated_Source\PSoC5/RS485_Sensor_INT.c **** 
  78:Generated_Source\PSoC5/RS485_Sensor_INT.c ****     #if(CY_PSOC3)   /* Make sure nested interrupt is enabled */
  79:Generated_Source\PSoC5/RS485_Sensor_INT.c ****         int_en = EA;
  80:Generated_Source\PSoC5/RS485_Sensor_INT.c ****         CyGlobalIntEnable;
  81:Generated_Source\PSoC5/RS485_Sensor_INT.c ****     #endif /* (CY_PSOC3) */
  82:Generated_Source\PSoC5/RS485_Sensor_INT.c **** 
  83:Generated_Source\PSoC5/RS485_Sensor_INT.c ****         do
  84:Generated_Source\PSoC5/RS485_Sensor_INT.c ****         {
  85:Generated_Source\PSoC5/RS485_Sensor_INT.c ****             /* Read receiver status register */
  86:Generated_Source\PSoC5/RS485_Sensor_INT.c ****             readStatus = RS485_Sensor_RXSTATUS_REG;
  44              		.loc 1 86 0
  45 000a 2B4B     		ldr	r3, .L7
  46 000c 1B78     		ldrb	r3, [r3]
  47 000e BB71     		strb	r3, [r7, #6]
  87:Generated_Source\PSoC5/RS485_Sensor_INT.c ****             /* Copy the same status to readData variable for backward compatibility support 
  88:Generated_Source\PSoC5/RS485_Sensor_INT.c ****             *  of the user code in RS485_Sensor_RXISR_ERROR` section. 
  89:Generated_Source\PSoC5/RS485_Sensor_INT.c ****             */
  90:Generated_Source\PSoC5/RS485_Sensor_INT.c ****             readData = readStatus;
  48              		.loc 1 90 0
  49 0010 BB79     		ldrb	r3, [r7, #6]
  50 0012 7B71     		strb	r3, [r7, #5]
  91:Generated_Source\PSoC5/RS485_Sensor_INT.c **** 
  92:Generated_Source\PSoC5/RS485_Sensor_INT.c ****             if((readStatus & (RS485_Sensor_RX_STS_BREAK | 
  93:Generated_Source\PSoC5/RS485_Sensor_INT.c ****                             RS485_Sensor_RX_STS_PAR_ERROR |
  94:Generated_Source\PSoC5/RS485_Sensor_INT.c ****                             RS485_Sensor_RX_STS_STOP_ERROR | 
  95:Generated_Source\PSoC5/RS485_Sensor_INT.c ****                             RS485_Sensor_RX_STS_OVERRUN)) != 0u)
  51              		.loc 1 95 0
  52 0014 BB79     		ldrb	r3, [r7, #6]	@ zero_extendqisi2
  53 0016 03F01E03 		and	r3, r3, #30
  92:Generated_Source\PSoC5/RS485_Sensor_INT.c ****                             RS485_Sensor_RX_STS_PAR_ERROR |
  54              		.loc 1 92 0
  55 001a 002B     		cmp	r3, #0
  56 001c 0CD0     		beq	.L2
  96:Generated_Source\PSoC5/RS485_Sensor_INT.c ****             {
  97:Generated_Source\PSoC5/RS485_Sensor_INT.c ****                 /* ERROR handling. */
  98:Generated_Source\PSoC5/RS485_Sensor_INT.c ****                 RS485_Sensor_errorStatus |= readStatus & ( RS485_Sensor_RX_STS_BREAK | 
  57              		.loc 1 98 0
  58 001e 97F90630 		ldrsb	r3, [r7, #6]
  59 0022 03F01E03 		and	r3, r3, #30
  60 0026 5AB2     		sxtb	r2, r3
  61 0028 244B     		ldr	r3, .L7+4
  62 002a 1B78     		ldrb	r3, [r3]	@ zero_extendqisi2
  63 002c 5BB2     		sxtb	r3, r3
  64 002e 1343     		orrs	r3, r3, r2
  65 0030 5BB2     		sxtb	r3, r3
  66 0032 DAB2     		uxtb	r2, r3
  67 0034 214B     		ldr	r3, .L7+4
  68 0036 1A70     		strb	r2, [r3]
  69              	.L2:
  99:Generated_Source\PSoC5/RS485_Sensor_INT.c ****                                                             RS485_Sensor_RX_STS_PAR_ERROR | 
 100:Generated_Source\PSoC5/RS485_Sensor_INT.c ****                                                             RS485_Sensor_RX_STS_STOP_ERROR | 
 101:Generated_Source\PSoC5/RS485_Sensor_INT.c ****                                                             RS485_Sensor_RX_STS_OVERRUN);
ARM GAS  C:\Users\Taha\AppData\Local\Temp\ccQUojkO.s 			page 4


 102:Generated_Source\PSoC5/RS485_Sensor_INT.c ****                 /* `#START RS485_Sensor_RXISR_ERROR` */
 103:Generated_Source\PSoC5/RS485_Sensor_INT.c **** 
 104:Generated_Source\PSoC5/RS485_Sensor_INT.c ****                 /* `#END` */
 105:Generated_Source\PSoC5/RS485_Sensor_INT.c ****                 
 106:Generated_Source\PSoC5/RS485_Sensor_INT.c ****             #ifdef RS485_Sensor_RXISR_ERROR_CALLBACK
 107:Generated_Source\PSoC5/RS485_Sensor_INT.c ****                 RS485_Sensor_RXISR_ERROR_Callback();
 108:Generated_Source\PSoC5/RS485_Sensor_INT.c ****             #endif /* RS485_Sensor_RXISR_ERROR_CALLBACK */
 109:Generated_Source\PSoC5/RS485_Sensor_INT.c ****             }
 110:Generated_Source\PSoC5/RS485_Sensor_INT.c ****             
 111:Generated_Source\PSoC5/RS485_Sensor_INT.c ****             if((readStatus & RS485_Sensor_RX_STS_FIFO_NOTEMPTY) != 0u)
  70              		.loc 1 111 0
  71 0038 BB79     		ldrb	r3, [r7, #6]	@ zero_extendqisi2
  72 003a 03F02003 		and	r3, r3, #32
  73 003e 002B     		cmp	r3, #0
  74 0040 30D0     		beq	.L3
 112:Generated_Source\PSoC5/RS485_Sensor_INT.c ****             {
 113:Generated_Source\PSoC5/RS485_Sensor_INT.c ****                 /* Read data from the RX data register */
 114:Generated_Source\PSoC5/RS485_Sensor_INT.c ****                 readData = RS485_Sensor_RXDATA_REG;
  75              		.loc 1 114 0
  76 0042 1F4B     		ldr	r3, .L7+8
  77 0044 1B78     		ldrb	r3, [r3]
  78 0046 7B71     		strb	r3, [r7, #5]
 115:Generated_Source\PSoC5/RS485_Sensor_INT.c ****             #if (RS485_Sensor_RXHW_ADDRESS_ENABLED)
 116:Generated_Source\PSoC5/RS485_Sensor_INT.c ****                 if(RS485_Sensor_rxAddressMode == (uint8)RS485_Sensor__B_UART__AM_SW_DETECT_TO_BUFFE
 117:Generated_Source\PSoC5/RS485_Sensor_INT.c ****                 {
 118:Generated_Source\PSoC5/RS485_Sensor_INT.c ****                     if((readStatus & RS485_Sensor_RX_STS_MRKSPC) != 0u)
 119:Generated_Source\PSoC5/RS485_Sensor_INT.c ****                     {
 120:Generated_Source\PSoC5/RS485_Sensor_INT.c ****                         if ((readStatus & RS485_Sensor_RX_STS_ADDR_MATCH) != 0u)
 121:Generated_Source\PSoC5/RS485_Sensor_INT.c ****                         {
 122:Generated_Source\PSoC5/RS485_Sensor_INT.c ****                             RS485_Sensor_rxAddressDetected = 1u;
 123:Generated_Source\PSoC5/RS485_Sensor_INT.c ****                         }
 124:Generated_Source\PSoC5/RS485_Sensor_INT.c ****                         else
 125:Generated_Source\PSoC5/RS485_Sensor_INT.c ****                         {
 126:Generated_Source\PSoC5/RS485_Sensor_INT.c ****                             RS485_Sensor_rxAddressDetected = 0u;
 127:Generated_Source\PSoC5/RS485_Sensor_INT.c ****                         }
 128:Generated_Source\PSoC5/RS485_Sensor_INT.c ****                     }
 129:Generated_Source\PSoC5/RS485_Sensor_INT.c ****                     if(RS485_Sensor_rxAddressDetected != 0u)
 130:Generated_Source\PSoC5/RS485_Sensor_INT.c ****                     {   /* Store only addressed data */
 131:Generated_Source\PSoC5/RS485_Sensor_INT.c ****                         RS485_Sensor_rxBuffer[RS485_Sensor_rxBufferWrite] = readData;
 132:Generated_Source\PSoC5/RS485_Sensor_INT.c ****                         increment_pointer = 1u;
 133:Generated_Source\PSoC5/RS485_Sensor_INT.c ****                     }
 134:Generated_Source\PSoC5/RS485_Sensor_INT.c ****                 }
 135:Generated_Source\PSoC5/RS485_Sensor_INT.c ****                 else /* Without software addressing */
 136:Generated_Source\PSoC5/RS485_Sensor_INT.c ****                 {
 137:Generated_Source\PSoC5/RS485_Sensor_INT.c ****                     RS485_Sensor_rxBuffer[RS485_Sensor_rxBufferWrite] = readData;
 138:Generated_Source\PSoC5/RS485_Sensor_INT.c ****                     increment_pointer = 1u;
 139:Generated_Source\PSoC5/RS485_Sensor_INT.c ****                 }
 140:Generated_Source\PSoC5/RS485_Sensor_INT.c ****             #else  /* Without addressing */
 141:Generated_Source\PSoC5/RS485_Sensor_INT.c ****                 RS485_Sensor_rxBuffer[RS485_Sensor_rxBufferWrite] = readData;
  79              		.loc 1 141 0
  80 0048 1E4B     		ldr	r3, .L7+12
  81 004a 1B88     		ldrh	r3, [r3]	@ movhi
  82 004c 9BB2     		uxth	r3, r3
  83 004e 1946     		mov	r1, r3
  84 0050 1D4A     		ldr	r2, .L7+16
  85 0052 7B79     		ldrb	r3, [r7, #5]
  86 0054 5354     		strb	r3, [r2, r1]
ARM GAS  C:\Users\Taha\AppData\Local\Temp\ccQUojkO.s 			page 5


 142:Generated_Source\PSoC5/RS485_Sensor_INT.c ****                 increment_pointer = 1u;
  87              		.loc 1 142 0
  88 0056 0123     		movs	r3, #1
  89 0058 FB71     		strb	r3, [r7, #7]
 143:Generated_Source\PSoC5/RS485_Sensor_INT.c ****             #endif /* (RS485_Sensor_RXHW_ADDRESS_ENABLED) */
 144:Generated_Source\PSoC5/RS485_Sensor_INT.c **** 
 145:Generated_Source\PSoC5/RS485_Sensor_INT.c ****                 /* Do not increment buffer pointer when skip not addressed data */
 146:Generated_Source\PSoC5/RS485_Sensor_INT.c ****                 if(increment_pointer != 0u)
  90              		.loc 1 146 0
  91 005a FB79     		ldrb	r3, [r7, #7]	@ zero_extendqisi2
  92 005c 002B     		cmp	r3, #0
  93 005e 21D0     		beq	.L3
 147:Generated_Source\PSoC5/RS485_Sensor_INT.c ****                 {
 148:Generated_Source\PSoC5/RS485_Sensor_INT.c ****                     if(RS485_Sensor_rxBufferLoopDetect != 0u)
  94              		.loc 1 148 0
  95 0060 1A4B     		ldr	r3, .L7+20
  96 0062 1B78     		ldrb	r3, [r3]
  97 0064 DBB2     		uxtb	r3, r3
  98 0066 002B     		cmp	r3, #0
  99 0068 02D0     		beq	.L4
 149:Generated_Source\PSoC5/RS485_Sensor_INT.c ****                     {   /* Set Software Buffer status Overflow */
 150:Generated_Source\PSoC5/RS485_Sensor_INT.c ****                         RS485_Sensor_rxBufferOverflow = 1u;
 100              		.loc 1 150 0
 101 006a 194B     		ldr	r3, .L7+24
 102 006c 0122     		movs	r2, #1
 103 006e 1A70     		strb	r2, [r3]
 104              	.L4:
 151:Generated_Source\PSoC5/RS485_Sensor_INT.c ****                     }
 152:Generated_Source\PSoC5/RS485_Sensor_INT.c ****                     /* Set next pointer. */
 153:Generated_Source\PSoC5/RS485_Sensor_INT.c ****                     RS485_Sensor_rxBufferWrite++;
 105              		.loc 1 153 0
 106 0070 144B     		ldr	r3, .L7+12
 107 0072 1B88     		ldrh	r3, [r3]	@ movhi
 108 0074 9BB2     		uxth	r3, r3
 109 0076 0133     		adds	r3, r3, #1
 110 0078 9AB2     		uxth	r2, r3
 111 007a 124B     		ldr	r3, .L7+12
 112 007c 1A80     		strh	r2, [r3]	@ movhi
 154:Generated_Source\PSoC5/RS485_Sensor_INT.c **** 
 155:Generated_Source\PSoC5/RS485_Sensor_INT.c ****                     /* Check pointer for a loop condition */
 156:Generated_Source\PSoC5/RS485_Sensor_INT.c ****                     if(RS485_Sensor_rxBufferWrite >= RS485_Sensor_RX_BUFFER_SIZE)
 113              		.loc 1 156 0
 114 007e 114B     		ldr	r3, .L7+12
 115 0080 1B88     		ldrh	r3, [r3]	@ movhi
 116 0082 9BB2     		uxth	r3, r3
 117 0084 FF2B     		cmp	r3, #255
 118 0086 02D9     		bls	.L5
 157:Generated_Source\PSoC5/RS485_Sensor_INT.c ****                     {
 158:Generated_Source\PSoC5/RS485_Sensor_INT.c ****                         RS485_Sensor_rxBufferWrite = 0u;
 119              		.loc 1 158 0
 120 0088 0E4B     		ldr	r3, .L7+12
 121 008a 0022     		movs	r2, #0
 122 008c 1A80     		strh	r2, [r3]	@ movhi
 123              	.L5:
 159:Generated_Source\PSoC5/RS485_Sensor_INT.c ****                     }
 160:Generated_Source\PSoC5/RS485_Sensor_INT.c **** 
 161:Generated_Source\PSoC5/RS485_Sensor_INT.c ****                     /* Detect pre-overload condition and set flag */
ARM GAS  C:\Users\Taha\AppData\Local\Temp\ccQUojkO.s 			page 6


 162:Generated_Source\PSoC5/RS485_Sensor_INT.c ****                     if(RS485_Sensor_rxBufferWrite == RS485_Sensor_rxBufferRead)
 124              		.loc 1 162 0
 125 008e 0D4B     		ldr	r3, .L7+12
 126 0090 1B88     		ldrh	r3, [r3]	@ movhi
 127 0092 9AB2     		uxth	r2, r3
 128 0094 0F4B     		ldr	r3, .L7+28
 129 0096 1B88     		ldrh	r3, [r3]	@ movhi
 130 0098 9BB2     		uxth	r3, r3
 131 009a 9A42     		cmp	r2, r3
 132 009c 02D1     		bne	.L3
 163:Generated_Source\PSoC5/RS485_Sensor_INT.c ****                     {
 164:Generated_Source\PSoC5/RS485_Sensor_INT.c ****                         RS485_Sensor_rxBufferLoopDetect = 1u;
 133              		.loc 1 164 0
 134 009e 0B4B     		ldr	r3, .L7+20
 135 00a0 0122     		movs	r2, #1
 136 00a2 1A70     		strb	r2, [r3]
 137              	.L3:
 165:Generated_Source\PSoC5/RS485_Sensor_INT.c ****                         /* When Hardware Flow Control selected */
 166:Generated_Source\PSoC5/RS485_Sensor_INT.c ****                         #if (RS485_Sensor_FLOW_CONTROL != 0u)
 167:Generated_Source\PSoC5/RS485_Sensor_INT.c ****                             /* Disable RX interrupt mask, it is enabled when user read data from th
 168:Generated_Source\PSoC5/RS485_Sensor_INT.c ****                             RS485_Sensor_RXSTATUS_MASK_REG  &= (uint8)~RS485_Sensor_RX_STS_FIFO_NOT
 169:Generated_Source\PSoC5/RS485_Sensor_INT.c ****                             CyIntClearPending(RS485_Sensor_RX_VECT_NUM);
 170:Generated_Source\PSoC5/RS485_Sensor_INT.c ****                             break; /* Break the reading of the FIFO loop, leave the data there for 
 171:Generated_Source\PSoC5/RS485_Sensor_INT.c ****                         #endif /* (RS485_Sensor_FLOW_CONTROL != 0u) */
 172:Generated_Source\PSoC5/RS485_Sensor_INT.c ****                     }
 173:Generated_Source\PSoC5/RS485_Sensor_INT.c ****                 }
 174:Generated_Source\PSoC5/RS485_Sensor_INT.c ****             }
 175:Generated_Source\PSoC5/RS485_Sensor_INT.c ****         }while((readStatus & RS485_Sensor_RX_STS_FIFO_NOTEMPTY) != 0u);
 138              		.loc 1 175 0
 139 00a4 BB79     		ldrb	r3, [r7, #6]	@ zero_extendqisi2
 140 00a6 03F02003 		and	r3, r3, #32
 141 00aa 002B     		cmp	r3, #0
 142 00ac ADD1     		bne	.L6
 176:Generated_Source\PSoC5/RS485_Sensor_INT.c **** 
 177:Generated_Source\PSoC5/RS485_Sensor_INT.c ****         /* User code required at end of ISR (Optional) */
 178:Generated_Source\PSoC5/RS485_Sensor_INT.c ****         /* `#START RS485_Sensor_RXISR_END` */
 179:Generated_Source\PSoC5/RS485_Sensor_INT.c **** 
 180:Generated_Source\PSoC5/RS485_Sensor_INT.c ****         /* `#END` */
 181:Generated_Source\PSoC5/RS485_Sensor_INT.c **** 
 182:Generated_Source\PSoC5/RS485_Sensor_INT.c ****     #ifdef RS485_Sensor_RXISR_EXIT_CALLBACK
 183:Generated_Source\PSoC5/RS485_Sensor_INT.c ****         RS485_Sensor_RXISR_ExitCallback();
 184:Generated_Source\PSoC5/RS485_Sensor_INT.c ****     #endif /* RS485_Sensor_RXISR_EXIT_CALLBACK */
 185:Generated_Source\PSoC5/RS485_Sensor_INT.c **** 
 186:Generated_Source\PSoC5/RS485_Sensor_INT.c ****     #if(CY_PSOC3)
 187:Generated_Source\PSoC5/RS485_Sensor_INT.c ****         EA = int_en;
 188:Generated_Source\PSoC5/RS485_Sensor_INT.c ****     #endif /* (CY_PSOC3) */
 189:Generated_Source\PSoC5/RS485_Sensor_INT.c ****     }
 143              		.loc 1 189 0
 144 00ae 00BF     		nop
 145 00b0 0C37     		adds	r7, r7, #12
 146              		.cfi_def_cfa_offset 4
 147 00b2 BD46     		mov	sp, r7
 148              		.cfi_def_cfa_register 13
 149              		@ sp needed
 150 00b4 80BC     		pop	{r7}
 151              		.cfi_restore 7
 152              		.cfi_def_cfa_offset 0
ARM GAS  C:\Users\Taha\AppData\Local\Temp\ccQUojkO.s 			page 7


 153 00b6 7047     		bx	lr
 154              	.L8:
 155              		.align	2
 156              	.L7:
 157 00b8 6C640040 		.word	1073767532
 158 00bc 00000000 		.word	RS485_Sensor_errorStatus
 159 00c0 48640040 		.word	1073767496
 160 00c4 00000000 		.word	RS485_Sensor_rxBufferWrite
 161 00c8 00000000 		.word	RS485_Sensor_rxBuffer
 162 00cc 00000000 		.word	RS485_Sensor_rxBufferLoopDetect
 163 00d0 00000000 		.word	RS485_Sensor_rxBufferOverflow
 164 00d4 00000000 		.word	RS485_Sensor_rxBufferRead
 165              		.cfi_endproc
 166              	.LFE0:
 167              		.size	RS485_Sensor_RXISR, .-RS485_Sensor_RXISR
 168              		.section	.text.RS485_Sensor_TXISR,"ax",%progbits
 169              		.align	2
 170              		.global	RS485_Sensor_TXISR
 171              		.thumb
 172              		.thumb_func
 173              		.type	RS485_Sensor_TXISR, %function
 174              	RS485_Sensor_TXISR:
 175              	.LFB1:
 190:Generated_Source\PSoC5/RS485_Sensor_INT.c ****     
 191:Generated_Source\PSoC5/RS485_Sensor_INT.c **** #endif /* (RS485_Sensor_RX_INTERRUPT_ENABLED && (RS485_Sensor_RX_ENABLED || RS485_Sensor_HD_ENABLED
 192:Generated_Source\PSoC5/RS485_Sensor_INT.c **** 
 193:Generated_Source\PSoC5/RS485_Sensor_INT.c **** 
 194:Generated_Source\PSoC5/RS485_Sensor_INT.c **** #if (RS485_Sensor_TX_INTERRUPT_ENABLED && RS485_Sensor_TX_ENABLED)
 195:Generated_Source\PSoC5/RS485_Sensor_INT.c ****     /*******************************************************************************
 196:Generated_Source\PSoC5/RS485_Sensor_INT.c ****     * Function Name: RS485_Sensor_TXISR
 197:Generated_Source\PSoC5/RS485_Sensor_INT.c ****     ********************************************************************************
 198:Generated_Source\PSoC5/RS485_Sensor_INT.c ****     *
 199:Generated_Source\PSoC5/RS485_Sensor_INT.c ****     * Summary:
 200:Generated_Source\PSoC5/RS485_Sensor_INT.c ****     * Interrupt Service Routine for the TX portion of the UART
 201:Generated_Source\PSoC5/RS485_Sensor_INT.c ****     *
 202:Generated_Source\PSoC5/RS485_Sensor_INT.c ****     * Parameters:
 203:Generated_Source\PSoC5/RS485_Sensor_INT.c ****     *  None.
 204:Generated_Source\PSoC5/RS485_Sensor_INT.c ****     *
 205:Generated_Source\PSoC5/RS485_Sensor_INT.c ****     * Return:
 206:Generated_Source\PSoC5/RS485_Sensor_INT.c ****     *  None.
 207:Generated_Source\PSoC5/RS485_Sensor_INT.c ****     *
 208:Generated_Source\PSoC5/RS485_Sensor_INT.c ****     * Global Variables:
 209:Generated_Source\PSoC5/RS485_Sensor_INT.c ****     *  RS485_Sensor_txBuffer - RAM buffer pointer for transmit data from.
 210:Generated_Source\PSoC5/RS485_Sensor_INT.c ****     *  RS485_Sensor_txBufferRead - cyclic index for read and transmit data
 211:Generated_Source\PSoC5/RS485_Sensor_INT.c ****     *     from txBuffer, increments after each transmitted byte.
 212:Generated_Source\PSoC5/RS485_Sensor_INT.c ****     *  RS485_Sensor_rxBufferWrite - cyclic index for write to txBuffer,
 213:Generated_Source\PSoC5/RS485_Sensor_INT.c ****     *     checked to detect available for transmission bytes.
 214:Generated_Source\PSoC5/RS485_Sensor_INT.c ****     *
 215:Generated_Source\PSoC5/RS485_Sensor_INT.c ****     *******************************************************************************/
 216:Generated_Source\PSoC5/RS485_Sensor_INT.c ****     CY_ISR(RS485_Sensor_TXISR)
 217:Generated_Source\PSoC5/RS485_Sensor_INT.c ****     {
 176              		.loc 1 217 0
 177              		.cfi_startproc
 178              		@ args = 0, pretend = 0, frame = 0
 179              		@ frame_needed = 1, uses_anonymous_args = 0
 180              		@ link register save eliminated.
 181 0000 80B4     		push	{r7}
ARM GAS  C:\Users\Taha\AppData\Local\Temp\ccQUojkO.s 			page 8


 182              		.cfi_def_cfa_offset 4
 183              		.cfi_offset 7, -4
 184 0002 00AF     		add	r7, sp, #0
 185              		.cfi_def_cfa_register 7
 218:Generated_Source\PSoC5/RS485_Sensor_INT.c ****     #if(CY_PSOC3)
 219:Generated_Source\PSoC5/RS485_Sensor_INT.c ****         uint8 int_en;
 220:Generated_Source\PSoC5/RS485_Sensor_INT.c ****     #endif /* (CY_PSOC3) */
 221:Generated_Source\PSoC5/RS485_Sensor_INT.c **** 
 222:Generated_Source\PSoC5/RS485_Sensor_INT.c ****     #ifdef RS485_Sensor_TXISR_ENTRY_CALLBACK
 223:Generated_Source\PSoC5/RS485_Sensor_INT.c ****         RS485_Sensor_TXISR_EntryCallback();
 224:Generated_Source\PSoC5/RS485_Sensor_INT.c ****     #endif /* RS485_Sensor_TXISR_ENTRY_CALLBACK */
 225:Generated_Source\PSoC5/RS485_Sensor_INT.c **** 
 226:Generated_Source\PSoC5/RS485_Sensor_INT.c ****         /* User code required at start of ISR */
 227:Generated_Source\PSoC5/RS485_Sensor_INT.c ****         /* `#START RS485_Sensor_TXISR_START` */
 228:Generated_Source\PSoC5/RS485_Sensor_INT.c **** 
 229:Generated_Source\PSoC5/RS485_Sensor_INT.c ****         /* `#END` */
 230:Generated_Source\PSoC5/RS485_Sensor_INT.c **** 
 231:Generated_Source\PSoC5/RS485_Sensor_INT.c ****     #if(CY_PSOC3)   /* Make sure nested interrupt is enabled */
 232:Generated_Source\PSoC5/RS485_Sensor_INT.c ****         int_en = EA;
 233:Generated_Source\PSoC5/RS485_Sensor_INT.c ****         CyGlobalIntEnable;
 234:Generated_Source\PSoC5/RS485_Sensor_INT.c ****     #endif /* (CY_PSOC3) */
 235:Generated_Source\PSoC5/RS485_Sensor_INT.c **** 
 236:Generated_Source\PSoC5/RS485_Sensor_INT.c ****         while((RS485_Sensor_txBufferRead != RS485_Sensor_txBufferWrite) &&
 186              		.loc 1 236 0
 187 0004 18E0     		b	.L10
 188              	.L13:
 237:Generated_Source\PSoC5/RS485_Sensor_INT.c ****              ((RS485_Sensor_TXSTATUS_REG & RS485_Sensor_TX_STS_FIFO_FULL) == 0u))
 238:Generated_Source\PSoC5/RS485_Sensor_INT.c ****         {
 239:Generated_Source\PSoC5/RS485_Sensor_INT.c ****             /* Check pointer wrap around */
 240:Generated_Source\PSoC5/RS485_Sensor_INT.c ****             if(RS485_Sensor_txBufferRead >= RS485_Sensor_TX_BUFFER_SIZE)
 189              		.loc 1 240 0
 190 0006 154B     		ldr	r3, .L15
 191 0008 1B88     		ldrh	r3, [r3]	@ movhi
 192 000a 9BB2     		uxth	r3, r3
 193 000c B3F5006F 		cmp	r3, #2048
 194 0010 02D3     		bcc	.L11
 241:Generated_Source\PSoC5/RS485_Sensor_INT.c ****             {
 242:Generated_Source\PSoC5/RS485_Sensor_INT.c ****                 RS485_Sensor_txBufferRead = 0u;
 195              		.loc 1 242 0
 196 0012 124B     		ldr	r3, .L15
 197 0014 0022     		movs	r2, #0
 198 0016 1A80     		strh	r2, [r3]	@ movhi
 199              	.L11:
 243:Generated_Source\PSoC5/RS485_Sensor_INT.c ****             }
 244:Generated_Source\PSoC5/RS485_Sensor_INT.c **** 
 245:Generated_Source\PSoC5/RS485_Sensor_INT.c ****             RS485_Sensor_TXDATA_REG = RS485_Sensor_txBuffer[RS485_Sensor_txBufferRead];
 200              		.loc 1 245 0
 201 0018 114B     		ldr	r3, .L15+4
 202 001a 104A     		ldr	r2, .L15
 203 001c 1288     		ldrh	r2, [r2]	@ movhi
 204 001e 92B2     		uxth	r2, r2
 205 0020 1146     		mov	r1, r2
 206 0022 104A     		ldr	r2, .L15+8
 207 0024 525C     		ldrb	r2, [r2, r1]
 208 0026 D2B2     		uxtb	r2, r2
 209 0028 1A70     		strb	r2, [r3]
 246:Generated_Source\PSoC5/RS485_Sensor_INT.c **** 
ARM GAS  C:\Users\Taha\AppData\Local\Temp\ccQUojkO.s 			page 9


 247:Generated_Source\PSoC5/RS485_Sensor_INT.c ****             /* Set next pointer */
 248:Generated_Source\PSoC5/RS485_Sensor_INT.c ****             RS485_Sensor_txBufferRead++;
 210              		.loc 1 248 0
 211 002a 0C4B     		ldr	r3, .L15
 212 002c 1B88     		ldrh	r3, [r3]	@ movhi
 213 002e 9BB2     		uxth	r3, r3
 214 0030 0133     		adds	r3, r3, #1
 215 0032 9AB2     		uxth	r2, r3
 216 0034 094B     		ldr	r3, .L15
 217 0036 1A80     		strh	r2, [r3]	@ movhi
 218              	.L10:
 236:Generated_Source\PSoC5/RS485_Sensor_INT.c ****              ((RS485_Sensor_TXSTATUS_REG & RS485_Sensor_TX_STS_FIFO_FULL) == 0u))
 219              		.loc 1 236 0
 220 0038 084B     		ldr	r3, .L15
 221 003a 1B88     		ldrh	r3, [r3]	@ movhi
 222 003c 9AB2     		uxth	r2, r3
 223 003e 0A4B     		ldr	r3, .L15+12
 224 0040 1B88     		ldrh	r3, [r3]
 225 0042 9A42     		cmp	r2, r3
 226 0044 06D0     		beq	.L14
 237:Generated_Source\PSoC5/RS485_Sensor_INT.c ****         {
 227              		.loc 1 237 0 discriminator 1
 228 0046 094B     		ldr	r3, .L15+16
 229 0048 1B78     		ldrb	r3, [r3]
 230 004a DBB2     		uxtb	r3, r3
 231 004c 03F00403 		and	r3, r3, #4
 236:Generated_Source\PSoC5/RS485_Sensor_INT.c ****              ((RS485_Sensor_TXSTATUS_REG & RS485_Sensor_TX_STS_FIFO_FULL) == 0u))
 232              		.loc 1 236 0 discriminator 1
 233 0050 002B     		cmp	r3, #0
 234 0052 D8D0     		beq	.L13
 235              	.L14:
 249:Generated_Source\PSoC5/RS485_Sensor_INT.c ****         }
 250:Generated_Source\PSoC5/RS485_Sensor_INT.c **** 
 251:Generated_Source\PSoC5/RS485_Sensor_INT.c ****         /* User code required at end of ISR (Optional) */
 252:Generated_Source\PSoC5/RS485_Sensor_INT.c ****         /* `#START RS485_Sensor_TXISR_END` */
 253:Generated_Source\PSoC5/RS485_Sensor_INT.c **** 
 254:Generated_Source\PSoC5/RS485_Sensor_INT.c ****         /* `#END` */
 255:Generated_Source\PSoC5/RS485_Sensor_INT.c **** 
 256:Generated_Source\PSoC5/RS485_Sensor_INT.c ****     #ifdef RS485_Sensor_TXISR_EXIT_CALLBACK
 257:Generated_Source\PSoC5/RS485_Sensor_INT.c ****         RS485_Sensor_TXISR_ExitCallback();
 258:Generated_Source\PSoC5/RS485_Sensor_INT.c ****     #endif /* RS485_Sensor_TXISR_EXIT_CALLBACK */
 259:Generated_Source\PSoC5/RS485_Sensor_INT.c **** 
 260:Generated_Source\PSoC5/RS485_Sensor_INT.c ****     #if(CY_PSOC3)
 261:Generated_Source\PSoC5/RS485_Sensor_INT.c ****         EA = int_en;
 262:Generated_Source\PSoC5/RS485_Sensor_INT.c ****     #endif /* (CY_PSOC3) */
 263:Generated_Source\PSoC5/RS485_Sensor_INT.c ****    }
 236              		.loc 1 263 0
 237 0054 00BF     		nop
 238 0056 BD46     		mov	sp, r7
 239              		.cfi_def_cfa_register 13
 240              		@ sp needed
 241 0058 80BC     		pop	{r7}
 242              		.cfi_restore 7
 243              		.cfi_def_cfa_offset 0
 244 005a 7047     		bx	lr
 245              	.L16:
 246              		.align	2
ARM GAS  C:\Users\Taha\AppData\Local\Temp\ccQUojkO.s 			page 10


 247              	.L15:
 248 005c 00000000 		.word	RS485_Sensor_txBufferRead
 249 0060 4D640040 		.word	1073767501
 250 0064 00000000 		.word	RS485_Sensor_txBuffer
 251 0068 00000000 		.word	RS485_Sensor_txBufferWrite
 252 006c 69640040 		.word	1073767529
 253              		.cfi_endproc
 254              	.LFE1:
 255              		.size	RS485_Sensor_TXISR, .-RS485_Sensor_TXISR
 256              		.text
 257              	.Letext0:
 258              		.file 2 "Generated_Source\\PSoC5\\cytypes.h"
 259              		.file 3 "Generated_Source\\PSoC5\\RS485_Sensor.h"
 260              		.section	.debug_info,"",%progbits
 261              	.Ldebug_info0:
 262 0000 A1010000 		.4byte	0x1a1
 263 0004 0400     		.2byte	0x4
 264 0006 00000000 		.4byte	.Ldebug_abbrev0
 265 000a 04       		.byte	0x4
 266 000b 01       		.uleb128 0x1
 267 000c 1B000000 		.4byte	.LASF29
 268 0010 0C       		.byte	0xc
 269 0011 2A010000 		.4byte	.LASF30
 270 0015 A1010000 		.4byte	.LASF31
 271 0019 00000000 		.4byte	.Ldebug_ranges0+0
 272 001d 00000000 		.4byte	0
 273 0021 00000000 		.4byte	.Ldebug_line0
 274 0025 02       		.uleb128 0x2
 275 0026 01       		.byte	0x1
 276 0027 06       		.byte	0x6
 277 0028 F5020000 		.4byte	.LASF0
 278 002c 02       		.uleb128 0x2
 279 002d 01       		.byte	0x1
 280 002e 08       		.byte	0x8
 281 002f 54010000 		.4byte	.LASF1
 282 0033 02       		.uleb128 0x2
 283 0034 02       		.byte	0x2
 284 0035 05       		.byte	0x5
 285 0036 D1020000 		.4byte	.LASF2
 286 003a 02       		.uleb128 0x2
 287 003b 02       		.byte	0x2
 288 003c 07       		.byte	0x7
 289 003d C5000000 		.4byte	.LASF3
 290 0041 02       		.uleb128 0x2
 291 0042 04       		.byte	0x4
 292 0043 05       		.byte	0x5
 293 0044 DB020000 		.4byte	.LASF4
 294 0048 02       		.uleb128 0x2
 295 0049 04       		.byte	0x4
 296 004a 07       		.byte	0x7
 297 004b 67010000 		.4byte	.LASF5
 298 004f 02       		.uleb128 0x2
 299 0050 08       		.byte	0x8
 300 0051 05       		.byte	0x5
 301 0052 B1020000 		.4byte	.LASF6
 302 0056 02       		.uleb128 0x2
 303 0057 08       		.byte	0x8
ARM GAS  C:\Users\Taha\AppData\Local\Temp\ccQUojkO.s 			page 11


 304 0058 07       		.byte	0x7
 305 0059 65020000 		.4byte	.LASF7
 306 005d 03       		.uleb128 0x3
 307 005e 04       		.byte	0x4
 308 005f 05       		.byte	0x5
 309 0060 696E7400 		.ascii	"int\000"
 310 0064 02       		.uleb128 0x2
 311 0065 04       		.byte	0x4
 312 0066 07       		.byte	0x7
 313 0067 58020000 		.4byte	.LASF8
 314 006b 04       		.uleb128 0x4
 315 006c 94010000 		.4byte	.LASF9
 316 0070 02       		.byte	0x2
 317 0071 E901     		.2byte	0x1e9
 318 0073 2C000000 		.4byte	0x2c
 319 0077 04       		.uleb128 0x4
 320 0078 37020000 		.4byte	.LASF10
 321 007c 02       		.byte	0x2
 322 007d EA01     		.2byte	0x1ea
 323 007f 3A000000 		.4byte	0x3a
 324 0083 02       		.uleb128 0x2
 325 0084 04       		.byte	0x4
 326 0085 04       		.byte	0x4
 327 0086 A9000000 		.4byte	.LASF11
 328 008a 02       		.uleb128 0x2
 329 008b 08       		.byte	0x8
 330 008c 04       		.byte	0x4
 331 008d 9A010000 		.4byte	.LASF12
 332 0091 02       		.uleb128 0x2
 333 0092 01       		.byte	0x1
 334 0093 08       		.byte	0x8
 335 0094 E4020000 		.4byte	.LASF13
 336 0098 04       		.uleb128 0x4
 337 0099 62010000 		.4byte	.LASF14
 338 009d 02       		.byte	0x2
 339 009e 9302     		.2byte	0x293
 340 00a0 A4000000 		.4byte	0xa4
 341 00a4 05       		.uleb128 0x5
 342 00a5 6B000000 		.4byte	0x6b
 343 00a9 05       		.uleb128 0x5
 344 00aa 77000000 		.4byte	0x77
 345 00ae 02       		.uleb128 0x2
 346 00af 08       		.byte	0x8
 347 00b0 04       		.byte	0x4
 348 00b1 E9020000 		.4byte	.LASF15
 349 00b5 02       		.uleb128 0x2
 350 00b6 04       		.byte	0x4
 351 00b7 07       		.byte	0x7
 352 00b8 95020000 		.4byte	.LASF16
 353 00bc 06       		.uleb128 0x6
 354 00bd 9E020000 		.4byte	.LASF32
 355 00c1 01       		.byte	0x1
 356 00c2 3B       		.byte	0x3b
 357 00c3 00000000 		.4byte	.LFB0
 358 00c7 D8000000 		.4byte	.LFE0-.LFB0
 359 00cb 01       		.uleb128 0x1
 360 00cc 9C       		.byte	0x9c
ARM GAS  C:\Users\Taha\AppData\Local\Temp\ccQUojkO.s 			page 12


 361 00cd FC000000 		.4byte	0xfc
 362 00d1 07       		.uleb128 0x7
 363 00d2 01030000 		.4byte	.LASF17
 364 00d6 01       		.byte	0x1
 365 00d7 3D       		.byte	0x3d
 366 00d8 6B000000 		.4byte	0x6b
 367 00dc 02       		.uleb128 0x2
 368 00dd 91       		.byte	0x91
 369 00de 75       		.sleb128 -11
 370 00df 07       		.uleb128 0x7
 371 00e0 1F010000 		.4byte	.LASF18
 372 00e4 01       		.byte	0x1
 373 00e5 3E       		.byte	0x3e
 374 00e6 6B000000 		.4byte	0x6b
 375 00ea 02       		.uleb128 0x2
 376 00eb 91       		.byte	0x91
 377 00ec 76       		.sleb128 -10
 378 00ed 07       		.uleb128 0x7
 379 00ee BF020000 		.4byte	.LASF19
 380 00f2 01       		.byte	0x1
 381 00f3 3F       		.byte	0x3f
 382 00f4 6B000000 		.4byte	0x6b
 383 00f8 02       		.uleb128 0x2
 384 00f9 91       		.byte	0x91
 385 00fa 77       		.sleb128 -9
 386 00fb 00       		.byte	0
 387 00fc 08       		.uleb128 0x8
 388 00fd D8000000 		.4byte	.LASF33
 389 0101 01       		.byte	0x1
 390 0102 D8       		.byte	0xd8
 391 0103 00000000 		.4byte	.LFB1
 392 0107 70000000 		.4byte	.LFE1-.LFB1
 393 010b 01       		.uleb128 0x1
 394 010c 9C       		.byte	0x9c
 395 010d 09       		.uleb128 0x9
 396 010e A4000000 		.4byte	0xa4
 397 0112 1E010000 		.4byte	0x11e
 398 0116 0A       		.uleb128 0xa
 399 0117 B5000000 		.4byte	0xb5
 400 011b FF07     		.2byte	0x7ff
 401 011d 00       		.byte	0
 402 011e 0B       		.uleb128 0xb
 403 011f 09010000 		.4byte	.LASF20
 404 0123 03       		.byte	0x3
 405 0124 3801     		.2byte	0x138
 406 0126 2A010000 		.4byte	0x12a
 407 012a 05       		.uleb128 0x5
 408 012b 0D010000 		.4byte	0x10d
 409 012f 0B       		.uleb128 0xb
 410 0130 0A030000 		.4byte	.LASF21
 411 0134 03       		.byte	0x3
 412 0135 3901     		.2byte	0x139
 413 0137 A9000000 		.4byte	0xa9
 414 013b 0B       		.uleb128 0xb
 415 013c 79010000 		.4byte	.LASF22
 416 0140 03       		.byte	0x3
 417 0141 3A01     		.2byte	0x13a
ARM GAS  C:\Users\Taha\AppData\Local\Temp\ccQUojkO.s 			page 13


 418 0143 77000000 		.4byte	0x77
 419 0147 0B       		.uleb128 0xb
 420 0148 7C020000 		.4byte	.LASF23
 421 014c 03       		.byte	0x3
 422 014d 3D01     		.2byte	0x13d
 423 014f 6B000000 		.4byte	0x6b
 424 0153 09       		.uleb128 0x9
 425 0154 A4000000 		.4byte	0xa4
 426 0158 63010000 		.4byte	0x163
 427 015c 0C       		.uleb128 0xc
 428 015d B5000000 		.4byte	0xb5
 429 0161 FF       		.byte	0xff
 430 0162 00       		.byte	0
 431 0163 0B       		.uleb128 0xb
 432 0164 AF000000 		.4byte	.LASF24
 433 0168 03       		.byte	0x3
 434 0169 3E01     		.2byte	0x13e
 435 016b 6F010000 		.4byte	0x16f
 436 016f 05       		.uleb128 0x5
 437 0170 53010000 		.4byte	0x153
 438 0174 0B       		.uleb128 0xb
 439 0175 3E020000 		.4byte	.LASF25
 440 0179 03       		.byte	0x3
 441 017a 3F01     		.2byte	0x13f
 442 017c A9000000 		.4byte	0xa9
 443 0180 0B       		.uleb128 0xb
 444 0181 00000000 		.4byte	.LASF26
 445 0185 03       		.byte	0x3
 446 0186 4001     		.2byte	0x140
 447 0188 A9000000 		.4byte	0xa9
 448 018c 0B       		.uleb128 0xb
 449 018d 17020000 		.4byte	.LASF27
 450 0191 03       		.byte	0x3
 451 0192 4101     		.2byte	0x141
 452 0194 A4000000 		.4byte	0xa4
 453 0198 0B       		.uleb128 0xb
 454 0199 EB000000 		.4byte	.LASF28
 455 019d 03       		.byte	0x3
 456 019e 4201     		.2byte	0x142
 457 01a0 A4000000 		.4byte	0xa4
 458 01a4 00       		.byte	0
 459              		.section	.debug_abbrev,"",%progbits
 460              	.Ldebug_abbrev0:
 461 0000 01       		.uleb128 0x1
 462 0001 11       		.uleb128 0x11
 463 0002 01       		.byte	0x1
 464 0003 25       		.uleb128 0x25
 465 0004 0E       		.uleb128 0xe
 466 0005 13       		.uleb128 0x13
 467 0006 0B       		.uleb128 0xb
 468 0007 03       		.uleb128 0x3
 469 0008 0E       		.uleb128 0xe
 470 0009 1B       		.uleb128 0x1b
 471 000a 0E       		.uleb128 0xe
 472 000b 55       		.uleb128 0x55
 473 000c 17       		.uleb128 0x17
 474 000d 11       		.uleb128 0x11
ARM GAS  C:\Users\Taha\AppData\Local\Temp\ccQUojkO.s 			page 14


 475 000e 01       		.uleb128 0x1
 476 000f 10       		.uleb128 0x10
 477 0010 17       		.uleb128 0x17
 478 0011 00       		.byte	0
 479 0012 00       		.byte	0
 480 0013 02       		.uleb128 0x2
 481 0014 24       		.uleb128 0x24
 482 0015 00       		.byte	0
 483 0016 0B       		.uleb128 0xb
 484 0017 0B       		.uleb128 0xb
 485 0018 3E       		.uleb128 0x3e
 486 0019 0B       		.uleb128 0xb
 487 001a 03       		.uleb128 0x3
 488 001b 0E       		.uleb128 0xe
 489 001c 00       		.byte	0
 490 001d 00       		.byte	0
 491 001e 03       		.uleb128 0x3
 492 001f 24       		.uleb128 0x24
 493 0020 00       		.byte	0
 494 0021 0B       		.uleb128 0xb
 495 0022 0B       		.uleb128 0xb
 496 0023 3E       		.uleb128 0x3e
 497 0024 0B       		.uleb128 0xb
 498 0025 03       		.uleb128 0x3
 499 0026 08       		.uleb128 0x8
 500 0027 00       		.byte	0
 501 0028 00       		.byte	0
 502 0029 04       		.uleb128 0x4
 503 002a 16       		.uleb128 0x16
 504 002b 00       		.byte	0
 505 002c 03       		.uleb128 0x3
 506 002d 0E       		.uleb128 0xe
 507 002e 3A       		.uleb128 0x3a
 508 002f 0B       		.uleb128 0xb
 509 0030 3B       		.uleb128 0x3b
 510 0031 05       		.uleb128 0x5
 511 0032 49       		.uleb128 0x49
 512 0033 13       		.uleb128 0x13
 513 0034 00       		.byte	0
 514 0035 00       		.byte	0
 515 0036 05       		.uleb128 0x5
 516 0037 35       		.uleb128 0x35
 517 0038 00       		.byte	0
 518 0039 49       		.uleb128 0x49
 519 003a 13       		.uleb128 0x13
 520 003b 00       		.byte	0
 521 003c 00       		.byte	0
 522 003d 06       		.uleb128 0x6
 523 003e 2E       		.uleb128 0x2e
 524 003f 01       		.byte	0x1
 525 0040 3F       		.uleb128 0x3f
 526 0041 19       		.uleb128 0x19
 527 0042 03       		.uleb128 0x3
 528 0043 0E       		.uleb128 0xe
 529 0044 3A       		.uleb128 0x3a
 530 0045 0B       		.uleb128 0xb
 531 0046 3B       		.uleb128 0x3b
ARM GAS  C:\Users\Taha\AppData\Local\Temp\ccQUojkO.s 			page 15


 532 0047 0B       		.uleb128 0xb
 533 0048 27       		.uleb128 0x27
 534 0049 19       		.uleb128 0x19
 535 004a 11       		.uleb128 0x11
 536 004b 01       		.uleb128 0x1
 537 004c 12       		.uleb128 0x12
 538 004d 06       		.uleb128 0x6
 539 004e 40       		.uleb128 0x40
 540 004f 18       		.uleb128 0x18
 541 0050 9742     		.uleb128 0x2117
 542 0052 19       		.uleb128 0x19
 543 0053 01       		.uleb128 0x1
 544 0054 13       		.uleb128 0x13
 545 0055 00       		.byte	0
 546 0056 00       		.byte	0
 547 0057 07       		.uleb128 0x7
 548 0058 34       		.uleb128 0x34
 549 0059 00       		.byte	0
 550 005a 03       		.uleb128 0x3
 551 005b 0E       		.uleb128 0xe
 552 005c 3A       		.uleb128 0x3a
 553 005d 0B       		.uleb128 0xb
 554 005e 3B       		.uleb128 0x3b
 555 005f 0B       		.uleb128 0xb
 556 0060 49       		.uleb128 0x49
 557 0061 13       		.uleb128 0x13
 558 0062 02       		.uleb128 0x2
 559 0063 18       		.uleb128 0x18
 560 0064 00       		.byte	0
 561 0065 00       		.byte	0
 562 0066 08       		.uleb128 0x8
 563 0067 2E       		.uleb128 0x2e
 564 0068 00       		.byte	0
 565 0069 3F       		.uleb128 0x3f
 566 006a 19       		.uleb128 0x19
 567 006b 03       		.uleb128 0x3
 568 006c 0E       		.uleb128 0xe
 569 006d 3A       		.uleb128 0x3a
 570 006e 0B       		.uleb128 0xb
 571 006f 3B       		.uleb128 0x3b
 572 0070 0B       		.uleb128 0xb
 573 0071 27       		.uleb128 0x27
 574 0072 19       		.uleb128 0x19
 575 0073 11       		.uleb128 0x11
 576 0074 01       		.uleb128 0x1
 577 0075 12       		.uleb128 0x12
 578 0076 06       		.uleb128 0x6
 579 0077 40       		.uleb128 0x40
 580 0078 18       		.uleb128 0x18
 581 0079 9742     		.uleb128 0x2117
 582 007b 19       		.uleb128 0x19
 583 007c 00       		.byte	0
 584 007d 00       		.byte	0
 585 007e 09       		.uleb128 0x9
 586 007f 01       		.uleb128 0x1
 587 0080 01       		.byte	0x1
 588 0081 49       		.uleb128 0x49
ARM GAS  C:\Users\Taha\AppData\Local\Temp\ccQUojkO.s 			page 16


 589 0082 13       		.uleb128 0x13
 590 0083 01       		.uleb128 0x1
 591 0084 13       		.uleb128 0x13
 592 0085 00       		.byte	0
 593 0086 00       		.byte	0
 594 0087 0A       		.uleb128 0xa
 595 0088 21       		.uleb128 0x21
 596 0089 00       		.byte	0
 597 008a 49       		.uleb128 0x49
 598 008b 13       		.uleb128 0x13
 599 008c 2F       		.uleb128 0x2f
 600 008d 05       		.uleb128 0x5
 601 008e 00       		.byte	0
 602 008f 00       		.byte	0
 603 0090 0B       		.uleb128 0xb
 604 0091 34       		.uleb128 0x34
 605 0092 00       		.byte	0
 606 0093 03       		.uleb128 0x3
 607 0094 0E       		.uleb128 0xe
 608 0095 3A       		.uleb128 0x3a
 609 0096 0B       		.uleb128 0xb
 610 0097 3B       		.uleb128 0x3b
 611 0098 05       		.uleb128 0x5
 612 0099 49       		.uleb128 0x49
 613 009a 13       		.uleb128 0x13
 614 009b 3F       		.uleb128 0x3f
 615 009c 19       		.uleb128 0x19
 616 009d 3C       		.uleb128 0x3c
 617 009e 19       		.uleb128 0x19
 618 009f 00       		.byte	0
 619 00a0 00       		.byte	0
 620 00a1 0C       		.uleb128 0xc
 621 00a2 21       		.uleb128 0x21
 622 00a3 00       		.byte	0
 623 00a4 49       		.uleb128 0x49
 624 00a5 13       		.uleb128 0x13
 625 00a6 2F       		.uleb128 0x2f
 626 00a7 0B       		.uleb128 0xb
 627 00a8 00       		.byte	0
 628 00a9 00       		.byte	0
 629 00aa 00       		.byte	0
 630              		.section	.debug_aranges,"",%progbits
 631 0000 24000000 		.4byte	0x24
 632 0004 0200     		.2byte	0x2
 633 0006 00000000 		.4byte	.Ldebug_info0
 634 000a 04       		.byte	0x4
 635 000b 00       		.byte	0
 636 000c 0000     		.2byte	0
 637 000e 0000     		.2byte	0
 638 0010 00000000 		.4byte	.LFB0
 639 0014 D8000000 		.4byte	.LFE0-.LFB0
 640 0018 00000000 		.4byte	.LFB1
 641 001c 70000000 		.4byte	.LFE1-.LFB1
 642 0020 00000000 		.4byte	0
 643 0024 00000000 		.4byte	0
 644              		.section	.debug_ranges,"",%progbits
 645              	.Ldebug_ranges0:
ARM GAS  C:\Users\Taha\AppData\Local\Temp\ccQUojkO.s 			page 17


 646 0000 00000000 		.4byte	.LFB0
 647 0004 D8000000 		.4byte	.LFE0
 648 0008 00000000 		.4byte	.LFB1
 649 000c 70000000 		.4byte	.LFE1
 650 0010 00000000 		.4byte	0
 651 0014 00000000 		.4byte	0
 652              		.section	.debug_line,"",%progbits
 653              	.Ldebug_line0:
 654 0000 B9000000 		.section	.debug_str,"MS",%progbits,1
 654      02005F00 
 654      00000201 
 654      FB0E0D00 
 654      01010101 
 655              	.LASF26:
 656 0000 52533438 		.ascii	"RS485_Sensor_rxBufferWrite\000"
 656      355F5365 
 656      6E736F72 
 656      5F727842 
 656      75666665 
 657              	.LASF29:
 658 001b 474E5520 		.ascii	"GNU C11 5.4.1 20160609 (release) [ARM/embedded-5-br"
 658      43313120 
 658      352E342E 
 658      31203230 
 658      31363036 
 659 004e 616E6368 		.ascii	"anch revision 237715] -mcpu=cortex-m3 -mthumb -g -O"
 659      20726576 
 659      6973696F 
 659      6E203233 
 659      37373135 
 660 0081 30202D66 		.ascii	"0 -ffunction-sections -ffat-lto-objects\000"
 660      66756E63 
 660      74696F6E 
 660      2D736563 
 660      74696F6E 
 661              	.LASF11:
 662 00a9 666C6F61 		.ascii	"float\000"
 662      7400
 663              	.LASF24:
 664 00af 52533438 		.ascii	"RS485_Sensor_rxBuffer\000"
 664      355F5365 
 664      6E736F72 
 664      5F727842 
 664      75666665 
 665              	.LASF3:
 666 00c5 73686F72 		.ascii	"short unsigned int\000"
 666      7420756E 
 666      7369676E 
 666      65642069 
 666      6E7400
 667              	.LASF33:
 668 00d8 52533438 		.ascii	"RS485_Sensor_TXISR\000"
 668      355F5365 
 668      6E736F72 
 668      5F545849 
 668      535200
 669              	.LASF28:
ARM GAS  C:\Users\Taha\AppData\Local\Temp\ccQUojkO.s 			page 18


 670 00eb 52533438 		.ascii	"RS485_Sensor_rxBufferOverflow\000"
 670      355F5365 
 670      6E736F72 
 670      5F727842 
 670      75666665 
 671              	.LASF20:
 672 0109 52533438 		.ascii	"RS485_Sensor_txBuffer\000"
 672      355F5365 
 672      6E736F72 
 672      5F747842 
 672      75666665 
 673              	.LASF18:
 674 011f 72656164 		.ascii	"readStatus\000"
 674      53746174 
 674      757300
 675              	.LASF30:
 676 012a 47656E65 		.ascii	"Generated_Source\\PSoC5\\RS485_Sensor_INT.c\000"
 676      72617465 
 676      645F536F 
 676      75726365 
 676      5C50536F 
 677              	.LASF1:
 678 0154 756E7369 		.ascii	"unsigned char\000"
 678      676E6564 
 678      20636861 
 678      7200
 679              	.LASF14:
 680 0162 72656738 		.ascii	"reg8\000"
 680      00
 681              	.LASF5:
 682 0167 6C6F6E67 		.ascii	"long unsigned int\000"
 682      20756E73 
 682      69676E65 
 682      6420696E 
 682      7400
 683              	.LASF22:
 684 0179 52533438 		.ascii	"RS485_Sensor_txBufferWrite\000"
 684      355F5365 
 684      6E736F72 
 684      5F747842 
 684      75666665 
 685              	.LASF9:
 686 0194 75696E74 		.ascii	"uint8\000"
 686      3800
 687              	.LASF12:
 688 019a 646F7562 		.ascii	"double\000"
 688      6C6500
 689              	.LASF31:
 690 01a1 433A5C55 		.ascii	"C:\\Users\\Taha\\Creative Cloud Files\\Desktop\\Iro"
 690      73657273 
 690      5C546168 
 690      615C4372 
 690      65617469 
 691 01cf 5465616D 		.ascii	"Team\\#Sina_IroTeam_CM_embOS_FOTA\\IroTeam_CM_Bootl"
 691      5C235369 
 691      6E615F49 
 691      726F5465 
ARM GAS  C:\Users\Taha\AppData\Local\Temp\ccQUojkO.s 			page 19


 691      616D5F43 
 692 0200 6F616465 		.ascii	"oader\\Bootloader.cydsn\000"
 692      725C426F 
 692      6F746C6F 
 692      61646572 
 692      2E637964 
 693              	.LASF27:
 694 0217 52533438 		.ascii	"RS485_Sensor_rxBufferLoopDetect\000"
 694      355F5365 
 694      6E736F72 
 694      5F727842 
 694      75666665 
 695              	.LASF10:
 696 0237 75696E74 		.ascii	"uint16\000"
 696      313600
 697              	.LASF25:
 698 023e 52533438 		.ascii	"RS485_Sensor_rxBufferRead\000"
 698      355F5365 
 698      6E736F72 
 698      5F727842 
 698      75666665 
 699              	.LASF8:
 700 0258 756E7369 		.ascii	"unsigned int\000"
 700      676E6564 
 700      20696E74 
 700      00
 701              	.LASF7:
 702 0265 6C6F6E67 		.ascii	"long long unsigned int\000"
 702      206C6F6E 
 702      6720756E 
 702      7369676E 
 702      65642069 
 703              	.LASF23:
 704 027c 52533438 		.ascii	"RS485_Sensor_errorStatus\000"
 704      355F5365 
 704      6E736F72 
 704      5F657272 
 704      6F725374 
 705              	.LASF16:
 706 0295 73697A65 		.ascii	"sizetype\000"
 706      74797065 
 706      00
 707              	.LASF32:
 708 029e 52533438 		.ascii	"RS485_Sensor_RXISR\000"
 708      355F5365 
 708      6E736F72 
 708      5F525849 
 708      535200
 709              	.LASF6:
 710 02b1 6C6F6E67 		.ascii	"long long int\000"
 710      206C6F6E 
 710      6720696E 
 710      7400
 711              	.LASF19:
 712 02bf 696E6372 		.ascii	"increment_pointer\000"
 712      656D656E 
 712      745F706F 
ARM GAS  C:\Users\Taha\AppData\Local\Temp\ccQUojkO.s 			page 20


 712      696E7465 
 712      7200
 713              	.LASF2:
 714 02d1 73686F72 		.ascii	"short int\000"
 714      7420696E 
 714      7400
 715              	.LASF4:
 716 02db 6C6F6E67 		.ascii	"long int\000"
 716      20696E74 
 716      00
 717              	.LASF13:
 718 02e4 63686172 		.ascii	"char\000"
 718      00
 719              	.LASF15:
 720 02e9 6C6F6E67 		.ascii	"long double\000"
 720      20646F75 
 720      626C6500 
 721              	.LASF0:
 722 02f5 7369676E 		.ascii	"signed char\000"
 722      65642063 
 722      68617200 
 723              	.LASF17:
 724 0301 72656164 		.ascii	"readData\000"
 724      44617461 
 724      00
 725              	.LASF21:
 726 030a 52533438 		.ascii	"RS485_Sensor_txBufferRead\000"
 726      355F5365 
 726      6E736F72 
 726      5F747842 
 726      75666665 
 727              		.ident	"GCC: (GNU Tools for ARM Embedded Processors) 5.4.1 20160609 (release) [ARM/embedded-5-bran
