ARM GAS  C:\Users\ali\AppData\Local\Temp\ccFAcxLn.s 			page 1


   1              		.syntax unified
   2              		.cpu cortex-m3
   3              		.fpu softvfp
   4              		.eabi_attribute 20, 1
   5              		.eabi_attribute 21, 1
   6              		.eabi_attribute 23, 3
   7              		.eabi_attribute 24, 1
   8              		.eabi_attribute 25, 1
   9              		.eabi_attribute 26, 1
  10              		.eabi_attribute 30, 2
  11              		.eabi_attribute 34, 1
  12              		.eabi_attribute 18, 4
  13              		.thumb
  14              		.syntax unified
  15              		.file	"BSP.c"
  16              		.section	.text.BSP_Init,"ax",%progbits
  17              		.align	2
  18              		.global	BSP_Init
  19              		.thumb
  20              		.thumb_func
  21              		.type	BSP_Init, %function
  22              	BSP_Init:
  23              		@ args = 0, pretend = 0, frame = 0
  24              		@ frame_needed = 0, uses_anonymous_args = 0
  25 0000 08B5     		push	{r3, lr}
  26 0002 FFF7FEFF 		bl	UART_Debug_Start
  27 0006 FFF7FEFF 		bl	UART_Linux_Start
  28 000a BDE80840 		pop	{r3, lr}
  29 000e FFF7FEBF 		b	Internal_EEPROM_Start
  30              		.size	BSP_Init, .-BSP_Init
  31 0012 00BF     		.ident	"GCC: (GNU Tools for ARM Embedded Processors) 5.4.1 20160609 (release) [ARM/embedded-5-bran
