ARM GAS  C:\Users\ali\AppData\Local\Temp\cc230I1y.s 			page 1


   1              		.syntax unified
   2              		.cpu cortex-m3
   3              		.fpu softvfp
   4              		.eabi_attribute 20, 1
   5              		.eabi_attribute 21, 1
   6              		.eabi_attribute 23, 3
   7              		.eabi_attribute 24, 1
   8              		.eabi_attribute 25, 1
   9              		.eabi_attribute 26, 1
  10              		.eabi_attribute 30, 2
  11              		.eabi_attribute 34, 1
  12              		.eabi_attribute 18, 4
  13              		.thumb
  14              		.syntax unified
  15              		.file	"cyPm.c"
  16              		.section	.text.CyPmHibSlpSaveSet,"ax",%progbits
  17              		.align	2
  18              		.thumb
  19              		.thumb_func
  20              		.type	CyPmHibSlpSaveSet, %function
  21              	CyPmHibSlpSaveSet:
  22              		@ args = 0, pretend = 0, frame = 0
  23              		@ frame_needed = 0, uses_anonymous_args = 0
  24 0000 2DE9F04F 		push	{r4, r5, r6, r7, r8, r9, r10, fp, lr}
  25 0004 DFF8BCA1 		ldr	r10, .L7+80
  26 0008 5A4A     		ldr	r2, .L7
  27 000a DFF8BC91 		ldr	r9, .L7+84
  28 000e DFF8BC81 		ldr	r8, .L7+88
  29 0012 DFF8BCC1 		ldr	ip, .L7+92
  30 0016 9AF80070 		ldrb	r7, [r10]	@ zero_extendqisi2
  31 001a 574B     		ldr	r3, .L7+4
  32 001c 99F80060 		ldrb	r6, [r9]	@ zero_extendqisi2
  33 0020 0A32     		adds	r2, r2, #10
  34 0022 98F80050 		ldrb	r5, [r8]	@ zero_extendqisi2
  35 0026 9CF80040 		ldrb	r4, [ip]	@ zero_extendqisi2
  36 002a 12F80A0C 		ldrb	r0, [r2, #-10]	@ zero_extendqisi2
  37 002e 12F8081C 		ldrb	r1, [r2, #-8]	@ zero_extendqisi2
  38 0032 12F806BC 		ldrb	fp, [r2, #-6]	@ zero_extendqisi2
  39 0036 1278     		ldrb	r2, [r2]	@ zero_extendqisi2
  40 0038 9F72     		strb	r7, [r3, #10]
  41 003a 504F     		ldr	r7, .L7+8
  42 003c DFF894E1 		ldr	lr, .L7+96
  43 0040 3F78     		ldrb	r7, [r7]	@ zero_extendqisi2
  44 0042 DE72     		strb	r6, [r3, #11]
  45 0044 4E4E     		ldr	r6, .L7+12
  46 0046 3678     		ldrb	r6, [r6]	@ zero_extendqisi2
  47 0048 1D73     		strb	r5, [r3, #12]
  48 004a 4E4D     		ldr	r5, .L7+16
  49 004c 2D78     		ldrb	r5, [r5]	@ zero_extendqisi2
  50 004e 5C73     		strb	r4, [r3, #13]
  51 0050 4D4C     		ldr	r4, .L7+20
  52 0052 2478     		ldrb	r4, [r4]	@ zero_extendqisi2
  53 0054 9873     		strb	r0, [r3, #14]
  54 0056 4D48     		ldr	r0, .L7+24
  55 0058 0078     		ldrb	r0, [r0]	@ zero_extendqisi2
  56 005a D973     		strb	r1, [r3, #15]
  57 005c 4C49     		ldr	r1, .L7+28
ARM GAS  C:\Users\ali\AppData\Local\Temp\cc230I1y.s 			page 2


  58 005e 0978     		ldrb	r1, [r1]	@ zero_extendqisi2
  59 0060 83F810B0 		strb	fp, [r3, #16]
  60 0064 4B4B     		ldr	r3, .L7+32
  61 0066 93F800B0 		ldrb	fp, [r3]	@ zero_extendqisi2
  62 006a 434B     		ldr	r3, .L7+4
  63 006c 5A74     		strb	r2, [r3, #17]
  64 006e 4A4B     		ldr	r3, .L7+36
  65 0070 1A78     		ldrb	r2, [r3]	@ zero_extendqisi2
  66 0072 414B     		ldr	r3, .L7+4
  67 0074 9F74     		strb	r7, [r3, #18]
  68 0076 DE74     		strb	r6, [r3, #19]
  69 0078 1D75     		strb	r5, [r3, #20]
  70 007a 5C75     		strb	r4, [r3, #21]
  71 007c 9875     		strb	r0, [r3, #22]
  72 007e D975     		strb	r1, [r3, #23]
  73 0080 83F818B0 		strb	fp, [r3, #24]
  74 0084 5A76     		strb	r2, [r3, #25]
  75 0086 454B     		ldr	r3, .L7+40
  76 0088 454F     		ldr	r7, .L7+44
  77 008a 1A78     		ldrb	r2, [r3]	@ zero_extendqisi2
  78 008c 93F801B0 		ldrb	fp, [r3, #1]	@ zero_extendqisi2
  79 0090 394B     		ldr	r3, .L7+4
  80 0092 444E     		ldr	r6, .L7+48
  81 0094 9A76     		strb	r2, [r3, #26]
  82 0096 444B     		ldr	r3, .L7+52
  83 0098 444D     		ldr	r5, .L7+56
  84 009a 1A78     		ldrb	r2, [r3]	@ zero_extendqisi2
  85 009c 364B     		ldr	r3, .L7+4
  86 009e 444C     		ldr	r4, .L7+60
  87 00a0 83F81BB0 		strb	fp, [r3, #27]
  88 00a4 434B     		ldr	r3, .L7+64
  89 00a6 4448     		ldr	r0, .L7+68
  90 00a8 93F800B0 		ldrb	fp, [r3]	@ zero_extendqisi2
  91 00ac 324B     		ldr	r3, .L7+4
  92 00ae 4349     		ldr	r1, .L7+72
  93 00b0 1A77     		strb	r2, [r3, #28]
  94 00b2 434B     		ldr	r3, .L7+76
  95 00b4 1A78     		ldrb	r2, [r3]	@ zero_extendqisi2
  96 00b6 304B     		ldr	r3, .L7+4
  97 00b8 83F81DB0 		strb	fp, [r3, #29]
  98 00bc 9EF800B0 		ldrb	fp, [lr]	@ zero_extendqisi2
  99 00c0 9A77     		strb	r2, [r3, #30]
 100 00c2 3A78     		ldrb	r2, [r7]	@ zero_extendqisi2
 101 00c4 83F81FB0 		strb	fp, [r3, #31]
 102 00c8 96F800B0 		ldrb	fp, [r6]	@ zero_extendqisi2
 103 00cc 83F82020 		strb	r2, [r3, #32]
 104 00d0 2A78     		ldrb	r2, [r5]	@ zero_extendqisi2
 105 00d2 83F821B0 		strb	fp, [r3, #33]
 106 00d6 94F800B0 		ldrb	fp, [r4]	@ zero_extendqisi2
 107 00da 83F82220 		strb	r2, [r3, #34]
 108 00de 0278     		ldrb	r2, [r0]	@ zero_extendqisi2
 109 00e0 83F823B0 		strb	fp, [r3, #35]
 110 00e4 91F800B0 		ldrb	fp, [r1]	@ zero_extendqisi2
 111 00e8 83F82420 		strb	r2, [r3, #36]
 112 00ec 83F825B0 		strb	fp, [r3, #37]
 113 00f0 204B     		ldr	r3, .L7
 114 00f2 0022     		movs	r2, #0
ARM GAS  C:\Users\ali\AppData\Local\Temp\cc230I1y.s 			page 3


 115 00f4 0233     		adds	r3, r3, #2
 116 00f6 8AF80020 		strb	r2, [r10]
 117 00fa DFF8DCB0 		ldr	fp, .L7+100
 118 00fe 89F80020 		strb	r2, [r9]
 119 0102 88F80020 		strb	r2, [r8]
 120 0106 8CF80020 		strb	r2, [ip]
 121 010a 03F8022C 		strb	r2, [r3, #-2]
 122 010e 1A70     		strb	r2, [r3]
 123 0110 9A70     		strb	r2, [r3, #2]
 124 0112 1A72     		strb	r2, [r3, #8]
 125 0114 9A72     		strb	r2, [r3, #10]
 126 0116 DA72     		strb	r2, [r3, #11]
 127 0118 1A73     		strb	r2, [r3, #12]
 128 011a 9A73     		strb	r2, [r3, #14]
 129 011c 1A74     		strb	r2, [r3, #16]
 130 011e 9A74     		strb	r2, [r3, #18]
 131 0120 1A76     		strb	r2, [r3, #24]
 132 0122 9A76     		strb	r2, [r3, #26]
 133 0124 DA76     		strb	r2, [r3, #27]
 134 0126 1A77     		strb	r2, [r3, #28]
 135 0128 9A77     		strb	r2, [r3, #30]
 136 012a 83F82020 		strb	r2, [r3, #32]
 137 012e 83F82220 		strb	r2, [r3, #34]
 138 0132 8EF80020 		strb	r2, [lr]
 139 0136 3A70     		strb	r2, [r7]
 140 0138 3270     		strb	r2, [r6]
 141 013a 2A70     		strb	r2, [r5]
 142 013c 2270     		strb	r2, [r4]
 143 013e 0270     		strb	r2, [r0]
 144 0140 0A70     		strb	r2, [r1]
 145 0142 9BF80020 		ldrb	r2, [fp]	@ zero_extendqisi2
 146 0146 02F00802 		and	r2, r2, #8
 147 014a 32B9     		cbnz	r2, .L6
 148 014c 0A4B     		ldr	r3, .L7+4
 149 014e 02F0FF01 		and	r1, r2, #255
 150 0152 83F82F10 		strb	r1, [r3, #47]
 151 0156 BDE8F08F 		pop	{r4, r5, r6, r7, r8, r9, r10, fp, pc}
 152              	.L6:
 153 015a 9BF80020 		ldrb	r2, [fp]	@ zero_extendqisi2
 154 015e 064B     		ldr	r3, .L7+4
 155 0160 0121     		movs	r1, #1
 156 0162 02F0F702 		and	r2, r2, #247
 157 0166 8BF80020 		strb	r2, [fp]
 158 016a 83F82F10 		strb	r1, [r3, #47]
 159 016e BDE8F08F 		pop	{r4, r5, r6, r7, r8, r9, r10, fp, pc}
 160              	.L8:
 161 0172 00BF     		.align	2
 162              	.L7:
 163 0174 065A0040 		.word	1073764870
 164 0178 00000000 		.word	.LANCHOR0
 165 017c 125A0040 		.word	1073764882
 166 0180 135A0040 		.word	1073764883
 167 0184 145A0040 		.word	1073764884
 168 0188 165A0040 		.word	1073764886
 169 018c 185A0040 		.word	1073764888
 170 0190 1A5A0040 		.word	1073764890
 171 0194 205A0040 		.word	1073764896
ARM GAS  C:\Users\ali\AppData\Local\Temp\cc230I1y.s 			page 4


 172 0198 225A0040 		.word	1073764898
 173 019c 235A0040 		.word	1073764899
 174 01a0 325A0040 		.word	1073764914
 175 01a4 335A0040 		.word	1073764915
 176 01a8 265A0040 		.word	1073764902
 177 01ac 345A0040 		.word	1073764916
 178 01b0 365A0040 		.word	1073764918
 179 01b4 285A0040 		.word	1073764904
 180 01b8 385A0040 		.word	1073764920
 181 01bc 3A5A0040 		.word	1073764922
 182 01c0 2A5A0040 		.word	1073764906
 183 01c4 005A0040 		.word	1073764864
 184 01c8 025A0040 		.word	1073764866
 185 01cc 035A0040 		.word	1073764867
 186 01d0 045A0040 		.word	1073764868
 187 01d4 305A0040 		.word	1073764912
 188 01d8 22430040 		.word	1073759010
 189              		.size	CyPmHibSlpSaveSet, .-CyPmHibSlpSaveSet
 190              		.section	.text.CyPmHibSlpRestore,"ax",%progbits
 191              		.align	2
 192              		.thumb
 193              		.thumb_func
 194              		.type	CyPmHibSlpRestore, %function
 195              	CyPmHibSlpRestore:
 196              		@ args = 0, pretend = 0, frame = 0
 197              		@ frame_needed = 0, uses_anonymous_args = 0
 198              		@ link register save eliminated.
 199 0000 F0B4     		push	{r4, r5, r6, r7}
 200 0002 2E4B     		ldr	r3, .L12
 201 0004 2E4A     		ldr	r2, .L12+4
 202 0006 9F7A     		ldrb	r7, [r3, #10]	@ zero_extendqisi2
 203 0008 DE7A     		ldrb	r6, [r3, #11]	@ zero_extendqisi2
 204 000a 2E48     		ldr	r0, .L12+8
 205 000c 1D7B     		ldrb	r5, [r3, #12]	@ zero_extendqisi2
 206 000e 5C7B     		ldrb	r4, [r3, #13]	@ zero_extendqisi2
 207 0010 2D49     		ldr	r1, .L12+12
 208 0012 1770     		strb	r7, [r2]
 209 0014 9F7B     		ldrb	r7, [r3, #14]	@ zero_extendqisi2
 210 0016 0670     		strb	r6, [r0]
 211 0018 DE7B     		ldrb	r6, [r3, #15]	@ zero_extendqisi2
 212 001a 0D70     		strb	r5, [r1]
 213 001c 1D7C     		ldrb	r5, [r3, #16]	@ zero_extendqisi2
 214 001e 1471     		strb	r4, [r2, #4]
 215 0020 5C7C     		ldrb	r4, [r3, #17]	@ zero_extendqisi2
 216 0022 0771     		strb	r7, [r0, #4]
 217 0024 9F7C     		ldrb	r7, [r3, #18]	@ zero_extendqisi2
 218 0026 4E71     		strb	r6, [r1, #5]
 219 0028 DE7C     		ldrb	r6, [r3, #19]	@ zero_extendqisi2
 220 002a 9572     		strb	r5, [r2, #10]
 221 002c 1D7D     		ldrb	r5, [r3, #20]	@ zero_extendqisi2
 222 002e 8473     		strb	r4, [r0, #14]
 223 0030 587D     		ldrb	r0, [r3, #21]	@ zero_extendqisi2
 224 0032 264C     		ldr	r4, .L12+16
 225 0034 CF73     		strb	r7, [r1, #15]
 226 0036 9F7D     		ldrb	r7, [r3, #22]	@ zero_extendqisi2
 227 0038 D674     		strb	r6, [r2, #19]
 228 003a DE7D     		ldrb	r6, [r3, #23]	@ zero_extendqisi2
ARM GAS  C:\Users\ali\AppData\Local\Temp\cc230I1y.s 			page 5


 229 003c 2570     		strb	r5, [r4]
 230 003e 1D7E     		ldrb	r5, [r3, #24]	@ zero_extendqisi2
 231 0040 C874     		strb	r0, [r1, #19]
 232 0042 587E     		ldrb	r0, [r3, #25]	@ zero_extendqisi2
 233 0044 1776     		strb	r7, [r2, #24]
 234 0046 A671     		strb	r6, [r4, #6]
 235 0048 4D77     		strb	r5, [r1, #29]
 236 004a 82F82200 		strb	r0, [r2, #34]
 237 004e 9F7E     		ldrb	r7, [r3, #26]	@ zero_extendqisi2
 238 0050 DE7E     		ldrb	r6, [r3, #27]	@ zero_extendqisi2
 239 0052 1D7F     		ldrb	r5, [r3, #28]	@ zero_extendqisi2
 240 0054 E773     		strb	r7, [r4, #15]
 241 0056 5C7F     		ldrb	r4, [r3, #29]	@ zero_extendqisi2
 242 0058 9F7F     		ldrb	r7, [r3, #30]	@ zero_extendqisi2
 243 005a 1D48     		ldr	r0, .L12+20
 244 005c 81F82160 		strb	r6, [r1, #33]
 245 0060 DE7F     		ldrb	r6, [r3, #31]	@ zero_extendqisi2
 246 0062 82F82650 		strb	r5, [r2, #38]
 247 0066 93F82050 		ldrb	r5, [r3, #32]	@ zero_extendqisi2
 248 006a 0470     		strb	r4, [r0]
 249 006c 93F82100 		ldrb	r0, [r3, #33]	@ zero_extendqisi2
 250 0070 184C     		ldr	r4, .L12+24
 251 0072 81F82770 		strb	r7, [r1, #39]
 252 0076 93F82270 		ldrb	r7, [r3, #34]	@ zero_extendqisi2
 253 007a 82F83060 		strb	r6, [r2, #48]
 254 007e 93F82360 		ldrb	r6, [r3, #35]	@ zero_extendqisi2
 255 0082 2570     		strb	r5, [r4]
 256 0084 93F82440 		ldrb	r4, [r3, #36]	@ zero_extendqisi2
 257 0088 81F83000 		strb	r0, [r1, #48]
 258 008c 93F82510 		ldrb	r1, [r3, #37]	@ zero_extendqisi2
 259 0090 93F82F30 		ldrb	r3, [r3, #47]	@ zero_extendqisi2
 260 0094 104D     		ldr	r5, .L12+28
 261 0096 1148     		ldr	r0, .L12+32
 262 0098 012B     		cmp	r3, #1
 263 009a 82F83470 		strb	r7, [r2, #52]
 264 009e 2E70     		strb	r6, [r5]
 265 00a0 0470     		strb	r4, [r0]
 266 00a2 82F83A10 		strb	r1, [r2, #58]
 267 00a6 07D1     		bne	.L9
 268 00a8 3A32     		adds	r2, r2, #58
 269 00aa A2F5B852 		sub	r2, r2, #5888
 270 00ae 183A     		subs	r2, r2, #24
 271 00b0 1378     		ldrb	r3, [r2]	@ zero_extendqisi2
 272 00b2 43F00803 		orr	r3, r3, #8
 273 00b6 1370     		strb	r3, [r2]
 274              	.L9:
 275 00b8 F0BC     		pop	{r4, r5, r6, r7}
 276 00ba 7047     		bx	lr
 277              	.L13:
 278              		.align	2
 279              	.L12:
 280 00bc 00000000 		.word	.LANCHOR0
 281 00c0 005A0040 		.word	1073764864
 282 00c4 025A0040 		.word	1073764866
 283 00c8 035A0040 		.word	1073764867
 284 00cc 145A0040 		.word	1073764884
 285 00d0 285A0040 		.word	1073764904
ARM GAS  C:\Users\ali\AppData\Local\Temp\cc230I1y.s 			page 6


 286 00d4 325A0040 		.word	1073764914
 287 00d8 365A0040 		.word	1073764918
 288 00dc 385A0040 		.word	1073764920
 289              		.size	CyPmHibSlpRestore, .-CyPmHibSlpRestore
 290              		.section	.text.CyPmSaveClocks,"ax",%progbits
 291              		.align	2
 292              		.global	CyPmSaveClocks
 293              		.thumb
 294              		.thumb_func
 295              		.type	CyPmSaveClocks, %function
 296              	CyPmSaveClocks:
 297              		@ args = 0, pretend = 0, frame = 0
 298              		@ frame_needed = 0, uses_anonymous_args = 0
 299 0000 70B5     		push	{r4, r5, r6, lr}
 300 0002 6A49     		ldr	r1, .L57
 301 0004 6A4B     		ldr	r3, .L57+4
 302 0006 0A78     		ldrb	r2, [r1]	@ zero_extendqisi2
 303 0008 1E78     		ldrb	r6, [r3]	@ zero_extendqisi2
 304 000a 0878     		ldrb	r0, [r1]	@ zero_extendqisi2
 305 000c 0025     		movs	r5, #0
 306 000e 00F0F000 		and	r0, r0, #240
 307 0012 0870     		strb	r0, [r1]
 308 0014 1878     		ldrb	r0, [r3]	@ zero_extendqisi2
 309 0016 1D70     		strb	r5, [r3]
 310 0018 91F85F34 		ldrb	r3, [r1, #1119]	@ zero_extendqisi2
 311 001c 654C     		ldr	r4, .L57+8
 312 001e 02F00F02 		and	r2, r2, #15
 313 0022 03F0C003 		and	r3, r3, #192
 314 0026 3720     		movs	r0, #55
 315 0028 84F83020 		strb	r2, [r4, #48]
 316 002c 84F83160 		strb	r6, [r4, #49]
 317 0030 84F83530 		strb	r3, [r4, #53]
 318 0034 604E     		ldr	r6, .L57+12
 319 0036 FFF7FEFF 		bl	CyFlash_SetWaitCycles
 320 003a 604B     		ldr	r3, .L57+16
 321 003c 1878     		ldrb	r0, [r3]	@ zero_extendqisi2
 322 003e 1978     		ldrb	r1, [r3]	@ zero_extendqisi2
 323 0040 1A78     		ldrb	r2, [r3]	@ zero_extendqisi2
 324 0042 3378     		ldrb	r3, [r6]	@ zero_extendqisi2
 325 0044 00F00700 		and	r0, r0, #7
 326 0048 03F00303 		and	r3, r3, #3
 327 004c 01F04001 		and	r1, r1, #64
 328 0050 C2F30012 		ubfx	r2, r2, #4, #1
 329 0054 012B     		cmp	r3, #1
 330 0056 84F83300 		strb	r0, [r4, #51]
 331 005a 84F83410 		strb	r1, [r4, #52]
 332 005e 84F83920 		strb	r2, [r4, #57]
 333 0062 84F83230 		strb	r3, [r4, #50]
 334 0066 00F08980 		beq	.L50
 335              	.L15:
 336 006a 554B     		ldr	r3, .L57+20
 337 006c 1B78     		ldrb	r3, [r3]	@ zero_extendqisi2
 338 006e 13F00103 		ands	r3, r3, #1
 339 0072 5FD1     		bne	.L51
 340 0074 84F83E30 		strb	r3, [r4, #62]
 341              	.L20:
 342 0078 0420     		movs	r0, #4
ARM GAS  C:\Users\ali\AppData\Local\Temp\cc230I1y.s 			page 7


 343 007a FFF7FEFF 		bl	CyIMO_SetFreq
 344 007e 514B     		ldr	r3, .L57+24
 345 0080 1B78     		ldrb	r3, [r3]	@ zero_extendqisi2
 346 0082 03F01003 		and	r3, r3, #16
 347 0086 03F0FF02 		and	r2, r3, #255
 348 008a 002B     		cmp	r3, #0
 349 008c 6DD0     		beq	.L21
 350 008e 0123     		movs	r3, #1
 351 0090 84F83630 		strb	r3, [r4, #54]
 352              	.L22:
 353 0094 494B     		ldr	r3, .L57+16
 354 0096 1B78     		ldrb	r3, [r3]	@ zero_extendqisi2
 355 0098 03F02003 		and	r3, r3, #32
 356 009c 03F0FF02 		and	r2, r3, #255
 357 00a0 002B     		cmp	r3, #0
 358 00a2 44D0     		beq	.L23
 359 00a4 4FF04023 		mov	r3, #1073758208
 360 00a8 1B78     		ldrb	r3, [r3]	@ zero_extendqisi2
 361 00aa 0020     		movs	r0, #0
 362 00ac 13F0400F 		tst	r3, #64
 363 00b0 0CBF     		ite	eq
 364 00b2 0223     		moveq	r3, #2
 365 00b4 0123     		movne	r3, #1
 366 00b6 84F83730 		strb	r3, [r4, #55]
 367 00ba FFF7FEFF 		bl	CyIMO_SetSource
 368              	.L25:
 369 00be 4FF04022 		mov	r2, #1073758208
 370 00c2 1378     		ldrb	r3, [r2]	@ zero_extendqisi2
 371 00c4 03F03003 		and	r3, r3, #48
 372 00c8 84F83830 		strb	r3, [r4, #56]
 373 00cc 1BB1     		cbz	r3, .L26
 374 00ce 1378     		ldrb	r3, [r2]	@ zero_extendqisi2
 375 00d0 03F0CF03 		and	r3, r3, #207
 376 00d4 1370     		strb	r3, [r2]
 377              	.L26:
 378 00d6 394B     		ldr	r3, .L57+16
 379 00d8 1B78     		ldrb	r3, [r3]	@ zero_extendqisi2
 380 00da DB06     		lsls	r3, r3, #27
 381 00dc 42D4     		bmi	.L52
 382              	.L27:
 383 00de 3A4B     		ldr	r3, .L57+28
 384 00e0 1B78     		ldrb	r3, [r3]	@ zero_extendqisi2
 385 00e2 DBB2     		uxtb	r3, r3
 386 00e4 84F83A30 		strb	r3, [r4, #58]
 387 00e8 002B     		cmp	r3, #0
 388 00ea 37D1     		bne	.L53
 389              	.L28:
 390 00ec 94F83230 		ldrb	r3, [r4, #50]	@ zero_extendqisi2
 391 00f0 83BB     		cbnz	r3, .L54
 392              	.L29:
 393 00f2 364A     		ldr	r2, .L57+32
 394 00f4 364B     		ldr	r3, .L57+36
 395 00f6 1278     		ldrb	r2, [r2]	@ zero_extendqisi2
 396 00f8 1B78     		ldrb	r3, [r3]	@ zero_extendqisi2
 397 00fa 1202     		lsls	r2, r2, #8
 398 00fc 1343     		orrs	r3, r3, r2
 399 00fe A387     		strh	r3, [r4, #60]	@ movhi
ARM GAS  C:\Users\ali\AppData\Local\Temp\cc230I1y.s 			page 8


 400 0100 23BB     		cbnz	r3, .L55
 401              	.L30:
 402 0102 2E4B     		ldr	r3, .L57+16
 403 0104 334A     		ldr	r2, .L57+40
 404 0106 1B78     		ldrb	r3, [r3]	@ zero_extendqisi2
 405 0108 03F00703 		and	r3, r3, #7
 406 010c D05C     		ldrb	r0, [r2, r3]	@ zero_extendqisi2
 407 010e FFF7FEFF 		bl	CyFlash_SetWaitCycles
 408 0112 314B     		ldr	r3, .L57+44
 409 0114 1B78     		ldrb	r3, [r3]	@ zero_extendqisi2
 410 0116 13F00103 		ands	r3, r3, #1
 411 011a 11D1     		bne	.L56
 412 011c 84F83F30 		strb	r3, [r4, #63]
 413              	.L32:
 414 0120 2E4B     		ldr	r3, .L57+48
 415 0122 1B78     		ldrb	r3, [r3]	@ zero_extendqisi2
 416 0124 C3F38003 		ubfx	r3, r3, #2, #1
 417 0128 84F84030 		strb	r3, [r4, #64]
 418 012c 70BD     		pop	{r4, r5, r6, pc}
 419              	.L23:
 420 012e 84F83720 		strb	r2, [r4, #55]
 421 0132 C4E7     		b	.L25
 422              	.L51:
 423 0134 0123     		movs	r3, #1
 424 0136 84F83E30 		strb	r3, [r4, #62]
 425 013a FFF7FEFF 		bl	CyPLL_OUT_Stop
 426 013e 9BE7     		b	.L20
 427              	.L56:
 428 0140 0123     		movs	r3, #1
 429 0142 84F83F30 		strb	r3, [r4, #63]
 430 0146 FFF7FEFF 		bl	CyXTAL_Stop
 431 014a E9E7     		b	.L32
 432              	.L55:
 433 014c 0020     		movs	r0, #0
 434 014e FFF7FEFF 		bl	CyBusClk_SetDivider
 435 0152 D6E7     		b	.L30
 436              	.L54:
 437 0154 0020     		movs	r0, #0
 438 0156 FFF7FEFF 		bl	CyMasterClk_SetSource
 439 015a CAE7     		b	.L29
 440              	.L53:
 441 015c 0020     		movs	r0, #0
 442 015e FFF7FEFF 		bl	CyMasterClk_SetDivider
 443 0162 C3E7     		b	.L28
 444              	.L52:
 445 0164 FFF7FEFF 		bl	CyIMO_DisableDoubler
 446 0168 B9E7     		b	.L27
 447              	.L21:
 448 016a 1046     		mov	r0, r2
 449 016c 84F83620 		strb	r2, [r4, #54]
 450 0170 FFF7FEFF 		bl	CyIMO_Start
 451 0174 0620     		movs	r0, #6
 452 0176 FFF7FEFF 		bl	CyDelayUs
 453 017a 8BE7     		b	.L22
 454              	.L50:
 455 017c 4FF04023 		mov	r3, #1073758208
 456 0180 1B78     		ldrb	r3, [r3]	@ zero_extendqisi2
ARM GAS  C:\Users\ali\AppData\Local\Temp\cc230I1y.s 			page 9


 457 0182 03F00303 		and	r3, r3, #3
 458 0186 012B     		cmp	r3, #1
 459 0188 0BD0     		beq	.L16
 460 018a 06D3     		bcc	.L17
 461 018c 022B     		cmp	r3, #2
 462 018e 7FF46CAF 		bne	.L15
 463 0192 0320     		movs	r0, #3
 464 0194 FFF7FEFF 		bl	CyMasterClk_SetSource
 465 0198 67E7     		b	.L15
 466              	.L17:
 467 019a 2846     		mov	r0, r5
 468 019c FFF7FEFF 		bl	CyMasterClk_SetSource
 469 01a0 63E7     		b	.L15
 470              	.L16:
 471 01a2 0220     		movs	r0, #2
 472 01a4 FFF7FEFF 		bl	CyMasterClk_SetSource
 473 01a8 5FE7     		b	.L15
 474              	.L58:
 475 01aa 00BF     		.align	2
 476              	.L57:
 477 01ac A1430040 		.word	1073759137
 478 01b0 A2430040 		.word	1073759138
 479 01b4 00000000 		.word	.LANCHOR0
 480 01b8 05400040 		.word	1073758213
 481 01bc 00420040 		.word	1073758720
 482 01c0 20420040 		.word	1073758752
 483 01c4 A0430040 		.word	1073759136
 484 01c8 04400040 		.word	1073758212
 485 01cc 07400040 		.word	1073758215
 486 01d0 06400040 		.word	1073758214
 487 01d4 00000000 		.word	.LANCHOR1
 488 01d8 10420040 		.word	1073758736
 489 01dc 0B400040 		.word	1073758219
 490              		.size	CyPmSaveClocks, .-CyPmSaveClocks
 491              		.section	.text.CyPmRestoreClocks,"ax",%progbits
 492              		.align	2
 493              		.global	CyPmRestoreClocks
 494              		.thumb
 495              		.thumb_func
 496              		.type	CyPmRestoreClocks, %function
 497              	CyPmRestoreClocks:
 498              		@ args = 0, pretend = 0, frame = 8
 499              		@ frame_needed = 0, uses_anonymous_args = 0
 500 0000 2DE9F043 		push	{r4, r5, r6, r7, r8, r9, lr}
 501 0004 814E     		ldr	r6, .L102
 502 0006 824D     		ldr	r5, .L102+4
 503 0008 3346     		mov	r3, r6
 504 000a 53F8080F 		ldr	r0, [r3, #8]!	@ unaligned
 505 000e 95F84020 		ldrb	r2, [r5, #64]	@ zero_extendqisi2
 506 0012 9988     		ldrh	r1, [r3, #4]	@ unaligned
 507 0014 9B79     		ldrb	r3, [r3, #6]	@ zero_extendqisi2
 508 0016 83B0     		sub	sp, sp, #12
 509 0018 012A     		cmp	r2, #1
 510 001a 0090     		str	r0, [sp]	@ unaligned
 511 001c ADF80410 		strh	r1, [sp, #4]	@ unaligned
 512 0020 8DF80630 		strb	r3, [sp, #6]
 513 0024 00F0A180 		beq	.L95
ARM GAS  C:\Users\ali\AppData\Local\Temp\cc230I1y.s 			page 10


 514 0028 95F83F30 		ldrb	r3, [r5, #63]	@ zero_extendqisi2
 515 002c 012B     		cmp	r3, #1
 516 002e 00F0B180 		beq	.L61
 517              	.L64:
 518 0032 3720     		movs	r0, #55
 519 0034 FFF7FEFF 		bl	CyFlash_SetWaitCycles
 520 0038 95F83200 		ldrb	r0, [r5, #50]	@ zero_extendqisi2
 521 003c 744C     		ldr	r4, .L102+4
 522 003e 831E     		subs	r3, r0, #2
 523 0040 012B     		cmp	r3, #1
 524 0042 7ED9     		bls	.L96
 525              	.L63:
 526 0044 724B     		ldr	r3, .L102+4
 527 0046 95F83420 		ldrb	r2, [r5, #52]	@ zero_extendqisi2
 528 004a 93F83330 		ldrb	r3, [r3, #51]	@ zero_extendqisi2
 529 004e 12F0400F 		tst	r2, #64
 530 0052 02AA     		add	r2, sp, #8
 531 0054 1344     		add	r3, r3, r2
 532 0056 13F8080C 		ldrb	r0, [r3, #-8]	@ zero_extendqisi2
 533 005a 02D0     		beq	.L68
 534 005c 0328     		cmp	r0, #3
 535 005e 00F0D180 		beq	.L97
 536              	.L68:
 537 0062 FFF7FEFF 		bl	CyIMO_SetFreq
 538 0066 95F83430 		ldrb	r3, [r5, #52]	@ zero_extendqisi2
 539 006a 6A4A     		ldr	r2, .L102+8
 540 006c 13F0400F 		tst	r3, #64
 541 0070 1378     		ldrb	r3, [r2]	@ zero_extendqisi2
 542 0072 14BF     		ite	ne
 543 0074 43F04003 		orrne	r3, r3, #64
 544 0078 03F0BF03 		andeq	r3, r3, #191
 545 007c 1370     		strb	r3, [r2]
 546              	.L69:
 547 007e 95F83630 		ldrb	r3, [r5, #54]	@ zero_extendqisi2
 548 0082 012B     		cmp	r3, #1
 549 0084 44D0     		beq	.L98
 550              	.L71:
 551 0086 95F83700 		ldrb	r0, [r5, #55]	@ zero_extendqisi2
 552 008a FFF7FEFF 		bl	CyIMO_SetSource
 553 008e 95F83930 		ldrb	r3, [r5, #57]	@ zero_extendqisi2
 554 0092 012B     		cmp	r3, #1
 555 0094 66D0     		beq	.L99
 556              	.L72:
 557 0096 4FF04021 		mov	r1, #1073758208
 558 009a 0A78     		ldrb	r2, [r1]	@ zero_extendqisi2
 559 009c 95F83830 		ldrb	r3, [r5, #56]	@ zero_extendqisi2
 560 00a0 02F03002 		and	r2, r2, #48
 561 00a4 9A42     		cmp	r2, r3
 562 00a6 04D0     		beq	.L73
 563 00a8 0A78     		ldrb	r2, [r1]	@ zero_extendqisi2
 564 00aa 02F0CF02 		and	r2, r2, #207
 565 00ae 1343     		orrs	r3, r3, r2
 566 00b0 0B70     		strb	r3, [r1]
 567              	.L73:
 568 00b2 95F83E30 		ldrb	r3, [r5, #62]	@ zero_extendqisi2
 569 00b6 012B     		cmp	r3, #1
 570 00b8 00F08A80 		beq	.L74
ARM GAS  C:\Users\ali\AppData\Local\Temp\cc230I1y.s 			page 11


 571              	.L78:
 572 00bc 95F83200 		ldrb	r0, [r5, #50]	@ zero_extendqisi2
 573 00c0 534C     		ldr	r4, .L102+4
 574 00c2 0128     		cmp	r0, #1
 575 00c4 2FD9     		bls	.L100
 576              	.L76:
 577 00c6 95F83630 		ldrb	r3, [r5, #54]	@ zero_extendqisi2
 578 00ca 1BB9     		cbnz	r3, .L81
 579 00cc 524B     		ldr	r3, .L102+12
 580 00ce 1B78     		ldrb	r3, [r3]	@ zero_extendqisi2
 581 00d0 DB06     		lsls	r3, r3, #27
 582 00d2 44D4     		bmi	.L101
 583              	.L81:
 584 00d4 514A     		ldr	r2, .L102+16
 585 00d6 524B     		ldr	r3, .L102+20
 586 00d8 1278     		ldrb	r2, [r2]	@ zero_extendqisi2
 587 00da 1B78     		ldrb	r3, [r3]	@ zero_extendqisi2
 588 00dc A88F     		ldrh	r0, [r5, #60]
 589 00de 43EA0223 		orr	r3, r3, r2, lsl #8
 590 00e2 8342     		cmp	r3, r0
 591 00e4 01D0     		beq	.L82
 592 00e6 FFF7FEFF 		bl	CyBusClk_SetDivider
 593              	.L82:
 594 00ea 4E49     		ldr	r1, .L102+24
 595 00ec 95F83520 		ldrb	r2, [r5, #53]	@ zero_extendqisi2
 596 00f0 0B78     		ldrb	r3, [r1]	@ zero_extendqisi2
 597 00f2 95F83060 		ldrb	r6, [r5, #48]	@ zero_extendqisi2
 598 00f6 95F83140 		ldrb	r4, [r5, #49]	@ zero_extendqisi2
 599 00fa 4B48     		ldr	r0, .L102+28
 600 00fc 4B4D     		ldr	r5, .L102+32
 601 00fe 03F03F03 		and	r3, r3, #63
 602 0102 1343     		orrs	r3, r3, r2
 603 0104 0B70     		strb	r3, [r1]
 604 0106 2E70     		strb	r6, [r5]
 605 0108 0470     		strb	r4, [r0]
 606 010a 03B0     		add	sp, sp, #12
 607              		@ sp needed
 608 010c BDE8F083 		pop	{r4, r5, r6, r7, r8, r9, pc}
 609              	.L98:
 610 0110 414B     		ldr	r3, .L102+12
 611 0112 1B78     		ldrb	r3, [r3]	@ zero_extendqisi2
 612 0114 03F01003 		and	r3, r3, #16
 613 0118 03F0FF00 		and	r0, r3, #255
 614 011c 002B     		cmp	r3, #0
 615 011e B2D1     		bne	.L71
 616 0120 FFF7FEFF 		bl	CyIMO_Start
 617 0124 AFE7     		b	.L71
 618              	.L100:
 619 0126 424A     		ldr	r2, .L102+36
 620 0128 94F83A30 		ldrb	r3, [r4, #58]	@ zero_extendqisi2
 621 012c 1278     		ldrb	r2, [r2]	@ zero_extendqisi2
 622 012e 9A42     		cmp	r2, r3
 623 0130 04D0     		beq	.L80
 624 0132 1846     		mov	r0, r3
 625 0134 FFF7FEFF 		bl	CyMasterClk_SetDivider
 626 0138 94F83200 		ldrb	r0, [r4, #50]	@ zero_extendqisi2
 627              	.L80:
ARM GAS  C:\Users\ali\AppData\Local\Temp\cc230I1y.s 			page 12


 628 013c FFF7FEFF 		bl	CyMasterClk_SetSource
 629 0140 C1E7     		b	.L76
 630              	.L96:
 631 0142 3B4A     		ldr	r2, .L102+36
 632 0144 94F83A30 		ldrb	r3, [r4, #58]	@ zero_extendqisi2
 633 0148 1278     		ldrb	r2, [r2]	@ zero_extendqisi2
 634 014a 9A42     		cmp	r2, r3
 635 014c 04D0     		beq	.L66
 636 014e 1846     		mov	r0, r3
 637 0150 FFF7FEFF 		bl	CyMasterClk_SetDivider
 638 0154 94F83200 		ldrb	r0, [r4, #50]	@ zero_extendqisi2
 639              	.L66:
 640 0158 FFF7FEFF 		bl	CyMasterClk_SetSource
 641 015c 72E7     		b	.L63
 642              	.L101:
 643 015e FFF7FEFF 		bl	CyIMO_Stop
 644 0162 B7E7     		b	.L81
 645              	.L99:
 646 0164 FFF7FEFF 		bl	CyIMO_EnableDoubler
 647 0168 95E7     		b	.L72
 648              	.L95:
 649 016a 2A4B     		ldr	r3, .L102+8
 650 016c 1B78     		ldrb	r3, [r3]	@ zero_extendqisi2
 651 016e 03F00703 		and	r3, r3, #7
 652 0172 F05C     		ldrb	r0, [r6, r3]	@ zero_extendqisi2
 653 0174 00EB8000 		add	r0, r0, r0, lsl #2
 654 0178 C0EB0010 		rsb	r0, r0, r0, lsl #4
 655 017c FFF7FEFF 		bl	CyDelayCycles
 656 0180 2C4A     		ldr	r2, .L102+40
 657 0182 1378     		ldrb	r3, [r2]	@ zero_extendqisi2
 658 0184 43F00403 		orr	r3, r3, #4
 659 0188 1370     		strb	r3, [r2]
 660 018a 95F83F30 		ldrb	r3, [r5, #63]	@ zero_extendqisi2
 661 018e 012B     		cmp	r3, #1
 662 0190 7FF44FAF 		bne	.L64
 663              	.L61:
 664 0194 0020     		movs	r0, #0
 665 0196 FFF7FEFF 		bl	CyXTAL_Start
 666 019a 274B     		ldr	r3, .L102+44
 667 019c DFF87490 		ldr	r9, .L102+8
 668 01a0 9846     		mov	r8, r3
 669 01a2 1B78     		ldrb	r3, [r3]	@ zero_extendqisi2
 670 01a4 0524     		movs	r4, #5
 671 01a6 C827     		movs	r7, #200
 672              	.L65:
 673 01a8 99F80030 		ldrb	r3, [r9]	@ zero_extendqisi2
 674 01ac 013C     		subs	r4, r4, #1
 675 01ae 03F00703 		and	r3, r3, #7
 676 01b2 F05C     		ldrb	r0, [r6, r3]	@ zero_extendqisi2
 677 01b4 A4B2     		uxth	r4, r4
 678 01b6 07FB00F0 		mul	r0, r7, r0
 679 01ba FFF7FEFF 		bl	CyDelayCycles
 680 01be 98F80030 		ldrb	r3, [r8]	@ zero_extendqisi2
 681 01c2 13F0800F 		tst	r3, #128
 682 01c6 3FF434AF 		beq	.L64
 683 01ca 002C     		cmp	r4, #0
 684 01cc ECD1     		bne	.L65
ARM GAS  C:\Users\ali\AppData\Local\Temp\cc230I1y.s 			page 13


 685 01ce 30E7     		b	.L64
 686              	.L74:
 687 01d0 0020     		movs	r0, #0
 688 01d2 FFF7FEFF 		bl	CyPLL_OUT_Start
 689 01d6 5020     		movs	r0, #80
 690 01d8 FFF7FEFF 		bl	CyDelayUs
 691 01dc 174B     		ldr	r3, .L102+48
 692 01de AB24     		movs	r4, #171
 693 01e0 1E46     		mov	r6, r3
 694 01e2 1B78     		ldrb	r3, [r3]	@ zero_extendqisi2
 695              	.L79:
 696 01e4 0120     		movs	r0, #1
 697 01e6 FFF7FEFF 		bl	CyDelayUs
 698 01ea 3378     		ldrb	r3, [r6]	@ zero_extendqisi2
 699 01ec 013C     		subs	r4, r4, #1
 700 01ee 13F0010F 		tst	r3, #1
 701 01f2 A4B2     		uxth	r4, r4
 702 01f4 03D0     		beq	.L77
 703 01f6 3378     		ldrb	r3, [r6]	@ zero_extendqisi2
 704 01f8 DA07     		lsls	r2, r3, #31
 705 01fa 3FF55FAF 		bmi	.L78
 706              	.L77:
 707 01fe 002C     		cmp	r4, #0
 708 0200 F0D1     		bne	.L79
 709 0202 5BE7     		b	.L78
 710              	.L97:
 711 0204 0820     		movs	r0, #8
 712 0206 FFF7FEFF 		bl	CyIMO_SetFreq
 713 020a 38E7     		b	.L69
 714              	.L103:
 715              		.align	2
 716              	.L102:
 717 020c 00000000 		.word	.LANCHOR1
 718 0210 00000000 		.word	.LANCHOR0
 719 0214 00420040 		.word	1073758720
 720 0218 A0430040 		.word	1073759136
 721 021c 07400040 		.word	1073758215
 722 0220 06400040 		.word	1073758214
 723 0224 00480040 		.word	1073760256
 724 0228 A2430040 		.word	1073759138
 725 022c A1430040 		.word	1073759137
 726 0230 04400040 		.word	1073758212
 727 0234 0B400040 		.word	1073758219
 728 0238 10420040 		.word	1073758736
 729 023c 25420040 		.word	1073758757
 730              		.size	CyPmRestoreClocks, .-CyPmRestoreClocks
 731              		.section	.text.CyPmAltAct,"ax",%progbits
 732              		.align	2
 733              		.global	CyPmAltAct
 734              		.thumb
 735              		.thumb_func
 736              		.type	CyPmAltAct, %function
 737              	CyPmAltAct:
 738              		@ args = 0, pretend = 0, frame = 0
 739              		@ frame_needed = 0, uses_anonymous_args = 0
 740 0000 F0B5     		push	{r4, r5, r6, r7, lr}
 741 0002 154D     		ldr	r5, .L106
ARM GAS  C:\Users\ali\AppData\Local\Temp\cc230I1y.s 			page 14


 742 0004 C1F30712 		ubfx	r2, r1, #4, #8
 743 0008 144C     		ldr	r4, .L106+4
 744 000a 95F800C0 		ldrb	ip, [r5]	@ zero_extendqisi2
 745 000e 01F00F03 		and	r3, r1, #15
 746 0012 2A70     		strb	r2, [r5]
 747 0014 1248     		ldr	r0, .L106+8
 748 0016 94F800E0 		ldrb	lr, [r4]	@ zero_extendqisi2
 749 001a 124E     		ldr	r6, .L106+12
 750 001c 2370     		strb	r3, [r4]
 751 001e C1F30031 		ubfx	r1, r1, #12, #1
 752 0022 0778     		ldrb	r7, [r0]	@ zero_extendqisi2
 753 0024 0170     		strb	r1, [r0]
 754 0026 3278     		ldrb	r2, [r6]	@ zero_extendqisi2
 755 0028 0F4B     		ldr	r3, .L106+16
 756 002a 02F0F802 		and	r2, r2, #248
 757 002e 42F00102 		orr	r2, r2, #1
 758 0032 3270     		strb	r2, [r6]
 759 0034 83F804C0 		strb	ip, [r3, #4]
 760 0038 83F805E0 		strb	lr, [r3, #5]
 761 003c 9F71     		strb	r7, [r3, #6]
 762 003e 3278     		ldrb	r2, [r6]	@ zero_extendqisi2
 763              		.syntax unified
 764              	@ 696 "Generated_Source\PSoC5\cyPm.c" 1
 765 0040 00BF     		NOP
 766              	
 767              	@ 0 "" 2
 768              	@ 697 "Generated_Source\PSoC5\cyPm.c" 1
 769 0042 00BF     		NOP
 770              	
 771              	@ 0 "" 2
 772              	@ 700 "Generated_Source\PSoC5\cyPm.c" 1
 773 0044 30BF     		WFI 
 774              	
 775              	@ 0 "" 2
 776              		.thumb
 777              		.syntax unified
 778 0046 5FFA8CF1 		uxtb	r1, ip
 779 004a 5FFA8EF2 		uxtb	r2, lr
 780 004e FBB2     		uxtb	r3, r7
 781 0050 2970     		strb	r1, [r5]
 782 0052 2270     		strb	r2, [r4]
 783 0054 0370     		strb	r3, [r0]
 784 0056 F0BD     		pop	{r4, r5, r6, r7, pc}
 785              	.L107:
 786              		.align	2
 787              	.L106:
 788 0058 98430040 		.word	1073759128
 789 005c 99430040 		.word	1073759129
 790 0060 9A430040 		.word	1073759130
 791 0064 93430040 		.word	1073759123
 792 0068 00000000 		.word	.LANCHOR0
 793              		.size	CyPmAltAct, .-CyPmAltAct
 794              		.section	.text.CyPmSleep,"ax",%progbits
 795              		.align	2
 796              		.global	CyPmSleep
 797              		.thumb
 798              		.thumb_func
ARM GAS  C:\Users\ali\AppData\Local\Temp\cc230I1y.s 			page 15


 799              		.type	CyPmSleep, %function
 800              	CyPmSleep:
 801              		@ args = 0, pretend = 0, frame = 0
 802              		@ frame_needed = 0, uses_anonymous_args = 0
 803 0000 F8B5     		push	{r3, r4, r5, r6, r7, lr}
 804 0002 0D46     		mov	r5, r1
 805 0004 FFF7FEFF 		bl	CyEnterCriticalSection
 806 0008 314B     		ldr	r3, .L122
 807 000a 1B78     		ldrb	r3, [r3]	@ zero_extendqisi2
 808 000c 03F00803 		and	r3, r3, #8
 809 0010 002B     		cmp	r3, #0
 810 0012 54D1     		bne	.L119
 811 0014 2F4A     		ldr	r2, .L122+4
 812 0016 03F0FF07 		and	r7, r3, #255
 813 001a 1378     		ldrb	r3, [r2]	@ zero_extendqisi2
 814 001c 0646     		mov	r6, r0
 815 001e 03F01F03 		and	r3, r3, #31
 816 0022 1370     		strb	r3, [r2]
 817 0024 FFF7FEFF 		bl	CyPmHibSlpSaveSet
 818 0028 2B4A     		ldr	r2, .L122+8
 819 002a C5F30711 		ubfx	r1, r5, #4, #8
 820 002e 2B4B     		ldr	r3, .L122+12
 821 0030 92F800E0 		ldrb	lr, [r2]	@ zero_extendqisi2
 822 0034 1170     		strb	r1, [r2]
 823 0036 05F00F01 		and	r1, r5, #15
 824 003a 1878     		ldrb	r0, [r3]	@ zero_extendqisi2
 825 003c C5F30035 		ubfx	r5, r5, #12, #1
 826 0040 1970     		strb	r1, [r3]
 827 0042 6FF4CC71 		mvn	r1, #408
 828 0046 0B44     		add	r3, r3, r1
 829 0048 9178     		ldrb	r1, [r2, #2]	@ zero_extendqisi2
 830 004a 9570     		strb	r5, [r2, #2]
 831 004c 1A78     		ldrb	r2, [r3]	@ zero_extendqisi2
 832 004e 244C     		ldr	r4, .L122+16
 833 0050 6071     		strb	r0, [r4, #5]
 834 0052 5007     		lsls	r0, r2, #29
 835 0054 84F804E0 		strb	lr, [r4, #4]
 836 0058 A171     		strb	r1, [r4, #6]
 837 005a 34D0     		beq	.L121
 838 005c 1978     		ldrb	r1, [r3]	@ zero_extendqisi2
 839 005e 1A78     		ldrb	r2, [r3]	@ zero_extendqisi2
 840 0060 01F00701 		and	r1, r1, #7
 841 0064 02F0F802 		and	r2, r2, #248
 842 0068 84F82E70 		strb	r7, [r4, #46]
 843 006c 84F82D10 		strb	r1, [r4, #45]
 844 0070 1A70     		strb	r2, [r3]
 845              	.L112:
 846 0072 174A     		ldr	r2, .L122
 847 0074 1378     		ldrb	r3, [r2]	@ zero_extendqisi2
 848 0076 03F0F803 		and	r3, r3, #248
 849 007a 43F00303 		orr	r3, r3, #3
 850 007e 1370     		strb	r3, [r2]
 851 0080 1378     		ldrb	r3, [r2]	@ zero_extendqisi2
 852              		.syntax unified
 853              	@ 1000 "Generated_Source\PSoC5\cyPm.c" 1
 854 0082 00BF     		NOP
 855              	
ARM GAS  C:\Users\ali\AppData\Local\Temp\cc230I1y.s 			page 16


 856              	@ 0 "" 2
 857              	@ 1001 "Generated_Source\PSoC5\cyPm.c" 1
 858 0084 00BF     		NOP
 859              	
 860              	@ 0 "" 2
 861              	@ 1004 "Generated_Source\PSoC5\cyPm.c" 1
 862 0086 30BF     		WFI 
 863              	
 864              	@ 0 "" 2
 865              		.thumb
 866              		.syntax unified
 867 0088 94F82E30 		ldrb	r3, [r4, #46]	@ zero_extendqisi2
 868 008c 144A     		ldr	r2, .L122+16
 869 008e 012B     		cmp	r3, #1
 870 0090 07D0     		beq	.L113
 871 0092 1449     		ldr	r1, .L122+20
 872 0094 92F82D20 		ldrb	r2, [r2, #45]	@ zero_extendqisi2
 873 0098 0B78     		ldrb	r3, [r1]	@ zero_extendqisi2
 874 009a 03F0F803 		and	r3, r3, #248
 875 009e 1343     		orrs	r3, r3, r2
 876 00a0 0B70     		strb	r3, [r1]
 877              	.L113:
 878 00a2 FFF7FEFF 		bl	CyPmHibSlpRestore
 879 00a6 3046     		mov	r0, r6
 880 00a8 94F804E0 		ldrb	lr, [r4, #4]	@ zero_extendqisi2
 881 00ac 6579     		ldrb	r5, [r4, #5]	@ zero_extendqisi2
 882 00ae A279     		ldrb	r2, [r4, #6]	@ zero_extendqisi2
 883 00b0 094F     		ldr	r7, .L122+8
 884 00b2 0A49     		ldr	r1, .L122+12
 885 00b4 0C4B     		ldr	r3, .L122+24
 886 00b6 87F800E0 		strb	lr, [r7]
 887 00ba 0D70     		strb	r5, [r1]
 888 00bc 1A70     		strb	r2, [r3]
 889              	.L119:
 890 00be BDE8F840 		pop	{r3, r4, r5, r6, r7, lr}
 891 00c2 FFF7FEBF 		b	CyExitCriticalSection
 892              	.L121:
 893 00c6 0123     		movs	r3, #1
 894 00c8 84F82E30 		strb	r3, [r4, #46]
 895 00cc D1E7     		b	.L112
 896              	.L123:
 897 00ce 00BF     		.align	2
 898              	.L122:
 899 00d0 93430040 		.word	1073759123
 900 00d4 83460040 		.word	1073759875
 901 00d8 98430040 		.word	1073759128
 902 00dc 99430040 		.word	1073759129
 903 00e0 00000000 		.word	.LANCHOR0
 904 00e4 00420040 		.word	1073758720
 905 00e8 9A430040 		.word	1073759130
 906              		.size	CyPmSleep, .-CyPmSleep
 907              		.section	.text.CyPmHibernateEx,"ax",%progbits
 908              		.align	2
 909              		.global	CyPmHibernateEx
 910              		.thumb
 911              		.thumb_func
 912              		.type	CyPmHibernateEx, %function
ARM GAS  C:\Users\ali\AppData\Local\Temp\cc230I1y.s 			page 17


 913              	CyPmHibernateEx:
 914              		@ args = 0, pretend = 0, frame = 0
 915              		@ frame_needed = 0, uses_anonymous_args = 0
 916 0000 2DE9F843 		push	{r3, r4, r5, r6, r7, r8, r9, lr}
 917 0004 0546     		mov	r5, r0
 918 0006 FFF7FEFF 		bl	CyEnterCriticalSection
 919 000a 954B     		ldr	r3, .L164
 920 000c 1B78     		ldrb	r3, [r3]	@ zero_extendqisi2
 921 000e 1B07     		lsls	r3, r3, #28
 922 0010 00F1CC80 		bmi	.L153
 923 0014 9349     		ldr	r1, .L164+4
 924 0016 944A     		ldr	r2, .L164+8
 925 0018 0B78     		ldrb	r3, [r1]	@ zero_extendqisi2
 926 001a 0646     		mov	r6, r0
 927 001c 03F01F03 		and	r3, r3, #31
 928 0020 0B70     		strb	r3, [r1]
 929 0022 1378     		ldrb	r3, [r2]	@ zero_extendqisi2
 930 0024 5F07     		lsls	r7, r3, #29
 931 0026 03D5     		bpl	.L126
 932 0028 1378     		ldrb	r3, [r2]	@ zero_extendqisi2
 933 002a 03F0FB03 		and	r3, r3, #251
 934 002e 1370     		strb	r3, [r2]
 935              	.L126:
 936 0030 0120     		movs	r0, #1
 937 0032 FFF7FEFF 		bl	CyILO_SetPowerMode
 938 0036 8D4C     		ldr	r4, .L164+12
 939 0038 8D4B     		ldr	r3, .L164+16
 940 003a 8A4F     		ldr	r7, .L164+4
 941 003c 2070     		strb	r0, [r4]
 942 003e 1978     		ldrb	r1, [r3]	@ zero_extendqisi2
 943 0040 1A78     		ldrb	r2, [r3]	@ zero_extendqisi2
 944 0042 3B78     		ldrb	r3, [r7]	@ zero_extendqisi2
 945 0044 C2F38002 		ubfx	r2, r2, #2, #1
 946 0048 C1F34001 		ubfx	r1, r1, #1, #1
 947 004c 03F01003 		and	r3, r3, #16
 948 0050 A270     		strb	r2, [r4, #2]
 949 0052 6170     		strb	r1, [r4, #1]
 950 0054 03F0FF02 		and	r2, r3, #255
 951 0058 002B     		cmp	r3, #0
 952 005a 00F0AB80 		beq	.L155
 953 005e 0123     		movs	r3, #1
 954 0060 E370     		strb	r3, [r4, #3]
 955 0062 844B     		ldr	r3, .L164+20
 956 0064 1B78     		ldrb	r3, [r3]	@ zero_extendqisi2
 957 0066 13F00103 		ands	r3, r3, #1
 958 006a 40F0AE80 		bne	.L156
 959              	.L129:
 960 006e 84F82630 		strb	r3, [r4, #38]
 961              	.L130:
 962 0072 804B     		ldr	r3, .L164+20
 963 0074 1B78     		ldrb	r3, [r3]	@ zero_extendqisi2
 964 0076 03F00203 		and	r3, r3, #2
 965 007a 03F0FF02 		and	r2, r3, #255
 966 007e 002B     		cmp	r3, #0
 967 0080 40F0C180 		bne	.L157
 968 0084 84F82820 		strb	r2, [r4, #40]
 969              	.L132:
ARM GAS  C:\Users\ali\AppData\Local\Temp\cc230I1y.s 			page 18


 970 0088 7A4B     		ldr	r3, .L164+20
 971 008a 1B78     		ldrb	r3, [r3]	@ zero_extendqisi2
 972 008c 03F00403 		and	r3, r3, #4
 973 0090 03F0FF02 		and	r2, r3, #255
 974 0094 002B     		cmp	r3, #0
 975 0096 40F0C680 		bne	.L158
 976 009a 84F82A20 		strb	r2, [r4, #42]
 977              	.L134:
 978 009e FFF7FEFF 		bl	CyPmHibSlpSaveSet
 979 00a2 DFF8E4E1 		ldr	lr, .L164+40
 980 00a6 744F     		ldr	r7, .L164+24
 981 00a8 9EF800C0 		ldrb	ip, [lr]	@ zero_extendqisi2
 982 00ac 7349     		ldr	r1, .L164+28
 983 00ae 2B09     		lsrs	r3, r5, #4
 984 00b0 97F80080 		ldrb	r8, [r7]	@ zero_extendqisi2
 985 00b4 724A     		ldr	r2, .L164+32
 986 00b6 84F807C0 		strb	ip, [r4, #7]
 987 00ba FF20     		movs	r0, #255
 988 00bc 03F00403 		and	r3, r3, #4
 989 00c0 4FF0B009 		mov	r9, #176
 990 00c4 91F800C0 		ldrb	ip, [r1]	@ zero_extendqisi2
 991 00c8 DBB2     		uxtb	r3, r3
 992 00ca 8EF80000 		strb	r0, [lr]
 993 00ce 87F80090 		strb	r9, [r7]
 994 00d2 0870     		strb	r0, [r1]
 995 00d4 6FF43C70 		mvn	r0, #752
 996 00d8 1778     		ldrb	r7, [r2]	@ zero_extendqisi2
 997 00da 0144     		add	r1, r1, r0
 998 00dc 1370     		strb	r3, [r2]
 999 00de 05F00F05 		and	r5, r5, #15
 1000 00e2 91F800E0 		ldrb	lr, [r1]	@ zero_extendqisi2
 1001 00e6 674B     		ldr	r3, .L164+36
 1002 00e8 0D70     		strb	r5, [r1]
 1003 00ea 84F80880 		strb	r8, [r4, #8]
 1004 00ee 0021     		movs	r1, #0
 1005 00f0 9578     		ldrb	r5, [r2, #2]	@ zero_extendqisi2
 1006 00f2 9170     		strb	r1, [r2, #2]
 1007 00f4 84F809C0 		strb	ip, [r4, #9]
 1008 00f8 1878     		ldrb	r0, [r3]	@ zero_extendqisi2
 1009 00fa A571     		strb	r5, [r4, #6]
 1010 00fc 4507     		lsls	r5, r0, #29
 1011 00fe 2771     		strb	r7, [r4, #4]
 1012 0100 84F805E0 		strb	lr, [r4, #5]
 1013 0104 594A     		ldr	r2, .L164+12
 1014 0106 72D1     		bne	.L154
 1015 0108 0123     		movs	r3, #1
 1016 010a 82F82E30 		strb	r3, [r2, #46]
 1017              	.L137:
 1018 010e 544A     		ldr	r2, .L164
 1019 0110 1378     		ldrb	r3, [r2]	@ zero_extendqisi2
 1020 0112 03F0F803 		and	r3, r3, #248
 1021 0116 43F00403 		orr	r3, r3, #4
 1022 011a 1370     		strb	r3, [r2]
 1023 011c 1378     		ldrb	r3, [r2]	@ zero_extendqisi2
 1024              		.syntax unified
 1025              	@ 1227 "Generated_Source\PSoC5\cyPm.c" 1
 1026 011e 00BF     		NOP
ARM GAS  C:\Users\ali\AppData\Local\Temp\cc230I1y.s 			page 19


 1027              	
 1028              	@ 0 "" 2
 1029              	@ 1228 "Generated_Source\PSoC5\cyPm.c" 1
 1030 0120 00BF     		NOP
 1031              	
 1032              	@ 0 "" 2
 1033              	@ 1231 "Generated_Source\PSoC5\cyPm.c" 1
 1034 0122 30BF     		WFI 
 1035              	
 1036              	@ 0 "" 2
 1037              		.thumb
 1038              		.syntax unified
 1039 0124 94F82E30 		ldrb	r3, [r4, #46]	@ zero_extendqisi2
 1040 0128 504A     		ldr	r2, .L164+12
 1041 012a 012B     		cmp	r3, #1
 1042 012c 07D0     		beq	.L138
 1043 012e 5549     		ldr	r1, .L164+36
 1044 0130 92F82D20 		ldrb	r2, [r2, #45]	@ zero_extendqisi2
 1045 0134 0B78     		ldrb	r3, [r1]	@ zero_extendqisi2
 1046 0136 03F0F803 		and	r3, r3, #248
 1047 013a 1343     		orrs	r3, r3, r2
 1048 013c 0B70     		strb	r3, [r1]
 1049              	.L138:
 1050 013e 94F82630 		ldrb	r3, [r4, #38]	@ zero_extendqisi2
 1051 0142 4A4A     		ldr	r2, .L164+12
 1052 0144 012B     		cmp	r3, #1
 1053 0146 00F08480 		beq	.L159
 1054              	.L139:
 1055 014a 94F82830 		ldrb	r3, [r4, #40]	@ zero_extendqisi2
 1056 014e 474A     		ldr	r2, .L164+12
 1057 0150 012B     		cmp	r3, #1
 1058 0152 77D0     		beq	.L160
 1059              	.L140:
 1060 0154 94F82A30 		ldrb	r3, [r4, #42]	@ zero_extendqisi2
 1061 0158 012B     		cmp	r3, #1
 1062 015a 6AD0     		beq	.L161
 1063              	.L141:
 1064 015c FFF7FEFF 		bl	CyPmHibSlpRestore
 1065 0160 6378     		ldrb	r3, [r4, #1]	@ zero_extendqisi2
 1066 0162 012B     		cmp	r3, #1
 1067 0164 6BD0     		beq	.L162
 1068              	.L142:
 1069 0166 A378     		ldrb	r3, [r4, #2]	@ zero_extendqisi2
 1070 0168 012B     		cmp	r3, #1
 1071 016a 65D0     		beq	.L163
 1072              	.L143:
 1073 016c 2078     		ldrb	r0, [r4]	@ zero_extendqisi2
 1074 016e FFF7FEFF 		bl	CyILO_SetPowerMode
 1075 0172 E378     		ldrb	r3, [r4, #3]	@ zero_extendqisi2
 1076 0174 23B9     		cbnz	r3, .L144
 1077 0176 3B4A     		ldr	r2, .L164+4
 1078 0178 1378     		ldrb	r3, [r2]	@ zero_extendqisi2
 1079 017a 03F0EF03 		and	r3, r3, #239
 1080 017e 1370     		strb	r3, [r2]
 1081              	.L144:
 1082 0180 E779     		ldrb	r7, [r4, #7]	@ zero_extendqisi2
 1083 0182 414D     		ldr	r5, .L164+40
ARM GAS  C:\Users\ali\AppData\Local\Temp\cc230I1y.s 			page 20


 1084 0184 217A     		ldrb	r1, [r4, #8]	@ zero_extendqisi2
 1085 0186 3C4A     		ldr	r2, .L164+24
 1086 0188 94F809E0 		ldrb	lr, [r4, #9]	@ zero_extendqisi2
 1087 018c 2F70     		strb	r7, [r5]
 1088 018e 2779     		ldrb	r7, [r4, #4]	@ zero_extendqisi2
 1089 0190 3A4B     		ldr	r3, .L164+28
 1090 0192 1170     		strb	r1, [r2]
 1091 0194 6579     		ldrb	r5, [r4, #5]	@ zero_extendqisi2
 1092 0196 A279     		ldrb	r2, [r4, #6]	@ zero_extendqisi2
 1093 0198 3046     		mov	r0, r6
 1094 019a 3C49     		ldr	r1, .L164+44
 1095 019c 384E     		ldr	r6, .L164+32
 1096 019e 83F800E0 		strb	lr, [r3]
 1097 01a2 A3F53C73 		sub	r3, r3, #752
 1098 01a6 3770     		strb	r7, [r6]
 1099 01a8 0D70     		strb	r5, [r1]
 1100 01aa 1A70     		strb	r2, [r3]
 1101              	.L153:
 1102 01ac BDE8F843 		pop	{r3, r4, r5, r6, r7, r8, r9, lr}
 1103 01b0 FFF7FEBF 		b	CyExitCriticalSection
 1104              	.L155:
 1105 01b4 3B78     		ldrb	r3, [r7]	@ zero_extendqisi2
 1106 01b6 E270     		strb	r2, [r4, #3]
 1107 01b8 43F01003 		orr	r3, r3, #16
 1108 01bc 3B70     		strb	r3, [r7]
 1109 01be 2D4B     		ldr	r3, .L164+20
 1110 01c0 1B78     		ldrb	r3, [r3]	@ zero_extendqisi2
 1111 01c2 13F00103 		ands	r3, r3, #1
 1112 01c6 3FF452AF 		beq	.L129
 1113              	.L156:
 1114 01ca 314A     		ldr	r2, .L164+48
 1115 01cc 314B     		ldr	r3, .L164+52
 1116 01ce 1278     		ldrb	r2, [r2]	@ zero_extendqisi2
 1117 01d0 1B78     		ldrb	r3, [r3]	@ zero_extendqisi2
 1118 01d2 02F00F02 		and	r2, r2, #15
 1119 01d6 C3F38013 		ubfx	r3, r3, #6, #1
 1120 01da 0121     		movs	r1, #1
 1121 01dc 84F82720 		strb	r2, [r4, #39]
 1122 01e0 84F82B30 		strb	r3, [r4, #43]
 1123 01e4 84F82610 		strb	r1, [r4, #38]
 1124 01e8 FFF7FEFF 		bl	CyVdLvDigitDisable
 1125 01ec 41E7     		b	.L130
 1126              	.L154:
 1127 01ee 1D78     		ldrb	r5, [r3]	@ zero_extendqisi2
 1128 01f0 1878     		ldrb	r0, [r3]	@ zero_extendqisi2
 1129 01f2 05F00705 		and	r5, r5, #7
 1130 01f6 00F0F800 		and	r0, r0, #248
 1131 01fa 82F82E10 		strb	r1, [r2, #46]
 1132 01fe 82F82D50 		strb	r5, [r2, #45]
 1133 0202 1870     		strb	r0, [r3]
 1134 0204 83E7     		b	.L137
 1135              	.L157:
 1136 0206 224A     		ldr	r2, .L164+48
 1137 0208 224B     		ldr	r3, .L164+52
 1138 020a 1278     		ldrb	r2, [r2]	@ zero_extendqisi2
 1139 020c 1B78     		ldrb	r3, [r3]	@ zero_extendqisi2
 1140 020e 1209     		lsrs	r2, r2, #4
ARM GAS  C:\Users\ali\AppData\Local\Temp\cc230I1y.s 			page 21


 1141 0210 DB09     		lsrs	r3, r3, #7
 1142 0212 0121     		movs	r1, #1
 1143 0214 84F82920 		strb	r2, [r4, #41]
 1144 0218 84F82C30 		strb	r3, [r4, #44]
 1145 021c 84F82810 		strb	r1, [r4, #40]
 1146 0220 FFF7FEFF 		bl	CyVdLvAnalogDisable
 1147 0224 30E7     		b	.L132
 1148              	.L158:
 1149 0226 0123     		movs	r3, #1
 1150 0228 84F82A30 		strb	r3, [r4, #42]
 1151 022c FFF7FEFF 		bl	CyVdHvAnalogDisable
 1152 0230 35E7     		b	.L134
 1153              	.L161:
 1154 0232 FFF7FEFF 		bl	CyVdHvAnalogEnable
 1155 0236 91E7     		b	.L141
 1156              	.L163:
 1157 0238 FFF7FEFF 		bl	CyILO_Start100K
 1158 023c 96E7     		b	.L143
 1159              	.L162:
 1160 023e FFF7FEFF 		bl	CyILO_Start1K
 1161 0242 90E7     		b	.L142
 1162              	.L160:
 1163 0244 92F82910 		ldrb	r1, [r2, #41]	@ zero_extendqisi2
 1164 0248 92F82C00 		ldrb	r0, [r2, #44]	@ zero_extendqisi2
 1165 024c FFF7FEFF 		bl	CyVdLvAnalogEnable
 1166 0250 80E7     		b	.L140
 1167              	.L159:
 1168 0252 92F82710 		ldrb	r1, [r2, #39]	@ zero_extendqisi2
 1169 0256 92F82B00 		ldrb	r0, [r2, #43]	@ zero_extendqisi2
 1170 025a FFF7FEFF 		bl	CyVdLvDigitEnable
 1171 025e 74E7     		b	.L139
 1172              	.L165:
 1173              		.align	2
 1174              	.L164:
 1175 0260 93430040 		.word	1073759123
 1176 0264 83460040 		.word	1073759875
 1177 0268 31430040 		.word	1073759025
 1178 026c 00000000 		.word	.LANCHOR0
 1179 0270 00430040 		.word	1073758976
 1180 0274 F5460040 		.word	1073759989
 1181 0278 86460040 		.word	1073759878
 1182 027c 8A460040 		.word	1073759882
 1183 0280 98430040 		.word	1073759128
 1184 0284 00420040 		.word	1073758720
 1185 0288 85460040 		.word	1073759877
 1186 028c 99430040 		.word	1073759129
 1187 0290 F4460040 		.word	1073759988
 1188 0294 F7460040 		.word	1073759991
 1189              		.size	CyPmHibernateEx, .-CyPmHibernateEx
 1190              		.section	.text.CyPmHibernate,"ax",%progbits
 1191              		.align	2
 1192              		.global	CyPmHibernate
 1193              		.thumb
 1194              		.thumb_func
 1195              		.type	CyPmHibernate, %function
 1196              	CyPmHibernate:
 1197              		@ args = 0, pretend = 0, frame = 0
ARM GAS  C:\Users\ali\AppData\Local\Temp\cc230I1y.s 			page 22


 1198              		@ frame_needed = 0, uses_anonymous_args = 0
 1199              		@ link register save eliminated.
 1200 0000 4020     		movs	r0, #64
 1201 0002 FFF7FEBF 		b	CyPmHibernateEx
 1202              		.size	CyPmHibernate, .-CyPmHibernate
 1203 0006 00BF     		.section	.text.CyPmReadStatus,"ax",%progbits
 1204              		.align	2
 1205              		.global	CyPmReadStatus
 1206              		.thumb
 1207              		.thumb_func
 1208              		.type	CyPmReadStatus, %function
 1209              	CyPmReadStatus:
 1210              		@ args = 0, pretend = 0, frame = 0
 1211              		@ frame_needed = 0, uses_anonymous_args = 0
 1212 0000 38B5     		push	{r3, r4, r5, lr}
 1213 0002 0546     		mov	r5, r0
 1214 0004 FFF7FEFF 		bl	CyEnterCriticalSection
 1215 0008 074A     		ldr	r2, .L169
 1216 000a 084B     		ldr	r3, .L169+4
 1217 000c 1C78     		ldrb	r4, [r3]	@ zero_extendqisi2
 1218 000e 92F84230 		ldrb	r3, [r2, #66]	@ zero_extendqisi2
 1219 0012 1C43     		orrs	r4, r4, r3
 1220 0014 24EA0505 		bic	r5, r4, r5
 1221 0018 82F84250 		strb	r5, [r2, #66]
 1222 001c FFF7FEFF 		bl	CyExitCriticalSection
 1223 0020 04F00700 		and	r0, r4, #7
 1224 0024 38BD     		pop	{r3, r4, r5, pc}
 1225              	.L170:
 1226 0026 00BF     		.align	2
 1227              	.L169:
 1228 0028 00000000 		.word	.LANCHOR0
 1229 002c 90430040 		.word	1073759120
 1230              		.size	CyPmReadStatus, .-CyPmReadStatus
 1231              		.section	.text.CyPmCtwSetInterval,"ax",%progbits
 1232              		.align	2
 1233              		.global	CyPmCtwSetInterval
 1234              		.thumb
 1235              		.thumb_func
 1236              		.type	CyPmCtwSetInterval, %function
 1237              	CyPmCtwSetInterval:
 1238              		@ args = 0, pretend = 0, frame = 0
 1239              		@ frame_needed = 0, uses_anonymous_args = 0
 1240 0000 38B5     		push	{r3, r4, r5, lr}
 1241 0002 124C     		ldr	r4, .L176
 1242 0004 0546     		mov	r5, r0
 1243 0006 2378     		ldrb	r3, [r4]	@ zero_extendqisi2
 1244 0008 03F0F703 		and	r3, r3, #247
 1245 000c 2370     		strb	r3, [r4]
 1246 000e FFF7FEFF 		bl	CyILO_Start1K
 1247 0012 2378     		ldrb	r3, [r4]	@ zero_extendqisi2
 1248 0014 5B07     		lsls	r3, r3, #29
 1249 0016 0DD5     		bpl	.L172
 1250 0018 0D4A     		ldr	r2, .L176+4
 1251 001a 1378     		ldrb	r3, [r2]	@ zero_extendqisi2
 1252 001c AB42     		cmp	r3, r5
 1253 001e 13D0     		beq	.L171
 1254 0020 2378     		ldrb	r3, [r4]	@ zero_extendqisi2
ARM GAS  C:\Users\ali\AppData\Local\Temp\cc230I1y.s 			page 23


 1255 0022 03F0FB03 		and	r3, r3, #251
 1256 0026 2370     		strb	r3, [r4]
 1257 0028 1570     		strb	r5, [r2]
 1258 002a 2378     		ldrb	r3, [r4]	@ zero_extendqisi2
 1259 002c 43F00403 		orr	r3, r3, #4
 1260 0030 2370     		strb	r3, [r4]
 1261 0032 38BD     		pop	{r3, r4, r5, pc}
 1262              	.L172:
 1263 0034 064B     		ldr	r3, .L176+4
 1264 0036 1A78     		ldrb	r2, [r3]	@ zero_extendqisi2
 1265 0038 9542     		cmp	r5, r2
 1266 003a 044A     		ldr	r2, .L176
 1267 003c 18BF     		it	ne
 1268 003e 1D70     		strbne	r5, [r3]
 1269 0040 1378     		ldrb	r3, [r2]	@ zero_extendqisi2
 1270 0042 43F00403 		orr	r3, r3, #4
 1271 0046 1370     		strb	r3, [r2]
 1272              	.L171:
 1273 0048 38BD     		pop	{r3, r4, r5, pc}
 1274              	.L177:
 1275 004a 00BF     		.align	2
 1276              	.L176:
 1277 004c 82430040 		.word	1073759106
 1278 0050 81430040 		.word	1073759105
 1279              		.size	CyPmCtwSetInterval, .-CyPmCtwSetInterval
 1280              		.section	.text.CyPmOppsSet,"ax",%progbits
 1281              		.align	2
 1282              		.global	CyPmOppsSet
 1283              		.thumb
 1284              		.thumb_func
 1285              		.type	CyPmOppsSet, %function
 1286              	CyPmOppsSet:
 1287              		@ args = 0, pretend = 0, frame = 0
 1288              		@ frame_needed = 0, uses_anonymous_args = 0
 1289 0000 08B5     		push	{r3, lr}
 1290 0002 084B     		ldr	r3, .L181
 1291 0004 1B78     		ldrb	r3, [r3]	@ zero_extendqisi2
 1292 0006 DB07     		lsls	r3, r3, #31
 1293 0008 01D4     		bmi	.L179
 1294 000a FFF7FEFF 		bl	CyXTAL_32KHZ_Start
 1295              	.L179:
 1296 000e 064B     		ldr	r3, .L181+4
 1297 0010 1A78     		ldrb	r2, [r3]	@ zero_extendqisi2
 1298 0012 02F0DF02 		and	r2, r2, #223
 1299 0016 1A70     		strb	r2, [r3]
 1300 0018 1A78     		ldrb	r2, [r3]	@ zero_extendqisi2
 1301 001a 42F01002 		orr	r2, r2, #16
 1302 001e 1A70     		strb	r2, [r3]
 1303 0020 08BD     		pop	{r3, pc}
 1304              	.L182:
 1305 0022 00BF     		.align	2
 1306              	.L181:
 1307 0024 08430040 		.word	1073758984
 1308 0028 82430040 		.word	1073759106
 1309              		.size	CyPmOppsSet, .-CyPmOppsSet
 1310              		.section	.text.CyPmFtwSetInterval,"ax",%progbits
 1311              		.align	2
ARM GAS  C:\Users\ali\AppData\Local\Temp\cc230I1y.s 			page 24


 1312              		.global	CyPmFtwSetInterval
 1313              		.thumb
 1314              		.thumb_func
 1315              		.type	CyPmFtwSetInterval, %function
 1316              	CyPmFtwSetInterval:
 1317              		@ args = 0, pretend = 0, frame = 0
 1318              		@ frame_needed = 0, uses_anonymous_args = 0
 1319 0000 38B5     		push	{r3, r4, r5, lr}
 1320 0002 124C     		ldr	r4, .L188
 1321 0004 0546     		mov	r5, r0
 1322 0006 2378     		ldrb	r3, [r4]	@ zero_extendqisi2
 1323 0008 03F0FD03 		and	r3, r3, #253
 1324 000c 2370     		strb	r3, [r4]
 1325 000e FFF7FEFF 		bl	CyILO_Start100K
 1326 0012 2378     		ldrb	r3, [r4]	@ zero_extendqisi2
 1327 0014 DB07     		lsls	r3, r3, #31
 1328 0016 0DD5     		bpl	.L184
 1329 0018 0D4A     		ldr	r2, .L188+4
 1330 001a 1378     		ldrb	r3, [r2]	@ zero_extendqisi2
 1331 001c AB42     		cmp	r3, r5
 1332 001e 13D0     		beq	.L183
 1333 0020 2378     		ldrb	r3, [r4]	@ zero_extendqisi2
 1334 0022 03F0FE03 		and	r3, r3, #254
 1335 0026 2370     		strb	r3, [r4]
 1336 0028 1570     		strb	r5, [r2]
 1337 002a 2378     		ldrb	r3, [r4]	@ zero_extendqisi2
 1338 002c 43F00103 		orr	r3, r3, #1
 1339 0030 2370     		strb	r3, [r4]
 1340 0032 38BD     		pop	{r3, r4, r5, pc}
 1341              	.L184:
 1342 0034 064B     		ldr	r3, .L188+4
 1343 0036 1A78     		ldrb	r2, [r3]	@ zero_extendqisi2
 1344 0038 9542     		cmp	r5, r2
 1345 003a 044A     		ldr	r2, .L188
 1346 003c 18BF     		it	ne
 1347 003e 1D70     		strbne	r5, [r3]
 1348 0040 1378     		ldrb	r3, [r2]	@ zero_extendqisi2
 1349 0042 43F00103 		orr	r3, r3, #1
 1350 0046 1370     		strb	r3, [r2]
 1351              	.L183:
 1352 0048 38BD     		pop	{r3, r4, r5, pc}
 1353              	.L189:
 1354 004a 00BF     		.align	2
 1355              	.L188:
 1356 004c 82430040 		.word	1073759106
 1357 0050 80430040 		.word	1073759104
 1358              		.size	CyPmFtwSetInterval, .-CyPmFtwSetInterval
 1359              		.section	.rodata
 1360              		.align	2
 1361              		.set	.LANCHOR1,. + 0
 1362              		.type	cyPmImoFreqReg2Mhz, %object
 1363              		.size	cyPmImoFreqReg2Mhz, 7
 1364              	cyPmImoFreqReg2Mhz:
 1365 0000 0C       		.byte	12
 1366 0001 06       		.byte	6
 1367 0002 18       		.byte	24
 1368 0003 03       		.byte	3
ARM GAS  C:\Users\ali\AppData\Local\Temp\cc230I1y.s 			page 25


 1369 0004 30       		.byte	48
 1370 0005 3E       		.byte	62
 1371 0006 4A       		.byte	74
 1372 0007 00       		.space	1
 1373              	.LC0:
 1374 0008 02       		.byte	2
 1375 0009 01       		.byte	1
 1376 000a 03       		.byte	3
 1377 000b 00       		.byte	0
 1378 000c 04       		.byte	4
 1379 000d 05       		.byte	5
 1380 000e 06       		.byte	6
 1381              		.bss
 1382              		.align	2
 1383              		.set	.LANCHOR0,. + 0
 1384              		.type	cyPmBackup, %object
 1385              		.size	cyPmBackup, 48
 1386              	cyPmBackup:
 1387 0000 00000000 		.space	48
 1387      00000000 
 1387      00000000 
 1387      00000000 
 1387      00000000 
 1388              		.type	cyPmClockBackup, %object
 1389              		.size	cyPmClockBackup, 18
 1390              	cyPmClockBackup:
 1391 0030 00000000 		.space	18
 1391      00000000 
 1391      00000000 
 1391      00000000 
 1391      0000
 1392              		.type	interruptStatus.4985, %object
 1393              		.size	interruptStatus.4985, 1
 1394              	interruptStatus.4985:
 1395 0042 00       		.space	1
 1396              		.ident	"GCC: (GNU Tools for ARM Embedded Processors) 5.4.1 20160609 (release) [ARM/embedded-5-bran
