--------------- Build Started: 07/21/2024 16:19:50 Project: Bootloader, Configuration: ARM GCC 5.4-2016-q2-update Release ---------------
cydsfit.exe -.appdatapath "C:\Users\ali\AppData\Local\Cypress Semiconductor\PSoC Creator\4.4" -.fdsnotice -.fdswarpdepfile=warp_dependencies.txt -.fdselabdepfile=elab_dependencies.txt -.fdsbldfile=generated_files.txt -.fdsreffile=referenced_files.txt -p C:\Users\ali\Desktop\cy-micro\cy-micro\cy-bootloader\Bootloader.cydsn\Bootloader.cyprj -d CY8C5868AXI-LP035 -s C:\Users\ali\Desktop\cy-micro\cy-micro\cy-bootloader\Bootloader.cydsn\Generated_Source\PSoC5 -- -yv2 -q10 -ygs -o2 -v3 -.fftcfgtype=LE
Elaborating Design...
HDL Generation...
Synthesis...
Tech Mapping...
Analog Placement...
Analog Routing...
Analog Code Generation...
Digital Placement...
Digital Routing...
Bitstream Generation...
Bitstream Verification...
Static timing analysis...
API Generation...
Dependency Generation...
Cleanup...
The compile step is up to date, no work needs to be done.
The link step is up to date, no work needs to be done.
--------------- Build Succeeded: 07/21/2024 16:20:01 ---------------
