--------------- Rebuild Started: 07/21/2024 15:00:19 Project: Start_CY8C5868_AccessV2.0_OldBrd, Configuration: ARM GCC 5.4-2016-q2-update Release ---------------
Deleting file ".\ARM_GCC_541\Release\OS_Main.o"
Deleting file ".\ARM_GCC_541\Release\BSP.o"
Deleting file ".\ARM_GCC_541\Release\OS_Error.o"
Deleting file ".\ARM_GCC_541\Release\OS_ThreadSafe.o"
Deleting file ".\ARM_GCC_541\Release\OS_Syscalls.o"
Deleting file ".\ARM_GCC_541\Release\RTOSInit_CY8C5868.o"
Deleting file ".\ARM_GCC_541\Release\JLINKMEM_Process.o"
Deleting file ".\ARM_GCC_541\Release\SEGGER_RTT.o"
Deleting file ".\ARM_GCC_541\Release\SEGGER_RTT_printf.o"
Deleting file ".\ARM_GCC_541\Release\SEGGER_RTT_Syscalls_GCC.o"
Deleting file ".\ARM_GCC_541\Release\SEGGER_SYSVIEW.o"
Deleting file ".\ARM_GCC_541\Release\SEGGER_SYSVIEW_Config_embOS.o"
Deleting file ".\ARM_GCC_541\Release\SEGGER_SYSVIEW_embOS.o"
Deleting file ".\ARM_GCC_541\Release\SEGGER_RTT_ASM_ARMv7M.o"
Deleting file ".\ARM_GCC_541\Release\IO.o"
Deleting file ".\ARM_GCC_541\Release\defines.o"
Deleting file ".\ARM_GCC_541\Release\ChipMonitor.o"
Deleting file ".\ARM_GCC_541\Release\ChipUpdate.o"
Deleting file ".\ARM_GCC_541\Release\e2.o"
Deleting file ".\ARM_GCC_541\Release\cyfitter_cfg.o"
Deleting file ".\ARM_GCC_541\Release\cymetadata.o"
Deleting file ".\ARM_GCC_541\Release\UART_Debug.o"
Deleting file ".\ARM_GCC_541\Release\UART_Debug_PM.o"
Deleting file ".\ARM_GCC_541\Release\UART_Debug_INT.o"
Deleting file ".\ARM_GCC_541\Release\UART_Debug_BOOT.o"
Deleting file ".\ARM_GCC_541\Release\UART_Linux.o"
Deleting file ".\ARM_GCC_541\Release\UART_Linux_PM.o"
Deleting file ".\ARM_GCC_541\Release\UART_Linux_INT.o"
Deleting file ".\ARM_GCC_541\Release\UART_Linux_BOOT.o"
Deleting file ".\ARM_GCC_541\Release\Pins_Port1.o"
Deleting file ".\ARM_GCC_541\Release\Pins_Port2.o"
Deleting file ".\ARM_GCC_541\Release\Relay_Port1.o"
Deleting file ".\ARM_GCC_541\Release\Relay_Port2.o"
Deleting file ".\ARM_GCC_541\Release\intr_Port2.o"
Deleting file ".\ARM_GCC_541\Release\LED_RGB.o"
Deleting file ".\ARM_GCC_541\Release\UART_Debug_IntClock.o"
Deleting file ".\ARM_GCC_541\Release\UART_Linux_IntClock.o"
Deleting file ".\ARM_GCC_541\Release\Cm3Start.o"
Deleting file ".\ARM_GCC_541\Release\CyBootAsmGnu.o"
Deleting file ".\ARM_GCC_541\Release\CyDmac.o"
Deleting file ".\ARM_GCC_541\Release\CyFlash.o"
Deleting file ".\ARM_GCC_541\Release\CyLib.o"
Deleting file ".\ARM_GCC_541\Release\cyPm.o"
Deleting file ".\ARM_GCC_541\Release\CySpc.o"
Deleting file ".\ARM_GCC_541\Release\cyutils.o"
Deleting file ".\ARM_GCC_541\Release\cy_em_eeprom.o"
Deleting file ".\ARM_GCC_541\Release\intr_UART_Linux_Rx.o"
Deleting file ".\ARM_GCC_541\Release\intr_Port1.o"
Deleting file ".\ARM_GCC_541\Release\In4.o"
Deleting file ".\ARM_GCC_541\Release\In5.o"
Deleting file ".\ARM_GCC_541\Release\cybootloader.o"
Deleting file ".\ARM_GCC_541\Release\Internal_EEPROM.o"
Deleting file ".\ARM_GCC_541\Release\Bootloadable.o"
Deleting file ".\ARM_GCC_541\Release\Start_CY8C5868_AccessV2.0_OldBrd.hex"
Deleting file ".\ARM_GCC_541\Release\Start_CY8C5868_AccessV2.0_OldBrd.elf"
Deleting file ".\ARM_GCC_541\Release\Start_CY8C5868_AccessV2.0_OldBrd.map"
Deleting file ".\ARM_GCC_541\Release\Start_CY8C5868_AccessV2.0_OldBrd.cyacd"
Deleting file ".\Start_CY8C5868_AccessV2.0_OldBrd.cycdx"
Deleting file ".\Start_CY8C5868_AccessV2.0_OldBrd.svd"
Deleting file ".\Start_CY8C5868_AccessV2.0_OldBrd.rpt"
Deleting file ".\Start_CY8C5868_AccessV2.0_OldBrd_timing.html"
Deleting file ".\ARM_GCC_541\Release\.deps\SOURCE_C__ARM_GCC_GENERIC.P"
Deleting file ".\ARM_GCC_541\Release\.deps\SOURCE_ASM__ARM_GCC_GENERIC.P"
cydsfit.exe -.appdatapath "C:\Users\ali\AppData\Local\Cypress Semiconductor\PSoC Creator\4.4" -.fdsnotice -.fdswarpdepfile=warp_dependencies.txt -.fdselabdepfile=elab_dependencies.txt -.fdsbldfile=generated_files.txt -.fdsreffile=referenced_files.txt -p C:\Users\ali\Desktop\cy-micro\cy-micro\cy-notask\Start\BoardSupport\Cypress\CY8C5868_CY8CKIT_050_PSoC5_DK\Start_CY8C5868_AccessV2.0_OldBrd.cydsn\Start_CY8C5868_AccessV2.0_OldBrd.cyprj -d CY8C5868AXI-LP035 -s C:\Users\ali\Desktop\cy-micro\cy-micro\cy-notask\Start\BoardSupport\Cypress\CY8C5868_CY8CKIT_050_PSoC5_DK\Start_CY8C5868_AccessV2.0_OldBrd.cydsn\Generated_Source\PSoC5 -- -yv2 -q10 -ygs -o2 -v3 -.fftcfgtype=LE
Elaborating Design...
ADD: pft.M0086: error: Error in component: Bootloadable. The referenced Bootloader is invalid. Verify the Bootloader dependency is correct in the Bootloadable Component, then build project. Invalid bootloader hex file. Unable to read the hex file (C:\Users\ali\Desktop\cy-micro\cy-micro\cy-notask\Start\BoardSupport\Cypress\CY8C5868_CY8CKIT_050_PSoC5_DK\Start_CY8C5868_AccessV2.0_OldBrd.cydsn\ARM_GCC_541\Release\Start_CY8C5868_AccessV2.0_OldBrd.hex). The path does not exist.
 * C:\Users\ali\Desktop\cy-micro\cy-micro\cy-notask\Start\BoardSupport\Cypress\CY8C5868_CY8CKIT_050_PSoC5_DK\Start_CY8C5868_AccessV2.0_OldBrd.cydsn\TopDesign\TopDesign.cysch (Instance:Bootloadable)
ADD: pft.M0086: error: Error in component: Bootloadable. The referenced Bootloader is invalid. Verify the Bootloader dependency is correct in the Bootloadable Component, then build project. Invalid bootloader elf file. Unable to read the elf file (C:\Users\ali\Desktop\cy-micro\cy-micro\cy-notask\Start\BoardSupport\Cypress\CY8C5868_CY8CKIT_050_PSoC5_DK\Start_CY8C5868_AccessV2.0_OldBrd.cydsn\ARM_GCC_541\Release\Start_CY8C5868_AccessV2.0_OldBrd.elf). The path does not exist.
 * C:\Users\ali\Desktop\cy-micro\cy-micro\cy-notask\Start\BoardSupport\Cypress\CY8C5868_CY8CKIT_050_PSoC5_DK\Start_CY8C5868_AccessV2.0_OldBrd.cydsn\TopDesign\TopDesign.cysch (Instance:Bootloadable)
Error: fit.M0050: The fitter aborted due to errors, please address all errors and rebuild. (App=cydsfit)
--------------- Rebuild Failed: 07/21/2024 15:00:24 ---------------
