--------------- Clean Started: 09/25/2023 11:05:32 Project: Start_CY8C5868_AccessV1.0_OldBrd, Configuration: ARM GCC 5.4-2016-q2-update Debug ---------------
Deleting file ".\ARM_GCC_541\Debug\BSP.o"
Deleting file ".\ARM_GCC_541\Debug\OS_Error.o"
Deleting file ".\ARM_GCC_541\Debug\OS_ThreadSafe.o"
Deleting file ".\ARM_GCC_541\Debug\OS_Syscalls.o"
Deleting file ".\ARM_GCC_541\Debug\RTOSInit_CY8C5868.o"
Deleting file ".\ARM_GCC_541\Debug\JLINKMEM_Process.o"
Deleting file ".\ARM_GCC_541\Debug\SEGGER_RTT.o"
Deleting file ".\ARM_GCC_541\Debug\SEGGER_RTT_printf.o"
Deleting file ".\ARM_GCC_541\Debug\SEGGER_RTT_Syscalls_GCC.o"
Deleting file ".\ARM_GCC_541\Debug\SEGGER_SYSVIEW.o"
Deleting file ".\ARM_GCC_541\Debug\SEGGER_SYSVIEW_Config_embOS.o"
Deleting file ".\ARM_GCC_541\Debug\SEGGER_SYSVIEW_embOS.o"
Deleting file ".\ARM_GCC_541\Debug\SEGGER_RTT_ASM_ARMv7M.o"
Deleting file ".\ARM_GCC_541\Debug\IO.o"
Deleting file ".\ARM_GCC_541\Debug\cyfitter_cfg.o"
Deleting file ".\ARM_GCC_541\Debug\cymetadata.o"
Deleting file ".\ARM_GCC_541\Debug\UART_Debug.o"
Deleting file ".\ARM_GCC_541\Debug\UART_Debug_PM.o"
Deleting file ".\ARM_GCC_541\Debug\UART_Debug_INT.o"
Deleting file ".\ARM_GCC_541\Debug\UART_Debug_BOOT.o"
Deleting file ".\ARM_GCC_541\Debug\UART_Linux.o"
Deleting file ".\ARM_GCC_541\Debug\UART_Linux_PM.o"
Deleting file ".\ARM_GCC_541\Debug\UART_Linux_INT.o"
Deleting file ".\ARM_GCC_541\Debug\UART_Linux_BOOT.o"
Deleting file ".\ARM_GCC_541\Debug\Pins_Port1.o"
Deleting file ".\ARM_GCC_541\Debug\Pins_Port2.o"
Deleting file ".\ARM_GCC_541\Debug\Relay_Port1.o"
Deleting file ".\ARM_GCC_541\Debug\Relay_Port2.o"
Deleting file ".\ARM_GCC_541\Debug\intr_Port2.o"
Deleting file ".\ARM_GCC_541\Debug\LED_RGB.o"
Deleting file ".\ARM_GCC_541\Debug\UART_Debug_IntClock.o"
Deleting file ".\ARM_GCC_541\Debug\UART_Linux_IntClock.o"
Deleting file ".\ARM_GCC_541\Debug\Cm3Start.o"
Deleting file ".\ARM_GCC_541\Debug\CyBootAsmGnu.o"
Deleting file ".\ARM_GCC_541\Debug\CyDmac.o"
Deleting file ".\ARM_GCC_541\Debug\CyFlash.o"
Deleting file ".\ARM_GCC_541\Debug\CyLib.o"
Deleting file ".\ARM_GCC_541\Debug\cyPm.o"
Deleting file ".\ARM_GCC_541\Debug\CySpc.o"
Deleting file ".\ARM_GCC_541\Debug\cyutils.o"
Deleting file ".\ARM_GCC_541\Debug\cy_em_eeprom.o"
Deleting file ".\ARM_GCC_541\Debug\intr_UART_Linux_Rx.o"
Deleting file ".\ARM_GCC_541\Debug\intr_Port1.o"
Deleting file ".\Start_CY8C5868_AccessV1.0_OldBrd.cycdx"
Deleting file ".\Start_CY8C5868_AccessV1.0_OldBrd.svd"
Deleting file ".\Start_CY8C5868_AccessV1.0_OldBrd.rpt"
Deleting file ".\Start_CY8C5868_AccessV1.0_OldBrd_timing.html"
Deleting file ".\ARM_GCC_541\Debug\.deps\SOURCE_C__ARM_GCC_GENERIC.P"
Deleting file ".\ARM_GCC_541\Debug\.deps\SOURCE_ASM__ARM_GCC_GENERIC.P"
--------------- Clean Succeeded: 09/25/2023 11:05:32 ---------------
