ARM GAS  C:\Users\ali\AppData\Local\Temp\ccaNCRh7.s 			page 1


   1              		.syntax unified
   2              		.cpu cortex-m3
   3              		.fpu softvfp
   4              		.eabi_attribute 20, 1
   5              		.eabi_attribute 21, 1
   6              		.eabi_attribute 23, 3
   7              		.eabi_attribute 24, 1
   8              		.eabi_attribute 25, 1
   9              		.eabi_attribute 26, 1
  10              		.eabi_attribute 30, 2
  11              		.eabi_attribute 34, 1
  12              		.eabi_attribute 18, 4
  13              		.thumb
  14              		.syntax unified
  15              		.file	"cyfitter_cfg.c"
  16              		.section	.text.SetAnalogRoutingPumps,"ax",%progbits
  17              		.align	2
  18              		.global	SetAnalogRoutingPumps
  19              		.thumb
  20              		.thumb_func
  21              		.type	SetAnalogRoutingPumps, %function
  22              	SetAnalogRoutingPumps:
  23              		@ args = 0, pretend = 0, frame = 0
  24              		@ frame_needed = 0, uses_anonymous_args = 0
  25              		@ link register save eliminated.
  26 0000 024A     		ldr	r2, .L2
  27 0002 1378     		ldrb	r3, [r2]	@ zero_extendqisi2
  28 0004 DBB2     		uxtb	r3, r3
  29 0006 1370     		strb	r3, [r2]
  30 0008 7047     		bx	lr
  31              	.L3:
  32 000a 00BF     		.align	2
  33              	.L2:
  34 000c 76580040 		.word	1073764470
  35              		.size	SetAnalogRoutingPumps, .-SetAnalogRoutingPumps
  36              		.section	.text.cyfitter_cfg,"ax",%progbits
  37              		.align	2
  38              		.global	cyfitter_cfg
  39              		.thumb
  40              		.thumb_func
  41              		.type	cyfitter_cfg, %function
  42              	cyfitter_cfg:
  43              		@ args = 0, pretend = 0, frame = 0
  44              		@ frame_needed = 0, uses_anonymous_args = 0
  45 0000 F8B5     		push	{r3, r4, r5, r6, r7, lr}
  46              		.syntax unified
  47              	@ 371 "Generated_Source\PSoC5\cyfitter_cfg.c" 1
  48 0002 72B6     		CPSID   i
  49              	@ 0 "" 2
  50              		.thumb
  51              		.syntax unified
  52 0004 834E     		ldr	r6, .L27
  53 0006 844A     		ldr	r2, .L27+4
  54 0008 3546     		mov	r5, r6
  55 000a 1378     		ldrb	r3, [r2]	@ zero_extendqisi2
  56 000c 0024     		movs	r4, #0
  57 000e 43F00403 		orr	r3, r3, #4
ARM GAS  C:\Users\ali\AppData\Local\Temp\ccaNCRh7.s 			page 2


  58 0012 1370     		strb	r3, [r2]
  59              	.L5:
  60 0014 04EB4403 		add	r3, r4, r4, lsl #1
  61 0018 AA88     		ldrh	r2, [r5, #4]
  62 001a 56F81300 		ldr	r0, [r6, r3, lsl #1]	@ unaligned
  63 001e 0134     		adds	r4, r4, #1
  64 0020 0021     		movs	r1, #0
  65 0022 FFF7FEFF 		bl	memset
  66 0026 072C     		cmp	r4, #7
  67 0028 05F10605 		add	r5, r5, #6
  68 002c F2D1     		bne	.L5
  69 002e 7B4E     		ldr	r6, .L27+8
  70 0030 8022     		movs	r2, #128
  71 0032 7B49     		ldr	r1, .L27+12
  72 0034 7B48     		ldr	r0, .L27+16
  73 0036 FFF7FEFF 		bl	memcpy
  74 003a 0025     		movs	r5, #0
  75 003c 06F1580E 		add	lr, r6, #88
  76 0040 06F15C07 		add	r7, r6, #92
  77              	.L8:
  78 0044 56F8043F 		ldr	r3, [r6, #4]!
  79 0048 13F0FF0C 		ands	ip, r3, #255
  80 004c 23F0FF04 		bic	r4, r3, #255
  81 0050 14D0     		beq	.L6
  82 0052 0CF1FF3C 		add	ip, ip, #-1
  83 0056 5FFA8CFC 		uxtb	ip, ip
  84 005a 0CEB0500 		add	r0, ip, r5
  85 005e 07EB4000 		add	r0, r7, r0, lsl #1
  86 0062 07EB4503 		add	r3, r7, r5, lsl #1
  87 0066 0330     		adds	r0, r0, #3
  88 0068 0133     		adds	r3, r3, #1
  89              	.L7:
  90 006a 13F8012C 		ldrb	r2, [r3, #-1]	@ zero_extendqisi2
  91 006e 13F8021B 		ldrb	r1, [r3], #2	@ zero_extendqisi2
  92 0072 8342     		cmp	r3, r0
  93 0074 1155     		strb	r1, [r2, r4]
  94 0076 F8D1     		bne	.L7
  95 0078 0135     		adds	r5, r5, #1
  96 007a 6544     		add	r5, r5, ip
  97              	.L6:
  98 007c 7645     		cmp	r6, lr
  99 007e E1D1     		bne	.L8
 100 0080 694A     		ldr	r2, .L27+20
 101 0082 6A49     		ldr	r1, .L27+24
 102 0084 1378     		ldrb	r3, [r2]	@ zero_extendqisi2
 103 0086 41F25127 		movw	r7, #4689
 104 008a 43F00203 		orr	r3, r3, #2
 105 008e 1370     		strb	r3, [r2]
 106 0090 0B78     		ldrb	r3, [r1]	@ zero_extendqisi2
 107 0092 A2F58632 		sub	r2, r2, #68608
 108 0096 43F00203 		orr	r3, r3, #2
 109 009a 0B70     		strb	r3, [r1]
 110 009c 633A     		subs	r2, r2, #99
 111 009e 1378     		ldrb	r3, [r2]	@ zero_extendqisi2
 112 00a0 A1F58631 		sub	r1, r1, #68608
 113 00a4 43F04003 		orr	r3, r3, #64
 114 00a8 1370     		strb	r3, [r2]
ARM GAS  C:\Users\ali\AppData\Local\Temp\ccaNCRh7.s 			page 3


 115 00aa 5139     		subs	r1, r1, #81
 116 00ac 0A78     		ldrb	r2, [r1]	@ zero_extendqisi2
 117 00ae 604C     		ldr	r4, .L27+28
 118 00b0 604B     		ldr	r3, .L27+32
 119 00b2 614D     		ldr	r5, .L27+36
 120 00b4 42F01002 		orr	r2, r2, #16
 121 00b8 0A70     		strb	r2, [r1]
 122 00ba 03CB     		ldmia	r3!, {r0, r1}
 123 00bc 2060     		str	r0, [r4]	@ unaligned
 124 00be 6160     		str	r1, [r4, #4]	@ unaligned
 125 00c0 93E80700 		ldmia	r3, {r0, r1, r2}
 126 00c4 03C5     		stmia	r5!, {r0, r1}
 127 00c6 DFF8B8C1 		ldr	ip, .L27+108
 128 00ca 03F1140E 		add	lr, r3, #20
 129 00ce 03F10C06 		add	r6, r3, #12
 130 00d2 1E34     		adds	r4, r4, #30
 131 00d4 2A80     		strh	r2, [r5]	@ movhi
 132 00d6 03CE     		ldmia	r6!, {r0, r1}
 133 00d8 CCF80000 		str	r0, [ip]	@ unaligned
 134 00dc CCF80410 		str	r1, [ip, #4]	@ unaligned
 135 00e0 9EE80700 		ldmia	lr, {r0, r1, r2}
 136 00e4 03C4     		stmia	r4!, {r0, r1}
 137 00e6 983D     		subs	r5, r5, #152
 138 00e8 03F12001 		add	r1, r3, #32
 139 00ec 2280     		strh	r2, [r4]	@ movhi
 140 00ee 07C9     		ldmia	r1, {r0, r1, r2}
 141 00f0 03C5     		stmia	r5!, {r0, r1}
 142 00f2 DFF890E1 		ldr	lr, .L27+112
 143 00f6 03F12C06 		add	r6, r3, #44
 144 00fa 3834     		adds	r4, r4, #56
 145 00fc 3433     		adds	r3, r3, #52
 146 00fe 2A80     		strh	r2, [r5]	@ movhi
 147 0100 03CE     		ldmia	r6!, {r0, r1}
 148 0102 CEF80000 		str	r0, [lr]	@ unaligned
 149 0106 CEF80410 		str	r1, [lr, #4]	@ unaligned
 150 010a 93E80700 		ldmia	r3, {r0, r1, r2}
 151 010e 03C4     		stmia	r4!, {r0, r1}
 152 0110 4A49     		ldr	r1, .L27+40
 153 0112 2280     		strh	r2, [r4]	@ movhi
 154 0114 0B78     		ldrb	r3, [r1]	@ zero_extendqisi2
 155 0116 4A4A     		ldr	r2, .L27+44
 156 0118 43F00803 		orr	r3, r3, #8
 157 011c 0B70     		strb	r3, [r1]
 158 011e 494D     		ldr	r5, .L27+48
 159 0120 6123     		movs	r3, #97
 160 0122 1370     		strb	r3, [r2]
 161 0124 484C     		ldr	r4, .L27+52
 162 0126 6723     		movs	r3, #103
 163 0128 4848     		ldr	r0, .L27+56
 164 012a 2B80     		strh	r3, [r5]	@ movhi
 165 012c 484E     		ldr	r6, .L27+60
 166 012e 1825     		movs	r5, #24
 167 0130 DFF854C1 		ldr	ip, .L27+116
 168 0134 2570     		strb	r5, [r4]
 169 0136 A2F5C062 		sub	r2, r2, #1536
 170 013a 0380     		strh	r3, [r0]	@ movhi
 171 013c 4FF0060E 		mov	lr, #6
ARM GAS  C:\Users\ali\AppData\Local\Temp\ccaNCRh7.s 			page 4


 172 0140 4FF04020 		mov	r0, #1073758208
 173 0144 0824     		movs	r4, #8
 174 0146 5221     		movs	r1, #82
 175 0148 424B     		ldr	r3, .L27+64
 176 014a 8CF80050 		strb	r5, [ip]
 177 014e 86F800E0 		strb	lr, [r6]
 178 0152 0470     		strb	r4, [r0]
 179 0154 1170     		strb	r1, [r2]
 180 0156 1A78     		ldrb	r2, [r3]	@ zero_extendqisi2
 181 0158 3F49     		ldr	r1, .L27+68
 182 015a 404B     		ldr	r3, .L27+72
 183 015c D2B2     		uxtb	r2, r2
 184 015e 4FF4E264 		mov	r4, #1808
 185 0162 86F8A123 		strb	r2, [r6, #929]
 186 0166 A0F82242 		strh	r4, [r0, #546]	@ movhi
 187 016a 0F80     		strh	r7, [r1]	@ movhi
 188 016c 1C78     		ldrb	r4, [r3]	@ zero_extendqisi2
 189 016e 4FF4F070 		mov	r0, #480
 190 0172 04F00104 		and	r4, r4, #1
 191 0176 1E46     		mov	r6, r3
 192 0178 FFF7FEFF 		bl	CyDelayCycles
 193 017c 01E0     		b	.L10
 194              	.L26:
 195 017e 032C     		cmp	r4, #3
 196 0180 0DD0     		beq	.L25
 197              	.L10:
 198 0182 3378     		ldrb	r3, [r6]	@ zero_extendqisi2
 199 0184 4FF4F070 		mov	r0, #480
 200 0188 03F00103 		and	r3, r3, #1
 201 018c 43EA4404 		orr	r4, r3, r4, lsl #1
 202 0190 FFF7FEFF 		bl	CyDelayCycles
 203 0194 013D     		subs	r5, r5, #1
 204 0196 04F00304 		and	r4, r4, #3
 205 019a F0D1     		bne	.L26
 206              	.L9:
 207 019c FEE7     		b	.L9
 208              	.L25:
 209 019e 304A     		ldr	r2, .L27+76
 210 01a0 3049     		ldr	r1, .L27+80
 211 01a2 314D     		ldr	r5, .L27+84
 212 01a4 314E     		ldr	r6, .L27+88
 213 01a6 3248     		ldr	r0, .L27+92
 214 01a8 4FF48077 		mov	r7, #256
 215 01ac 0724     		movs	r4, #7
 216 01ae 1780     		strh	r7, [r2]	@ movhi
 217 01b0 0023     		movs	r3, #0
 218 01b2 1470     		strb	r4, [r2]
 219 01b4 4827     		movs	r7, #72
 220 01b6 0224     		movs	r4, #2
 221 01b8 0B70     		strb	r3, [r1]
 222 01ba 3770     		strb	r7, [r6]
 223 01bc 1370     		strb	r3, [r2]
 224 01be 2B70     		strb	r3, [r5]
 225 01c0 0470     		strb	r4, [r0]
 226 01c2 91F89C33 		ldrb	r3, [r1, #924]	@ zero_extendqisi2
 227 01c6 00F5F820 		add	r0, r0, #507904
 228 01ca 0330     		adds	r0, r0, #3
ARM GAS  C:\Users\ali\AppData\Local\Temp\ccaNCRh7.s 			page 5


 229 01cc 43F00303 		orr	r3, r3, #3
 230 01d0 C126     		movs	r6, #193
 231 01d2 0124     		movs	r4, #1
 232 01d4 274A     		ldr	r2, .L27+96
 233 01d6 81F89C33 		strb	r3, [r1, #924]
 234 01da 85F8F767 		strb	r6, [r5, #2039]
 235 01de 0470     		strb	r4, [r0]
 236 01e0 1378     		ldrb	r3, [r2]	@ zero_extendqisi2
 237 01e2 01F5C351 		add	r1, r1, #6240
 238 01e6 DBB2     		uxtb	r3, r3
 239 01e8 A0F5F420 		sub	r0, r0, #499712
 240 01ec A0F29670 		subw	r0, r0, #1942
 241 01f0 0931     		adds	r1, r1, #9
 242 01f2 05F5C355 		add	r5, r5, #6240
 243 01f6 03F00707 		and	r7, r3, #7
 244 01fa 1F4A     		ldr	r2, .L27+100
 245 01fc 1B09     		lsrs	r3, r3, #4
 246 01fe 1F4C     		ldr	r4, .L27+104
 247 0200 0770     		strb	r7, [r0]
 248 0202 0D35     		adds	r5, r5, #13
 249 0204 0B70     		strb	r3, [r1]
 250 0206 4426     		movs	r6, #68
 251 0208 0FCA     		ldmia	r2, {r0, r1, r2, r3}
 252 020a 2E70     		strb	r6, [r5]
 253 020c 07C4     		stmia	r4!, {r0, r1, r2}
 254 020e 2380     		strh	r3, [r4]	@ movhi
 255 0210 F8BD     		pop	{r3, r4, r5, r6, r7, pc}
 256              	.L28:
 257 0212 00BF     		.align	2
 258              	.L27:
 259 0214 00000000 		.word	.LANCHOR0
 260 0218 E8460040 		.word	1073759976
 261 021c A8000000 		.word	.LANCHOR0+168
 262 0220 2C000000 		.word	.LANCHOR0+44
 263 0224 00140140 		.word	1073812480
 264 0228 03500140 		.word	1073827843
 265 022c 13500140 		.word	1073827859
 266 0230 02510040 		.word	1073762562
 267 0234 64060000 		.word	.LANCHOR0+1636
 268 0238 C0510040 		.word	1073762752
 269 023c 22430040 		.word	1073759010
 270 0240 00480040 		.word	1073760256
 271 0244 80400040 		.word	1073758336
 272 0248 82400040 		.word	1073758338
 273 024c 84400040 		.word	1073758340
 274 0250 00430040 		.word	1073758976
 275 0254 0F010049 		.word	1224737039
 276 0258 20420040 		.word	1073758752
 277 025c 25420040 		.word	1073758757
 278 0260 04400040 		.word	1073758212
 279 0264 06400040 		.word	1073758214
 280 0268 09400040 		.word	1073758217
 281 026c 08400040 		.word	1073758216
 282 0270 01400040 		.word	1073758209
 283 0274 CF010049 		.word	1224737231
 284 0278 A0430040 		.word	1073759136
 285 027c B0430040 		.word	1073759152
ARM GAS  C:\Users\ali\AppData\Local\Temp\ccaNCRh7.s 			page 6


 286 0280 12510040 		.word	1073762578
 287 0284 52510040 		.word	1073762642
 288 0288 86400040 		.word	1073758342
 289              		.size	cyfitter_cfg, .-cyfitter_cfg
 290              		.section	.rodata
 291              		.align	2
 292              		.set	.LANCHOR0,. + 0
 293              		.type	cfg_memset_list.5027, %object
 294              		.size	cfg_memset_list.5027, 42
 295              	cfg_memset_list.5027:
 296 0000 40510040 		.word	1073762624
 297 0004 1000     		.short	16
 298 0006 F0510040 		.4byte	1073762800
 299 000a 1000     		.short	16
 300 000c 00000140 		.word	1073807360
 301 0010 0010     		.short	4096
 302 0012 80140140 		.4byte	1073812608
 303 0016 8007     		.short	1920
 304 0018 00400140 		.word	1073823744
 305 001c 000A     		.short	2560
 306 001e 004C0140 		.4byte	1073826816
 307 0022 0002     		.short	512
 308 0024 00500140 		.word	1073827840
 309 0028 2000     		.short	32
 310 002a 0000     		.space	2
 311              		.type	BS_UDB_1_0_0_CONFIG_VAL.5028, %object
 312              		.size	BS_UDB_1_0_0_CONFIG_VAL.5028, 128
 313              	BS_UDB_1_0_0_CONFIG_VAL.5028:
 314 002c 4C       		.byte	76
 315 002d 00       		.byte	0
 316 002e A3       		.byte	-93
 317 002f 00       		.byte	0
 318 0030 01       		.byte	1
 319 0031 30       		.byte	48
 320 0032 00       		.byte	0
 321 0033 00       		.byte	0
 322 0034 00       		.byte	0
 323 0035 10       		.byte	16
 324 0036 B3       		.byte	-77
 325 0037 00       		.byte	0
 326 0038 F3       		.byte	-13
 327 0039 20       		.byte	32
 328 003a 0C       		.byte	12
 329 003b 00       		.byte	0
 330 003c 42       		.byte	66
 331 003d 02       		.byte	2
 332 003e 00       		.byte	0
 333 003f 00       		.byte	0
 334 0040 4F       		.byte	79
 335 0041 00       		.byte	0
 336 0042 90       		.byte	-112
 337 0043 0B       		.byte	11
 338 0044 FF       		.byte	-1
 339 0045 01       		.byte	1
 340 0046 00       		.byte	0
 341 0047 00       		.byte	0
 342 0048 00       		.byte	0
ARM GAS  C:\Users\ali\AppData\Local\Temp\ccaNCRh7.s 			page 7


 343 0049 78       		.byte	120
 344 004a 40       		.byte	64
 345 004b 07       		.byte	7
 346 004c 08       		.byte	8
 347 004d 4F       		.byte	79
 348 004e 00       		.byte	0
 349 004f 30       		.byte	48
 350 0050 04       		.byte	4
 351 0051 70       		.byte	112
 352 0052 00       		.byte	0
 353 0053 0F       		.byte	15
 354 0054 0C       		.byte	12
 355 0055 7F       		.byte	127
 356 0056 00       		.byte	0
 357 0057 00       		.byte	0
 358 0058 03       		.byte	3
 359 0059 03       		.byte	3
 360 005a 00       		.byte	0
 361 005b 00       		.byte	0
 362 005c 0F       		.byte	15
 363 005d 04       		.byte	4
 364 005e 8C       		.byte	-116
 365 005f 40       		.byte	64
 366 0060 00       		.byte	0
 367 0061 38       		.byte	56
 368 0062 7C       		.byte	124
 369 0063 03       		.byte	3
 370 0064 00       		.byte	0
 371 0065 02       		.byte	2
 372 0066 AA       		.byte	-86
 373 0067 00       		.byte	0
 374 0068 00       		.byte	0
 375 0069 00       		.byte	0
 376 006a 00       		.byte	0
 377 006b 04       		.byte	4
 378 006c 13       		.byte	19
 379 006d 06       		.byte	6
 380 006e 02       		.byte	2
 381 006f 00       		.byte	0
 382 0070 04       		.byte	4
 383 0071 0C       		.byte	12
 384 0072 E0       		.byte	-32
 385 0073 00       		.byte	0
 386 0074 09       		.byte	9
 387 0075 FF       		.byte	-1
 388 0076 FF       		.byte	-1
 389 0077 FF       		.byte	-1
 390 0078 62       		.byte	98
 391 0079 A0       		.byte	-96
 392 007a F0       		.byte	-16
 393 007b 41       		.byte	65
 394 007c 0C       		.byte	12
 395 007d 00       		.byte	0
 396 007e 00       		.byte	0
 397 007f 00       		.byte	0
 398 0080 00       		.byte	0
 399 0081 00       		.byte	0
ARM GAS  C:\Users\ali\AppData\Local\Temp\ccaNCRh7.s 			page 8


 400 0082 02       		.byte	2
 401 0083 12       		.byte	18
 402 0084 04       		.byte	4
 403 0085 04       		.byte	4
 404 0086 04       		.byte	4
 405 0087 04       		.byte	4
 406 0088 11       		.byte	17
 407 0089 11       		.byte	17
 408 008a 00       		.byte	0
 409 008b 01       		.byte	1
 410 008c 00       		.byte	0
 411 008d 00       		.byte	0
 412 008e 00       		.byte	0
 413 008f 00       		.byte	0
 414 0090 00       		.byte	0
 415 0091 00       		.byte	0
 416 0092 40       		.byte	64
 417 0093 02       		.byte	2
 418 0094 00       		.byte	0
 419 0095 10       		.byte	16
 420 0096 30       		.byte	48
 421 0097 10       		.byte	16
 422 0098 00       		.byte	0
 423 0099 10       		.byte	16
 424 009a 10       		.byte	16
 425 009b 12       		.byte	18
 426 009c 00       		.byte	0
 427 009d 00       		.byte	0
 428 009e 00       		.byte	0
 429 009f 00       		.byte	0
 430 00a0 00       		.byte	0
 431 00a1 00       		.byte	0
 432 00a2 00       		.byte	0
 433 00a3 00       		.byte	0
 434 00a4 00       		.byte	0
 435 00a5 00       		.byte	0
 436 00a6 00       		.byte	0
 437 00a7 00       		.byte	0
 438 00a8 00       		.byte	0
 439 00a9 00       		.byte	0
 440 00aa 00       		.byte	0
 441 00ab 00       		.byte	0
 442              		.type	cy_cfg_addr_table.5016, %object
 443              		.size	cy_cfg_addr_table.5016, 88
 444              	cy_cfg_addr_table.5016:
 445 00ac 06450040 		.word	1073759494
 446 00b0 02520040 		.word	1073762818
 447 00b4 03640040 		.word	1073767427
 448 00b8 03650040 		.word	1073767683
 449 00bc 2D020140 		.word	1073807917
 450 00c0 23030140 		.word	1073808163
 451 00c4 55040140 		.word	1073808469
 452 00c8 3F050140 		.word	1073808703
 453 00cc 5F060140 		.word	1073808991
 454 00d0 3D070140 		.word	1073809213
 455 00d4 15140140 		.word	1073812501
 456 00d8 3F150140 		.word	1073812799
ARM GAS  C:\Users\ali\AppData\Local\Temp\ccaNCRh7.s 			page 9


 457 00dc 54160140 		.word	1073813076
 458 00e0 43170140 		.word	1073813315
 459 00e4 06400140 		.word	1073823750
 460 00e8 04410140 		.word	1073824004
 461 00ec 0A420140 		.word	1073824266
 462 00f0 04430140 		.word	1073824516
 463 00f4 09480140 		.word	1073825801
 464 00f8 0A490140 		.word	1073826058
 465 00fc 09500140 		.word	1073827849
 466 0100 02510140 		.word	1073828098
 467              		.type	cy_cfg_data_table.5017, %object
 468              		.size	cy_cfg_data_table.5017, 1374
 469              	cy_cfg_data_table.5017:
 470 0104 11       		.byte	17
 471 0105 02       		.byte	2
 472 0106 12       		.byte	18
 473 0107 02       		.byte	2
 474 0108 13       		.byte	19
 475 0109 02       		.byte	2
 476 010a 34       		.byte	52
 477 010b 02       		.byte	2
 478 010c 35       		.byte	53
 479 010d 02       		.byte	2
 480 010e 36       		.byte	54
 481 010f 02       		.byte	2
 482 0110 18       		.byte	24
 483 0111 01       		.byte	1
 484 0112 61       		.byte	97
 485 0113 02       		.byte	2
 486 0114 82       		.byte	-126
 487 0115 72       		.byte	114
 488 0116 85       		.byte	-123
 489 0117 38       		.byte	56
 490 0118 87       		.byte	-121
 491 0119 0F       		.byte	15
 492 011a 84       		.byte	-124
 493 011b 72       		.byte	114
 494 011c 86       		.byte	-122
 495 011d 0F       		.byte	15
 496 011e 87       		.byte	-121
 497 011f 38       		.byte	56
 498 0120 01       		.byte	1
 499 0121 7F       		.byte	127
 500 0122 02       		.byte	2
 501 0123 40       		.byte	64
 502 0124 04       		.byte	4
 503 0125 01       		.byte	1
 504 0126 05       		.byte	5
 505 0127 01       		.byte	1
 506 0128 08       		.byte	8
 507 0129 04       		.byte	4
 508 012a 09       		.byte	9
 509 012b 10       		.byte	16
 510 012c 0C       		.byte	12
 511 012d 08       		.byte	8
 512 012e 0D       		.byte	13
 513 012f 70       		.byte	112
ARM GAS  C:\Users\ali\AppData\Local\Temp\ccaNCRh7.s 			page 10


 514 0130 0F       		.byte	15
 515 0131 0F       		.byte	15
 516 0132 10       		.byte	16
 517 0133 4F       		.byte	79
 518 0134 12       		.byte	18
 519 0135 90       		.byte	-112
 520 0136 13       		.byte	19
 521 0137 0B       		.byte	11
 522 0138 14       		.byte	20
 523 0139 4C       		.byte	76
 524 013a 15       		.byte	21
 525 013b 03       		.byte	3
 526 013c 16       		.byte	22
 527 013d A3       		.byte	-93
 528 013e 18       		.byte	24
 529 013f F3       		.byte	-13
 530 0140 19       		.byte	25
 531 0141 30       		.byte	48
 532 0142 1A       		.byte	26
 533 0143 0C       		.byte	12
 534 0144 1D       		.byte	29
 535 0145 20       		.byte	32
 536 0146 1E       		.byte	30
 537 0147 B3       		.byte	-77
 538 0148 20       		.byte	32
 539 0149 42       		.byte	66
 540 014a 24       		.byte	36
 541 014b 03       		.byte	3
 542 014c 25       		.byte	37
 543 014d 4F       		.byte	79
 544 014e 27       		.byte	39
 545 014f 30       		.byte	48
 546 0150 28       		.byte	40
 547 0151 0C       		.byte	12
 548 0152 29       		.byte	41
 549 0153 78       		.byte	120
 550 0154 2B       		.byte	43
 551 0155 07       		.byte	7
 552 0156 2C       		.byte	44
 553 0157 FF       		.byte	-1
 554 0158 2D       		.byte	45
 555 0159 02       		.byte	2
 556 015a 30       		.byte	48
 557 015b 8C       		.byte	-116
 558 015c 31       		.byte	49
 559 015d 04       		.byte	4
 560 015e 32       		.byte	50
 561 015f 7C       		.byte	124
 562 0160 33       		.byte	51
 563 0161 40       		.byte	64
 564 0162 34       		.byte	52
 565 0163 0F       		.byte	15
 566 0164 35       		.byte	53
 567 0165 38       		.byte	56
 568 0166 37       		.byte	55
 569 0167 03       		.byte	3
 570 0168 39       		.byte	57
ARM GAS  C:\Users\ali\AppData\Local\Temp\ccaNCRh7.s 			page 11


 571 0169 02       		.byte	2
 572 016a 3A       		.byte	58
 573 016b AA       		.byte	-86
 574 016c 3F       		.byte	63
 575 016d 04       		.byte	4
 576 016e 56       		.byte	86
 577 016f 02       		.byte	2
 578 0170 57       		.byte	87
 579 0171 12       		.byte	18
 580 0172 58       		.byte	88
 581 0173 04       		.byte	4
 582 0174 59       		.byte	89
 583 0175 04       		.byte	4
 584 0176 5B       		.byte	91
 585 0177 04       		.byte	4
 586 0178 5F       		.byte	95
 587 0179 01       		.byte	1
 588 017a 04       		.byte	4
 589 017b 06       		.byte	6
 590 017c 05       		.byte	5
 591 017d 40       		.byte	64
 592 017e 06       		.byte	6
 593 017f 04       		.byte	4
 594 0180 0D       		.byte	13
 595 0181 20       		.byte	32
 596 0182 0E       		.byte	14
 597 0183 62       		.byte	98
 598 0184 16       		.byte	22
 599 0185 82       		.byte	-126
 600 0186 17       		.byte	23
 601 0187 14       		.byte	20
 602 0188 1D       		.byte	29
 603 0189 20       		.byte	32
 604 018a 1E       		.byte	30
 605 018b 61       		.byte	97
 606 018c 1F       		.byte	31
 607 018d 28       		.byte	40
 608 018e 24       		.byte	36
 609 018f 88       		.byte	-120
 610 0190 26       		.byte	38
 611 0191 04       		.byte	4
 612 0192 27       		.byte	39
 613 0193 02       		.byte	2
 614 0194 2F       		.byte	47
 615 0195 29       		.byte	41
 616 0196 35       		.byte	53
 617 0197 40       		.byte	64
 618 0198 36       		.byte	54
 619 0199 01       		.byte	1
 620 019a 37       		.byte	55
 621 019b 14       		.byte	20
 622 019c 3C       		.byte	60
 623 019d 24       		.byte	36
 624 019e 3D       		.byte	61
 625 019f 0A       		.byte	10
 626 01a0 3E       		.byte	62
 627 01a1 43       		.byte	67
ARM GAS  C:\Users\ali\AppData\Local\Temp\ccaNCRh7.s 			page 12


 628 01a2 5E       		.byte	94
 629 01a3 08       		.byte	8
 630 01a4 6D       		.byte	109
 631 01a5 14       		.byte	20
 632 01a6 6E       		.byte	110
 633 01a7 14       		.byte	20
 634 01a8 6F       		.byte	111
 635 01a9 01       		.byte	1
 636 01aa 74       		.byte	116
 637 01ab 10       		.byte	16
 638 01ac 75       		.byte	117
 639 01ad 40       		.byte	64
 640 01ae 76       		.byte	118
 641 01af 04       		.byte	4
 642 01b0 77       		.byte	119
 643 01b1 10       		.byte	16
 644 01b2 C0       		.byte	-64
 645 01b3 F0       		.byte	-16
 646 01b4 C2       		.byte	-62
 647 01b5 F0       		.byte	-16
 648 01b6 C4       		.byte	-60
 649 01b7 F0       		.byte	-16
 650 01b8 CA       		.byte	-54
 651 01b9 70       		.byte	112
 652 01ba CC       		.byte	-52
 653 01bb F0       		.byte	-16
 654 01bc CE       		.byte	-50
 655 01bd F0       		.byte	-16
 656 01be D6       		.byte	-42
 657 01bf 40       		.byte	64
 658 01c0 03       		.byte	3
 659 01c1 03       		.byte	3
 660 01c2 04       		.byte	4
 661 01c3 01       		.byte	1
 662 01c4 05       		.byte	5
 663 01c5 0C       		.byte	12
 664 01c6 06       		.byte	6
 665 01c7 0E       		.byte	14
 666 01c8 07       		.byte	7
 667 01c9 11       		.byte	17
 668 01ca 08       		.byte	8
 669 01cb 01       		.byte	1
 670 01cc 0A       		.byte	10
 671 01cd 26       		.byte	38
 672 01ce 0C       		.byte	12
 673 01cf 2C       		.byte	44
 674 01d0 0D       		.byte	13
 675 01d1 1C       		.byte	28
 676 01d2 0E       		.byte	14
 677 01d3 03       		.byte	3
 678 01d4 0F       		.byte	15
 679 01d5 02       		.byte	2
 680 01d6 15       		.byte	21
 681 01d7 10       		.byte	16
 682 01d8 16       		.byte	22
 683 01d9 2C       		.byte	44
 684 01da 17       		.byte	23
ARM GAS  C:\Users\ali\AppData\Local\Temp\ccaNCRh7.s 			page 13


 685 01db 0C       		.byte	12
 686 01dc 19       		.byte	25
 687 01dd 09       		.byte	9
 688 01de 1B       		.byte	27
 689 01df 10       		.byte	16
 690 01e0 1D       		.byte	29
 691 01e1 10       		.byte	16
 692 01e2 22       		.byte	34
 693 01e3 08       		.byte	8
 694 01e4 2A       		.byte	42
 695 01e5 03       		.byte	3
 696 01e6 2C       		.byte	44
 697 01e7 10       		.byte	16
 698 01e8 2D       		.byte	45
 699 01e9 14       		.byte	20
 700 01ea 30       		.byte	48
 701 01eb 0F       		.byte	15
 702 01ec 31       		.byte	49
 703 01ed 1F       		.byte	31
 704 01ee 34       		.byte	52
 705 01ef 2A       		.byte	42
 706 01f0 36       		.byte	54
 707 01f1 10       		.byte	16
 708 01f2 3A       		.byte	58
 709 01f3 22       		.byte	34
 710 01f4 3E       		.byte	62
 711 01f5 40       		.byte	64
 712 01f6 58       		.byte	88
 713 01f7 04       		.byte	4
 714 01f8 59       		.byte	89
 715 01f9 04       		.byte	4
 716 01fa 5C       		.byte	92
 717 01fb 11       		.byte	17
 718 01fc 5F       		.byte	95
 719 01fd 01       		.byte	1
 720 01fe 85       		.byte	-123
 721 01ff 1F       		.byte	31
 722 0200 86       		.byte	-122
 723 0201 01       		.byte	1
 724 0202 89       		.byte	-119
 725 0203 1F       		.byte	31
 726 0204 8A       		.byte	-118
 727 0205 04       		.byte	4
 728 0206 8E       		.byte	-114
 729 0207 04       		.byte	4
 730 0208 95       		.byte	-107
 731 0209 01       		.byte	1
 732 020a 96       		.byte	-106
 733 020b 01       		.byte	1
 734 020c 97       		.byte	-105
 735 020d 26       		.byte	38
 736 020e 99       		.byte	-103
 737 020f 0A       		.byte	10
 738 0210 9B       		.byte	-101
 739 0211 51       		.byte	81
 740 0212 A0       		.byte	-96
 741 0213 02       		.byte	2
ARM GAS  C:\Users\ali\AppData\Local\Temp\ccaNCRh7.s 			page 14


 742 0214 A4       		.byte	-92
 743 0215 02       		.byte	2
 744 0216 A8       		.byte	-88
 745 0217 02       		.byte	2
 746 0218 AD       		.byte	-83
 747 0219 14       		.byte	20
 748 021a AF       		.byte	-81
 749 021b C9       		.byte	-55
 750 021c B0       		.byte	-80
 751 021d 01       		.byte	1
 752 021e B1       		.byte	-79
 753 021f 60       		.byte	96
 754 0220 B2       		.byte	-78
 755 0221 04       		.byte	4
 756 0222 B3       		.byte	-77
 757 0223 18       		.byte	24
 758 0224 B5       		.byte	-75
 759 0225 07       		.byte	7
 760 0226 B6       		.byte	-74
 761 0227 02       		.byte	2
 762 0228 B7       		.byte	-73
 763 0229 80       		.byte	-128
 764 022a BE       		.byte	-66
 765 022b 05       		.byte	5
 766 022c BF       		.byte	-65
 767 022d 01       		.byte	1
 768 022e C0       		.byte	-64
 769 022f 25       		.byte	37
 770 0230 C1       		.byte	-63
 771 0231 04       		.byte	4
 772 0232 C2       		.byte	-62
 773 0233 03       		.byte	3
 774 0234 C4       		.byte	-60
 775 0235 01       		.byte	1
 776 0236 C6       		.byte	-58
 777 0237 C0       		.byte	-64
 778 0238 C7       		.byte	-57
 779 0239 0E       		.byte	14
 780 023a C8       		.byte	-56
 781 023b 18       		.byte	24
 782 023c C9       		.byte	-55
 783 023d FF       		.byte	-1
 784 023e CA       		.byte	-54
 785 023f FF       		.byte	-1
 786 0240 CB       		.byte	-53
 787 0241 FF       		.byte	-1
 788 0242 CC       		.byte	-52
 789 0243 62       		.byte	98
 790 0244 CD       		.byte	-51
 791 0245 A0       		.byte	-96
 792 0246 CE       		.byte	-50
 793 0247 F0       		.byte	-16
 794 0248 CF       		.byte	-49
 795 0249 41       		.byte	65
 796 024a D0       		.byte	-48
 797 024b 0C       		.byte	12
 798 024c D4       		.byte	-44
ARM GAS  C:\Users\ali\AppData\Local\Temp\ccaNCRh7.s 			page 15


 799 024d 18       		.byte	24
 800 024e D6       		.byte	-42
 801 024f 04       		.byte	4
 802 0250 D8       		.byte	-40
 803 0251 04       		.byte	4
 804 0252 D9       		.byte	-39
 805 0253 04       		.byte	4
 806 0254 DA       		.byte	-38
 807 0255 04       		.byte	4
 808 0256 DB       		.byte	-37
 809 0257 04       		.byte	4
 810 0258 DF       		.byte	-33
 811 0259 01       		.byte	1
 812 025a E6       		.byte	-26
 813 025b 40       		.byte	64
 814 025c E7       		.byte	-25
 815 025d 02       		.byte	2
 816 025e E9       		.byte	-23
 817 025f 10       		.byte	16
 818 0260 EA       		.byte	-22
 819 0261 30       		.byte	48
 820 0262 EB       		.byte	-21
 821 0263 10       		.byte	16
 822 0264 ED       		.byte	-19
 823 0265 10       		.byte	16
 824 0266 EE       		.byte	-18
 825 0267 10       		.byte	16
 826 0268 EF       		.byte	-17
 827 0269 12       		.byte	18
 828 026a 00       		.byte	0
 829 026b 44       		.byte	68
 830 026c 03       		.byte	3
 831 026d 08       		.byte	8
 832 026e 04       		.byte	4
 833 026f 88       		.byte	-120
 834 0270 06       		.byte	6
 835 0271 14       		.byte	20
 836 0272 0A       		.byte	10
 837 0273 20       		.byte	32
 838 0274 0F       		.byte	15
 839 0275 20       		.byte	32
 840 0276 10       		.byte	16
 841 0277 88       		.byte	-120
 842 0278 12       		.byte	18
 843 0279 02       		.byte	2
 844 027a 15       		.byte	21
 845 027b 14       		.byte	20
 846 027c 17       		.byte	23
 847 027d 01       		.byte	1
 848 027e 18       		.byte	24
 849 027f 44       		.byte	68
 850 0280 19       		.byte	25
 851 0281 40       		.byte	64
 852 0282 1E       		.byte	30
 853 0283 42       		.byte	66
 854 0284 1F       		.byte	31
 855 0285 84       		.byte	-124
ARM GAS  C:\Users\ali\AppData\Local\Temp\ccaNCRh7.s 			page 16


 856 0286 21       		.byte	33
 857 0287 01       		.byte	1
 858 0288 22       		.byte	34
 859 0289 02       		.byte	2
 860 028a 24       		.byte	36
 861 028b 02       		.byte	2
 862 028c 25       		.byte	37
 863 028d 04       		.byte	4
 864 028e 27       		.byte	39
 865 028f 64       		.byte	100
 866 0290 2A       		.byte	42
 867 0291 40       		.byte	64
 868 0292 2B       		.byte	43
 869 0293 C0       		.byte	-64
 870 0294 2F       		.byte	47
 871 0295 01       		.byte	1
 872 0296 30       		.byte	48
 873 0297 80       		.byte	-128
 874 0298 32       		.byte	50
 875 0299 10       		.byte	16
 876 029a 33       		.byte	51
 877 029b 08       		.byte	8
 878 029c 37       		.byte	55
 879 029d 24       		.byte	36
 880 029e 38       		.byte	56
 881 029f 44       		.byte	68
 882 02a0 39       		.byte	57
 883 02a1 02       		.byte	2
 884 02a2 3E       		.byte	62
 885 02a3 14       		.byte	20
 886 02a4 45       		.byte	69
 887 02a5 21       		.byte	33
 888 02a6 46       		.byte	70
 889 02a7 10       		.byte	16
 890 02a8 47       		.byte	71
 891 02a9 40       		.byte	64
 892 02aa 4F       		.byte	79
 893 02ab 80       		.byte	-128
 894 02ac 56       		.byte	86
 895 02ad 04       		.byte	4
 896 02ae 57       		.byte	87
 897 02af 10       		.byte	16
 898 02b0 5D       		.byte	93
 899 02b1 80       		.byte	-128
 900 02b2 5E       		.byte	94
 901 02b3 40       		.byte	64
 902 02b4 5F       		.byte	95
 903 02b5 02       		.byte	2
 904 02b6 65       		.byte	101
 905 02b7 81       		.byte	-127
 906 02b8 67       		.byte	103
 907 02b9 48       		.byte	72
 908 02ba 81       		.byte	-127
 909 02bb 01       		.byte	1
 910 02bc 87       		.byte	-121
 911 02bd 40       		.byte	64
 912 02be 90       		.byte	-112
ARM GAS  C:\Users\ali\AppData\Local\Temp\ccaNCRh7.s 			page 17


 913 02bf 88       		.byte	-120
 914 02c0 91       		.byte	-111
 915 02c1 14       		.byte	20
 916 02c2 92       		.byte	-110
 917 02c3 14       		.byte	20
 918 02c4 94       		.byte	-108
 919 02c5 02       		.byte	2
 920 02c6 97       		.byte	-105
 921 02c7 02       		.byte	2
 922 02c8 9B       		.byte	-101
 923 02c9 03       		.byte	3
 924 02ca 9E       		.byte	-98
 925 02cb 80       		.byte	-128
 926 02cc 9F       		.byte	-97
 927 02cd 04       		.byte	4
 928 02ce A1       		.byte	-95
 929 02cf 21       		.byte	33
 930 02d0 A5       		.byte	-91
 931 02d1 04       		.byte	4
 932 02d2 A6       		.byte	-90
 933 02d3 01       		.byte	1
 934 02d4 C0       		.byte	-64
 935 02d5 E7       		.byte	-25
 936 02d6 C2       		.byte	-62
 937 02d7 24       		.byte	36
 938 02d8 C4       		.byte	-60
 939 02d9 7B       		.byte	123
 940 02da CA       		.byte	-54
 941 02db 18       		.byte	24
 942 02dc CC       		.byte	-52
 943 02dd 6E       		.byte	110
 944 02de CE       		.byte	-50
 945 02df 6B       		.byte	107
 946 02e0 D0       		.byte	-48
 947 02e1 F0       		.byte	-16
 948 02e2 D2       		.byte	-46
 949 02e3 10       		.byte	16
 950 02e4 D6       		.byte	-42
 951 02e5 80       		.byte	-128
 952 02e6 D8       		.byte	-40
 953 02e7 B0       		.byte	-80
 954 02e8 01       		.byte	1
 955 02e9 20       		.byte	32
 956 02ea 04       		.byte	4
 957 02eb 07       		.byte	7
 958 02ec 05       		.byte	5
 959 02ed 10       		.byte	16
 960 02ee 09       		.byte	9
 961 02ef 09       		.byte	9
 962 02f0 0B       		.byte	11
 963 02f1 10       		.byte	16
 964 02f2 10       		.byte	16
 965 02f3 02       		.byte	2
 966 02f4 11       		.byte	17
 967 02f5 10       		.byte	16
 968 02f6 12       		.byte	18
 969 02f7 04       		.byte	4
ARM GAS  C:\Users\ali\AppData\Local\Temp\ccaNCRh7.s 			page 18


 970 02f8 13       		.byte	19
 971 02f9 0C       		.byte	12
 972 02fa 15       		.byte	21
 973 02fb 0C       		.byte	12
 974 02fc 17       		.byte	23
 975 02fd 11       		.byte	17
 976 02fe 19       		.byte	25
 977 02ff 40       		.byte	64
 978 0300 1B       		.byte	27
 979 0301 03       		.byte	3
 980 0302 1C       		.byte	28
 981 0303 08       		.byte	8
 982 0304 1E       		.byte	30
 983 0305 01       		.byte	1
 984 0306 20       		.byte	32
 985 0307 07       		.byte	7
 986 0308 25       		.byte	37
 987 0309 14       		.byte	20
 988 030a 2D       		.byte	45
 989 030b 1C       		.byte	28
 990 030c 2F       		.byte	47
 991 030d 02       		.byte	2
 992 030e 32       		.byte	50
 993 030f 0C       		.byte	12
 994 0310 33       		.byte	51
 995 0311 1F       		.byte	31
 996 0312 34       		.byte	52
 997 0313 03       		.byte	3
 998 0314 35       		.byte	53
 999 0315 20       		.byte	32
 1000 0316 37       		.byte	55
 1001 0317 40       		.byte	64
 1002 0318 38       		.byte	56
 1003 0319 28       		.byte	40
 1004 031a 3E       		.byte	62
 1005 031b 10       		.byte	16
 1006 031c 3F       		.byte	63
 1007 031d 50       		.byte	80
 1008 031e 40       		.byte	64
 1009 031f 02       		.byte	2
 1010 0320 47       		.byte	71
 1011 0321 04       		.byte	4
 1012 0322 49       		.byte	73
 1013 0323 FF       		.byte	-1
 1014 0324 4A       		.byte	74
 1015 0325 07       		.byte	7
 1016 0326 4B       		.byte	75
 1017 0327 FF       		.byte	-1
 1018 0328 4C       		.byte	76
 1019 0329 40       		.byte	64
 1020 032a 4D       		.byte	77
 1021 032b 20       		.byte	32
 1022 032c 4E       		.byte	78
 1023 032d F0       		.byte	-16
 1024 032e 4F       		.byte	79
 1025 032f 05       		.byte	5
 1026 0330 50       		.byte	80
ARM GAS  C:\Users\ali\AppData\Local\Temp\ccaNCRh7.s 			page 19


 1027 0331 08       		.byte	8
 1028 0332 56       		.byte	86
 1029 0333 08       		.byte	8
 1030 0334 58       		.byte	88
 1031 0335 04       		.byte	4
 1032 0336 59       		.byte	89
 1033 0337 04       		.byte	4
 1034 0338 5A       		.byte	90
 1035 0339 04       		.byte	4
 1036 033a 5B       		.byte	91
 1037 033b 04       		.byte	4
 1038 033c 5D       		.byte	93
 1039 033d 90       		.byte	-112
 1040 033e 5F       		.byte	95
 1041 033f 01       		.byte	1
 1042 0340 60       		.byte	96
 1043 0341 40       		.byte	64
 1044 0342 61       		.byte	97
 1045 0343 A8       		.byte	-88
 1046 0344 62       		.byte	98
 1047 0345 40       		.byte	64
 1048 0346 63       		.byte	99
 1049 0347 20       		.byte	32
 1050 0348 84       		.byte	-124
 1051 0349 03       		.byte	3
 1052 034a 85       		.byte	-123
 1053 034b 1B       		.byte	27
 1054 034c 86       		.byte	-122
 1055 034d 04       		.byte	4
 1056 034e 88       		.byte	-120
 1057 034f 03       		.byte	3
 1058 0350 8A       		.byte	-118
 1059 0351 0C       		.byte	12
 1060 0352 8B       		.byte	-117
 1061 0353 01       		.byte	1
 1062 0354 8C       		.byte	-116
 1063 0355 0A       		.byte	10
 1064 0356 8D       		.byte	-115
 1065 0357 10       		.byte	16
 1066 0358 8E       		.byte	-114
 1067 0359 04       		.byte	4
 1068 035a 8F       		.byte	-113
 1069 035b 03       		.byte	3
 1070 035c 95       		.byte	-107
 1071 035d 04       		.byte	4
 1072 035e 96       		.byte	-106
 1073 035f 08       		.byte	8
 1074 0360 97       		.byte	-105
 1075 0361 09       		.byte	9
 1076 0362 A4       		.byte	-92
 1077 0363 03       		.byte	3
 1078 0364 A5       		.byte	-91
 1079 0365 1B       		.byte	27
 1080 0366 A6       		.byte	-90
 1081 0367 04       		.byte	4
 1082 0368 AA       		.byte	-86
 1083 0369 05       		.byte	5
ARM GAS  C:\Users\ali\AppData\Local\Temp\ccaNCRh7.s 			page 20


 1084 036a B1       		.byte	-79
 1085 036b 01       		.byte	1
 1086 036c B2       		.byte	-78
 1087 036d 0F       		.byte	15
 1088 036e B3       		.byte	-77
 1089 036f 18       		.byte	24
 1090 0370 B5       		.byte	-75
 1091 0371 06       		.byte	6
 1092 0372 B9       		.byte	-71
 1093 0373 28       		.byte	40
 1094 0374 BA       		.byte	-70
 1095 0375 08       		.byte	8
 1096 0376 BF       		.byte	-65
 1097 0377 05       		.byte	5
 1098 0378 C0       		.byte	-64
 1099 0379 36       		.byte	54
 1100 037a C1       		.byte	-63
 1101 037b 02       		.byte	2
 1102 037c C5       		.byte	-59
 1103 037d E0       		.byte	-32
 1104 037e C6       		.byte	-58
 1105 037f CB       		.byte	-53
 1106 0380 C8       		.byte	-56
 1107 0381 0E       		.byte	14
 1108 0382 C9       		.byte	-55
 1109 0383 FF       		.byte	-1
 1110 0384 CA       		.byte	-54
 1111 0385 FF       		.byte	-1
 1112 0386 CB       		.byte	-53
 1113 0387 FF       		.byte	-1
 1114 0388 CE       		.byte	-50
 1115 0389 F0       		.byte	-16
 1116 038a CF       		.byte	-49
 1117 038b 44       		.byte	68
 1118 038c D0       		.byte	-48
 1119 038d 0C       		.byte	12
 1120 038e D4       		.byte	-44
 1121 038f 01       		.byte	1
 1122 0390 D6       		.byte	-42
 1123 0391 04       		.byte	4
 1124 0392 D8       		.byte	-40
 1125 0393 04       		.byte	4
 1126 0394 D9       		.byte	-39
 1127 0395 04       		.byte	4
 1128 0396 DA       		.byte	-38
 1129 0397 04       		.byte	4
 1130 0398 DB       		.byte	-37
 1131 0399 04       		.byte	4
 1132 039a DC       		.byte	-36
 1133 039b 11       		.byte	17
 1134 039c DD       		.byte	-35
 1135 039d 11       		.byte	17
 1136 039e DF       		.byte	-33
 1137 039f 01       		.byte	1
 1138 03a0 E6       		.byte	-26
 1139 03a1 C0       		.byte	-64
 1140 03a2 EA       		.byte	-22
ARM GAS  C:\Users\ali\AppData\Local\Temp\ccaNCRh7.s 			page 21


 1141 03a3 40       		.byte	64
 1142 03a4 EB       		.byte	-21
 1143 03a5 02       		.byte	2
 1144 03a6 00       		.byte	0
 1145 03a7 44       		.byte	68
 1146 03a8 03       		.byte	3
 1147 03a9 08       		.byte	8
 1148 03aa 05       		.byte	5
 1149 03ab 04       		.byte	4
 1150 03ac 0A       		.byte	10
 1151 03ad 20       		.byte	32
 1152 03ae 0D       		.byte	13
 1153 03af 80       		.byte	-128
 1154 03b0 0E       		.byte	14
 1155 03b1 40       		.byte	64
 1156 03b2 0F       		.byte	15
 1157 03b3 02       		.byte	2
 1158 03b4 10       		.byte	16
 1159 03b5 38       		.byte	56
 1160 03b6 17       		.byte	23
 1161 03b7 01       		.byte	1
 1162 03b8 19       		.byte	25
 1163 03b9 08       		.byte	8
 1164 03ba 1B       		.byte	27
 1165 03bb 08       		.byte	8
 1166 03bc 1C       		.byte	28
 1167 03bd 10       		.byte	16
 1168 03be 1D       		.byte	29
 1169 03bf 20       		.byte	32
 1170 03c0 21       		.byte	33
 1171 03c1 01       		.byte	1
 1172 03c2 22       		.byte	34
 1173 03c3 18       		.byte	24
 1174 03c4 27       		.byte	39
 1175 03c5 26       		.byte	38
 1176 03c6 29       		.byte	41
 1177 03c7 08       		.byte	8
 1178 03c8 2E       		.byte	46
 1179 03c9 40       		.byte	64
 1180 03ca 2F       		.byte	47
 1181 03cb 20       		.byte	32
 1182 03cc 30       		.byte	48
 1183 03cd 08       		.byte	8
 1184 03ce 35       		.byte	53
 1185 03cf 04       		.byte	4
 1186 03d0 37       		.byte	55
 1187 03d1 21       		.byte	33
 1188 03d2 38       		.byte	56
 1189 03d3 64       		.byte	100
 1190 03d4 3C       		.byte	60
 1191 03d5 10       		.byte	16
 1192 03d6 3E       		.byte	62
 1193 03d7 08       		.byte	8
 1194 03d8 3F       		.byte	63
 1195 03d9 01       		.byte	1
 1196 03da 40       		.byte	64
 1197 03db 84       		.byte	-124
ARM GAS  C:\Users\ali\AppData\Local\Temp\ccaNCRh7.s 			page 22


 1198 03dc 41       		.byte	65
 1199 03dd 01       		.byte	1
 1200 03de 43       		.byte	67
 1201 03df 08       		.byte	8
 1202 03e0 45       		.byte	69
 1203 03e1 20       		.byte	32
 1204 03e2 48       		.byte	72
 1205 03e3 08       		.byte	8
 1206 03e4 49       		.byte	73
 1207 03e5 01       		.byte	1
 1208 03e6 4B       		.byte	75
 1209 03e7 01       		.byte	1
 1210 03e8 4F       		.byte	79
 1211 03e9 02       		.byte	2
 1212 03ea 50       		.byte	80
 1213 03eb 30       		.byte	48
 1214 03ec 52       		.byte	82
 1215 03ed 40       		.byte	64
 1216 03ee 56       		.byte	86
 1217 03ef 0C       		.byte	12
 1218 03f0 58       		.byte	88
 1219 03f1 90       		.byte	-112
 1220 03f2 59       		.byte	89
 1221 03f3 01       		.byte	1
 1222 03f4 5B       		.byte	91
 1223 03f5 04       		.byte	4
 1224 03f6 5D       		.byte	93
 1225 03f7 40       		.byte	64
 1226 03f8 61       		.byte	97
 1227 03f9 02       		.byte	2
 1228 03fa 66       		.byte	102
 1229 03fb 80       		.byte	-128
 1230 03fc 67       		.byte	103
 1231 03fd 02       		.byte	2
 1232 03fe 90       		.byte	-112
 1233 03ff 44       		.byte	68
 1234 0400 96       		.byte	-106
 1235 0401 20       		.byte	32
 1236 0402 97       		.byte	-105
 1237 0403 02       		.byte	2
 1238 0404 9E       		.byte	-98
 1239 0405 C0       		.byte	-64
 1240 0406 A4       		.byte	-92
 1241 0407 88       		.byte	-120
 1242 0408 A7       		.byte	-89
 1243 0409 08       		.byte	8
 1244 040a AD       		.byte	-83
 1245 040b 40       		.byte	64
 1246 040c C0       		.byte	-64
 1247 040d 27       		.byte	39
 1248 040e C2       		.byte	-62
 1249 040f 94       		.byte	-108
 1250 0410 C4       		.byte	-60
 1251 0411 16       		.byte	22
 1252 0412 CA       		.byte	-54
 1253 0413 52       		.byte	82
 1254 0414 CC       		.byte	-52
ARM GAS  C:\Users\ali\AppData\Local\Temp\ccaNCRh7.s 			page 23


 1255 0415 E2       		.byte	-30
 1256 0416 CE       		.byte	-50
 1257 0417 EE       		.byte	-18
 1258 0418 D0       		.byte	-48
 1259 0419 26       		.byte	38
 1260 041a D2       		.byte	-46
 1261 041b 04       		.byte	4
 1262 041c D6       		.byte	-42
 1263 041d 1F       		.byte	31
 1264 041e D8       		.byte	-40
 1265 041f 11       		.byte	17
 1266 0420 83       		.byte	-125
 1267 0421 01       		.byte	1
 1268 0422 8C       		.byte	-116
 1269 0423 01       		.byte	1
 1270 0424 8E       		.byte	-114
 1271 0425 26       		.byte	38
 1272 0426 94       		.byte	-108
 1273 0427 0A       		.byte	10
 1274 0428 96       		.byte	-106
 1275 0429 51       		.byte	81
 1276 042a 9C       		.byte	-100
 1277 042b 14       		.byte	20
 1278 042c 9E       		.byte	-98
 1279 042d 49       		.byte	73
 1280 042e A4       		.byte	-92
 1281 042f 1F       		.byte	31
 1282 0430 A8       		.byte	-88
 1283 0431 1F       		.byte	31
 1284 0432 B0       		.byte	-80
 1285 0433 60       		.byte	96
 1286 0434 B2       		.byte	-78
 1287 0435 18       		.byte	24
 1288 0436 B6       		.byte	-74
 1289 0437 07       		.byte	7
 1290 0438 B7       		.byte	-73
 1291 0439 01       		.byte	1
 1292 043a BE       		.byte	-66
 1293 043b 01       		.byte	1
 1294 043c D6       		.byte	-42
 1295 043d 08       		.byte	8
 1296 043e D8       		.byte	-40
 1297 043f 04       		.byte	4
 1298 0440 D9       		.byte	-39
 1299 0441 04       		.byte	4
 1300 0442 DB       		.byte	-37
 1301 0443 04       		.byte	4
 1302 0444 DC       		.byte	-36
 1303 0445 11       		.byte	17
 1304 0446 DD       		.byte	-35
 1305 0447 90       		.byte	-112
 1306 0448 DF       		.byte	-33
 1307 0449 01       		.byte	1
 1308 044a 00       		.byte	0
 1309 044b 40       		.byte	64
 1310 044c 02       		.byte	2
 1311 044d 20       		.byte	32
ARM GAS  C:\Users\ali\AppData\Local\Temp\ccaNCRh7.s 			page 24


 1312 044e 03       		.byte	3
 1313 044f 88       		.byte	-120
 1314 0450 05       		.byte	5
 1315 0451 40       		.byte	64
 1316 0452 06       		.byte	6
 1317 0453 01       		.byte	1
 1318 0454 08       		.byte	8
 1319 0455 01       		.byte	1
 1320 0456 09       		.byte	9
 1321 0457 40       		.byte	64
 1322 0458 0A       		.byte	10
 1323 0459 14       		.byte	20
 1324 045a 0E       		.byte	14
 1325 045b 20       		.byte	32
 1326 045c 0F       		.byte	15
 1327 045d 01       		.byte	1
 1328 045e 10       		.byte	16
 1329 045f A8       		.byte	-88
 1330 0460 12       		.byte	18
 1331 0461 01       		.byte	1
 1332 0462 17       		.byte	23
 1333 0463 14       		.byte	20
 1334 0464 18       		.byte	24
 1335 0465 40       		.byte	64
 1336 0466 19       		.byte	25
 1337 0467 15       		.byte	21
 1338 0468 1A       		.byte	26
 1339 0469 14       		.byte	20
 1340 046a 1B       		.byte	27
 1341 046b 80       		.byte	-128
 1342 046c 1D       		.byte	29
 1343 046d 42       		.byte	66
 1344 046e 1E       		.byte	30
 1345 046f 20       		.byte	32
 1346 0470 20       		.byte	32
 1347 0471 04       		.byte	4
 1348 0472 21       		.byte	33
 1349 0473 01       		.byte	1
 1350 0474 22       		.byte	34
 1351 0475 14       		.byte	20
 1352 0476 23       		.byte	35
 1353 0477 02       		.byte	2
 1354 0478 25       		.byte	37
 1355 0479 40       		.byte	64
 1356 047a 29       		.byte	41
 1357 047b 55       		.byte	85
 1358 047c 2A       		.byte	42
 1359 047d 02       		.byte	2
 1360 047e 30       		.byte	48
 1361 047f 11       		.byte	17
 1362 0480 33       		.byte	51
 1363 0481 88       		.byte	-120
 1364 0482 34       		.byte	52
 1365 0483 10       		.byte	16
 1366 0484 36       		.byte	54
 1367 0485 30       		.byte	48
 1368 0486 38       		.byte	56
ARM GAS  C:\Users\ali\AppData\Local\Temp\ccaNCRh7.s 			page 25


 1369 0487 A8       		.byte	-88
 1370 0488 3F       		.byte	63
 1371 0489 01       		.byte	1
 1372 048a 40       		.byte	64
 1373 048b 04       		.byte	4
 1374 048c 41       		.byte	65
 1375 048d 02       		.byte	2
 1376 048e 42       		.byte	66
 1377 048f 02       		.byte	2
 1378 0490 43       		.byte	67
 1379 0491 08       		.byte	8
 1380 0492 48       		.byte	72
 1381 0493 10       		.byte	16
 1382 0494 49       		.byte	73
 1383 0495 10       		.byte	16
 1384 0496 53       		.byte	83
 1385 0497 10       		.byte	16
 1386 0498 5A       		.byte	90
 1387 0499 08       		.byte	8
 1388 049a 5C       		.byte	92
 1389 049b 80       		.byte	-128
 1390 049c 64       		.byte	100
 1391 049d 01       		.byte	1
 1392 049e 67       		.byte	103
 1393 049f 01       		.byte	1
 1394 04a0 69       		.byte	105
 1395 04a1 54       		.byte	84
 1396 04a2 6B       		.byte	107
 1397 04a3 14       		.byte	20
 1398 04a4 70       		.byte	112
 1399 04a5 FC       		.byte	-4
 1400 04a6 84       		.byte	-124
 1401 04a7 80       		.byte	-128
 1402 04a8 95       		.byte	-107
 1403 04a9 56       		.byte	86
 1404 04aa 96       		.byte	-106
 1405 04ab 20       		.byte	32
 1406 04ac 97       		.byte	-105
 1407 04ad 20       		.byte	32
 1408 04ae 9F       		.byte	-97
 1409 04af 02       		.byte	2
 1410 04b0 A3       		.byte	-93
 1411 04b1 08       		.byte	8
 1412 04b2 A4       		.byte	-92
 1413 04b3 10       		.byte	16
 1414 04b4 C0       		.byte	-64
 1415 04b5 8F       		.byte	-113
 1416 04b6 C2       		.byte	-62
 1417 04b7 AF       		.byte	-81
 1418 04b8 C4       		.byte	-60
 1419 04b9 6F       		.byte	111
 1420 04ba CA       		.byte	-54
 1421 04bb 0F       		.byte	15
 1422 04bc CC       		.byte	-52
 1423 04bd 0F       		.byte	15
 1424 04be CE       		.byte	-50
 1425 04bf 8E       		.byte	-114
ARM GAS  C:\Users\ali\AppData\Local\Temp\ccaNCRh7.s 			page 26


 1426 04c0 D0       		.byte	-48
 1427 04c1 0F       		.byte	15
 1428 04c2 D2       		.byte	-46
 1429 04c3 04       		.byte	4
 1430 04c4 D6       		.byte	-42
 1431 04c5 12       		.byte	18
 1432 04c6 D8       		.byte	-40
 1433 04c7 10       		.byte	16
 1434 04c8 00       		.byte	0
 1435 04c9 1C       		.byte	28
 1436 04ca 02       		.byte	2
 1437 04cb 03       		.byte	3
 1438 04cc 03       		.byte	3
 1439 04cd 2A       		.byte	42
 1440 04ce 05       		.byte	5
 1441 04cf 06       		.byte	6
 1442 04d0 07       		.byte	7
 1443 04d1 28       		.byte	40
 1444 04d2 0A       		.byte	10
 1445 04d3 1C       		.byte	28
 1446 04d4 0B       		.byte	11
 1447 04d5 10       		.byte	16
 1448 04d6 0C       		.byte	12
 1449 04d7 01       		.byte	1
 1450 04d8 0E       		.byte	14
 1451 04d9 16       		.byte	22
 1452 04da 11       		.byte	17
 1453 04db 26       		.byte	38
 1454 04dc 13       		.byte	19
 1455 04dd 18       		.byte	24
 1456 04de 14       		.byte	20
 1457 04df 01       		.byte	1
 1458 04e0 15       		.byte	21
 1459 04e1 26       		.byte	38
 1460 04e2 16       		.byte	22
 1461 04e3 0E       		.byte	14
 1462 04e4 17       		.byte	23
 1463 04e5 08       		.byte	8
 1464 04e6 1D       		.byte	29
 1465 04e7 01       		.byte	1
 1466 04e8 1E       		.byte	30
 1467 04e9 03       		.byte	3
 1468 04ea 2A       		.byte	42
 1469 04eb 08       		.byte	8
 1470 04ec 2D       		.byte	45
 1471 04ed 14       		.byte	20
 1472 04ee 2F       		.byte	47
 1473 04ef 28       		.byte	40
 1474 04f0 30       		.byte	48
 1475 04f1 0F       		.byte	15
 1476 04f2 31       		.byte	49
 1477 04f3 20       		.byte	32
 1478 04f4 32       		.byte	50
 1479 04f5 1A       		.byte	26
 1480 04f6 35       		.byte	53
 1481 04f7 01       		.byte	1
 1482 04f8 37       		.byte	55
ARM GAS  C:\Users\ali\AppData\Local\Temp\ccaNCRh7.s 			page 27


 1483 04f9 1E       		.byte	30
 1484 04fa 3A       		.byte	58
 1485 04fb 0A       		.byte	10
 1486 04fc 3B       		.byte	59
 1487 04fd 80       		.byte	-128
 1488 04fe 3F       		.byte	63
 1489 04ff 11       		.byte	17
 1490 0500 40       		.byte	64
 1491 0501 41       		.byte	65
 1492 0502 41       		.byte	65
 1493 0503 03       		.byte	3
 1494 0504 45       		.byte	69
 1495 0505 EC       		.byte	-20
 1496 0506 46       		.byte	70
 1497 0507 B0       		.byte	-80
 1498 0508 48       		.byte	72
 1499 0509 0B       		.byte	11
 1500 050a 49       		.byte	73
 1501 050b FF       		.byte	-1
 1502 050c 4A       		.byte	74
 1503 050d FF       		.byte	-1
 1504 050e 4B       		.byte	75
 1505 050f FF       		.byte	-1
 1506 0510 4E       		.byte	78
 1507 0511 F0       		.byte	-16
 1508 0512 4F       		.byte	79
 1509 0513 44       		.byte	68
 1510 0514 50       		.byte	80
 1511 0515 0C       		.byte	12
 1512 0516 54       		.byte	84
 1513 0517 01       		.byte	1
 1514 0518 56       		.byte	86
 1515 0519 04       		.byte	4
 1516 051a 58       		.byte	88
 1517 051b 04       		.byte	4
 1518 051c 59       		.byte	89
 1519 051d 04       		.byte	4
 1520 051e 5A       		.byte	90
 1521 051f 04       		.byte	4
 1522 0520 5B       		.byte	91
 1523 0521 04       		.byte	4
 1524 0522 5F       		.byte	95
 1525 0523 01       		.byte	1
 1526 0524 66       		.byte	102
 1527 0525 C0       		.byte	-64
 1528 0526 6A       		.byte	106
 1529 0527 40       		.byte	64
 1530 0528 6B       		.byte	107
 1531 0529 02       		.byte	2
 1532 052a 83       		.byte	-125
 1533 052b 01       		.byte	1
 1534 052c 8A       		.byte	-118
 1535 052d 02       		.byte	2
 1536 052e 8B       		.byte	-117
 1537 052f 01       		.byte	1
 1538 0530 8C       		.byte	-116
 1539 0531 01       		.byte	1
ARM GAS  C:\Users\ali\AppData\Local\Temp\ccaNCRh7.s 			page 28


 1540 0532 96       		.byte	-106
 1541 0533 02       		.byte	2
 1542 0534 A4       		.byte	-92
 1543 0535 01       		.byte	1
 1544 0536 A8       		.byte	-88
 1545 0537 01       		.byte	1
 1546 0538 B0       		.byte	-80
 1547 0539 02       		.byte	2
 1548 053a B2       		.byte	-78
 1549 053b 01       		.byte	1
 1550 053c B5       		.byte	-75
 1551 053d 01       		.byte	1
 1552 053e BE       		.byte	-66
 1553 053f 01       		.byte	1
 1554 0540 BF       		.byte	-65
 1555 0541 10       		.byte	16
 1556 0542 C0       		.byte	-64
 1557 0543 06       		.byte	6
 1558 0544 C6       		.byte	-58
 1559 0545 04       		.byte	4
 1560 0546 C9       		.byte	-55
 1561 0547 FF       		.byte	-1
 1562 0548 CA       		.byte	-54
 1563 0549 07       		.byte	7
 1564 054a CB       		.byte	-53
 1565 054b FF       		.byte	-1
 1566 054c CC       		.byte	-52
 1567 054d 40       		.byte	64
 1568 054e CD       		.byte	-51
 1569 054f 20       		.byte	32
 1570 0550 CE       		.byte	-50
 1571 0551 F0       		.byte	-16
 1572 0552 CF       		.byte	-49
 1573 0553 05       		.byte	5
 1574 0554 D0       		.byte	-48
 1575 0555 08       		.byte	8
 1576 0556 D4       		.byte	-44
 1577 0557 18       		.byte	24
 1578 0558 D6       		.byte	-42
 1579 0559 04       		.byte	4
 1580 055a D8       		.byte	-40
 1581 055b 04       		.byte	4
 1582 055c D9       		.byte	-39
 1583 055d 04       		.byte	4
 1584 055e DA       		.byte	-38
 1585 055f 04       		.byte	4
 1586 0560 DB       		.byte	-37
 1587 0561 04       		.byte	4
 1588 0562 DC       		.byte	-36
 1589 0563 01       		.byte	1
 1590 0564 DD       		.byte	-35
 1591 0565 11       		.byte	17
 1592 0566 DF       		.byte	-33
 1593 0567 01       		.byte	1
 1594 0568 E0       		.byte	-32
 1595 0569 40       		.byte	64
 1596 056a E1       		.byte	-31
ARM GAS  C:\Users\ali\AppData\Local\Temp\ccaNCRh7.s 			page 29


 1597 056b A8       		.byte	-88
 1598 056c E2       		.byte	-30
 1599 056d 40       		.byte	64
 1600 056e E3       		.byte	-29
 1601 056f 20       		.byte	32
 1602 0570 00       		.byte	0
 1603 0571 20       		.byte	32
 1604 0572 01       		.byte	1
 1605 0573 40       		.byte	64
 1606 0574 04       		.byte	4
 1607 0575 10       		.byte	16
 1608 0576 05       		.byte	5
 1609 0577 01       		.byte	1
 1610 0578 07       		.byte	7
 1611 0579 01       		.byte	1
 1612 057a 08       		.byte	8
 1613 057b 20       		.byte	32
 1614 057c 0A       		.byte	10
 1615 057d 20       		.byte	32
 1616 057e 0B       		.byte	11
 1617 057f 04       		.byte	4
 1618 0580 0D       		.byte	13
 1619 0581 88       		.byte	-120
 1620 0582 11       		.byte	17
 1621 0583 14       		.byte	20
 1622 0584 16       		.byte	22
 1623 0585 04       		.byte	4
 1624 0586 1B       		.byte	27
 1625 0587 09       		.byte	9
 1626 0588 1D       		.byte	29
 1627 0589 0D       		.byte	13
 1628 058a 1E       		.byte	30
 1629 058b 40       		.byte	64
 1630 058c 20       		.byte	32
 1631 058d 04       		.byte	4
 1632 058e 27       		.byte	39
 1633 058f 89       		.byte	-119
 1634 0590 2E       		.byte	46
 1635 0591 40       		.byte	64
 1636 0592 35       		.byte	53
 1637 0593 04       		.byte	4
 1638 0594 36       		.byte	54
 1639 0595 80       		.byte	-128
 1640 0596 37       		.byte	55
 1641 0597 01       		.byte	1
 1642 0598 39       		.byte	57
 1643 0599 02       		.byte	2
 1644 059a 3B       		.byte	59
 1645 059b 20       		.byte	32
 1646 059c 3C       		.byte	60
 1647 059d 10       		.byte	16
 1648 059e 3E       		.byte	62
 1649 059f 02       		.byte	2
 1650 05a0 3F       		.byte	63
 1651 05a1 04       		.byte	4
 1652 05a2 45       		.byte	69
 1653 05a3 88       		.byte	-120
ARM GAS  C:\Users\ali\AppData\Local\Temp\ccaNCRh7.s 			page 30


 1654 05a4 46       		.byte	70
 1655 05a5 02       		.byte	2
 1656 05a6 47       		.byte	71
 1657 05a7 01       		.byte	1
 1658 05a8 4A       		.byte	74
 1659 05a9 08       		.byte	8
 1660 05aa 4D       		.byte	77
 1661 05ab 01       		.byte	1
 1662 05ac 4E       		.byte	78
 1663 05ad 80       		.byte	-128
 1664 05ae 4F       		.byte	79
 1665 05af 04       		.byte	4
 1666 05b0 50       		.byte	80
 1667 05b1 88       		.byte	-120
 1668 05b2 57       		.byte	87
 1669 05b3 20       		.byte	32
 1670 05b4 5B       		.byte	91
 1671 05b5 02       		.byte	2
 1672 05b6 5C       		.byte	92
 1673 05b7 20       		.byte	32
 1674 05b8 5D       		.byte	93
 1675 05b9 01       		.byte	1
 1676 05ba 5F       		.byte	95
 1677 05bb 88       		.byte	-120
 1678 05bc 60       		.byte	96
 1679 05bd 44       		.byte	68
 1680 05be 63       		.byte	99
 1681 05bf 02       		.byte	2
 1682 05c0 67       		.byte	103
 1683 05c1 40       		.byte	64
 1684 05c2 80       		.byte	-128
 1685 05c3 40       		.byte	64
 1686 05c4 87       		.byte	-121
 1687 05c5 40       		.byte	64
 1688 05c6 90       		.byte	-112
 1689 05c7 10       		.byte	16
 1690 05c8 96       		.byte	-106
 1691 05c9 40       		.byte	64
 1692 05ca 9A       		.byte	-102
 1693 05cb 04       		.byte	4
 1694 05cc 9D       		.byte	-99
 1695 05cd 04       		.byte	4
 1696 05ce 9F       		.byte	-97
 1697 05cf 01       		.byte	1
 1698 05d0 A1       		.byte	-95
 1699 05d1 80       		.byte	-128
 1700 05d2 A2       		.byte	-94
 1701 05d3 08       		.byte	8
 1702 05d4 A4       		.byte	-92
 1703 05d5 88       		.byte	-120
 1704 05d6 A7       		.byte	-89
 1705 05d7 20       		.byte	32
 1706 05d8 B5       		.byte	-75
 1707 05d9 42       		.byte	66
 1708 05da B7       		.byte	-73
 1709 05db 02       		.byte	2
 1710 05dc C0       		.byte	-64
ARM GAS  C:\Users\ali\AppData\Local\Temp\ccaNCRh7.s 			page 31


 1711 05dd D3       		.byte	-45
 1712 05de C2       		.byte	-62
 1713 05df A4       		.byte	-92
 1714 05e0 C4       		.byte	-60
 1715 05e1 46       		.byte	70
 1716 05e2 CA       		.byte	-54
 1717 05e3 10       		.byte	16
 1718 05e4 CC       		.byte	-52
 1719 05e5 D0       		.byte	-48
 1720 05e6 CE       		.byte	-50
 1721 05e7 E5       		.byte	-27
 1722 05e8 D0       		.byte	-48
 1723 05e9 D0       		.byte	-48
 1724 05ea D2       		.byte	-46
 1725 05eb 04       		.byte	4
 1726 05ec D6       		.byte	-42
 1727 05ed F1       		.byte	-15
 1728 05ee D8       		.byte	-40
 1729 05ef 8D       		.byte	-115
 1730 05f0 E8       		.byte	-24
 1731 05f1 40       		.byte	64
 1732 05f2 EA       		.byte	-22
 1733 05f3 10       		.byte	16
 1734 05f4 EE       		.byte	-18
 1735 05f5 10       		.byte	16
 1736 05f6 30       		.byte	48
 1737 05f7 02       		.byte	2
 1738 05f8 33       		.byte	51
 1739 05f9 80       		.byte	-128
 1740 05fa 37       		.byte	55
 1741 05fb 82       		.byte	-126
 1742 05fc 3B       		.byte	59
 1743 05fd 20       		.byte	32
 1744 05fe CC       		.byte	-52
 1745 05ff F0       		.byte	-16
 1746 0600 CE       		.byte	-50
 1747 0601 10       		.byte	16
 1748 0602 97       		.byte	-105
 1749 0603 20       		.byte	32
 1750 0604 9F       		.byte	-97
 1751 0605 82       		.byte	-126
 1752 0606 A4       		.byte	-92
 1753 0607 02       		.byte	2
 1754 0608 A7       		.byte	-89
 1755 0609 80       		.byte	-128
 1756 060a 52       		.byte	82
 1757 060b 80       		.byte	-128
 1758 060c 80       		.byte	-128
 1759 060d 02       		.byte	2
 1760 060e 87       		.byte	-121
 1761 060f 10       		.byte	16
 1762 0610 97       		.byte	-105
 1763 0611 20       		.byte	32
 1764 0612 9F       		.byte	-97
 1765 0613 82       		.byte	-126
 1766 0614 A4       		.byte	-92
 1767 0615 02       		.byte	2
ARM GAS  C:\Users\ali\AppData\Local\Temp\ccaNCRh7.s 			page 32


 1768 0616 A7       		.byte	-89
 1769 0617 80       		.byte	-128
 1770 0618 D4       		.byte	-44
 1771 0619 20       		.byte	32
 1772 061a E2       		.byte	-30
 1773 061b 20       		.byte	32
 1774 061c E6       		.byte	-26
 1775 061d 40       		.byte	64
 1776 061e 9F       		.byte	-97
 1777 061f 82       		.byte	-126
 1778 0620 A7       		.byte	-89
 1779 0621 80       		.byte	-128
 1780 0622 AE       		.byte	-82
 1781 0623 80       		.byte	-128
 1782 0624 EE       		.byte	-18
 1783 0625 10       		.byte	16
 1784 0626 83       		.byte	-125
 1785 0627 80       		.byte	-128
 1786 0628 87       		.byte	-121
 1787 0629 02       		.byte	2
 1788 062a 9D       		.byte	-99
 1789 062b 02       		.byte	2
 1790 062c 9F       		.byte	-97
 1791 062d 02       		.byte	2
 1792 062e A3       		.byte	-93
 1793 062f 08       		.byte	8
 1794 0630 A7       		.byte	-89
 1795 0631 80       		.byte	-128
 1796 0632 B5       		.byte	-75
 1797 0633 02       		.byte	2
 1798 0634 B7       		.byte	-73
 1799 0635 88       		.byte	-120
 1800 0636 E6       		.byte	-26
 1801 0637 60       		.byte	96
 1802 0638 05       		.byte	5
 1803 0639 02       		.byte	2
 1804 063a 12       		.byte	18
 1805 063b 20       		.byte	32
 1806 063c 57       		.byte	87
 1807 063d 08       		.byte	8
 1808 063e 86       		.byte	-122
 1809 063f 20       		.byte	32
 1810 0640 9D       		.byte	-99
 1811 0641 02       		.byte	2
 1812 0642 A3       		.byte	-93
 1813 0643 08       		.byte	8
 1814 0644 C0       		.byte	-64
 1815 0645 20       		.byte	32
 1816 0646 C4       		.byte	-60
 1817 0647 10       		.byte	16
 1818 0648 D4       		.byte	-44
 1819 0649 40       		.byte	64
 1820 064a E4       		.byte	-28
 1821 064b 40       		.byte	64
 1822 064c 00       		.byte	0
 1823 064d 03       		.byte	3
 1824 064e 01       		.byte	1
ARM GAS  C:\Users\ali\AppData\Local\Temp\ccaNCRh7.s 			page 33


 1825 064f 01       		.byte	1
 1826 0650 08       		.byte	8
 1827 0651 01       		.byte	1
 1828 0652 0A       		.byte	10
 1829 0653 03       		.byte	3
 1830 0654 0B       		.byte	11
 1831 0655 01       		.byte	1
 1832 0656 10       		.byte	16
 1833 0657 03       		.byte	3
 1834 0658 11       		.byte	17
 1835 0659 01       		.byte	1
 1836 065a 1A       		.byte	26
 1837 065b 03       		.byte	3
 1838 065c 1B       		.byte	27
 1839 065d 01       		.byte	1
 1840 065e 00       		.byte	0
 1841 065f FF       		.byte	-1
 1842 0660 01       		.byte	1
 1843 0661 03       		.byte	3
 1844 0662 0000     		.space	2
 1845              		.type	BS_IOPINS0_0_VAL.5009, %object
 1846              		.size	BS_IOPINS0_0_VAL.5009, 8
 1847              	BS_IOPINS0_0_VAL.5009:
 1848 0664 00       		.byte	0
 1849 0665 70       		.byte	112
 1850 0666 70       		.byte	112
 1851 0667 00       		.byte	0
 1852 0668 00       		.byte	0
 1853 0669 00       		.byte	0
 1854 066a 00       		.byte	0
 1855 066b 00       		.byte	0
 1856              		.type	BS_IOPINS0_7_VAL.5010, %object
 1857              		.size	BS_IOPINS0_7_VAL.5010, 10
 1858              	BS_IOPINS0_7_VAL.5010:
 1859 066c 02       		.byte	2
 1860 066d 00       		.byte	0
 1861 066e 01       		.byte	1
 1862 066f 02       		.byte	2
 1863 0670 02       		.byte	2
 1864 0671 00       		.byte	0
 1865 0672 02       		.byte	2
 1866 0673 00       		.byte	0
 1867 0674 00       		.byte	0
 1868 0675 00       		.byte	0
 1869 0676 0000     		.space	2
 1870              		.type	BS_IOPINS0_1_VAL.5011, %object
 1871              		.size	BS_IOPINS0_1_VAL.5011, 8
 1872              	BS_IOPINS0_1_VAL.5011:
 1873 0678 00       		.byte	0
 1874 0679 0B       		.byte	11
 1875 067a 0B       		.byte	11
 1876 067b 00       		.byte	0
 1877 067c 00       		.byte	0
 1878 067d 00       		.byte	0
 1879 067e 00       		.byte	0
 1880 067f 00       		.byte	0
 1881              		.type	BS_IOPINS0_2_VAL.5012, %object
ARM GAS  C:\Users\ali\AppData\Local\Temp\ccaNCRh7.s 			page 34


 1882              		.size	BS_IOPINS0_2_VAL.5012, 10
 1883              	BS_IOPINS0_2_VAL.5012:
 1884 0680 9E       		.byte	-98
 1885 0681 00       		.byte	0
 1886 0682 00       		.byte	0
 1887 0683 DE       		.byte	-34
 1888 0684 40       		.byte	64
 1889 0685 00       		.byte	0
 1890 0686 00       		.byte	0
 1891 0687 00       		.byte	0
 1892 0688 00       		.byte	0
 1893 0689 00       		.byte	0
 1894 068a 0000     		.space	2
 1895              		.type	BS_IOPINS0_3_VAL.5013, %object
 1896              		.size	BS_IOPINS0_3_VAL.5013, 10
 1897              	BS_IOPINS0_3_VAL.5013:
 1898 068c 01       		.byte	1
 1899 068d 00       		.byte	0
 1900 068e 02       		.byte	2
 1901 068f 01       		.byte	1
 1902 0690 01       		.byte	1
 1903 0691 00       		.byte	0
 1904 0692 01       		.byte	1
 1905 0693 00       		.byte	0
 1906 0694 00       		.byte	0
 1907 0695 00       		.byte	0
 1908 0696 0000     		.space	2
 1909              		.type	BS_IOPINS0_5_VAL.5014, %object
 1910              		.size	BS_IOPINS0_5_VAL.5014, 8
 1911              	BS_IOPINS0_5_VAL.5014:
 1912 0698 00       		.byte	0
 1913 0699 01       		.byte	1
 1914 069a 01       		.byte	1
 1915 069b 00       		.byte	0
 1916 069c 00       		.byte	0
 1917 069d 00       		.byte	0
 1918 069e 00       		.byte	0
 1919 069f 00       		.byte	0
 1920              		.type	BS_IOPINS0_6_VAL.5015, %object
 1921              		.size	BS_IOPINS0_6_VAL.5015, 10
 1922              	BS_IOPINS0_6_VAL.5015:
 1923 06a0 70       		.byte	112
 1924 06a1 00       		.byte	0
 1925 06a2 00       		.byte	0
 1926 06a3 70       		.byte	112
 1927 06a4 00       		.byte	0
 1928 06a5 00       		.byte	0
 1929 06a6 00       		.byte	0
 1930 06a7 00       		.byte	0
 1931 06a8 00       		.byte	0
 1932 06a9 00       		.byte	0
 1933              		.ident	"GCC: (GNU Tools for ARM Embedded Processors) 5.4.1 20160609 (release) [ARM/embedded-5-bran
