ARM GAS  C:\Users\ali\AppData\Local\Temp\cc6HDCOF.s 			page 1


   1              		.syntax unified
   2              		.cpu cortex-m3
   3              		.fpu softvfp
   4              		.eabi_attribute 20, 1
   5              		.eabi_attribute 21, 1
   6              		.eabi_attribute 23, 3
   7              		.eabi_attribute 24, 1
   8              		.eabi_attribute 25, 1
   9              		.eabi_attribute 26, 1
  10              		.eabi_attribute 30, 2
  11              		.eabi_attribute 34, 1
  12              		.eabi_attribute 18, 4
  13              		.thumb
  14              		.syntax unified
  15              		.file	"In4.c"
  16              		.section	.text.In4_Write,"ax",%progbits
  17              		.align	2
  18              		.global	In4_Write
  19              		.thumb
  20              		.thumb_func
  21              		.type	In4_Write, %function
  22              	In4_Write:
  23              		@ args = 0, pretend = 0, frame = 0
  24              		@ frame_needed = 0, uses_anonymous_args = 0
  25              		@ link register save eliminated.
  26 0000 044A     		ldr	r2, .L2
  27 0002 0001     		lsls	r0, r0, #4
  28 0004 1378     		ldrb	r3, [r2]	@ zero_extendqisi2
  29 0006 00F01000 		and	r0, r0, #16
  30 000a 03F0EF03 		and	r3, r3, #239
  31 000e 1843     		orrs	r0, r0, r3
  32 0010 1070     		strb	r0, [r2]
  33 0012 7047     		bx	lr
  34              	.L3:
  35              		.align	2
  36              	.L2:
  37 0014 20510040 		.word	1073762592
  38              		.size	In4_Write, .-In4_Write
  39              		.section	.text.In4_SetDriveMode,"ax",%progbits
  40              		.align	2
  41              		.global	In4_SetDriveMode
  42              		.thumb
  43              		.thumb_func
  44              		.type	In4_SetDriveMode, %function
  45              	In4_SetDriveMode:
  46              		@ args = 0, pretend = 0, frame = 0
  47              		@ frame_needed = 0, uses_anonymous_args = 0
  48              		@ link register save eliminated.
  49 0000 044A     		ldr	r2, .L5
  50 0002 00F00E00 		and	r0, r0, #14
  51 0006 1378     		ldrb	r3, [r2]	@ zero_extendqisi2
  52 0008 03F0F103 		and	r3, r3, #241
  53 000c 1843     		orrs	r0, r0, r3
  54 000e 1070     		strb	r0, [r2]
  55 0010 7047     		bx	lr
  56              	.L6:
  57 0012 00BF     		.align	2
ARM GAS  C:\Users\ali\AppData\Local\Temp\cc6HDCOF.s 			page 2


  58              	.L5:
  59 0014 14500040 		.word	1073762324
  60              		.size	In4_SetDriveMode, .-In4_SetDriveMode
  61              		.section	.text.In4_Read,"ax",%progbits
  62              		.align	2
  63              		.global	In4_Read
  64              		.thumb
  65              		.thumb_func
  66              		.type	In4_Read, %function
  67              	In4_Read:
  68              		@ args = 0, pretend = 0, frame = 0
  69              		@ frame_needed = 0, uses_anonymous_args = 0
  70              		@ link register save eliminated.
  71 0000 024B     		ldr	r3, .L8
  72 0002 1878     		ldrb	r0, [r3]	@ zero_extendqisi2
  73 0004 C0F30010 		ubfx	r0, r0, #4, #1
  74 0008 7047     		bx	lr
  75              	.L9:
  76 000a 00BF     		.align	2
  77              	.L8:
  78 000c 21510040 		.word	1073762593
  79              		.size	In4_Read, .-In4_Read
  80              		.section	.text.In4_ReadDataReg,"ax",%progbits
  81              		.align	2
  82              		.global	In4_ReadDataReg
  83              		.thumb
  84              		.thumb_func
  85              		.type	In4_ReadDataReg, %function
  86              	In4_ReadDataReg:
  87              		@ args = 0, pretend = 0, frame = 0
  88              		@ frame_needed = 0, uses_anonymous_args = 0
  89              		@ link register save eliminated.
  90 0000 024B     		ldr	r3, .L11
  91 0002 1878     		ldrb	r0, [r3]	@ zero_extendqisi2
  92 0004 C0F30010 		ubfx	r0, r0, #4, #1
  93 0008 7047     		bx	lr
  94              	.L12:
  95 000a 00BF     		.align	2
  96              	.L11:
  97 000c 20510040 		.word	1073762592
  98              		.size	In4_ReadDataReg, .-In4_ReadDataReg
  99              		.ident	"GCC: (GNU Tools for ARM Embedded Processors) 5.4.1 20160609 (release) [ARM/embedded-5-bran
