ARM GAS  C:\Users\ali\AppData\Local\Temp\ccUrW6ZP.s 			page 1


   1              		.syntax unified
   2              		.cpu cortex-m3
   3              		.fpu softvfp
   4              		.eabi_attribute 20, 1
   5              		.eabi_attribute 21, 1
   6              		.eabi_attribute 23, 3
   7              		.eabi_attribute 24, 1
   8              		.eabi_attribute 25, 1
   9              		.eabi_attribute 26, 1
  10              		.eabi_attribute 30, 2
  11              		.eabi_attribute 34, 1
  12              		.eabi_attribute 18, 4
  13              		.thumb
  14              		.syntax unified
  15              		.file	"In5.c"
  16              		.section	.text.In5_Write,"ax",%progbits
  17              		.align	2
  18              		.global	In5_Write
  19              		.thumb
  20              		.thumb_func
  21              		.type	In5_Write, %function
  22              	In5_Write:
  23              		@ args = 0, pretend = 0, frame = 0
  24              		@ frame_needed = 0, uses_anonymous_args = 0
  25              		@ link register save eliminated.
  26 0000 044A     		ldr	r2, .L2
  27 0002 1378     		ldrb	r3, [r2]	@ zero_extendqisi2
  28 0004 03F07F03 		and	r3, r3, #127
  29 0008 43EAC010 		orr	r0, r3, r0, lsl #7
  30 000c C0B2     		uxtb	r0, r0
  31 000e 1070     		strb	r0, [r2]
  32 0010 7047     		bx	lr
  33              	.L3:
  34 0012 00BF     		.align	2
  35              	.L2:
  36 0014 20510040 		.word	1073762592
  37              		.size	In5_Write, .-In5_Write
  38              		.section	.text.In5_SetDriveMode,"ax",%progbits
  39              		.align	2
  40              		.global	In5_SetDriveMode
  41              		.thumb
  42              		.thumb_func
  43              		.type	In5_SetDriveMode, %function
  44              	In5_SetDriveMode:
  45              		@ args = 0, pretend = 0, frame = 0
  46              		@ frame_needed = 0, uses_anonymous_args = 0
  47              		@ link register save eliminated.
  48 0000 044A     		ldr	r2, .L5
  49 0002 00F00E00 		and	r0, r0, #14
  50 0006 1378     		ldrb	r3, [r2]	@ zero_extendqisi2
  51 0008 03F0F103 		and	r3, r3, #241
  52 000c 1843     		orrs	r0, r0, r3
  53 000e 1070     		strb	r0, [r2]
  54 0010 7047     		bx	lr
  55              	.L6:
  56 0012 00BF     		.align	2
  57              	.L5:
ARM GAS  C:\Users\ali\AppData\Local\Temp\ccUrW6ZP.s 			page 2


  58 0014 17500040 		.word	1073762327
  59              		.size	In5_SetDriveMode, .-In5_SetDriveMode
  60              		.section	.text.In5_Read,"ax",%progbits
  61              		.align	2
  62              		.global	In5_Read
  63              		.thumb
  64              		.thumb_func
  65              		.type	In5_Read, %function
  66              	In5_Read:
  67              		@ args = 0, pretend = 0, frame = 0
  68              		@ frame_needed = 0, uses_anonymous_args = 0
  69              		@ link register save eliminated.
  70 0000 014B     		ldr	r3, .L8
  71 0002 1878     		ldrb	r0, [r3]	@ zero_extendqisi2
  72 0004 C009     		lsrs	r0, r0, #7
  73 0006 7047     		bx	lr
  74              	.L9:
  75              		.align	2
  76              	.L8:
  77 0008 21510040 		.word	1073762593
  78              		.size	In5_Read, .-In5_Read
  79              		.section	.text.In5_ReadDataReg,"ax",%progbits
  80              		.align	2
  81              		.global	In5_ReadDataReg
  82              		.thumb
  83              		.thumb_func
  84              		.type	In5_ReadDataReg, %function
  85              	In5_ReadDataReg:
  86              		@ args = 0, pretend = 0, frame = 0
  87              		@ frame_needed = 0, uses_anonymous_args = 0
  88              		@ link register save eliminated.
  89 0000 014B     		ldr	r3, .L11
  90 0002 1878     		ldrb	r0, [r3]	@ zero_extendqisi2
  91 0004 C009     		lsrs	r0, r0, #7
  92 0006 7047     		bx	lr
  93              	.L12:
  94              		.align	2
  95              	.L11:
  96 0008 20510040 		.word	1073762592
  97              		.size	In5_ReadDataReg, .-In5_ReadDataReg
  98              		.ident	"GCC: (GNU Tools for ARM Embedded Processors) 5.4.1 20160609 (release) [ARM/embedded-5-bran
