ARM GAS  C:\Users\ali\AppData\Local\Temp\ccEpI7gh.s 			page 1


   1              		.syntax unified
   2              		.cpu cortex-m3
   3              		.fpu softvfp
   4              		.eabi_attribute 20, 1
   5              		.eabi_attribute 21, 1
   6              		.eabi_attribute 23, 3
   7              		.eabi_attribute 24, 1
   8              		.eabi_attribute 25, 1
   9              		.eabi_attribute 26, 1
  10              		.eabi_attribute 30, 2
  11              		.eabi_attribute 34, 1
  12              		.eabi_attribute 18, 4
  13              		.thumb
  14              		.syntax unified
  15              		.file	"Pins_Port2.c"
  16              		.section	.text.Pins_Port2_Write,"ax",%progbits
  17              		.align	2
  18              		.global	Pins_Port2_Write
  19              		.thumb
  20              		.thumb_func
  21              		.type	Pins_Port2_Write, %function
  22              	Pins_Port2_Write:
  23              		@ args = 0, pretend = 0, frame = 0
  24              		@ frame_needed = 0, uses_anonymous_args = 0
  25              		@ link register save eliminated.
  26 0000 044A     		ldr	r2, .L2
  27 0002 0001     		lsls	r0, r0, #4
  28 0004 1378     		ldrb	r3, [r2]	@ zero_extendqisi2
  29 0006 00F07000 		and	r0, r0, #112
  30 000a 03F08F03 		and	r3, r3, #143
  31 000e 1843     		orrs	r0, r0, r3
  32 0010 1070     		strb	r0, [r2]
  33 0012 7047     		bx	lr
  34              	.L3:
  35              		.align	2
  36              	.L2:
  37 0014 60510040 		.word	1073762656
  38              		.size	Pins_Port2_Write, .-Pins_Port2_Write
  39              		.section	.text.Pins_Port2_SetDriveMode,"ax",%progbits
  40              		.align	2
  41              		.global	Pins_Port2_SetDriveMode
  42              		.thumb
  43              		.thumb_func
  44              		.type	Pins_Port2_SetDriveMode, %function
  45              	Pins_Port2_SetDriveMode:
  46              		@ args = 0, pretend = 0, frame = 0
  47              		@ frame_needed = 0, uses_anonymous_args = 0
  48              		@ link register save eliminated.
  49 0000 094A     		ldr	r2, .L5
  50 0002 00F00E00 		and	r0, r0, #14
  51 0006 1378     		ldrb	r3, [r2]	@ zero_extendqisi2
  52 0008 0849     		ldr	r1, .L5+4
  53 000a 03F0F103 		and	r3, r3, #241
  54 000e 0343     		orrs	r3, r3, r0
  55 0010 1370     		strb	r3, [r2]
  56 0012 0B78     		ldrb	r3, [r1]	@ zero_extendqisi2
  57 0014 03F0F103 		and	r3, r3, #241
ARM GAS  C:\Users\ali\AppData\Local\Temp\ccEpI7gh.s 			page 2


  58 0018 0343     		orrs	r3, r3, r0
  59 001a 0B70     		strb	r3, [r1]
  60 001c 9378     		ldrb	r3, [r2, #2]	@ zero_extendqisi2
  61 001e 03F0F103 		and	r3, r3, #241
  62 0022 1843     		orrs	r0, r0, r3
  63 0024 9070     		strb	r0, [r2, #2]
  64 0026 7047     		bx	lr
  65              	.L6:
  66              		.align	2
  67              	.L5:
  68 0028 34500040 		.word	1073762356
  69 002c 35500040 		.word	1073762357
  70              		.size	Pins_Port2_SetDriveMode, .-Pins_Port2_SetDriveMode
  71              		.section	.text.Pins_Port2_Read,"ax",%progbits
  72              		.align	2
  73              		.global	Pins_Port2_Read
  74              		.thumb
  75              		.thumb_func
  76              		.type	Pins_Port2_Read, %function
  77              	Pins_Port2_Read:
  78              		@ args = 0, pretend = 0, frame = 0
  79              		@ frame_needed = 0, uses_anonymous_args = 0
  80              		@ link register save eliminated.
  81 0000 024B     		ldr	r3, .L8
  82 0002 1878     		ldrb	r0, [r3]	@ zero_extendqisi2
  83 0004 C0F30210 		ubfx	r0, r0, #4, #3
  84 0008 7047     		bx	lr
  85              	.L9:
  86 000a 00BF     		.align	2
  87              	.L8:
  88 000c 61510040 		.word	1073762657
  89              		.size	Pins_Port2_Read, .-Pins_Port2_Read
  90              		.section	.text.Pins_Port2_ReadDataReg,"ax",%progbits
  91              		.align	2
  92              		.global	Pins_Port2_ReadDataReg
  93              		.thumb
  94              		.thumb_func
  95              		.type	Pins_Port2_ReadDataReg, %function
  96              	Pins_Port2_ReadDataReg:
  97              		@ args = 0, pretend = 0, frame = 0
  98              		@ frame_needed = 0, uses_anonymous_args = 0
  99              		@ link register save eliminated.
 100 0000 024B     		ldr	r3, .L11
 101 0002 1878     		ldrb	r0, [r3]	@ zero_extendqisi2
 102 0004 C0F30210 		ubfx	r0, r0, #4, #3
 103 0008 7047     		bx	lr
 104              	.L12:
 105 000a 00BF     		.align	2
 106              	.L11:
 107 000c 60510040 		.word	1073762656
 108              		.size	Pins_Port2_ReadDataReg, .-Pins_Port2_ReadDataReg
 109              		.section	.text.Pins_Port2_SetInterruptMode,"ax",%progbits
 110              		.align	2
 111              		.global	Pins_Port2_SetInterruptMode
 112              		.thumb
 113              		.thumb_func
 114              		.type	Pins_Port2_SetInterruptMode, %function
ARM GAS  C:\Users\ali\AppData\Local\Temp\ccEpI7gh.s 			page 3


 115              	Pins_Port2_SetInterruptMode:
 116              		@ args = 0, pretend = 0, frame = 0
 117              		@ frame_needed = 0, uses_anonymous_args = 0
 118              		@ link register save eliminated.
 119 0000 C306     		lsls	r3, r0, #27
 120 0002 02D5     		bpl	.L14
 121 0004 064B     		ldr	r3, .L27
 122 0006 CAB2     		uxtb	r2, r1
 123 0008 1A70     		strb	r2, [r3]
 124              	.L14:
 125 000a 8206     		lsls	r2, r0, #26
 126 000c 02D5     		bpl	.L15
 127 000e 054B     		ldr	r3, .L27+4
 128 0010 CAB2     		uxtb	r2, r1
 129 0012 1A70     		strb	r2, [r3]
 130              	.L15:
 131 0014 4306     		lsls	r3, r0, #25
 132 0016 02D5     		bpl	.L13
 133 0018 034B     		ldr	r3, .L27+8
 134 001a C9B2     		uxtb	r1, r1
 135 001c 1970     		strb	r1, [r3]
 136              	.L13:
 137 001e 7047     		bx	lr
 138              	.L28:
 139              		.align	2
 140              	.L27:
 141 0020 34450040 		.word	1073759540
 142 0024 35450040 		.word	1073759541
 143 0028 36450040 		.word	1073759542
 144              		.size	Pins_Port2_SetInterruptMode, .-Pins_Port2_SetInterruptMode
 145              		.section	.text.Pins_Port2_ClearInterrupt,"ax",%progbits
 146              		.align	2
 147              		.global	Pins_Port2_ClearInterrupt
 148              		.thumb
 149              		.thumb_func
 150              		.type	Pins_Port2_ClearInterrupt, %function
 151              	Pins_Port2_ClearInterrupt:
 152              		@ args = 0, pretend = 0, frame = 0
 153              		@ frame_needed = 0, uses_anonymous_args = 0
 154              		@ link register save eliminated.
 155 0000 024B     		ldr	r3, .L30
 156 0002 1878     		ldrb	r0, [r3]	@ zero_extendqisi2
 157 0004 C0F30210 		ubfx	r0, r0, #4, #3
 158 0008 7047     		bx	lr
 159              	.L31:
 160 000a 00BF     		.align	2
 161              	.L30:
 162 000c 86450040 		.word	1073759622
 163              		.size	Pins_Port2_ClearInterrupt, .-Pins_Port2_ClearInterrupt
 164              		.ident	"GCC: (GNU Tools for ARM Embedded Processors) 5.4.1 20160609 (release) [ARM/embedded-5-bran
