ARM GAS  C:\Users\ali\AppData\Local\Temp\cc1mneFb.s 			page 1


   1              		.syntax unified
   2              		.cpu cortex-m3
   3              		.fpu softvfp
   4              		.eabi_attribute 20, 1
   5              		.eabi_attribute 21, 1
   6              		.eabi_attribute 23, 3
   7              		.eabi_attribute 24, 1
   8              		.eabi_attribute 25, 1
   9              		.eabi_attribute 26, 1
  10              		.eabi_attribute 30, 2
  11              		.eabi_attribute 34, 1
  12              		.eabi_attribute 18, 4
  13              		.thumb
  14              		.syntax unified
  15              		.file	"RTOSInit_CY8C5868.c"
  16              		.section	.text._OS_GetHWTimerCycles,"ax",%progbits
  17              		.align	2
  18              		.thumb
  19              		.thumb_func
  20              		.type	_OS_GetHWTimerCycles, %function
  21              	_OS_GetHWTimerCycles:
  22              		@ args = 0, pretend = 0, frame = 0
  23              		@ frame_needed = 0, uses_anonymous_args = 0
  24              		@ link register save eliminated.
  25 0000 014B     		ldr	r3, .L2
  26 0002 9868     		ldr	r0, [r3, #8]
  27 0004 7047     		bx	lr
  28              	.L3:
  29 0006 00BF     		.align	2
  30              	.L2:
  31 0008 10E000E0 		.word	-536813552
  32              		.size	_OS_GetHWTimerCycles, .-_OS_GetHWTimerCycles
  33              		.section	.text._OS_GetHWTimer_IntPending,"ax",%progbits
  34              		.align	2
  35              		.thumb
  36              		.thumb_func
  37              		.type	_OS_GetHWTimer_IntPending, %function
  38              	_OS_GetHWTimer_IntPending:
  39              		@ args = 0, pretend = 0, frame = 0
  40              		@ frame_needed = 0, uses_anonymous_args = 0
  41              		@ link register save eliminated.
  42 0000 024B     		ldr	r3, .L5
  43 0002 5868     		ldr	r0, [r3, #4]
  44 0004 00F08060 		and	r0, r0, #67108864
  45 0008 7047     		bx	lr
  46              	.L6:
  47 000a 00BF     		.align	2
  48              	.L5:
  49 000c 00ED00E0 		.word	-536810240
  50              		.size	_OS_GetHWTimer_IntPending, .-_OS_GetHWTimer_IntPending
  51              		.section	.text.SysTick_Handler,"ax",%progbits
  52              		.align	2
  53              		.global	SysTick_Handler
  54              		.thumb
  55              		.thumb_func
  56              		.type	SysTick_Handler, %function
  57              	SysTick_Handler:
ARM GAS  C:\Users\ali\AppData\Local\Temp\cc1mneFb.s 			page 2


  58              		@ args = 0, pretend = 0, frame = 0
  59              		@ frame_needed = 0, uses_anonymous_args = 0
  60 0000 10B5     		push	{r4, lr}
  61 0002 0F4C     		ldr	r4, .L15
  62 0004 2378     		ldrb	r3, [r4]	@ zero_extendqisi2
  63 0006 0133     		adds	r3, r3, #1
  64 0008 DBB2     		uxtb	r3, r3
  65 000a 2370     		strb	r3, [r4]
  66 000c FFF7FEFF 		bl	OS_TICK_Handle
  67              		.syntax unified
  68              	@ 167 "..\Setup\RTOSInit_CY8C5868.c" 1
  69 0010 4FF08000 		mov  r0, #128    
  70 0014 80F31188 		msr  basepri, r0 
  71 0018 00BF     		nop              
  72 001a 00BF     		nop              
  73              		
  74              	@ 0 "" 2
  75              		.thumb
  76              		.syntax unified
  77 001c 2378     		ldrb	r3, [r4]	@ zero_extendqisi2
  78 001e 012B     		cmp	r3, #1
  79 0020 08D0     		beq	.L14
  80              	.L8:
  81 0022 2378     		ldrb	r3, [r4]	@ zero_extendqisi2
  82 0024 013B     		subs	r3, r3, #1
  83 0026 DBB2     		uxtb	r3, r3
  84 0028 2370     		strb	r3, [r4]
  85              		.syntax unified
  86              	@ 167 "..\Setup\RTOSInit_CY8C5868.c" 1
  87 002a 4FF00000 		mov  r0, #0      
  88 002e 80F31188 		msr  basepri, r0 
  89              		
  90              	@ 0 "" 2
  91              		.thumb
  92              		.syntax unified
  93 0032 10BD     		pop	{r4, pc}
  94              	.L14:
  95 0034 6368     		ldr	r3, [r4, #4]
  96 0036 002B     		cmp	r3, #0
  97 0038 F3D0     		beq	.L8
  98 003a FFF7FEFF 		bl	OS_SwitchFromInt
  99 003e F0E7     		b	.L8
 100              	.L16:
 101              		.align	2
 102              	.L15:
 103 0040 00000000 		.word	OS_Global
 104              		.size	SysTick_Handler, .-SysTick_Handler
 105              		.section	.text.OS_InitHW,"ax",%progbits
 106              		.align	2
 107              		.global	OS_InitHW
 108              		.thumb
 109              		.thumb_func
 110              		.type	OS_InitHW, %function
 111              	OS_InitHW:
 112              		@ args = 0, pretend = 0, frame = 24
 113              		@ frame_needed = 0, uses_anonymous_args = 0
 114 0000 F0B5     		push	{r4, r5, r6, r7, lr}
ARM GAS  C:\Users\ali\AppData\Local\Temp\cc1mneFb.s 			page 3


 115 0002 87B0     		sub	sp, sp, #28
 116              		.syntax unified
 117              	@ 178 "..\Setup\RTOSInit_CY8C5868.c" 1
 118 0004 4FF08000 		mov  r0, #128    
 119 0008 80F31188 		msr  basepri, r0 
 120 000c 00BF     		nop              
 121 000e 00BF     		nop              
 122              		
 123              	@ 0 "" 2
 124              		.thumb
 125              		.syntax unified
 126 0010 184E     		ldr	r6, .L20
 127 0012 1949     		ldr	r1, .L20+4
 128 0014 7378     		ldrb	r3, [r6, #1]	@ zero_extendqisi2
 129 0016 0E20     		movs	r0, #14
 130 0018 0133     		adds	r3, r3, #1
 131 001a DBB2     		uxtb	r3, r3
 132 001c 7370     		strb	r3, [r6, #1]
 133 001e FFF7FEFF 		bl	CyIntSetSysVector
 134 0022 1649     		ldr	r1, .L20+8
 135 0024 0F20     		movs	r0, #15
 136 0026 FFF7FEFF 		bl	CyIntSetSysVector
 137 002a 4CF24F31 		movw	r1, #49999
 138 002e 144B     		ldr	r3, .L20+12
 139 0030 144A     		ldr	r2, .L20+16
 140 0032 E024     		movs	r4, #224
 141 0034 144D     		ldr	r5, .L20+20
 142 0036 5960     		str	r1, [r3, #4]
 143 0038 0720     		movs	r0, #7
 144 003a 82F82340 		strb	r4, [r2, #35]
 145 003e C021     		movs	r1, #192
 146 0040 0027     		movs	r7, #0
 147 0042 01AC     		add	r4, sp, #4
 148 0044 9F60     		str	r7, [r3, #8]
 149 0046 1860     		str	r0, [r3]
 150 0048 82F82310 		strb	r1, [r2, #35]
 151 004c 0FCD     		ldmia	r5!, {r0, r1, r2, r3}
 152 004e 0FC4     		stmia	r4!, {r0, r1, r2, r3}
 153 0050 2B68     		ldr	r3, [r5]
 154 0052 01A8     		add	r0, sp, #4
 155 0054 2360     		str	r3, [r4]
 156 0056 FFF7FEFF 		bl	OS_TIME_ConfigSysTimer
 157 005a 7378     		ldrb	r3, [r6, #1]	@ zero_extendqisi2
 158 005c 013B     		subs	r3, r3, #1
 159 005e DBB2     		uxtb	r3, r3
 160 0060 7370     		strb	r3, [r6, #1]
 161 0062 7378     		ldrb	r3, [r6, #1]	@ zero_extendqisi2
 162 0064 1BB9     		cbnz	r3, .L17
 163              		.syntax unified
 164              	@ 236 "..\Setup\RTOSInit_CY8C5868.c" 1
 165 0066 4FF00000 		mov  r0, #0      
 166 006a 80F31188 		msr  basepri, r0 
 167              		
 168              	@ 0 "" 2
 169              		.thumb
 170              		.syntax unified
 171              	.L17:
ARM GAS  C:\Users\ali\AppData\Local\Temp\cc1mneFb.s 			page 4


 172 006e 07B0     		add	sp, sp, #28
 173              		@ sp needed
 174 0070 F0BD     		pop	{r4, r5, r6, r7, pc}
 175              	.L21:
 176 0072 00BF     		.align	2
 177              	.L20:
 178 0074 00000000 		.word	OS_Global
 179 0078 00000000 		.word	PendSV_Handler
 180 007c 00000000 		.word	SysTick_Handler
 181 0080 10E000E0 		.word	-536813552
 182 0084 00ED00E0 		.word	-536810240
 183 0088 00000000 		.word	.LANCHOR0
 184              		.size	OS_InitHW, .-OS_InitHW
 185              		.section	.text.OS_Idle,"ax",%progbits
 186              		.align	2
 187              		.global	OS_Idle
 188              		.thumb
 189              		.thumb_func
 190              		.type	OS_Idle, %function
 191              	OS_Idle:
 192              		@ Volatile: function does not return.
 193              		@ args = 0, pretend = 0, frame = 0
 194              		@ frame_needed = 0, uses_anonymous_args = 0
 195              		@ link register save eliminated.
 196              	.L23:
 197 0000 FEE7     		b	.L23
 198              		.size	OS_Idle, .-OS_Idle
 199 0002 00BF     		.section	.text.OS_COM_Send1,"ax",%progbits
 200              		.align	2
 201              		.global	OS_COM_Send1
 202              		.thumb
 203              		.thumb_func
 204              		.type	OS_COM_Send1, %function
 205              	OS_COM_Send1:
 206              		@ args = 0, pretend = 0, frame = 0
 207              		@ frame_needed = 0, uses_anonymous_args = 0
 208              		@ link register save eliminated.
 209 0000 FFF7FEBF 		b	OS_COM_ClearTxActive
 210              		.size	OS_COM_Send1, .-OS_COM_Send1
 211              		.global	OS_JLINKMEM_BufferSize
 212              		.section	.rodata
 213              		.align	2
 214              		.set	.LANCHOR0,. + 0
 215              	.LC0:
 216 0000 80F0FA02 		.word	50000000
 217 0004 E8030000 		.word	1000
 218 0008 00       		.byte	0
 219 0009 000000   		.space	3
 220 000c 00000000 		.word	_OS_GetHWTimerCycles
 221 0010 00000000 		.word	_OS_GetHWTimer_IntPending
 222              		.type	OS_JLINKMEM_BufferSize, %object
 223              		.size	OS_JLINKMEM_BufferSize, 4
 224              	OS_JLINKMEM_BufferSize:
 225 0014 00000000 		.space	4
 226              		.ident	"GCC: (GNU Tools for ARM Embedded Processors) 5.4.1 20160609 (release) [ARM/embedded-5-bran
