--------------- Build Started: 07/21/2024 16:24:23 Project: Bootloader, Configuration: ARM GCC 5.4-2016-q2-update Release ---------------
cydsfit.exe -.appdatapath "C:\Users\ali\AppData\Local\Cypress Semiconductor\PSoC Creator\4.4" -.fdsnotice -.fdswarpdepfile=warp_dependencies.txt -.fdselabdepfile=elab_dependencies.txt -.fdsbldfile=generated_files.txt -.fdsreffile=referenced_files.txt -p C:\Users\ali\Desktop\cyp\cy-bootloader\Bootloader.cydsn\Bootloader.cyprj -d CY8C5868AXI-LP035 -s C:\Users\ali\Desktop\cyp\cy-bootloader\Bootloader.cydsn\Generated_Source\PSoC5 -- -yv2 -q10 -ygs -o2 -v3 -.fftcfgtype=LE
Elaborating Design...
HDL Generation...
Synthesis...
Tech Mapping...
Analog Placement...
Analog Routing...
Analog Code Generation...
Digital Placement...
Digital Routing...
Bitstream Generation...
Bitstream Verification...
Static timing analysis...
API Generation...
Dependency Generation...
Cleanup...
The compile step is up to date, no work needs to be done.
arm-none-eabi-ar.exe -rs .\CortexM3\ARM_GCC_541\Release\Bootloader.a .\CortexM3\ARM_GCC_541\Release\Bootloader.o .\CortexM3\ARM_GCC_541\Release\CyDmac.o .\CortexM3\ARM_GCC_541\Release\CyFlash.o .\CortexM3\ARM_GCC_541\Release\CyLib.o .\CortexM3\ARM_GCC_541\Release\cyPm.o .\CortexM3\ARM_GCC_541\Release\CySpc.o .\CortexM3\ARM_GCC_541\Release\cyutils.o .\CortexM3\ARM_GCC_541\Release\cy_em_eeprom.o .\CortexM3\ARM_GCC_541\Release\RS232_Debug.o .\CortexM3\ARM_GCC_541\Release\RS232_Debug_PM.o .\CortexM3\ARM_GCC_541\Release\RS232_Debug_INT.o .\CortexM3\ARM_GCC_541\Release\RS232_Debug_BOOT.o .\CortexM3\ARM_GCC_541\Release\RS232_Debug_IntClock.o .\CortexM3\ARM_GCC_541\Release\Internal_EEPROM.o .\CortexM3\ARM_GCC_541\Release\CyBootAsmGnu.o
arm-none-eabi-ar.exe: creating .\CortexM3\ARM_GCC_541\Release\Bootloader.a
arm-none-eabi-gcc.exe -Wl,--start-group -o C:\Users\ali\Desktop\cyp\cy-bootloader\Bootloader.cydsn\CortexM3\ARM_GCC_541\Release\Bootloader.elf .\CortexM3\ARM_GCC_541\Release\main.o .\CortexM3\ARM_GCC_541\Release\cyfitter_cfg.o .\CortexM3\ARM_GCC_541\Release\cymetadata.o .\CortexM3\ARM_GCC_541\Release\Cm3Start.o .\CortexM3\ARM_GCC_541\Release\Bootloader.a "C:\Program Files (x86)\Cypress\PSoC Creator\4.4\PSoC Creator\psoc\content\cycomponentlibrary\CyComponentLibrary.cylib\CortexM3\ARM_GCC_541\Release\CyComponentLibrary.a" -mcpu=cortex-m3 -mthumb -L Generated_Source\PSoC5 -Wl,-Map,.\CortexM3\ARM_GCC_541\Release/Bootloader.map -T Generated_Source\PSoC5\cm3gcc.ld -specs=nano.specs -Wl,--gc-sections -g -ffunction-sections -Os -ffat-lto-objects -Wl,--end-group
cyelftool.exe -P C:\Users\ali\Desktop\cyp\cy-bootloader\Bootloader.cydsn\CortexM3\ARM_GCC_541\Release\Bootloader.elf --flash_row_size 256 --flash_size 262144 --flash_offset 0x00000000 --size_var_name Bootloader_SizeBytes --checksum_var_name Bootloader_Checksum
No ELF section .cychecksum found, creating one
Application checksum calculated and stored in ELF section .cychecksum
Checksum calculated and stored in ELF section .cymeta
cyelftool.exe -S C:\Users\ali\Desktop\cyp\cy-bootloader\Bootloader.cydsn\CortexM3\ARM_GCC_541\Release\Bootloader.elf
Flash used: 10149 of 262144 bytes (3.9%). Application: 9893 bytes. Metadata: 256 bytes.
SRAM used: 5801 of 65536 bytes (8.9%). Stack: 2048 bytes. Heap: 2048 bytes.
--------------- Build Succeeded: 07/21/2024 16:24:37 ---------------
