ARM GAS  C:\Users\ali\AppData\Local\Temp\ccrjU9Y2.s 			page 1


   1              		.syntax unified
   2              		.cpu cortex-m3
   3              		.fpu softvfp
   4              		.eabi_attribute 20, 1
   5              		.eabi_attribute 21, 1
   6              		.eabi_attribute 23, 3
   7              		.eabi_attribute 24, 1
   8              		.eabi_attribute 25, 1
   9              		.eabi_attribute 26, 1
  10              		.eabi_attribute 30, 6
  11              		.eabi_attribute 34, 1
  12              		.eabi_attribute 18, 4
  13              		.thumb
  14              		.syntax unified
  15              		.file	"cymetadata.c"
  16              		.text
  17              	.Ltext0:
  18              		.cfi_sections	.debug_frame
  19              		.global	cy_meta_configecc
  20              		.section	.cyconfigecc,"a",%progbits
  21              		.align	2
  22              		.type	cy_meta_configecc, %object
  23              		.size	cy_meta_configecc, 1672
  24              	cy_meta_configecc:
  25 0000 06       		.byte	6
  26 0001 45       		.byte	69
  27 0002 00       		.byte	0
  28 0003 40       		.byte	64
  29 0004 01       		.byte	1
  30 0005 52       		.byte	82
  31 0006 00       		.byte	0
  32 0007 40       		.byte	64
  33 0008 03       		.byte	3
  34 0009 64       		.byte	100
  35 000a 00       		.byte	0
  36 000b 40       		.byte	64
  37 000c 03       		.byte	3
  38 000d 65       		.byte	101
  39 000e 00       		.byte	0
  40 000f 40       		.byte	64
  41 0010 2D       		.byte	45
  42 0011 02       		.byte	2
  43 0012 01       		.byte	1
  44 0013 40       		.byte	64
  45 0014 23       		.byte	35
  46 0015 03       		.byte	3
  47 0016 01       		.byte	1
  48 0017 40       		.byte	64
  49 0018 55       		.byte	85
  50 0019 04       		.byte	4
  51 001a 01       		.byte	1
  52 001b 40       		.byte	64
  53 001c 41       		.byte	65
  54 001d 05       		.byte	5
  55 001e 01       		.byte	1
  56 001f 40       		.byte	64
  57 0020 5F       		.byte	95
ARM GAS  C:\Users\ali\AppData\Local\Temp\ccrjU9Y2.s 			page 2


  58 0021 06       		.byte	6
  59 0022 01       		.byte	1
  60 0023 40       		.byte	64
  61 0024 3E       		.byte	62
  62 0025 07       		.byte	7
  63 0026 01       		.byte	1
  64 0027 40       		.byte	64
  65 0028 15       		.byte	21
  66 0029 14       		.byte	20
  67 002a 01       		.byte	1
  68 002b 40       		.byte	64
  69 002c 40       		.byte	64
  70 002d 15       		.byte	21
  71 002e 01       		.byte	1
  72 002f 40       		.byte	64
  73 0030 54       		.byte	84
  74 0031 16       		.byte	22
  75 0032 01       		.byte	1
  76 0033 40       		.byte	64
  77 0034 44       		.byte	68
  78 0035 17       		.byte	23
  79 0036 01       		.byte	1
  80 0037 40       		.byte	64
  81 0038 06       		.byte	6
  82 0039 40       		.byte	64
  83 003a 01       		.byte	1
  84 003b 40       		.byte	64
  85 003c 04       		.byte	4
  86 003d 41       		.byte	65
  87 003e 01       		.byte	1
  88 003f 40       		.byte	64
  89 0040 0A       		.byte	10
  90 0041 42       		.byte	66
  91 0042 01       		.byte	1
  92 0043 40       		.byte	64
  93 0044 04       		.byte	4
  94 0045 43       		.byte	67
  95 0046 01       		.byte	1
  96 0047 40       		.byte	64
  97 0048 0A       		.byte	10
  98 0049 48       		.byte	72
  99 004a 01       		.byte	1
 100 004b 40       		.byte	64
 101 004c 0A       		.byte	10
 102 004d 49       		.byte	73
 103 004e 01       		.byte	1
 104 004f 40       		.byte	64
 105 0050 09       		.byte	9
 106 0051 50       		.byte	80
 107 0052 01       		.byte	1
 108 0053 40       		.byte	64
 109 0054 02       		.byte	2
 110 0055 51       		.byte	81
 111 0056 01       		.byte	1
 112 0057 40       		.byte	64
 113 0058 11       		.byte	17
 114 0059 02       		.byte	2
ARM GAS  C:\Users\ali\AppData\Local\Temp\ccrjU9Y2.s 			page 3


 115 005a 12       		.byte	18
 116 005b 02       		.byte	2
 117 005c 13       		.byte	19
 118 005d 02       		.byte	2
 119 005e 34       		.byte	52
 120 005f 02       		.byte	2
 121 0060 35       		.byte	53
 122 0061 02       		.byte	2
 123 0062 36       		.byte	54
 124 0063 02       		.byte	2
 125 0064 61       		.byte	97
 126 0065 02       		.byte	2
 127 0066 82       		.byte	-126
 128 0067 72       		.byte	114
 129 0068 85       		.byte	-123
 130 0069 38       		.byte	56
 131 006a 87       		.byte	-121
 132 006b 0F       		.byte	15
 133 006c 84       		.byte	-124
 134 006d 72       		.byte	114
 135 006e 86       		.byte	-122
 136 006f 0F       		.byte	15
 137 0070 87       		.byte	-121
 138 0071 38       		.byte	56
 139 0072 01       		.byte	1
 140 0073 20       		.byte	32
 141 0074 02       		.byte	2
 142 0075 40       		.byte	64
 143 0076 04       		.byte	4
 144 0077 01       		.byte	1
 145 0078 05       		.byte	5
 146 0079 01       		.byte	1
 147 007a 08       		.byte	8
 148 007b 04       		.byte	4
 149 007c 09       		.byte	9
 150 007d 10       		.byte	16
 151 007e 0C       		.byte	12
 152 007f 08       		.byte	8
 153 0080 0D       		.byte	13
 154 0081 70       		.byte	112
 155 0082 0F       		.byte	15
 156 0083 0F       		.byte	15
 157 0084 10       		.byte	16
 158 0085 4F       		.byte	79
 159 0086 12       		.byte	18
 160 0087 90       		.byte	-112
 161 0088 13       		.byte	19
 162 0089 0B       		.byte	11
 163 008a 14       		.byte	20
 164 008b 4C       		.byte	76
 165 008c 15       		.byte	21
 166 008d 03       		.byte	3
 167 008e 16       		.byte	22
 168 008f A3       		.byte	-93
 169 0090 18       		.byte	24
 170 0091 F3       		.byte	-13
 171 0092 19       		.byte	25
ARM GAS  C:\Users\ali\AppData\Local\Temp\ccrjU9Y2.s 			page 4


 172 0093 30       		.byte	48
 173 0094 1A       		.byte	26
 174 0095 0C       		.byte	12
 175 0096 1D       		.byte	29
 176 0097 7F       		.byte	127
 177 0098 1E       		.byte	30
 178 0099 B3       		.byte	-77
 179 009a 20       		.byte	32
 180 009b 42       		.byte	66
 181 009c 24       		.byte	36
 182 009d 03       		.byte	3
 183 009e 25       		.byte	37
 184 009f 4F       		.byte	79
 185 00a0 27       		.byte	39
 186 00a1 30       		.byte	48
 187 00a2 28       		.byte	40
 188 00a3 0C       		.byte	12
 189 00a4 29       		.byte	41
 190 00a5 78       		.byte	120
 191 00a6 2B       		.byte	43
 192 00a7 07       		.byte	7
 193 00a8 2C       		.byte	44
 194 00a9 FF       		.byte	-1
 195 00aa 2D       		.byte	45
 196 00ab 02       		.byte	2
 197 00ac 30       		.byte	48
 198 00ad 8C       		.byte	-116
 199 00ae 31       		.byte	49
 200 00af 04       		.byte	4
 201 00b0 32       		.byte	50
 202 00b1 7C       		.byte	124
 203 00b2 33       		.byte	51
 204 00b3 40       		.byte	64
 205 00b4 34       		.byte	52
 206 00b5 0F       		.byte	15
 207 00b6 35       		.byte	53
 208 00b7 38       		.byte	56
 209 00b8 37       		.byte	55
 210 00b9 03       		.byte	3
 211 00ba 39       		.byte	57
 212 00bb 02       		.byte	2
 213 00bc 3A       		.byte	58
 214 00bd AA       		.byte	-86
 215 00be 3F       		.byte	63
 216 00bf 04       		.byte	4
 217 00c0 56       		.byte	86
 218 00c1 02       		.byte	2
 219 00c2 57       		.byte	87
 220 00c3 12       		.byte	18
 221 00c4 58       		.byte	88
 222 00c5 04       		.byte	4
 223 00c6 59       		.byte	89
 224 00c7 04       		.byte	4
 225 00c8 5B       		.byte	91
 226 00c9 04       		.byte	4
 227 00ca 5F       		.byte	95
 228 00cb 01       		.byte	1
ARM GAS  C:\Users\ali\AppData\Local\Temp\ccrjU9Y2.s 			page 5


 229 00cc 04       		.byte	4
 230 00cd 02       		.byte	2
 231 00ce 06       		.byte	6
 232 00cf 06       		.byte	6
 233 00d0 07       		.byte	7
 234 00d1 10       		.byte	16
 235 00d2 0D       		.byte	13
 236 00d3 20       		.byte	32
 237 00d4 0E       		.byte	14
 238 00d5 62       		.byte	98
 239 00d6 16       		.byte	22
 240 00d7 80       		.byte	-128
 241 00d8 17       		.byte	23
 242 00d9 64       		.byte	100
 243 00da 1D       		.byte	29
 244 00db 60       		.byte	96
 245 00dc 1E       		.byte	30
 246 00dd 60       		.byte	96
 247 00de 1F       		.byte	31
 248 00df 28       		.byte	40
 249 00e0 24       		.byte	36
 250 00e1 88       		.byte	-120
 251 00e2 26       		.byte	38
 252 00e3 04       		.byte	4
 253 00e4 27       		.byte	39
 254 00e5 02       		.byte	2
 255 00e6 2F       		.byte	47
 256 00e7 29       		.byte	41
 257 00e8 34       		.byte	52
 258 00e9 40       		.byte	64
 259 00ea 35       		.byte	53
 260 00eb 40       		.byte	64
 261 00ec 36       		.byte	54
 262 00ed 01       		.byte	1
 263 00ee 37       		.byte	55
 264 00ef 64       		.byte	100
 265 00f0 3C       		.byte	60
 266 00f1 20       		.byte	32
 267 00f2 3D       		.byte	61
 268 00f3 08       		.byte	8
 269 00f4 3E       		.byte	62
 270 00f5 42       		.byte	66
 271 00f6 5E       		.byte	94
 272 00f7 08       		.byte	8
 273 00f8 6D       		.byte	109
 274 00f9 14       		.byte	20
 275 00fa 6E       		.byte	110
 276 00fb 14       		.byte	20
 277 00fc 6F       		.byte	111
 278 00fd 01       		.byte	1
 279 00fe 74       		.byte	116
 280 00ff 10       		.byte	16
 281 0100 76       		.byte	118
 282 0101 06       		.byte	6
 283 0102 77       		.byte	119
 284 0103 20       		.byte	32
 285 0104 C0       		.byte	-64
ARM GAS  C:\Users\ali\AppData\Local\Temp\ccrjU9Y2.s 			page 6


 286 0105 F0       		.byte	-16
 287 0106 C2       		.byte	-62
 288 0107 F0       		.byte	-16
 289 0108 C4       		.byte	-60
 290 0109 F0       		.byte	-16
 291 010a CA       		.byte	-54
 292 010b 70       		.byte	112
 293 010c CC       		.byte	-52
 294 010d F0       		.byte	-16
 295 010e CE       		.byte	-50
 296 010f F0       		.byte	-16
 297 0110 D6       		.byte	-42
 298 0111 40       		.byte	64
 299 0112 03       		.byte	3
 300 0113 03       		.byte	3
 301 0114 04       		.byte	4
 302 0115 01       		.byte	1
 303 0116 05       		.byte	5
 304 0117 0C       		.byte	12
 305 0118 06       		.byte	6
 306 0119 0E       		.byte	14
 307 011a 07       		.byte	7
 308 011b 11       		.byte	17
 309 011c 08       		.byte	8
 310 011d 01       		.byte	1
 311 011e 0A       		.byte	10
 312 011f 26       		.byte	38
 313 0120 0C       		.byte	12
 314 0121 2C       		.byte	44
 315 0122 0D       		.byte	13
 316 0123 1C       		.byte	28
 317 0124 0E       		.byte	14
 318 0125 03       		.byte	3
 319 0126 0F       		.byte	15
 320 0127 02       		.byte	2
 321 0128 15       		.byte	21
 322 0129 10       		.byte	16
 323 012a 16       		.byte	22
 324 012b 2C       		.byte	44
 325 012c 17       		.byte	23
 326 012d 0C       		.byte	12
 327 012e 19       		.byte	25
 328 012f 09       		.byte	9
 329 0130 1B       		.byte	27
 330 0131 10       		.byte	16
 331 0132 1D       		.byte	29
 332 0133 10       		.byte	16
 333 0134 22       		.byte	34
 334 0135 08       		.byte	8
 335 0136 2A       		.byte	42
 336 0137 03       		.byte	3
 337 0138 2C       		.byte	44
 338 0139 10       		.byte	16
 339 013a 2D       		.byte	45
 340 013b 14       		.byte	20
 341 013c 30       		.byte	48
 342 013d 0F       		.byte	15
ARM GAS  C:\Users\ali\AppData\Local\Temp\ccrjU9Y2.s 			page 7


 343 013e 31       		.byte	49
 344 013f 1F       		.byte	31
 345 0140 34       		.byte	52
 346 0141 2A       		.byte	42
 347 0142 36       		.byte	54
 348 0143 10       		.byte	16
 349 0144 3A       		.byte	58
 350 0145 22       		.byte	34
 351 0146 3E       		.byte	62
 352 0147 40       		.byte	64
 353 0148 58       		.byte	88
 354 0149 04       		.byte	4
 355 014a 59       		.byte	89
 356 014b 04       		.byte	4
 357 014c 5C       		.byte	92
 358 014d 11       		.byte	17
 359 014e 5F       		.byte	95
 360 014f 01       		.byte	1
 361 0150 85       		.byte	-123
 362 0151 1F       		.byte	31
 363 0152 86       		.byte	-122
 364 0153 01       		.byte	1
 365 0154 89       		.byte	-119
 366 0155 1F       		.byte	31
 367 0156 8A       		.byte	-118
 368 0157 04       		.byte	4
 369 0158 8E       		.byte	-114
 370 0159 04       		.byte	4
 371 015a 95       		.byte	-107
 372 015b 01       		.byte	1
 373 015c 96       		.byte	-106
 374 015d 01       		.byte	1
 375 015e 97       		.byte	-105
 376 015f 26       		.byte	38
 377 0160 99       		.byte	-103
 378 0161 0A       		.byte	10
 379 0162 9B       		.byte	-101
 380 0163 51       		.byte	81
 381 0164 A0       		.byte	-96
 382 0165 02       		.byte	2
 383 0166 A4       		.byte	-92
 384 0167 02       		.byte	2
 385 0168 A8       		.byte	-88
 386 0169 02       		.byte	2
 387 016a AD       		.byte	-83
 388 016b 14       		.byte	20
 389 016c AF       		.byte	-81
 390 016d C9       		.byte	-55
 391 016e B0       		.byte	-80
 392 016f 01       		.byte	1
 393 0170 B1       		.byte	-79
 394 0171 60       		.byte	96
 395 0172 B2       		.byte	-78
 396 0173 04       		.byte	4
 397 0174 B3       		.byte	-77
 398 0175 18       		.byte	24
 399 0176 B5       		.byte	-75
ARM GAS  C:\Users\ali\AppData\Local\Temp\ccrjU9Y2.s 			page 8


 400 0177 07       		.byte	7
 401 0178 B6       		.byte	-74
 402 0179 02       		.byte	2
 403 017a B7       		.byte	-73
 404 017b 80       		.byte	-128
 405 017c BE       		.byte	-66
 406 017d 05       		.byte	5
 407 017e BF       		.byte	-65
 408 017f 01       		.byte	1
 409 0180 C0       		.byte	-64
 410 0181 25       		.byte	37
 411 0182 C1       		.byte	-63
 412 0183 04       		.byte	4
 413 0184 C2       		.byte	-62
 414 0185 03       		.byte	3
 415 0186 C4       		.byte	-60
 416 0187 01       		.byte	1
 417 0188 C6       		.byte	-58
 418 0189 C0       		.byte	-64
 419 018a C7       		.byte	-57
 420 018b 0E       		.byte	14
 421 018c C8       		.byte	-56
 422 018d 18       		.byte	24
 423 018e C9       		.byte	-55
 424 018f FF       		.byte	-1
 425 0190 CA       		.byte	-54
 426 0191 FF       		.byte	-1
 427 0192 CB       		.byte	-53
 428 0193 FF       		.byte	-1
 429 0194 CC       		.byte	-52
 430 0195 62       		.byte	98
 431 0196 CD       		.byte	-51
 432 0197 A0       		.byte	-96
 433 0198 CE       		.byte	-50
 434 0199 F0       		.byte	-16
 435 019a CF       		.byte	-49
 436 019b 41       		.byte	65
 437 019c D0       		.byte	-48
 438 019d 0C       		.byte	12
 439 019e D4       		.byte	-44
 440 019f 18       		.byte	24
 441 01a0 D6       		.byte	-42
 442 01a1 04       		.byte	4
 443 01a2 D8       		.byte	-40
 444 01a3 04       		.byte	4
 445 01a4 D9       		.byte	-39
 446 01a5 04       		.byte	4
 447 01a6 DA       		.byte	-38
 448 01a7 04       		.byte	4
 449 01a8 DB       		.byte	-37
 450 01a9 04       		.byte	4
 451 01aa DF       		.byte	-33
 452 01ab 01       		.byte	1
 453 01ac E6       		.byte	-26
 454 01ad 40       		.byte	64
 455 01ae E7       		.byte	-25
 456 01af 02       		.byte	2
ARM GAS  C:\Users\ali\AppData\Local\Temp\ccrjU9Y2.s 			page 9


 457 01b0 E9       		.byte	-23
 458 01b1 10       		.byte	16
 459 01b2 EA       		.byte	-22
 460 01b3 30       		.byte	48
 461 01b4 EB       		.byte	-21
 462 01b5 10       		.byte	16
 463 01b6 ED       		.byte	-19
 464 01b7 10       		.byte	16
 465 01b8 EE       		.byte	-18
 466 01b9 10       		.byte	16
 467 01ba EF       		.byte	-17
 468 01bb 12       		.byte	18
 469 01bc 00       		.byte	0
 470 01bd 44       		.byte	68
 471 01be 03       		.byte	3
 472 01bf 08       		.byte	8
 473 01c0 04       		.byte	4
 474 01c1 88       		.byte	-120
 475 01c2 06       		.byte	6
 476 01c3 14       		.byte	20
 477 01c4 0A       		.byte	10
 478 01c5 20       		.byte	32
 479 01c6 0F       		.byte	15
 480 01c7 20       		.byte	32
 481 01c8 10       		.byte	16
 482 01c9 88       		.byte	-120
 483 01ca 12       		.byte	18
 484 01cb 02       		.byte	2
 485 01cc 15       		.byte	21
 486 01cd 14       		.byte	20
 487 01ce 17       		.byte	23
 488 01cf 01       		.byte	1
 489 01d0 18       		.byte	24
 490 01d1 44       		.byte	68
 491 01d2 19       		.byte	25
 492 01d3 40       		.byte	64
 493 01d4 1E       		.byte	30
 494 01d5 42       		.byte	66
 495 01d6 1F       		.byte	31
 496 01d7 84       		.byte	-124
 497 01d8 21       		.byte	33
 498 01d9 01       		.byte	1
 499 01da 22       		.byte	34
 500 01db 02       		.byte	2
 501 01dc 24       		.byte	36
 502 01dd 02       		.byte	2
 503 01de 25       		.byte	37
 504 01df 04       		.byte	4
 505 01e0 27       		.byte	39
 506 01e1 54       		.byte	84
 507 01e2 2A       		.byte	42
 508 01e3 40       		.byte	64
 509 01e4 2B       		.byte	43
 510 01e5 C0       		.byte	-64
 511 01e6 2F       		.byte	47
 512 01e7 01       		.byte	1
 513 01e8 30       		.byte	48
ARM GAS  C:\Users\ali\AppData\Local\Temp\ccrjU9Y2.s 			page 10


 514 01e9 80       		.byte	-128
 515 01ea 32       		.byte	50
 516 01eb 10       		.byte	16
 517 01ec 33       		.byte	51
 518 01ed 08       		.byte	8
 519 01ee 37       		.byte	55
 520 01ef 14       		.byte	20
 521 01f0 38       		.byte	56
 522 01f1 44       		.byte	68
 523 01f2 39       		.byte	57
 524 01f3 02       		.byte	2
 525 01f4 3E       		.byte	62
 526 01f5 14       		.byte	20
 527 01f6 44       		.byte	68
 528 01f7 40       		.byte	64
 529 01f8 45       		.byte	69
 530 01f9 20       		.byte	32
 531 01fa 46       		.byte	70
 532 01fb 10       		.byte	16
 533 01fc 47       		.byte	71
 534 01fd 40       		.byte	64
 535 01fe 4F       		.byte	79
 536 01ff 80       		.byte	-128
 537 0200 56       		.byte	86
 538 0201 04       		.byte	4
 539 0202 57       		.byte	87
 540 0203 10       		.byte	16
 541 0204 5D       		.byte	93
 542 0205 80       		.byte	-128
 543 0206 5E       		.byte	94
 544 0207 40       		.byte	64
 545 0208 5F       		.byte	95
 546 0209 02       		.byte	2
 547 020a 65       		.byte	101
 548 020b 81       		.byte	-127
 549 020c 67       		.byte	103
 550 020d 48       		.byte	72
 551 020e 81       		.byte	-127
 552 020f 01       		.byte	1
 553 0210 87       		.byte	-121
 554 0211 40       		.byte	64
 555 0212 90       		.byte	-112
 556 0213 88       		.byte	-120
 557 0214 91       		.byte	-111
 558 0215 14       		.byte	20
 559 0216 92       		.byte	-110
 560 0217 14       		.byte	20
 561 0218 94       		.byte	-108
 562 0219 02       		.byte	2
 563 021a 97       		.byte	-105
 564 021b 02       		.byte	2
 565 021c 98       		.byte	-104
 566 021d 40       		.byte	64
 567 021e 9B       		.byte	-101
 568 021f 03       		.byte	3
 569 0220 9E       		.byte	-98
 570 0221 80       		.byte	-128
ARM GAS  C:\Users\ali\AppData\Local\Temp\ccrjU9Y2.s 			page 11


 571 0222 9F       		.byte	-97
 572 0223 14       		.byte	20
 573 0224 A1       		.byte	-95
 574 0225 20       		.byte	32
 575 0226 A5       		.byte	-91
 576 0227 04       		.byte	4
 577 0228 A6       		.byte	-90
 578 0229 01       		.byte	1
 579 022a C0       		.byte	-64
 580 022b E7       		.byte	-25
 581 022c C2       		.byte	-62
 582 022d 24       		.byte	36
 583 022e C4       		.byte	-60
 584 022f 7B       		.byte	123
 585 0230 CA       		.byte	-54
 586 0231 18       		.byte	24
 587 0232 CC       		.byte	-52
 588 0233 6E       		.byte	110
 589 0234 CE       		.byte	-50
 590 0235 6B       		.byte	107
 591 0236 D0       		.byte	-48
 592 0237 F0       		.byte	-16
 593 0238 D2       		.byte	-46
 594 0239 10       		.byte	16
 595 023a D6       		.byte	-42
 596 023b 80       		.byte	-128
 597 023c D8       		.byte	-40
 598 023d B0       		.byte	-80
 599 023e 01       		.byte	1
 600 023f 20       		.byte	32
 601 0240 05       		.byte	5
 602 0241 0C       		.byte	12
 603 0242 07       		.byte	7
 604 0243 11       		.byte	17
 605 0244 08       		.byte	8
 606 0245 07       		.byte	7
 607 0246 09       		.byte	9
 608 0247 09       		.byte	9
 609 0248 0B       		.byte	11
 610 0249 10       		.byte	16
 611 024a 10       		.byte	16
 612 024b 02       		.byte	2
 613 024c 12       		.byte	18
 614 024d 04       		.byte	4
 615 024e 15       		.byte	21
 616 024f 10       		.byte	16
 617 0250 17       		.byte	23
 618 0251 0C       		.byte	12
 619 0252 18       		.byte	24
 620 0253 07       		.byte	7
 621 0254 19       		.byte	25
 622 0255 40       		.byte	64
 623 0256 1B       		.byte	27
 624 0257 03       		.byte	3
 625 0258 1C       		.byte	28
 626 0259 08       		.byte	8
 627 025a 1E       		.byte	30
ARM GAS  C:\Users\ali\AppData\Local\Temp\ccrjU9Y2.s 			page 12


 628 025b 01       		.byte	1
 629 025c 25       		.byte	37
 630 025d 14       		.byte	20
 631 025e 29       		.byte	41
 632 025f 10       		.byte	16
 633 0260 2D       		.byte	45
 634 0261 1C       		.byte	28
 635 0262 2F       		.byte	47
 636 0263 02       		.byte	2
 637 0264 32       		.byte	50
 638 0265 0C       		.byte	12
 639 0266 33       		.byte	51
 640 0267 1F       		.byte	31
 641 0268 34       		.byte	52
 642 0269 03       		.byte	3
 643 026a 35       		.byte	53
 644 026b 20       		.byte	32
 645 026c 37       		.byte	55
 646 026d 40       		.byte	64
 647 026e 38       		.byte	56
 648 026f 28       		.byte	40
 649 0270 3E       		.byte	62
 650 0271 10       		.byte	16
 651 0272 3F       		.byte	63
 652 0273 50       		.byte	80
 653 0274 40       		.byte	64
 654 0275 02       		.byte	2
 655 0276 46       		.byte	70
 656 0277 40       		.byte	64
 657 0278 49       		.byte	73
 658 0279 FF       		.byte	-1
 659 027a 4A       		.byte	74
 660 027b 07       		.byte	7
 661 027c 4B       		.byte	75
 662 027d FF       		.byte	-1
 663 027e 4C       		.byte	76
 664 027f 40       		.byte	64
 665 0280 4D       		.byte	77
 666 0281 20       		.byte	32
 667 0282 4E       		.byte	78
 668 0283 F0       		.byte	-16
 669 0284 4F       		.byte	79
 670 0285 05       		.byte	5
 671 0286 50       		.byte	80
 672 0287 08       		.byte	8
 673 0288 56       		.byte	86
 674 0289 08       		.byte	8
 675 028a 58       		.byte	88
 676 028b 04       		.byte	4
 677 028c 59       		.byte	89
 678 028d 04       		.byte	4
 679 028e 5A       		.byte	90
 680 028f 04       		.byte	4
 681 0290 5B       		.byte	91
 682 0291 04       		.byte	4
 683 0292 5D       		.byte	93
 684 0293 90       		.byte	-112
ARM GAS  C:\Users\ali\AppData\Local\Temp\ccrjU9Y2.s 			page 13


 685 0294 5F       		.byte	95
 686 0295 01       		.byte	1
 687 0296 60       		.byte	96
 688 0297 40       		.byte	64
 689 0298 61       		.byte	97
 690 0299 A8       		.byte	-88
 691 029a 62       		.byte	98
 692 029b 40       		.byte	64
 693 029c 63       		.byte	99
 694 029d 20       		.byte	32
 695 029e 84       		.byte	-124
 696 029f 03       		.byte	3
 697 02a0 85       		.byte	-123
 698 02a1 1B       		.byte	27
 699 02a2 86       		.byte	-122
 700 02a3 04       		.byte	4
 701 02a4 88       		.byte	-120
 702 02a5 03       		.byte	3
 703 02a6 8A       		.byte	-118
 704 02a7 0C       		.byte	12
 705 02a8 8B       		.byte	-117
 706 02a9 01       		.byte	1
 707 02aa 8C       		.byte	-116
 708 02ab 0A       		.byte	10
 709 02ac 8D       		.byte	-115
 710 02ad 10       		.byte	16
 711 02ae 8E       		.byte	-114
 712 02af 04       		.byte	4
 713 02b0 8F       		.byte	-113
 714 02b1 03       		.byte	3
 715 02b2 95       		.byte	-107
 716 02b3 04       		.byte	4
 717 02b4 96       		.byte	-106
 718 02b5 08       		.byte	8
 719 02b6 97       		.byte	-105
 720 02b7 09       		.byte	9
 721 02b8 A4       		.byte	-92
 722 02b9 03       		.byte	3
 723 02ba A5       		.byte	-91
 724 02bb 1B       		.byte	27
 725 02bc A6       		.byte	-90
 726 02bd 04       		.byte	4
 727 02be AA       		.byte	-86
 728 02bf 05       		.byte	5
 729 02c0 B1       		.byte	-79
 730 02c1 01       		.byte	1
 731 02c2 B2       		.byte	-78
 732 02c3 0F       		.byte	15
 733 02c4 B3       		.byte	-77
 734 02c5 18       		.byte	24
 735 02c6 B5       		.byte	-75
 736 02c7 06       		.byte	6
 737 02c8 B9       		.byte	-71
 738 02c9 28       		.byte	40
 739 02ca BA       		.byte	-70
 740 02cb 08       		.byte	8
 741 02cc BF       		.byte	-65
ARM GAS  C:\Users\ali\AppData\Local\Temp\ccrjU9Y2.s 			page 14


 742 02cd 05       		.byte	5
 743 02ce C0       		.byte	-64
 744 02cf 36       		.byte	54
 745 02d0 C1       		.byte	-63
 746 02d1 02       		.byte	2
 747 02d2 C5       		.byte	-59
 748 02d3 E0       		.byte	-32
 749 02d4 C6       		.byte	-58
 750 02d5 CB       		.byte	-53
 751 02d6 C8       		.byte	-56
 752 02d7 0E       		.byte	14
 753 02d8 C9       		.byte	-55
 754 02d9 FF       		.byte	-1
 755 02da CA       		.byte	-54
 756 02db FF       		.byte	-1
 757 02dc CB       		.byte	-53
 758 02dd FF       		.byte	-1
 759 02de CE       		.byte	-50
 760 02df F0       		.byte	-16
 761 02e0 CF       		.byte	-49
 762 02e1 44       		.byte	68
 763 02e2 D0       		.byte	-48
 764 02e3 0C       		.byte	12
 765 02e4 D4       		.byte	-44
 766 02e5 01       		.byte	1
 767 02e6 D6       		.byte	-42
 768 02e7 04       		.byte	4
 769 02e8 D8       		.byte	-40
 770 02e9 04       		.byte	4
 771 02ea D9       		.byte	-39
 772 02eb 04       		.byte	4
 773 02ec DA       		.byte	-38
 774 02ed 04       		.byte	4
 775 02ee DB       		.byte	-37
 776 02ef 04       		.byte	4
 777 02f0 DC       		.byte	-36
 778 02f1 11       		.byte	17
 779 02f2 DD       		.byte	-35
 780 02f3 11       		.byte	17
 781 02f4 DF       		.byte	-33
 782 02f5 01       		.byte	1
 783 02f6 E6       		.byte	-26
 784 02f7 C0       		.byte	-64
 785 02f8 EA       		.byte	-22
 786 02f9 40       		.byte	64
 787 02fa EB       		.byte	-21
 788 02fb 02       		.byte	2
 789 02fc 00       		.byte	0
 790 02fd 44       		.byte	68
 791 02fe 03       		.byte	3
 792 02ff 08       		.byte	8
 793 0300 05       		.byte	5
 794 0301 10       		.byte	16
 795 0302 06       		.byte	6
 796 0303 08       		.byte	8
 797 0304 0A       		.byte	10
 798 0305 20       		.byte	32
ARM GAS  C:\Users\ali\AppData\Local\Temp\ccrjU9Y2.s 			page 15


 799 0306 0C       		.byte	12
 800 0307 40       		.byte	64
 801 0308 0E       		.byte	14
 802 0309 48       		.byte	72
 803 030a 0F       		.byte	15
 804 030b 02       		.byte	2
 805 030c 10       		.byte	16
 806 030d 38       		.byte	56
 807 030e 19       		.byte	25
 808 030f 08       		.byte	8
 809 0310 1B       		.byte	27
 810 0311 08       		.byte	8
 811 0312 1C       		.byte	28
 812 0313 10       		.byte	16
 813 0314 1D       		.byte	29
 814 0315 20       		.byte	32
 815 0316 21       		.byte	33
 816 0317 01       		.byte	1
 817 0318 22       		.byte	34
 818 0319 18       		.byte	24
 819 031a 25       		.byte	37
 820 031b 40       		.byte	64
 821 031c 27       		.byte	39
 822 031d 24       		.byte	36
 823 031e 29       		.byte	41
 824 031f 08       		.byte	8
 825 0320 2E       		.byte	46
 826 0321 60       		.byte	96
 827 0322 2F       		.byte	47
 828 0323 20       		.byte	32
 829 0324 30       		.byte	48
 830 0325 08       		.byte	8
 831 0326 36       		.byte	54
 832 0327 04       		.byte	4
 833 0328 37       		.byte	55
 834 0329 20       		.byte	32
 835 032a 38       		.byte	56
 836 032b 64       		.byte	100
 837 032c 3C       		.byte	60
 838 032d 10       		.byte	16
 839 032e 3E       		.byte	62
 840 032f 08       		.byte	8
 841 0330 3F       		.byte	63
 842 0331 01       		.byte	1
 843 0332 40       		.byte	64
 844 0333 84       		.byte	-124
 845 0334 41       		.byte	65
 846 0335 01       		.byte	1
 847 0336 43       		.byte	67
 848 0337 08       		.byte	8
 849 0338 45       		.byte	69
 850 0339 20       		.byte	32
 851 033a 48       		.byte	72
 852 033b 08       		.byte	8
 853 033c 49       		.byte	73
 854 033d 01       		.byte	1
 855 033e 4B       		.byte	75
ARM GAS  C:\Users\ali\AppData\Local\Temp\ccrjU9Y2.s 			page 16


 856 033f 01       		.byte	1
 857 0340 4F       		.byte	79
 858 0341 02       		.byte	2
 859 0342 50       		.byte	80
 860 0343 30       		.byte	48
 861 0344 52       		.byte	82
 862 0345 40       		.byte	64
 863 0346 56       		.byte	86
 864 0347 30       		.byte	48
 865 0348 58       		.byte	88
 866 0349 90       		.byte	-112
 867 034a 59       		.byte	89
 868 034b 01       		.byte	1
 869 034c 5B       		.byte	91
 870 034d 04       		.byte	4
 871 034e 5D       		.byte	93
 872 034f 40       		.byte	64
 873 0350 61       		.byte	97
 874 0351 02       		.byte	2
 875 0352 66       		.byte	102
 876 0353 80       		.byte	-128
 877 0354 67       		.byte	103
 878 0355 02       		.byte	2
 879 0356 90       		.byte	-112
 880 0357 44       		.byte	68
 881 0358 96       		.byte	-106
 882 0359 20       		.byte	32
 883 035a 97       		.byte	-105
 884 035b 02       		.byte	2
 885 035c 9E       		.byte	-98
 886 035d C0       		.byte	-64
 887 035e A4       		.byte	-92
 888 035f 88       		.byte	-120
 889 0360 A7       		.byte	-89
 890 0361 08       		.byte	8
 891 0362 AD       		.byte	-83
 892 0363 40       		.byte	64
 893 0364 C0       		.byte	-64
 894 0365 47       		.byte	71
 895 0366 C2       		.byte	-62
 896 0367 D4       		.byte	-44
 897 0368 C4       		.byte	-60
 898 0369 06       		.byte	6
 899 036a CA       		.byte	-54
 900 036b 72       		.byte	114
 901 036c CC       		.byte	-52
 902 036d 62       		.byte	98
 903 036e CE       		.byte	-50
 904 036f EE       		.byte	-18
 905 0370 D0       		.byte	-48
 906 0371 26       		.byte	38
 907 0372 D2       		.byte	-46
 908 0373 04       		.byte	4
 909 0374 D6       		.byte	-42
 910 0375 1F       		.byte	31
 911 0376 D8       		.byte	-40
 912 0377 11       		.byte	17
ARM GAS  C:\Users\ali\AppData\Local\Temp\ccrjU9Y2.s 			page 17


 913 0378 83       		.byte	-125
 914 0379 01       		.byte	1
 915 037a 94       		.byte	-108
 916 037b 0A       		.byte	10
 917 037c 96       		.byte	-106
 918 037d 51       		.byte	81
 919 037e 98       		.byte	-104
 920 037f 01       		.byte	1
 921 0380 9A       		.byte	-102
 922 0381 26       		.byte	38
 923 0382 9C       		.byte	-100
 924 0383 14       		.byte	20
 925 0384 9E       		.byte	-98
 926 0385 49       		.byte	73
 927 0386 A4       		.byte	-92
 928 0387 1F       		.byte	31
 929 0388 A8       		.byte	-88
 930 0389 1F       		.byte	31
 931 038a B0       		.byte	-80
 932 038b 60       		.byte	96
 933 038c B2       		.byte	-78
 934 038d 18       		.byte	24
 935 038e B4       		.byte	-76
 936 038f 07       		.byte	7
 937 0390 B7       		.byte	-73
 938 0391 01       		.byte	1
 939 0392 BE       		.byte	-66
 940 0393 01       		.byte	1
 941 0394 D6       		.byte	-42
 942 0395 08       		.byte	8
 943 0396 D8       		.byte	-40
 944 0397 04       		.byte	4
 945 0398 D9       		.byte	-39
 946 0399 04       		.byte	4
 947 039a DB       		.byte	-37
 948 039b 04       		.byte	4
 949 039c DC       		.byte	-36
 950 039d 11       		.byte	17
 951 039e DD       		.byte	-35
 952 039f 90       		.byte	-112
 953 03a0 DF       		.byte	-33
 954 03a1 01       		.byte	1
 955 03a2 00       		.byte	0
 956 03a3 40       		.byte	64
 957 03a4 02       		.byte	2
 958 03a5 20       		.byte	32
 959 03a6 03       		.byte	3
 960 03a7 88       		.byte	-120
 961 03a8 08       		.byte	8
 962 03a9 01       		.byte	1
 963 03aa 09       		.byte	9
 964 03ab 40       		.byte	64
 965 03ac 0A       		.byte	10
 966 03ad 14       		.byte	20
 967 03ae 0E       		.byte	14
 968 03af 28       		.byte	40
 969 03b0 0F       		.byte	15
ARM GAS  C:\Users\ali\AppData\Local\Temp\ccrjU9Y2.s 			page 18


 970 03b1 05       		.byte	5
 971 03b2 10       		.byte	16
 972 03b3 A8       		.byte	-88
 973 03b4 12       		.byte	18
 974 03b5 03       		.byte	3
 975 03b6 17       		.byte	23
 976 03b7 14       		.byte	20
 977 03b8 18       		.byte	24
 978 03b9 40       		.byte	64
 979 03ba 19       		.byte	25
 980 03bb 15       		.byte	21
 981 03bc 1A       		.byte	26
 982 03bd 14       		.byte	20
 983 03be 1B       		.byte	27
 984 03bf 80       		.byte	-128
 985 03c0 1D       		.byte	29
 986 03c1 02       		.byte	2
 987 03c2 1E       		.byte	30
 988 03c3 28       		.byte	40
 989 03c4 20       		.byte	32
 990 03c5 04       		.byte	4
 991 03c6 21       		.byte	33
 992 03c7 01       		.byte	1
 993 03c8 22       		.byte	34
 994 03c9 14       		.byte	20
 995 03ca 23       		.byte	35
 996 03cb 02       		.byte	2
 997 03cc 25       		.byte	37
 998 03cd 40       		.byte	64
 999 03ce 29       		.byte	41
 1000 03cf 15       		.byte	21
 1001 03d0 2A       		.byte	42
 1002 03d1 02       		.byte	2
 1003 03d2 30       		.byte	48
 1004 03d3 11       		.byte	17
 1005 03d4 33       		.byte	51
 1006 03d5 88       		.byte	-120
 1007 03d6 34       		.byte	52
 1008 03d7 10       		.byte	16
 1009 03d8 36       		.byte	54
 1010 03d9 30       		.byte	48
 1011 03da 38       		.byte	56
 1012 03db A8       		.byte	-88
 1013 03dc 3A       		.byte	58
 1014 03dd 01       		.byte	1
 1015 03de 3F       		.byte	63
 1016 03df 01       		.byte	1
 1017 03e0 40       		.byte	64
 1018 03e1 04       		.byte	4
 1019 03e2 41       		.byte	65
 1020 03e3 02       		.byte	2
 1021 03e4 42       		.byte	66
 1022 03e5 02       		.byte	2
 1023 03e6 43       		.byte	67
 1024 03e7 08       		.byte	8
 1025 03e8 48       		.byte	72
 1026 03e9 10       		.byte	16
ARM GAS  C:\Users\ali\AppData\Local\Temp\ccrjU9Y2.s 			page 19


 1027 03ea 49       		.byte	73
 1028 03eb 10       		.byte	16
 1029 03ec 53       		.byte	83
 1030 03ed 10       		.byte	16
 1031 03ee 5A       		.byte	90
 1032 03ef 08       		.byte	8
 1033 03f0 5C       		.byte	92
 1034 03f1 80       		.byte	-128
 1035 03f2 64       		.byte	100
 1036 03f3 01       		.byte	1
 1037 03f4 67       		.byte	103
 1038 03f5 01       		.byte	1
 1039 03f6 69       		.byte	105
 1040 03f7 54       		.byte	84
 1041 03f8 6B       		.byte	107
 1042 03f9 14       		.byte	20
 1043 03fa 70       		.byte	112
 1044 03fb FC       		.byte	-4
 1045 03fc 84       		.byte	-124
 1046 03fd 80       		.byte	-128
 1047 03fe 8A       		.byte	-118
 1048 03ff 02       		.byte	2
 1049 0400 8B       		.byte	-117
 1050 0401 04       		.byte	4
 1051 0402 95       		.byte	-107
 1052 0403 56       		.byte	86
 1053 0404 96       		.byte	-106
 1054 0405 20       		.byte	32
 1055 0406 97       		.byte	-105
 1056 0407 20       		.byte	32
 1057 0408 9F       		.byte	-97
 1058 0409 02       		.byte	2
 1059 040a A3       		.byte	-93
 1060 040b 08       		.byte	8
 1061 040c A4       		.byte	-92
 1062 040d 10       		.byte	16
 1063 040e C0       		.byte	-64
 1064 040f 0F       		.byte	15
 1065 0410 C2       		.byte	-62
 1066 0411 EF       		.byte	-17
 1067 0412 C4       		.byte	-60
 1068 0413 6F       		.byte	111
 1069 0414 CA       		.byte	-54
 1070 0415 07       		.byte	7
 1071 0416 CC       		.byte	-52
 1072 0417 0F       		.byte	15
 1073 0418 CE       		.byte	-50
 1074 0419 8F       		.byte	-113
 1075 041a D0       		.byte	-48
 1076 041b 0F       		.byte	15
 1077 041c D2       		.byte	-46
 1078 041d 04       		.byte	4
 1079 041e D6       		.byte	-42
 1080 041f 12       		.byte	18
 1081 0420 D8       		.byte	-40
 1082 0421 10       		.byte	16
 1083 0422 00       		.byte	0
ARM GAS  C:\Users\ali\AppData\Local\Temp\ccrjU9Y2.s 			page 20


 1084 0423 1C       		.byte	28
 1085 0424 02       		.byte	2
 1086 0425 03       		.byte	3
 1087 0426 04       		.byte	4
 1088 0427 01       		.byte	1
 1089 0428 05       		.byte	5
 1090 0429 06       		.byte	6
 1091 042a 06       		.byte	6
 1092 042b 16       		.byte	22
 1093 042c 07       		.byte	7
 1094 042d 28       		.byte	40
 1095 042e 0A       		.byte	10
 1096 042f 1C       		.byte	28
 1097 0430 0B       		.byte	11
 1098 0431 10       		.byte	16
 1099 0432 15       		.byte	21
 1100 0433 26       		.byte	38
 1101 0434 17       		.byte	23
 1102 0435 18       		.byte	24
 1103 0436 1D       		.byte	29
 1104 0437 01       		.byte	1
 1105 0438 1E       		.byte	30
 1106 0439 03       		.byte	3
 1107 043a 23       		.byte	35
 1108 043b 2A       		.byte	42
 1109 043c 26       		.byte	38
 1110 043d 08       		.byte	8
 1111 043e 28       		.byte	40
 1112 043f 01       		.byte	1
 1113 0440 29       		.byte	41
 1114 0441 26       		.byte	38
 1115 0442 2A       		.byte	42
 1116 0443 0E       		.byte	14
 1117 0444 2B       		.byte	43
 1118 0445 08       		.byte	8
 1119 0446 2D       		.byte	45
 1120 0447 14       		.byte	20
 1121 0448 2F       		.byte	47
 1122 0449 28       		.byte	40
 1123 044a 30       		.byte	48
 1124 044b 0F       		.byte	15
 1125 044c 31       		.byte	49
 1126 044d 20       		.byte	32
 1127 044e 33       		.byte	51
 1128 044f 1E       		.byte	30
 1129 0450 34       		.byte	52
 1130 0451 1A       		.byte	26
 1131 0452 35       		.byte	53
 1132 0453 01       		.byte	1
 1133 0454 3A       		.byte	58
 1134 0455 22       		.byte	34
 1135 0456 3B       		.byte	59
 1136 0457 08       		.byte	8
 1137 0458 3F       		.byte	63
 1138 0459 11       		.byte	17
 1139 045a 40       		.byte	64
 1140 045b 24       		.byte	36
ARM GAS  C:\Users\ali\AppData\Local\Temp\ccrjU9Y2.s 			page 21


 1141 045c 41       		.byte	65
 1142 045d 06       		.byte	6
 1143 045e 45       		.byte	69
 1144 045f EC       		.byte	-20
 1145 0460 46       		.byte	70
 1146 0461 B0       		.byte	-80
 1147 0462 48       		.byte	72
 1148 0463 0B       		.byte	11
 1149 0464 49       		.byte	73
 1150 0465 FF       		.byte	-1
 1151 0466 4A       		.byte	74
 1152 0467 FF       		.byte	-1
 1153 0468 4B       		.byte	75
 1154 0469 FF       		.byte	-1
 1155 046a 4E       		.byte	78
 1156 046b F0       		.byte	-16
 1157 046c 4F       		.byte	79
 1158 046d 44       		.byte	68
 1159 046e 50       		.byte	80
 1160 046f 0C       		.byte	12
 1161 0470 54       		.byte	84
 1162 0471 01       		.byte	1
 1163 0472 56       		.byte	86
 1164 0473 04       		.byte	4
 1165 0474 58       		.byte	88
 1166 0475 04       		.byte	4
 1167 0476 59       		.byte	89
 1168 0477 04       		.byte	4
 1169 0478 5A       		.byte	90
 1170 0479 04       		.byte	4
 1171 047a 5B       		.byte	91
 1172 047b 04       		.byte	4
 1173 047c 5F       		.byte	95
 1174 047d 01       		.byte	1
 1175 047e 66       		.byte	102
 1176 047f C0       		.byte	-64
 1177 0480 6A       		.byte	106
 1178 0481 40       		.byte	64
 1179 0482 6B       		.byte	107
 1180 0483 02       		.byte	2
 1181 0484 83       		.byte	-125
 1182 0485 01       		.byte	1
 1183 0486 8A       		.byte	-118
 1184 0487 02       		.byte	2
 1185 0488 8B       		.byte	-117
 1186 0489 01       		.byte	1
 1187 048a 8C       		.byte	-116
 1188 048b 01       		.byte	1
 1189 048c 96       		.byte	-106
 1190 048d 02       		.byte	2
 1191 048e A4       		.byte	-92
 1192 048f 01       		.byte	1
 1193 0490 A8       		.byte	-88
 1194 0491 01       		.byte	1
 1195 0492 B0       		.byte	-80
 1196 0493 02       		.byte	2
 1197 0494 B2       		.byte	-78
ARM GAS  C:\Users\ali\AppData\Local\Temp\ccrjU9Y2.s 			page 22


 1198 0495 01       		.byte	1
 1199 0496 B5       		.byte	-75
 1200 0497 01       		.byte	1
 1201 0498 BE       		.byte	-66
 1202 0499 01       		.byte	1
 1203 049a BF       		.byte	-65
 1204 049b 10       		.byte	16
 1205 049c C0       		.byte	-64
 1206 049d 06       		.byte	6
 1207 049e C6       		.byte	-58
 1208 049f 04       		.byte	4
 1209 04a0 C9       		.byte	-55
 1210 04a1 FF       		.byte	-1
 1211 04a2 CA       		.byte	-54
 1212 04a3 07       		.byte	7
 1213 04a4 CB       		.byte	-53
 1214 04a5 FF       		.byte	-1
 1215 04a6 CC       		.byte	-52
 1216 04a7 40       		.byte	64
 1217 04a8 CD       		.byte	-51
 1218 04a9 20       		.byte	32
 1219 04aa CE       		.byte	-50
 1220 04ab F0       		.byte	-16
 1221 04ac CF       		.byte	-49
 1222 04ad 05       		.byte	5
 1223 04ae D0       		.byte	-48
 1224 04af 08       		.byte	8
 1225 04b0 D4       		.byte	-44
 1226 04b1 18       		.byte	24
 1227 04b2 D6       		.byte	-42
 1228 04b3 04       		.byte	4
 1229 04b4 D8       		.byte	-40
 1230 04b5 04       		.byte	4
 1231 04b6 D9       		.byte	-39
 1232 04b7 04       		.byte	4
 1233 04b8 DA       		.byte	-38
 1234 04b9 04       		.byte	4
 1235 04ba DB       		.byte	-37
 1236 04bb 04       		.byte	4
 1237 04bc DC       		.byte	-36
 1238 04bd 01       		.byte	1
 1239 04be DD       		.byte	-35
 1240 04bf 11       		.byte	17
 1241 04c0 DF       		.byte	-33
 1242 04c1 01       		.byte	1
 1243 04c2 E0       		.byte	-32
 1244 04c3 40       		.byte	64
 1245 04c4 E1       		.byte	-31
 1246 04c5 A8       		.byte	-88
 1247 04c6 E2       		.byte	-30
 1248 04c7 40       		.byte	64
 1249 04c8 E3       		.byte	-29
 1250 04c9 20       		.byte	32
 1251 04ca 00       		.byte	0
 1252 04cb 20       		.byte	32
 1253 04cc 01       		.byte	1
 1254 04cd 40       		.byte	64
ARM GAS  C:\Users\ali\AppData\Local\Temp\ccrjU9Y2.s 			page 23


 1255 04ce 04       		.byte	4
 1256 04cf 10       		.byte	16
 1257 04d0 05       		.byte	5
 1258 04d1 01       		.byte	1
 1259 04d2 07       		.byte	7
 1260 04d3 20       		.byte	32
 1261 04d4 08       		.byte	8
 1262 04d5 20       		.byte	32
 1263 04d6 0A       		.byte	10
 1264 04d7 20       		.byte	32
 1265 04d8 0B       		.byte	11
 1266 04d9 04       		.byte	4
 1267 04da 0C       		.byte	12
 1268 04db 40       		.byte	64
 1269 04dc 11       		.byte	17
 1270 04dd 14       		.byte	20
 1271 04de 16       		.byte	22
 1272 04df 10       		.byte	16
 1273 04e0 17       		.byte	23
 1274 04e1 10       		.byte	16
 1275 04e2 1B       		.byte	27
 1276 04e3 09       		.byte	9
 1277 04e4 1D       		.byte	29
 1278 04e5 11       		.byte	17
 1279 04e6 1E       		.byte	30
 1280 04e7 40       		.byte	64
 1281 04e8 20       		.byte	32
 1282 04e9 04       		.byte	4
 1283 04ea 26       		.byte	38
 1284 04eb 04       		.byte	4
 1285 04ec 27       		.byte	39
 1286 04ed A8       		.byte	-88
 1287 04ee 2C       		.byte	44
 1288 04ef 40       		.byte	64
 1289 04f0 2D       		.byte	45
 1290 04f1 20       		.byte	32
 1291 04f2 2E       		.byte	46
 1292 04f3 40       		.byte	64
 1293 04f4 36       		.byte	54
 1294 04f5 84       		.byte	-124
 1295 04f6 39       		.byte	57
 1296 04f7 02       		.byte	2
 1297 04f8 3B       		.byte	59
 1298 04f9 20       		.byte	32
 1299 04fa 3C       		.byte	60
 1300 04fb 10       		.byte	16
 1301 04fc 3F       		.byte	63
 1302 04fd 04       		.byte	4
 1303 04fe 44       		.byte	68
 1304 04ff 40       		.byte	64
 1305 0500 47       		.byte	71
 1306 0501 20       		.byte	32
 1307 0502 4A       		.byte	74
 1308 0503 08       		.byte	8
 1309 0504 4D       		.byte	77
 1310 0505 21       		.byte	33
 1311 0506 4E       		.byte	78
ARM GAS  C:\Users\ali\AppData\Local\Temp\ccrjU9Y2.s 			page 24


 1312 0507 80       		.byte	-128
 1313 0508 4F       		.byte	79
 1314 0509 04       		.byte	4
 1315 050a 50       		.byte	80
 1316 050b 88       		.byte	-120
 1317 050c 57       		.byte	87
 1318 050d 20       		.byte	32
 1319 050e 59       		.byte	89
 1320 050f 30       		.byte	48
 1321 0510 5B       		.byte	91
 1322 0511 12       		.byte	18
 1323 0512 5C       		.byte	92
 1324 0513 20       		.byte	32
 1325 0514 5D       		.byte	93
 1326 0515 01       		.byte	1
 1327 0516 5F       		.byte	95
 1328 0517 88       		.byte	-120
 1329 0518 60       		.byte	96
 1330 0519 44       		.byte	68
 1331 051a 63       		.byte	99
 1332 051b 02       		.byte	2
 1333 051c 67       		.byte	103
 1334 051d 40       		.byte	64
 1335 051e 80       		.byte	-128
 1336 051f 40       		.byte	64
 1337 0520 85       		.byte	-123
 1338 0521 40       		.byte	64
 1339 0522 87       		.byte	-121
 1340 0523 40       		.byte	64
 1341 0524 90       		.byte	-112
 1342 0525 10       		.byte	16
 1343 0526 96       		.byte	-106
 1344 0527 40       		.byte	64
 1345 0528 98       		.byte	-104
 1346 0529 40       		.byte	64
 1347 052a 9A       		.byte	-102
 1348 052b 10       		.byte	16
 1349 052c 9D       		.byte	-99
 1350 052d 10       		.byte	16
 1351 052e A1       		.byte	-95
 1352 052f 40       		.byte	64
 1353 0530 A2       		.byte	-94
 1354 0531 08       		.byte	8
 1355 0532 A4       		.byte	-92
 1356 0533 88       		.byte	-120
 1357 0534 A6       		.byte	-90
 1358 0535 04       		.byte	4
 1359 0536 A7       		.byte	-89
 1360 0537 20       		.byte	32
 1361 0538 B5       		.byte	-75
 1362 0539 42       		.byte	66
 1363 053a C0       		.byte	-64
 1364 053b 73       		.byte	115
 1365 053c C2       		.byte	-62
 1366 053d 84       		.byte	-124
 1367 053e C4       		.byte	-60
 1368 053f 66       		.byte	102
ARM GAS  C:\Users\ali\AppData\Local\Temp\ccrjU9Y2.s 			page 25


 1369 0540 CA       		.byte	-54
 1370 0541 B0       		.byte	-80
 1371 0542 CC       		.byte	-52
 1372 0543 50       		.byte	80
 1373 0544 CE       		.byte	-50
 1374 0545 65       		.byte	101
 1375 0546 D0       		.byte	-48
 1376 0547 A0       		.byte	-96
 1377 0548 D2       		.byte	-46
 1378 0549 24       		.byte	36
 1379 054a D6       		.byte	-42
 1380 054b F1       		.byte	-15
 1381 054c D8       		.byte	-40
 1382 054d 8D       		.byte	-115
 1383 054e E8       		.byte	-24
 1384 054f 40       		.byte	64
 1385 0550 EE       		.byte	-18
 1386 0551 10       		.byte	16
 1387 0552 30       		.byte	48
 1388 0553 02       		.byte	2
 1389 0554 33       		.byte	51
 1390 0555 80       		.byte	-128
 1391 0556 37       		.byte	55
 1392 0557 82       		.byte	-126
 1393 0558 3B       		.byte	59
 1394 0559 20       		.byte	32
 1395 055a CC       		.byte	-52
 1396 055b F0       		.byte	-16
 1397 055c CE       		.byte	-50
 1398 055d 10       		.byte	16
 1399 055e 97       		.byte	-105
 1400 055f 20       		.byte	32
 1401 0560 9F       		.byte	-97
 1402 0561 82       		.byte	-126
 1403 0562 A4       		.byte	-92
 1404 0563 02       		.byte	2
 1405 0564 A7       		.byte	-89
 1406 0565 80       		.byte	-128
 1407 0566 52       		.byte	82
 1408 0567 80       		.byte	-128
 1409 0568 80       		.byte	-128
 1410 0569 02       		.byte	2
 1411 056a 87       		.byte	-121
 1412 056b 10       		.byte	16
 1413 056c 97       		.byte	-105
 1414 056d 20       		.byte	32
 1415 056e 9F       		.byte	-97
 1416 056f 82       		.byte	-126
 1417 0570 A4       		.byte	-92
 1418 0571 02       		.byte	2
 1419 0572 A7       		.byte	-89
 1420 0573 80       		.byte	-128
 1421 0574 D4       		.byte	-44
 1422 0575 20       		.byte	32
 1423 0576 E2       		.byte	-30
 1424 0577 20       		.byte	32
 1425 0578 E6       		.byte	-26
ARM GAS  C:\Users\ali\AppData\Local\Temp\ccrjU9Y2.s 			page 26


 1426 0579 40       		.byte	64
 1427 057a 9F       		.byte	-97
 1428 057b 82       		.byte	-126
 1429 057c A7       		.byte	-89
 1430 057d 80       		.byte	-128
 1431 057e AE       		.byte	-82
 1432 057f 80       		.byte	-128
 1433 0580 EE       		.byte	-18
 1434 0581 10       		.byte	16
 1435 0582 83       		.byte	-125
 1436 0583 80       		.byte	-128
 1437 0584 85       		.byte	-123
 1438 0585 10       		.byte	16
 1439 0586 87       		.byte	-121
 1440 0587 02       		.byte	2
 1441 0588 9D       		.byte	-99
 1442 0589 02       		.byte	2
 1443 058a 9F       		.byte	-97
 1444 058b 02       		.byte	2
 1445 058c A7       		.byte	-89
 1446 058d 80       		.byte	-128
 1447 058e B5       		.byte	-75
 1448 058f 02       		.byte	2
 1449 0590 B7       		.byte	-73
 1450 0591 80       		.byte	-128
 1451 0592 E2       		.byte	-30
 1452 0593 40       		.byte	64
 1453 0594 E6       		.byte	-26
 1454 0595 60       		.byte	96
 1455 0596 05       		.byte	5
 1456 0597 02       		.byte	2
 1457 0598 12       		.byte	18
 1458 0599 20       		.byte	32
 1459 059a 51       		.byte	81
 1460 059b 10       		.byte	16
 1461 059c 86       		.byte	-122
 1462 059d 20       		.byte	32
 1463 059e 91       		.byte	-111
 1464 059f 20       		.byte	32
 1465 05a0 9D       		.byte	-99
 1466 05a1 02       		.byte	2
 1467 05a2 C0       		.byte	-64
 1468 05a3 20       		.byte	32
 1469 05a4 C4       		.byte	-60
 1470 05a5 10       		.byte	16
 1471 05a6 D4       		.byte	-44
 1472 05a7 20       		.byte	32
 1473 05a8 E4       		.byte	-28
 1474 05a9 40       		.byte	64
 1475 05aa 00       		.byte	0
 1476 05ab 03       		.byte	3
 1477 05ac 01       		.byte	1
 1478 05ad 01       		.byte	1
 1479 05ae 08       		.byte	8
 1480 05af 01       		.byte	1
 1481 05b0 0A       		.byte	10
 1482 05b1 03       		.byte	3
ARM GAS  C:\Users\ali\AppData\Local\Temp\ccrjU9Y2.s 			page 27


 1483 05b2 0B       		.byte	11
 1484 05b3 01       		.byte	1
 1485 05b4 10       		.byte	16
 1486 05b5 03       		.byte	3
 1487 05b6 11       		.byte	17
 1488 05b7 01       		.byte	1
 1489 05b8 1A       		.byte	26
 1490 05b9 03       		.byte	3
 1491 05ba 1B       		.byte	27
 1492 05bb 01       		.byte	1
 1493 05bc 00       		.byte	0
 1494 05bd FF       		.byte	-1
 1495 05be 01       		.byte	1
 1496 05bf 03       		.byte	3
 1497 05c0 4C       		.byte	76
 1498 05c1 03       		.byte	3
 1499 05c2 A3       		.byte	-93
 1500 05c3 00       		.byte	0
 1501 05c4 01       		.byte	1
 1502 05c5 30       		.byte	48
 1503 05c6 00       		.byte	0
 1504 05c7 00       		.byte	0
 1505 05c8 00       		.byte	0
 1506 05c9 10       		.byte	16
 1507 05ca B3       		.byte	-77
 1508 05cb 00       		.byte	0
 1509 05cc F3       		.byte	-13
 1510 05cd 20       		.byte	32
 1511 05ce 0C       		.byte	12
 1512 05cf 00       		.byte	0
 1513 05d0 42       		.byte	66
 1514 05d1 02       		.byte	2
 1515 05d2 00       		.byte	0
 1516 05d3 00       		.byte	0
 1517 05d4 4F       		.byte	79
 1518 05d5 00       		.byte	0
 1519 05d6 90       		.byte	-112
 1520 05d7 0B       		.byte	11
 1521 05d8 FF       		.byte	-1
 1522 05d9 01       		.byte	1
 1523 05da 00       		.byte	0
 1524 05db 00       		.byte	0
 1525 05dc 00       		.byte	0
 1526 05dd 78       		.byte	120
 1527 05de 40       		.byte	64
 1528 05df 07       		.byte	7
 1529 05e0 08       		.byte	8
 1530 05e1 4F       		.byte	79
 1531 05e2 00       		.byte	0
 1532 05e3 30       		.byte	48
 1533 05e4 04       		.byte	4
 1534 05e5 70       		.byte	112
 1535 05e6 00       		.byte	0
 1536 05e7 0F       		.byte	15
 1537 05e8 0C       		.byte	12
 1538 05e9 7F       		.byte	127
 1539 05ea 00       		.byte	0
ARM GAS  C:\Users\ali\AppData\Local\Temp\ccrjU9Y2.s 			page 28


 1540 05eb 00       		.byte	0
 1541 05ec 03       		.byte	3
 1542 05ed 00       		.byte	0
 1543 05ee 00       		.byte	0
 1544 05ef 00       		.byte	0
 1545 05f0 0F       		.byte	15
 1546 05f1 04       		.byte	4
 1547 05f2 8C       		.byte	-116
 1548 05f3 40       		.byte	64
 1549 05f4 00       		.byte	0
 1550 05f5 38       		.byte	56
 1551 05f6 7C       		.byte	124
 1552 05f7 03       		.byte	3
 1553 05f8 00       		.byte	0
 1554 05f9 02       		.byte	2
 1555 05fa AA       		.byte	-86
 1556 05fb 00       		.byte	0
 1557 05fc 00       		.byte	0
 1558 05fd 00       		.byte	0
 1559 05fe 00       		.byte	0
 1560 05ff 04       		.byte	4
 1561 0600 13       		.byte	19
 1562 0601 06       		.byte	6
 1563 0602 02       		.byte	2
 1564 0603 00       		.byte	0
 1565 0604 04       		.byte	4
 1566 0605 0C       		.byte	12
 1567 0606 E0       		.byte	-32
 1568 0607 00       		.byte	0
 1569 0608 09       		.byte	9
 1570 0609 FF       		.byte	-1
 1571 060a FF       		.byte	-1
 1572 060b FF       		.byte	-1
 1573 060c 62       		.byte	98
 1574 060d A0       		.byte	-96
 1575 060e F0       		.byte	-16
 1576 060f 41       		.byte	65
 1577 0610 0C       		.byte	12
 1578 0611 00       		.byte	0
 1579 0612 00       		.byte	0
 1580 0613 00       		.byte	0
 1581 0614 00       		.byte	0
 1582 0615 00       		.byte	0
 1583 0616 02       		.byte	2
 1584 0617 12       		.byte	18
 1585 0618 04       		.byte	4
 1586 0619 04       		.byte	4
 1587 061a 04       		.byte	4
 1588 061b 04       		.byte	4
 1589 061c 11       		.byte	17
 1590 061d 11       		.byte	17
 1591 061e 00       		.byte	0
 1592 061f 01       		.byte	1
 1593 0620 00       		.byte	0
 1594 0621 00       		.byte	0
 1595 0622 00       		.byte	0
 1596 0623 00       		.byte	0
ARM GAS  C:\Users\ali\AppData\Local\Temp\ccrjU9Y2.s 			page 29


 1597 0624 00       		.byte	0
 1598 0625 00       		.byte	0
 1599 0626 40       		.byte	64
 1600 0627 02       		.byte	2
 1601 0628 00       		.byte	0
 1602 0629 10       		.byte	16
 1603 062a 30       		.byte	48
 1604 062b 10       		.byte	16
 1605 062c 00       		.byte	0
 1606 062d 10       		.byte	16
 1607 062e 10       		.byte	16
 1608 062f 12       		.byte	18
 1609 0630 00       		.byte	0
 1610 0631 00       		.byte	0
 1611 0632 00       		.byte	0
 1612 0633 00       		.byte	0
 1613 0634 00       		.byte	0
 1614 0635 00       		.byte	0
 1615 0636 00       		.byte	0
 1616 0637 00       		.byte	0
 1617 0638 00       		.byte	0
 1618 0639 00       		.byte	0
 1619 063a 00       		.byte	0
 1620 063b 00       		.byte	0
 1621 063c 00       		.byte	0
 1622 063d 00       		.byte	0
 1623 063e 00       		.byte	0
 1624 063f 00       		.byte	0
 1625 0640 00       		.byte	0
 1626 0641 70       		.byte	112
 1627 0642 70       		.byte	112
 1628 0643 00       		.byte	0
 1629 0644 00       		.byte	0
 1630 0645 00       		.byte	0
 1631 0646 00       		.byte	0
 1632 0647 00       		.byte	0
 1633 0648 02       		.byte	2
 1634 0649 00       		.byte	0
 1635 064a 01       		.byte	1
 1636 064b 02       		.byte	2
 1637 064c 02       		.byte	2
 1638 064d 00       		.byte	0
 1639 064e 02       		.byte	2
 1640 064f 00       		.byte	0
 1641 0650 00       		.byte	0
 1642 0651 00       		.byte	0
 1643 0652 00       		.byte	0
 1644 0653 00       		.byte	0
 1645 0654 00       		.byte	0
 1646 0655 0B       		.byte	11
 1647 0656 0B       		.byte	11
 1648 0657 00       		.byte	0
 1649 0658 00       		.byte	0
 1650 0659 00       		.byte	0
 1651 065a 00       		.byte	0
 1652 065b 00       		.byte	0
 1653 065c 0E       		.byte	14
ARM GAS  C:\Users\ali\AppData\Local\Temp\ccrjU9Y2.s 			page 30


 1654 065d 00       		.byte	0
 1655 065e 00       		.byte	0
 1656 065f 4E       		.byte	78
 1657 0660 40       		.byte	64
 1658 0661 00       		.byte	0
 1659 0662 00       		.byte	0
 1660 0663 00       		.byte	0
 1661 0664 00       		.byte	0
 1662 0665 00       		.byte	0
 1663 0666 00       		.byte	0
 1664 0667 00       		.byte	0
 1665 0668 01       		.byte	1
 1666 0669 00       		.byte	0
 1667 066a 02       		.byte	2
 1668 066b 01       		.byte	1
 1669 066c 01       		.byte	1
 1670 066d 00       		.byte	0
 1671 066e 01       		.byte	1
 1672 066f 00       		.byte	0
 1673 0670 00       		.byte	0
 1674 0671 00       		.byte	0
 1675 0672 00       		.byte	0
 1676 0673 00       		.byte	0
 1677 0674 00       		.byte	0
 1678 0675 01       		.byte	1
 1679 0676 01       		.byte	1
 1680 0677 00       		.byte	0
 1681 0678 00       		.byte	0
 1682 0679 00       		.byte	0
 1683 067a 00       		.byte	0
 1684 067b 00       		.byte	0
 1685 067c 70       		.byte	112
 1686 067d 00       		.byte	0
 1687 067e 00       		.byte	0
 1688 067f 70       		.byte	112
 1689 0680 00       		.byte	0
 1690 0681 00       		.byte	0
 1691 0682 00       		.byte	0
 1692 0683 00       		.byte	0
 1693 0684 00       		.byte	0
 1694 0685 00       		.byte	0
 1695 0686 00       		.byte	0
 1696 0687 00       		.byte	0
 1697              		.global	cy_meta_custnvl
 1698              		.section	.cycustnvl,"a",%progbits
 1699              		.align	2
 1700              		.type	cy_meta_custnvl, %object
 1701              		.size	cy_meta_custnvl, 4
 1702              	cy_meta_custnvl:
 1703 0000 00       		.byte	0
 1704 0001 00       		.byte	0
 1705 0002 40       		.byte	64
 1706 0003 04       		.byte	4
 1707              		.global	cy_meta_wonvl
 1708              		.section	.cywolatch,"a",%progbits
 1709              		.align	2
 1710              		.type	cy_meta_wonvl, %object
ARM GAS  C:\Users\ali\AppData\Local\Temp\ccrjU9Y2.s 			page 31


 1711              		.size	cy_meta_wonvl, 4
 1712              	cy_meta_wonvl:
 1713 0000 BC       		.byte	-68
 1714 0001 90       		.byte	-112
 1715 0002 AC       		.byte	-84
 1716 0003 AF       		.byte	-81
 1717              		.global	cy_meta_flashprotect
 1718              		.section	.cyflashprotect,"a",%progbits
 1719              		.align	2
 1720              		.type	cy_meta_flashprotect, %object
 1721              		.size	cy_meta_flashprotect, 256
 1722              	cy_meta_flashprotect:
 1723 0000 00000000 		.space	256
 1723      00000000 
 1723      00000000 
 1723      00000000 
 1723      00000000 
 1724              		.global	cy_metadata
 1725              		.section	.cymeta,"a",%progbits
 1726              		.align	2
 1727              		.type	cy_metadata, %object
 1728              		.size	cy_metadata, 12
 1729              	cy_metadata:
 1730 0000 00       		.byte	0
 1731 0001 01       		.byte	1
 1732 0002 2E       		.byte	46
 1733 0003 12       		.byte	18
 1734 0004 30       		.byte	48
 1735 0005 69       		.byte	105
 1736 0006 00       		.byte	0
 1737 0007 01       		.byte	1
 1738 0008 00       		.byte	0
 1739 0009 00       		.byte	0
 1740 000a 00       		.byte	0
 1741 000b 00       		.byte	0
 1742              		.text
 1743              	.Letext0:
 1744              		.file 1 "c:\\program files (x86)\\cypress\\psoc creator\\4.4\\psoc creator\\import\\gnu\\arm\\5.4.
 1745              		.file 2 "c:\\program files (x86)\\cypress\\psoc creator\\4.4\\psoc creator\\import\\gnu\\arm\\5.4.
 1746              		.file 3 "Generated_Source\\PSoC5\\cymetadata.c"
 1747              		.section	.debug_info,"",%progbits
 1748              	.Ldebug_info0:
 1749 0000 34010000 		.4byte	0x134
 1750 0004 0400     		.2byte	0x4
 1751 0006 00000000 		.4byte	.Ldebug_abbrev0
 1752 000a 04       		.byte	0x4
 1753 000b 01       		.uleb128 0x1
 1754 000c 0A000000 		.4byte	.LASF17
 1755 0010 0C       		.byte	0xc
 1756 0011 2D020000 		.4byte	.LASF18
 1757 0015 D7000000 		.4byte	.LASF19
 1758 0019 00000000 		.4byte	.Ldebug_line0
 1759 001d 02       		.uleb128 0x2
 1760 001e 01       		.byte	0x1
 1761 001f 06       		.byte	0x6
 1762 0020 21020000 		.4byte	.LASF0
 1763 0024 03       		.uleb128 0x3
ARM GAS  C:\Users\ali\AppData\Local\Temp\ccrjU9Y2.s 			page 32


 1764 0025 00000000 		.4byte	.LASF9
 1765 0029 01       		.byte	0x1
 1766 002a 1D       		.byte	0x1d
 1767 002b 2F000000 		.4byte	0x2f
 1768 002f 02       		.uleb128 0x2
 1769 0030 01       		.byte	0x1
 1770 0031 08       		.byte	0x8
 1771 0032 A4000000 		.4byte	.LASF1
 1772 0036 02       		.uleb128 0x2
 1773 0037 02       		.byte	0x2
 1774 0038 05       		.byte	0x5
 1775 0039 0E020000 		.4byte	.LASF2
 1776 003d 02       		.uleb128 0x2
 1777 003e 02       		.byte	0x2
 1778 003f 07       		.byte	0x7
 1779 0040 C4000000 		.4byte	.LASF3
 1780 0044 02       		.uleb128 0x2
 1781 0045 04       		.byte	0x4
 1782 0046 05       		.byte	0x5
 1783 0047 18020000 		.4byte	.LASF4
 1784 004b 02       		.uleb128 0x2
 1785 004c 04       		.byte	0x4
 1786 004d 07       		.byte	0x7
 1787 004e B2000000 		.4byte	.LASF5
 1788 0052 02       		.uleb128 0x2
 1789 0053 08       		.byte	0x8
 1790 0054 05       		.byte	0x5
 1791 0055 00020000 		.4byte	.LASF6
 1792 0059 02       		.uleb128 0x2
 1793 005a 08       		.byte	0x8
 1794 005b 07       		.byte	0x7
 1795 005c B5010000 		.4byte	.LASF7
 1796 0060 04       		.uleb128 0x4
 1797 0061 04       		.byte	0x4
 1798 0062 05       		.byte	0x5
 1799 0063 696E7400 		.ascii	"int\000"
 1800 0067 02       		.uleb128 0x2
 1801 0068 04       		.byte	0x4
 1802 0069 07       		.byte	0x7
 1803 006a A8010000 		.4byte	.LASF8
 1804 006e 03       		.uleb128 0x3
 1805 006f CC010000 		.4byte	.LASF10
 1806 0073 02       		.byte	0x2
 1807 0074 18       		.byte	0x18
 1808 0075 24000000 		.4byte	0x24
 1809 0079 05       		.uleb128 0x5
 1810 007a 91000000 		.4byte	0x91
 1811 007e 8A000000 		.4byte	0x8a
 1812 0082 06       		.uleb128 0x6
 1813 0083 8A000000 		.4byte	0x8a
 1814 0087 8706     		.2byte	0x687
 1815 0089 00       		.byte	0
 1816 008a 02       		.uleb128 0x2
 1817 008b 04       		.byte	0x4
 1818 008c 07       		.byte	0x7
 1819 008d F7010000 		.4byte	.LASF11
 1820 0091 07       		.uleb128 0x7
ARM GAS  C:\Users\ali\AppData\Local\Temp\ccrjU9Y2.s 			page 33


 1821 0092 6E000000 		.4byte	0x6e
 1822 0096 08       		.uleb128 0x8
 1823 0097 96010000 		.4byte	.LASF12
 1824 009b 03       		.byte	0x3
 1825 009c 1F       		.byte	0x1f
 1826 009d A7000000 		.4byte	0xa7
 1827 00a1 05       		.uleb128 0x5
 1828 00a2 03       		.byte	0x3
 1829 00a3 00000000 		.4byte	cy_meta_configecc
 1830 00a7 07       		.uleb128 0x7
 1831 00a8 79000000 		.4byte	0x79
 1832 00ac 05       		.uleb128 0x5
 1833 00ad 91000000 		.4byte	0x91
 1834 00b1 BC000000 		.4byte	0xbc
 1835 00b5 09       		.uleb128 0x9
 1836 00b6 8A000000 		.4byte	0x8a
 1837 00ba 03       		.byte	0x3
 1838 00bb 00       		.byte	0
 1839 00bc 08       		.uleb128 0x8
 1840 00bd 86010000 		.4byte	.LASF13
 1841 00c1 03       		.byte	0x3
 1842 00c2 FD       		.byte	0xfd
 1843 00c3 CD000000 		.4byte	0xcd
 1844 00c7 05       		.uleb128 0x5
 1845 00c8 03       		.byte	0x3
 1846 00c9 00000000 		.4byte	cy_meta_custnvl
 1847 00cd 07       		.uleb128 0x7
 1848 00ce AC000000 		.4byte	0xac
 1849 00d2 0A       		.uleb128 0xa
 1850 00d3 E9010000 		.4byte	.LASF14
 1851 00d7 03       		.byte	0x3
 1852 00d8 0B01     		.2byte	0x10b
 1853 00da E4000000 		.4byte	0xe4
 1854 00de 05       		.uleb128 0x5
 1855 00df 03       		.byte	0x3
 1856 00e0 00000000 		.4byte	cy_meta_wonvl
 1857 00e4 07       		.uleb128 0x7
 1858 00e5 AC000000 		.4byte	0xac
 1859 00e9 05       		.uleb128 0x5
 1860 00ea 91000000 		.4byte	0x91
 1861 00ee F9000000 		.4byte	0xf9
 1862 00f2 09       		.uleb128 0x9
 1863 00f3 8A000000 		.4byte	0x8a
 1864 00f7 FF       		.byte	0xff
 1865 00f8 00       		.byte	0
 1866 00f9 0A       		.uleb128 0xa
 1867 00fa D4010000 		.4byte	.LASF15
 1868 00fe 03       		.byte	0x3
 1869 00ff 1901     		.2byte	0x119
 1870 0101 0B010000 		.4byte	0x10b
 1871 0105 05       		.uleb128 0x5
 1872 0106 03       		.byte	0x3
 1873 0107 00000000 		.4byte	cy_meta_flashprotect
 1874 010b 07       		.uleb128 0x7
 1875 010c E9000000 		.4byte	0xe9
 1876 0110 05       		.uleb128 0x5
 1877 0111 91000000 		.4byte	0x91
ARM GAS  C:\Users\ali\AppData\Local\Temp\ccrjU9Y2.s 			page 34


 1878 0115 20010000 		.4byte	0x120
 1879 0119 09       		.uleb128 0x9
 1880 011a 8A000000 		.4byte	0x8a
 1881 011e 0B       		.byte	0xb
 1882 011f 00       		.byte	0
 1883 0120 0A       		.uleb128 0xa
 1884 0121 98000000 		.4byte	.LASF16
 1885 0125 03       		.byte	0x3
 1886 0126 4601     		.2byte	0x146
 1887 0128 32010000 		.4byte	0x132
 1888 012c 05       		.uleb128 0x5
 1889 012d 03       		.byte	0x3
 1890 012e 00000000 		.4byte	cy_metadata
 1891 0132 07       		.uleb128 0x7
 1892 0133 10010000 		.4byte	0x110
 1893 0137 00       		.byte	0
 1894              		.section	.debug_abbrev,"",%progbits
 1895              	.Ldebug_abbrev0:
 1896 0000 01       		.uleb128 0x1
 1897 0001 11       		.uleb128 0x11
 1898 0002 01       		.byte	0x1
 1899 0003 25       		.uleb128 0x25
 1900 0004 0E       		.uleb128 0xe
 1901 0005 13       		.uleb128 0x13
 1902 0006 0B       		.uleb128 0xb
 1903 0007 03       		.uleb128 0x3
 1904 0008 0E       		.uleb128 0xe
 1905 0009 1B       		.uleb128 0x1b
 1906 000a 0E       		.uleb128 0xe
 1907 000b 10       		.uleb128 0x10
 1908 000c 17       		.uleb128 0x17
 1909 000d 00       		.byte	0
 1910 000e 00       		.byte	0
 1911 000f 02       		.uleb128 0x2
 1912 0010 24       		.uleb128 0x24
 1913 0011 00       		.byte	0
 1914 0012 0B       		.uleb128 0xb
 1915 0013 0B       		.uleb128 0xb
 1916 0014 3E       		.uleb128 0x3e
 1917 0015 0B       		.uleb128 0xb
 1918 0016 03       		.uleb128 0x3
 1919 0017 0E       		.uleb128 0xe
 1920 0018 00       		.byte	0
 1921 0019 00       		.byte	0
 1922 001a 03       		.uleb128 0x3
 1923 001b 16       		.uleb128 0x16
 1924 001c 00       		.byte	0
 1925 001d 03       		.uleb128 0x3
 1926 001e 0E       		.uleb128 0xe
 1927 001f 3A       		.uleb128 0x3a
 1928 0020 0B       		.uleb128 0xb
 1929 0021 3B       		.uleb128 0x3b
 1930 0022 0B       		.uleb128 0xb
 1931 0023 49       		.uleb128 0x49
 1932 0024 13       		.uleb128 0x13
 1933 0025 00       		.byte	0
 1934 0026 00       		.byte	0
ARM GAS  C:\Users\ali\AppData\Local\Temp\ccrjU9Y2.s 			page 35


 1935 0027 04       		.uleb128 0x4
 1936 0028 24       		.uleb128 0x24
 1937 0029 00       		.byte	0
 1938 002a 0B       		.uleb128 0xb
 1939 002b 0B       		.uleb128 0xb
 1940 002c 3E       		.uleb128 0x3e
 1941 002d 0B       		.uleb128 0xb
 1942 002e 03       		.uleb128 0x3
 1943 002f 08       		.uleb128 0x8
 1944 0030 00       		.byte	0
 1945 0031 00       		.byte	0
 1946 0032 05       		.uleb128 0x5
 1947 0033 01       		.uleb128 0x1
 1948 0034 01       		.byte	0x1
 1949 0035 49       		.uleb128 0x49
 1950 0036 13       		.uleb128 0x13
 1951 0037 01       		.uleb128 0x1
 1952 0038 13       		.uleb128 0x13
 1953 0039 00       		.byte	0
 1954 003a 00       		.byte	0
 1955 003b 06       		.uleb128 0x6
 1956 003c 21       		.uleb128 0x21
 1957 003d 00       		.byte	0
 1958 003e 49       		.uleb128 0x49
 1959 003f 13       		.uleb128 0x13
 1960 0040 2F       		.uleb128 0x2f
 1961 0041 05       		.uleb128 0x5
 1962 0042 00       		.byte	0
 1963 0043 00       		.byte	0
 1964 0044 07       		.uleb128 0x7
 1965 0045 26       		.uleb128 0x26
 1966 0046 00       		.byte	0
 1967 0047 49       		.uleb128 0x49
 1968 0048 13       		.uleb128 0x13
 1969 0049 00       		.byte	0
 1970 004a 00       		.byte	0
 1971 004b 08       		.uleb128 0x8
 1972 004c 34       		.uleb128 0x34
 1973 004d 00       		.byte	0
 1974 004e 03       		.uleb128 0x3
 1975 004f 0E       		.uleb128 0xe
 1976 0050 3A       		.uleb128 0x3a
 1977 0051 0B       		.uleb128 0xb
 1978 0052 3B       		.uleb128 0x3b
 1979 0053 0B       		.uleb128 0xb
 1980 0054 49       		.uleb128 0x49
 1981 0055 13       		.uleb128 0x13
 1982 0056 3F       		.uleb128 0x3f
 1983 0057 19       		.uleb128 0x19
 1984 0058 02       		.uleb128 0x2
 1985 0059 18       		.uleb128 0x18
 1986 005a 00       		.byte	0
 1987 005b 00       		.byte	0
 1988 005c 09       		.uleb128 0x9
 1989 005d 21       		.uleb128 0x21
 1990 005e 00       		.byte	0
 1991 005f 49       		.uleb128 0x49
ARM GAS  C:\Users\ali\AppData\Local\Temp\ccrjU9Y2.s 			page 36


 1992 0060 13       		.uleb128 0x13
 1993 0061 2F       		.uleb128 0x2f
 1994 0062 0B       		.uleb128 0xb
 1995 0063 00       		.byte	0
 1996 0064 00       		.byte	0
 1997 0065 0A       		.uleb128 0xa
 1998 0066 34       		.uleb128 0x34
 1999 0067 00       		.byte	0
 2000 0068 03       		.uleb128 0x3
 2001 0069 0E       		.uleb128 0xe
 2002 006a 3A       		.uleb128 0x3a
 2003 006b 0B       		.uleb128 0xb
 2004 006c 3B       		.uleb128 0x3b
 2005 006d 05       		.uleb128 0x5
 2006 006e 49       		.uleb128 0x49
 2007 006f 13       		.uleb128 0x13
 2008 0070 3F       		.uleb128 0x3f
 2009 0071 19       		.uleb128 0x19
 2010 0072 02       		.uleb128 0x2
 2011 0073 18       		.uleb128 0x18
 2012 0074 00       		.byte	0
 2013 0075 00       		.byte	0
 2014 0076 00       		.byte	0
 2015              		.section	.debug_aranges,"",%progbits
 2016 0000 14000000 		.4byte	0x14
 2017 0004 0200     		.2byte	0x2
 2018 0006 00000000 		.4byte	.Ldebug_info0
 2019 000a 04       		.byte	0x4
 2020 000b 00       		.byte	0
 2021 000c 0000     		.2byte	0
 2022 000e 0000     		.2byte	0
 2023 0010 00000000 		.4byte	0
 2024 0014 00000000 		.4byte	0
 2025              		.section	.debug_line,"",%progbits
 2026              	.Ldebug_line0:
 2027 0000 3D010000 		.section	.debug_str,"MS",%progbits,1
 2027      02003701 
 2027      00000201 
 2027      FB0E0D00 
 2027      01010101 
 2028              	.LASF9:
 2029 0000 5F5F7569 		.ascii	"__uint8_t\000"
 2029      6E74385F 
 2029      7400
 2030              	.LASF17:
 2031 000a 474E5520 		.ascii	"GNU C11 5.4.1 20160609 (release) [ARM/embedded-5-br"
 2031      43313120 
 2031      352E342E 
 2031      31203230 
 2031      31363036 
 2032 003d 616E6368 		.ascii	"anch revision 237715] -mcpu=cortex-m3 -mthumb -g -O"
 2032      20726576 
 2032      6973696F 
 2032      6E203233 
 2032      37373135 
 2033 0070 30202D66 		.ascii	"0 -ffunction-sections -ffat-lto-objects\000"
 2033      66756E63 
ARM GAS  C:\Users\ali\AppData\Local\Temp\ccrjU9Y2.s 			page 37


 2033      74696F6E 
 2033      2D736563 
 2033      74696F6E 
 2034              	.LASF16:
 2035 0098 63795F6D 		.ascii	"cy_metadata\000"
 2035      65746164 
 2035      61746100 
 2036              	.LASF1:
 2037 00a4 756E7369 		.ascii	"unsigned char\000"
 2037      676E6564 
 2037      20636861 
 2037      7200
 2038              	.LASF5:
 2039 00b2 6C6F6E67 		.ascii	"long unsigned int\000"
 2039      20756E73 
 2039      69676E65 
 2039      6420696E 
 2039      7400
 2040              	.LASF3:
 2041 00c4 73686F72 		.ascii	"short unsigned int\000"
 2041      7420756E 
 2041      7369676E 
 2041      65642069 
 2041      6E7400
 2042              	.LASF19:
 2043 00d7 453A5C69 		.ascii	"E:\\iroteam\\prg\\tulue\\code\\cypress\\no-exp -V1-"
 2043      726F7465 
 2043      616D5C70 
 2043      72675C74 
 2043      756C7565 
 2044 0104 6F6C6420 		.ascii	"old board\\new-cy-notask\\cy-notask\\Start\\BoardSu"
 2044      626F6172 
 2044      645C6E65 
 2044      772D6379 
 2044      2D6E6F74 
 2045 0133 70706F72 		.ascii	"pport\\Cypress\\CY8C5868_CY8CKIT_050_PSoC5_DK\\Star"
 2045      745C4379 
 2045      70726573 
 2045      735C4359 
 2045      38433538 
 2046 0163 745F4359 		.ascii	"t_CY8C5868_AccessV1.0_OldBrd.cydsn\000"
 2046      38433538 
 2046      36385F41 
 2046      63636573 
 2046      7356312E 
 2047              	.LASF13:
 2048 0186 63795F6D 		.ascii	"cy_meta_custnvl\000"
 2048      6574615F 
 2048      63757374 
 2048      6E766C00 
 2049              	.LASF12:
 2050 0196 63795F6D 		.ascii	"cy_meta_configecc\000"
 2050      6574615F 
 2050      636F6E66 
 2050      69676563 
 2050      6300
 2051              	.LASF8:
ARM GAS  C:\Users\ali\AppData\Local\Temp\ccrjU9Y2.s 			page 38


 2052 01a8 756E7369 		.ascii	"unsigned int\000"
 2052      676E6564 
 2052      20696E74 
 2052      00
 2053              	.LASF7:
 2054 01b5 6C6F6E67 		.ascii	"long long unsigned int\000"
 2054      206C6F6E 
 2054      6720756E 
 2054      7369676E 
 2054      65642069 
 2055              	.LASF10:
 2056 01cc 75696E74 		.ascii	"uint8_t\000"
 2056      385F7400 
 2057              	.LASF15:
 2058 01d4 63795F6D 		.ascii	"cy_meta_flashprotect\000"
 2058      6574615F 
 2058      666C6173 
 2058      6870726F 
 2058      74656374 
 2059              	.LASF14:
 2060 01e9 63795F6D 		.ascii	"cy_meta_wonvl\000"
 2060      6574615F 
 2060      776F6E76 
 2060      6C00
 2061              	.LASF11:
 2062 01f7 73697A65 		.ascii	"sizetype\000"
 2062      74797065 
 2062      00
 2063              	.LASF6:
 2064 0200 6C6F6E67 		.ascii	"long long int\000"
 2064      206C6F6E 
 2064      6720696E 
 2064      7400
 2065              	.LASF2:
 2066 020e 73686F72 		.ascii	"short int\000"
 2066      7420696E 
 2066      7400
 2067              	.LASF4:
 2068 0218 6C6F6E67 		.ascii	"long int\000"
 2068      20696E74 
 2068      00
 2069              	.LASF0:
 2070 0221 7369676E 		.ascii	"signed char\000"
 2070      65642063 
 2070      68617200 
 2071              	.LASF18:
 2072 022d 47656E65 		.ascii	"Generated_Source\\PSoC5\\cymetadata.c\000"
 2072      72617465 
 2072      645F536F 
 2072      75726365 
 2072      5C50536F 
 2073              		.ident	"GCC: (GNU Tools for ARM Embedded Processors) 5.4.1 20160609 (release) [ARM/embedded-5-bran
