ARM GAS  C:\Users\ali\AppData\Local\Temp\cc6cEfIR.s 			page 1


   1              		.syntax unified
   2              		.cpu cortex-m3
   3              		.fpu softvfp
   4              		.eabi_attribute 20, 1
   5              		.eabi_attribute 21, 1
   6              		.eabi_attribute 23, 3
   7              		.eabi_attribute 24, 1
   8              		.eabi_attribute 25, 1
   9              		.eabi_attribute 26, 1
  10              		.eabi_attribute 30, 6
  11              		.eabi_attribute 34, 1
  12              		.eabi_attribute 18, 4
  13              		.thumb
  14              		.syntax unified
  15              		.file	"IO.c"
  16              		.text
  17              	.Ltext0:
  18              		.cfi_sections	.debug_frame
  19              		.section	.text.RGB,"ax",%progbits
  20              		.align	2
  21              		.global	RGB
  22              		.thumb
  23              		.thumb_func
  24              		.type	RGB, %function
  25              	RGB:
  26              	.LFB64:
  27              		.file 1 "IO.c"
   1:IO.c          **** /* ========================================
   2:IO.c          ****  *
   3:IO.c          ****  * Copyright YOUR COMPANY, THE YEAR
   4:IO.c          ****  * All Rights Reserved
   5:IO.c          ****  * UNPUBLISHED, LICENSED SOFTWARE.
   6:IO.c          ****  *
   7:IO.c          ****  * CONFIDENTIAL AND PROPRIETARY INFORMATION
   8:IO.c          ****  * WHICH IS THE PROPERTY OF your company.
   9:IO.c          ****  *
  10:IO.c          ****  * ========================================
  11:IO.c          **** */
  12:IO.c          **** 
  13:IO.c          **** /* [] END OF FILE */
  14:IO.c          **** 
  15:IO.c          **** // ###################################################### Includes ################################
  16:IO.c          **** #include "IO.h"
  17:IO.c          **** // ################################################################################################
  18:IO.c          **** 
  19:IO.c          **** // ###################################################### Functions ###############################
  20:IO.c          **** //LED_RGB 3 pins
  21:IO.c          **** void RGB(uint8 color)
  22:IO.c          **** {
  28              		.loc 1 22 0
  29              		.cfi_startproc
  30              		@ args = 0, pretend = 0, frame = 8
  31              		@ frame_needed = 1, uses_anonymous_args = 0
  32 0000 80B5     		push	{r7, lr}
  33              		.cfi_def_cfa_offset 8
  34              		.cfi_offset 7, -8
  35              		.cfi_offset 14, -4
ARM GAS  C:\Users\ali\AppData\Local\Temp\cc6cEfIR.s 			page 2


  36 0002 82B0     		sub	sp, sp, #8
  37              		.cfi_def_cfa_offset 16
  38 0004 00AF     		add	r7, sp, #0
  39              		.cfi_def_cfa_register 7
  40 0006 0346     		mov	r3, r0
  41 0008 FB71     		strb	r3, [r7, #7]
  23:IO.c          ****     switch (color){
  42              		.loc 1 23 0
  43 000a FB79     		ldrb	r3, [r7, #7]	@ zero_extendqisi2
  44 000c 062B     		cmp	r3, #6
  45 000e 2DD8     		bhi	.L2
  46 0010 01A2     		adr	r2, .L4
  47 0012 52F823F0 		ldr	pc, [r2, r3, lsl #2]
  48 0016 00BF     		.p2align 2
  49              	.L4:
  50 0018 35000000 		.word	.L3+1
  51 001c 3D000000 		.word	.L5+1
  52 0020 45000000 		.word	.L6+1
  53 0024 4D000000 		.word	.L7+1
  54 0028 55000000 		.word	.L8+1
  55 002c 5D000000 		.word	.L9+1
  56 0030 65000000 		.word	.L10+1
  57              		.p2align 1
  58              	.L3:
  24:IO.c          ****         case 0:{
  25:IO.c          ****             //Error MSG
  26:IO.c          ****             LED_RGB_Write(WHI);
  59              		.loc 1 26 0
  60 0034 0020     		movs	r0, #0
  61 0036 FFF7FEFF 		bl	LED_RGB_Write
  27:IO.c          ****             break;
  62              		.loc 1 27 0
  63 003a 1BE0     		b	.L11
  64              	.L5:
  28:IO.c          ****         }
  29:IO.c          ****         case 1:{
  30:IO.c          ****             //Cy Up
  31:IO.c          ****             LED_RGB_Write(RED);
  65              		.loc 1 31 0
  66 003c 0620     		movs	r0, #6
  67 003e FFF7FEFF 		bl	LED_RGB_Write
  32:IO.c          ****             break;
  68              		.loc 1 32 0
  69 0042 17E0     		b	.L11
  70              	.L6:
  33:IO.c          ****         }
  34:IO.c          ****         case 2:{
  35:IO.c          ****             //Linux Up
  36:IO.c          ****             LED_RGB_Write(GRE);
  71              		.loc 1 36 0
  72 0044 0520     		movs	r0, #5
  73 0046 FFF7FEFF 		bl	LED_RGB_Write
  37:IO.c          ****             break;
  74              		.loc 1 37 0
  75 004a 13E0     		b	.L11
  76              	.L7:
  38:IO.c          ****         }
ARM GAS  C:\Users\ali\AppData\Local\Temp\cc6cEfIR.s 			page 3


  39:IO.c          ****         case 3:{
  40:IO.c          ****             //Server Connected
  41:IO.c          ****             LED_RGB_Write(BLU);
  77              		.loc 1 41 0
  78 004c 0320     		movs	r0, #3
  79 004e FFF7FEFF 		bl	LED_RGB_Write
  42:IO.c          ****             break;
  80              		.loc 1 42 0
  81 0052 0FE0     		b	.L11
  82              	.L8:
  43:IO.c          ****         }
  44:IO.c          ****         case 4:{
  45:IO.c          ****             LED_RGB_Write(CYA);
  83              		.loc 1 45 0
  84 0054 0120     		movs	r0, #1
  85 0056 FFF7FEFF 		bl	LED_RGB_Write
  46:IO.c          ****             break;
  86              		.loc 1 46 0
  87 005a 0BE0     		b	.L11
  88              	.L9:
  47:IO.c          ****         }
  48:IO.c          ****         case 5:{
  49:IO.c          ****             LED_RGB_Write(PUR);
  89              		.loc 1 49 0
  90 005c 0220     		movs	r0, #2
  91 005e FFF7FEFF 		bl	LED_RGB_Write
  50:IO.c          ****             break;
  92              		.loc 1 50 0
  93 0062 07E0     		b	.L11
  94              	.L10:
  51:IO.c          ****         }
  52:IO.c          ****         case 6:{
  53:IO.c          ****             LED_RGB_Write(YEL);
  95              		.loc 1 53 0
  96 0064 0420     		movs	r0, #4
  97 0066 FFF7FEFF 		bl	LED_RGB_Write
  54:IO.c          ****             break;
  98              		.loc 1 54 0
  99 006a 03E0     		b	.L11
 100              	.L2:
  55:IO.c          ****         }
  56:IO.c          ****         default:{
  57:IO.c          ****             LED_RGB_Write(BLC);
 101              		.loc 1 57 0
 102 006c 0020     		movs	r0, #0
 103 006e FFF7FEFF 		bl	LED_RGB_Write
  58:IO.c          ****             break;
 104              		.loc 1 58 0
 105 0072 00BF     		nop
 106              	.L11:
  59:IO.c          ****         }
  60:IO.c          ****     }
  61:IO.c          ****     
  62:IO.c          ****     return;
 107              		.loc 1 62 0
 108 0074 00BF     		nop
  63:IO.c          **** }
ARM GAS  C:\Users\ali\AppData\Local\Temp\cc6cEfIR.s 			page 4


 109              		.loc 1 63 0
 110 0076 0837     		adds	r7, r7, #8
 111              		.cfi_def_cfa_offset 8
 112 0078 BD46     		mov	sp, r7
 113              		.cfi_def_cfa_register 13
 114              		@ sp needed
 115 007a 80BD     		pop	{r7, pc}
 116              		.cfi_endproc
 117              	.LFE64:
 118              		.size	RGB, .-RGB
 119              		.section	.text.Relay_Port1,"ax",%progbits
 120              		.align	2
 121              		.global	Relay_Port1
 122              		.thumb
 123              		.thumb_func
 124              		.type	Relay_Port1, %function
 125              	Relay_Port1:
 126              	.LFB65:
  64:IO.c          **** 
  65:IO.c          **** 
  66:IO.c          **** //Relays
  67:IO.c          **** extern void Relay_Port1(uint8 on_off) 
  68:IO.c          **** {
 127              		.loc 1 68 0
 128              		.cfi_startproc
 129              		@ args = 0, pretend = 0, frame = 8
 130              		@ frame_needed = 1, uses_anonymous_args = 0
 131 0000 80B5     		push	{r7, lr}
 132              		.cfi_def_cfa_offset 8
 133              		.cfi_offset 7, -8
 134              		.cfi_offset 14, -4
 135 0002 82B0     		sub	sp, sp, #8
 136              		.cfi_def_cfa_offset 16
 137 0004 00AF     		add	r7, sp, #0
 138              		.cfi_def_cfa_register 7
 139 0006 0346     		mov	r3, r0
 140 0008 FB71     		strb	r3, [r7, #7]
  69:IO.c          ****     if(on_off)
 141              		.loc 1 69 0
 142 000a FB79     		ldrb	r3, [r7, #7]	@ zero_extendqisi2
 143 000c 002B     		cmp	r3, #0
 144 000e 03D0     		beq	.L14
  70:IO.c          ****         Relay_Port1_Write(1);
 145              		.loc 1 70 0
 146 0010 0120     		movs	r0, #1
 147 0012 FFF7FEFF 		bl	Relay_Port1_Write
  71:IO.c          ****     else
  72:IO.c          ****         Relay_Port1_Write(0);
  73:IO.c          ****     return;
 148              		.loc 1 73 0
 149 0016 03E0     		b	.L13
 150              	.L14:
  72:IO.c          ****     return;
 151              		.loc 1 72 0
 152 0018 0020     		movs	r0, #0
 153 001a FFF7FEFF 		bl	Relay_Port1_Write
 154              		.loc 1 73 0
ARM GAS  C:\Users\ali\AppData\Local\Temp\cc6cEfIR.s 			page 5


 155 001e 00BF     		nop
 156              	.L13:
  74:IO.c          **** }
 157              		.loc 1 74 0
 158 0020 0837     		adds	r7, r7, #8
 159              		.cfi_def_cfa_offset 8
 160 0022 BD46     		mov	sp, r7
 161              		.cfi_def_cfa_register 13
 162              		@ sp needed
 163 0024 80BD     		pop	{r7, pc}
 164              		.cfi_endproc
 165              	.LFE65:
 166              		.size	Relay_Port1, .-Relay_Port1
 167 0026 00BF     		.section	.text.Relay_Port2,"ax",%progbits
 168              		.align	2
 169              		.global	Relay_Port2
 170              		.thumb
 171              		.thumb_func
 172              		.type	Relay_Port2, %function
 173              	Relay_Port2:
 174              	.LFB66:
  75:IO.c          **** 
  76:IO.c          **** extern void Relay_Port2(uint8 on_off)
  77:IO.c          **** {
 175              		.loc 1 77 0
 176              		.cfi_startproc
 177              		@ args = 0, pretend = 0, frame = 8
 178              		@ frame_needed = 1, uses_anonymous_args = 0
 179 0000 80B5     		push	{r7, lr}
 180              		.cfi_def_cfa_offset 8
 181              		.cfi_offset 7, -8
 182              		.cfi_offset 14, -4
 183 0002 82B0     		sub	sp, sp, #8
 184              		.cfi_def_cfa_offset 16
 185 0004 00AF     		add	r7, sp, #0
 186              		.cfi_def_cfa_register 7
 187 0006 0346     		mov	r3, r0
 188 0008 FB71     		strb	r3, [r7, #7]
  78:IO.c          ****     if(on_off)
 189              		.loc 1 78 0
 190 000a FB79     		ldrb	r3, [r7, #7]	@ zero_extendqisi2
 191 000c 002B     		cmp	r3, #0
 192 000e 03D0     		beq	.L18
  79:IO.c          ****         Relay_Port2_Write(1);
 193              		.loc 1 79 0
 194 0010 0120     		movs	r0, #1
 195 0012 FFF7FEFF 		bl	Relay_Port2_Write
  80:IO.c          ****     else
  81:IO.c          ****         Relay_Port2_Write(0);
  82:IO.c          ****     
  83:IO.c          ****     return;
 196              		.loc 1 83 0
 197 0016 03E0     		b	.L17
 198              	.L18:
  81:IO.c          ****     
 199              		.loc 1 81 0
 200 0018 0020     		movs	r0, #0
ARM GAS  C:\Users\ali\AppData\Local\Temp\cc6cEfIR.s 			page 6


 201 001a FFF7FEFF 		bl	Relay_Port2_Write
 202              		.loc 1 83 0
 203 001e 00BF     		nop
 204              	.L17:
  84:IO.c          **** }
 205              		.loc 1 84 0
 206 0020 0837     		adds	r7, r7, #8
 207              		.cfi_def_cfa_offset 8
 208 0022 BD46     		mov	sp, r7
 209              		.cfi_def_cfa_register 13
 210              		@ sp needed
 211 0024 80BD     		pop	{r7, pc}
 212              		.cfi_endproc
 213              	.LFE66:
 214              		.size	Relay_Port2, .-Relay_Port2
 215 0026 00BF     		.text
 216              	.Letext0:
 217              		.file 2 "c:\\program files (x86)\\cypress\\psoc creator\\4.4\\psoc creator\\import\\gnu\\arm\\5.4.
 218              		.file 3 "c:\\program files (x86)\\cypress\\psoc creator\\4.4\\psoc creator\\import\\gnu\\arm\\5.4.
 219              		.file 4 "Generated_Source\\PSoC5/cytypes.h"
 220              		.file 5 "Generated_Source\\PSoC5/core_cm3.h"
 221              		.section	.debug_info,"",%progbits
 222              	.Ldebug_info0:
 223 0000 2A010000 		.4byte	0x12a
 224 0004 0400     		.2byte	0x4
 225 0006 00000000 		.4byte	.Ldebug_abbrev0
 226 000a 04       		.byte	0x4
 227 000b 01       		.uleb128 0x1
 228 000c 6F000000 		.4byte	.LASF21
 229 0010 0C       		.byte	0xc
 230 0011 6A000000 		.4byte	.LASF22
 231 0015 6D010000 		.4byte	.LASF23
 232 0019 00000000 		.4byte	.Ldebug_ranges0+0
 233 001d 00000000 		.4byte	0
 234 0021 00000000 		.4byte	.Ldebug_line0
 235 0025 02       		.uleb128 0x2
 236 0026 04       		.byte	0x4
 237 0027 05       		.byte	0x5
 238 0028 696E7400 		.ascii	"int\000"
 239 002c 03       		.uleb128 0x3
 240 002d 04       		.byte	0x4
 241 002e 07       		.byte	0x7
 242 002f 21000000 		.4byte	.LASF0
 243 0033 03       		.uleb128 0x3
 244 0034 08       		.byte	0x8
 245 0035 05       		.byte	0x5
 246 0036 00000000 		.4byte	.LASF1
 247 003a 03       		.uleb128 0x3
 248 003b 08       		.byte	0x8
 249 003c 04       		.byte	0x4
 250 003d 38010000 		.4byte	.LASF2
 251 0041 03       		.uleb128 0x3
 252 0042 01       		.byte	0x1
 253 0043 06       		.byte	0x6
 254 0044 51010000 		.4byte	.LASF3
 255 0048 03       		.uleb128 0x3
 256 0049 01       		.byte	0x1
ARM GAS  C:\Users\ali\AppData\Local\Temp\cc6cEfIR.s 			page 7


 257 004a 08       		.byte	0x8
 258 004b FD000000 		.4byte	.LASF4
 259 004f 03       		.uleb128 0x3
 260 0050 02       		.byte	0x2
 261 0051 05       		.byte	0x5
 262 0052 0F020000 		.4byte	.LASF5
 263 0056 03       		.uleb128 0x3
 264 0057 02       		.byte	0x2
 265 0058 07       		.byte	0x7
 266 0059 0E000000 		.4byte	.LASF6
 267 005d 04       		.uleb128 0x4
 268 005e 5D010000 		.4byte	.LASF12
 269 0062 02       		.byte	0x2
 270 0063 3F       		.byte	0x3f
 271 0064 68000000 		.4byte	0x68
 272 0068 03       		.uleb128 0x3
 273 0069 04       		.byte	0x4
 274 006a 05       		.byte	0x5
 275 006b 10010000 		.4byte	.LASF7
 276 006f 03       		.uleb128 0x3
 277 0070 04       		.byte	0x4
 278 0071 07       		.byte	0x7
 279 0072 3B000000 		.4byte	.LASF8
 280 0076 03       		.uleb128 0x3
 281 0077 08       		.byte	0x8
 282 0078 07       		.byte	0x7
 283 0079 53000000 		.4byte	.LASF9
 284 007d 03       		.uleb128 0x3
 285 007e 04       		.byte	0x4
 286 007f 07       		.byte	0x7
 287 0080 21020000 		.4byte	.LASF10
 288 0084 03       		.uleb128 0x3
 289 0085 01       		.byte	0x1
 290 0086 08       		.byte	0x8
 291 0087 0B010000 		.4byte	.LASF11
 292 008b 04       		.uleb128 0x4
 293 008c 19020000 		.4byte	.LASF13
 294 0090 03       		.byte	0x3
 295 0091 2C       		.byte	0x2c
 296 0092 5D000000 		.4byte	0x5d
 297 0096 05       		.uleb128 0x5
 298 0097 35000000 		.4byte	.LASF14
 299 009b 04       		.byte	0x4
 300 009c E801     		.2byte	0x1e8
 301 009e 48000000 		.4byte	0x48
 302 00a2 03       		.uleb128 0x3
 303 00a3 04       		.byte	0x4
 304 00a4 04       		.byte	0x4
 305 00a5 67010000 		.4byte	.LASF15
 306 00a9 03       		.uleb128 0x3
 307 00aa 08       		.byte	0x8
 308 00ab 04       		.byte	0x4
 309 00ac 31010000 		.4byte	.LASF16
 310 00b0 06       		.uleb128 0x6
 311 00b1 52474200 		.ascii	"RGB\000"
 312 00b5 01       		.byte	0x1
 313 00b6 15       		.byte	0x15
ARM GAS  C:\Users\ali\AppData\Local\Temp\cc6cEfIR.s 			page 8


 314 00b7 00000000 		.4byte	.LFB64
 315 00bb 7C000000 		.4byte	.LFE64-.LFB64
 316 00bf 01       		.uleb128 0x1
 317 00c0 9C       		.byte	0x9c
 318 00c1 D4000000 		.4byte	0xd4
 319 00c5 07       		.uleb128 0x7
 320 00c6 4D000000 		.4byte	.LASF18
 321 00ca 01       		.byte	0x1
 322 00cb 15       		.byte	0x15
 323 00cc 96000000 		.4byte	0x96
 324 00d0 02       		.uleb128 0x2
 325 00d1 91       		.byte	0x91
 326 00d2 77       		.sleb128 -9
 327 00d3 00       		.byte	0
 328 00d4 08       		.uleb128 0x8
 329 00d5 19010000 		.4byte	.LASF17
 330 00d9 01       		.byte	0x1
 331 00da 43       		.byte	0x43
 332 00db 00000000 		.4byte	.LFB65
 333 00df 26000000 		.4byte	.LFE65-.LFB65
 334 00e3 01       		.uleb128 0x1
 335 00e4 9C       		.byte	0x9c
 336 00e5 F8000000 		.4byte	0xf8
 337 00e9 07       		.uleb128 0x7
 338 00ea 2E000000 		.4byte	.LASF19
 339 00ee 01       		.byte	0x1
 340 00ef 43       		.byte	0x43
 341 00f0 96000000 		.4byte	0x96
 342 00f4 02       		.uleb128 0x2
 343 00f5 91       		.byte	0x91
 344 00f6 77       		.sleb128 -9
 345 00f7 00       		.byte	0
 346 00f8 08       		.uleb128 0x8
 347 00f9 25010000 		.4byte	.LASF20
 348 00fd 01       		.byte	0x1
 349 00fe 4C       		.byte	0x4c
 350 00ff 00000000 		.4byte	.LFB66
 351 0103 26000000 		.4byte	.LFE66-.LFB66
 352 0107 01       		.uleb128 0x1
 353 0108 9C       		.byte	0x9c
 354 0109 1C010000 		.4byte	0x11c
 355 010d 07       		.uleb128 0x7
 356 010e 2E000000 		.4byte	.LASF19
 357 0112 01       		.byte	0x1
 358 0113 4C       		.byte	0x4c
 359 0114 96000000 		.4byte	0x96
 360 0118 02       		.uleb128 0x2
 361 0119 91       		.byte	0x91
 362 011a 77       		.sleb128 -9
 363 011b 00       		.byte	0
 364 011c 09       		.uleb128 0x9
 365 011d 44010000 		.4byte	.LASF24
 366 0121 05       		.byte	0x5
 367 0122 1207     		.2byte	0x712
 368 0124 28010000 		.4byte	0x128
 369 0128 0A       		.uleb128 0xa
 370 0129 8B000000 		.4byte	0x8b
ARM GAS  C:\Users\ali\AppData\Local\Temp\cc6cEfIR.s 			page 9


 371 012d 00       		.byte	0
 372              		.section	.debug_abbrev,"",%progbits
 373              	.Ldebug_abbrev0:
 374 0000 01       		.uleb128 0x1
 375 0001 11       		.uleb128 0x11
 376 0002 01       		.byte	0x1
 377 0003 25       		.uleb128 0x25
 378 0004 0E       		.uleb128 0xe
 379 0005 13       		.uleb128 0x13
 380 0006 0B       		.uleb128 0xb
 381 0007 03       		.uleb128 0x3
 382 0008 0E       		.uleb128 0xe
 383 0009 1B       		.uleb128 0x1b
 384 000a 0E       		.uleb128 0xe
 385 000b 55       		.uleb128 0x55
 386 000c 17       		.uleb128 0x17
 387 000d 11       		.uleb128 0x11
 388 000e 01       		.uleb128 0x1
 389 000f 10       		.uleb128 0x10
 390 0010 17       		.uleb128 0x17
 391 0011 00       		.byte	0
 392 0012 00       		.byte	0
 393 0013 02       		.uleb128 0x2
 394 0014 24       		.uleb128 0x24
 395 0015 00       		.byte	0
 396 0016 0B       		.uleb128 0xb
 397 0017 0B       		.uleb128 0xb
 398 0018 3E       		.uleb128 0x3e
 399 0019 0B       		.uleb128 0xb
 400 001a 03       		.uleb128 0x3
 401 001b 08       		.uleb128 0x8
 402 001c 00       		.byte	0
 403 001d 00       		.byte	0
 404 001e 03       		.uleb128 0x3
 405 001f 24       		.uleb128 0x24
 406 0020 00       		.byte	0
 407 0021 0B       		.uleb128 0xb
 408 0022 0B       		.uleb128 0xb
 409 0023 3E       		.uleb128 0x3e
 410 0024 0B       		.uleb128 0xb
 411 0025 03       		.uleb128 0x3
 412 0026 0E       		.uleb128 0xe
 413 0027 00       		.byte	0
 414 0028 00       		.byte	0
 415 0029 04       		.uleb128 0x4
 416 002a 16       		.uleb128 0x16
 417 002b 00       		.byte	0
 418 002c 03       		.uleb128 0x3
 419 002d 0E       		.uleb128 0xe
 420 002e 3A       		.uleb128 0x3a
 421 002f 0B       		.uleb128 0xb
 422 0030 3B       		.uleb128 0x3b
 423 0031 0B       		.uleb128 0xb
 424 0032 49       		.uleb128 0x49
 425 0033 13       		.uleb128 0x13
 426 0034 00       		.byte	0
 427 0035 00       		.byte	0
ARM GAS  C:\Users\ali\AppData\Local\Temp\cc6cEfIR.s 			page 10


 428 0036 05       		.uleb128 0x5
 429 0037 16       		.uleb128 0x16
 430 0038 00       		.byte	0
 431 0039 03       		.uleb128 0x3
 432 003a 0E       		.uleb128 0xe
 433 003b 3A       		.uleb128 0x3a
 434 003c 0B       		.uleb128 0xb
 435 003d 3B       		.uleb128 0x3b
 436 003e 05       		.uleb128 0x5
 437 003f 49       		.uleb128 0x49
 438 0040 13       		.uleb128 0x13
 439 0041 00       		.byte	0
 440 0042 00       		.byte	0
 441 0043 06       		.uleb128 0x6
 442 0044 2E       		.uleb128 0x2e
 443 0045 01       		.byte	0x1
 444 0046 3F       		.uleb128 0x3f
 445 0047 19       		.uleb128 0x19
 446 0048 03       		.uleb128 0x3
 447 0049 08       		.uleb128 0x8
 448 004a 3A       		.uleb128 0x3a
 449 004b 0B       		.uleb128 0xb
 450 004c 3B       		.uleb128 0x3b
 451 004d 0B       		.uleb128 0xb
 452 004e 27       		.uleb128 0x27
 453 004f 19       		.uleb128 0x19
 454 0050 11       		.uleb128 0x11
 455 0051 01       		.uleb128 0x1
 456 0052 12       		.uleb128 0x12
 457 0053 06       		.uleb128 0x6
 458 0054 40       		.uleb128 0x40
 459 0055 18       		.uleb128 0x18
 460 0056 9642     		.uleb128 0x2116
 461 0058 19       		.uleb128 0x19
 462 0059 01       		.uleb128 0x1
 463 005a 13       		.uleb128 0x13
 464 005b 00       		.byte	0
 465 005c 00       		.byte	0
 466 005d 07       		.uleb128 0x7
 467 005e 05       		.uleb128 0x5
 468 005f 00       		.byte	0
 469 0060 03       		.uleb128 0x3
 470 0061 0E       		.uleb128 0xe
 471 0062 3A       		.uleb128 0x3a
 472 0063 0B       		.uleb128 0xb
 473 0064 3B       		.uleb128 0x3b
 474 0065 0B       		.uleb128 0xb
 475 0066 49       		.uleb128 0x49
 476 0067 13       		.uleb128 0x13
 477 0068 02       		.uleb128 0x2
 478 0069 18       		.uleb128 0x18
 479 006a 00       		.byte	0
 480 006b 00       		.byte	0
 481 006c 08       		.uleb128 0x8
 482 006d 2E       		.uleb128 0x2e
 483 006e 01       		.byte	0x1
 484 006f 3F       		.uleb128 0x3f
ARM GAS  C:\Users\ali\AppData\Local\Temp\cc6cEfIR.s 			page 11


 485 0070 19       		.uleb128 0x19
 486 0071 03       		.uleb128 0x3
 487 0072 0E       		.uleb128 0xe
 488 0073 3A       		.uleb128 0x3a
 489 0074 0B       		.uleb128 0xb
 490 0075 3B       		.uleb128 0x3b
 491 0076 0B       		.uleb128 0xb
 492 0077 27       		.uleb128 0x27
 493 0078 19       		.uleb128 0x19
 494 0079 11       		.uleb128 0x11
 495 007a 01       		.uleb128 0x1
 496 007b 12       		.uleb128 0x12
 497 007c 06       		.uleb128 0x6
 498 007d 40       		.uleb128 0x40
 499 007e 18       		.uleb128 0x18
 500 007f 9642     		.uleb128 0x2116
 501 0081 19       		.uleb128 0x19
 502 0082 01       		.uleb128 0x1
 503 0083 13       		.uleb128 0x13
 504 0084 00       		.byte	0
 505 0085 00       		.byte	0
 506 0086 09       		.uleb128 0x9
 507 0087 34       		.uleb128 0x34
 508 0088 00       		.byte	0
 509 0089 03       		.uleb128 0x3
 510 008a 0E       		.uleb128 0xe
 511 008b 3A       		.uleb128 0x3a
 512 008c 0B       		.uleb128 0xb
 513 008d 3B       		.uleb128 0x3b
 514 008e 05       		.uleb128 0x5
 515 008f 49       		.uleb128 0x49
 516 0090 13       		.uleb128 0x13
 517 0091 3F       		.uleb128 0x3f
 518 0092 19       		.uleb128 0x19
 519 0093 3C       		.uleb128 0x3c
 520 0094 19       		.uleb128 0x19
 521 0095 00       		.byte	0
 522 0096 00       		.byte	0
 523 0097 0A       		.uleb128 0xa
 524 0098 35       		.uleb128 0x35
 525 0099 00       		.byte	0
 526 009a 49       		.uleb128 0x49
 527 009b 13       		.uleb128 0x13
 528 009c 00       		.byte	0
 529 009d 00       		.byte	0
 530 009e 00       		.byte	0
 531              		.section	.debug_aranges,"",%progbits
 532 0000 2C000000 		.4byte	0x2c
 533 0004 0200     		.2byte	0x2
 534 0006 00000000 		.4byte	.Ldebug_info0
 535 000a 04       		.byte	0x4
 536 000b 00       		.byte	0
 537 000c 0000     		.2byte	0
 538 000e 0000     		.2byte	0
 539 0010 00000000 		.4byte	.LFB64
 540 0014 7C000000 		.4byte	.LFE64-.LFB64
 541 0018 00000000 		.4byte	.LFB65
ARM GAS  C:\Users\ali\AppData\Local\Temp\cc6cEfIR.s 			page 12


 542 001c 26000000 		.4byte	.LFE65-.LFB65
 543 0020 00000000 		.4byte	.LFB66
 544 0024 26000000 		.4byte	.LFE66-.LFB66
 545 0028 00000000 		.4byte	0
 546 002c 00000000 		.4byte	0
 547              		.section	.debug_ranges,"",%progbits
 548              	.Ldebug_ranges0:
 549 0000 00000000 		.4byte	.LFB64
 550 0004 7C000000 		.4byte	.LFE64
 551 0008 00000000 		.4byte	.LFB65
 552 000c 26000000 		.4byte	.LFE65
 553 0010 00000000 		.4byte	.LFB66
 554 0014 26000000 		.4byte	.LFE66
 555 0018 00000000 		.4byte	0
 556 001c 00000000 		.4byte	0
 557              		.section	.debug_line,"",%progbits
 558              	.Ldebug_line0:
 559 0000 9F010000 		.section	.debug_str,"MS",%progbits,1
 559      02004A01 
 559      00000201 
 559      FB0E0D00 
 559      01010101 
 560              	.LASF1:
 561 0000 6C6F6E67 		.ascii	"long long int\000"
 561      206C6F6E 
 561      6720696E 
 561      7400
 562              	.LASF6:
 563 000e 73686F72 		.ascii	"short unsigned int\000"
 563      7420756E 
 563      7369676E 
 563      65642069 
 563      6E7400
 564              	.LASF0:
 565 0021 756E7369 		.ascii	"unsigned int\000"
 565      676E6564 
 565      20696E74 
 565      00
 566              	.LASF19:
 567 002e 6F6E5F6F 		.ascii	"on_off\000"
 567      666600
 568              	.LASF14:
 569 0035 75696E74 		.ascii	"uint8\000"
 569      3800
 570              	.LASF8:
 571 003b 6C6F6E67 		.ascii	"long unsigned int\000"
 571      20756E73 
 571      69676E65 
 571      6420696E 
 571      7400
 572              	.LASF18:
 573 004d 636F6C6F 		.ascii	"color\000"
 573      7200
 574              	.LASF9:
 575 0053 6C6F6E67 		.ascii	"long long unsigned int\000"
 575      206C6F6E 
 575      6720756E 
ARM GAS  C:\Users\ali\AppData\Local\Temp\cc6cEfIR.s 			page 13


 575      7369676E 
 575      65642069 
 576              	.LASF22:
 577 006a 494F2E63 		.ascii	"IO.c\000"
 577      00
 578              	.LASF21:
 579 006f 474E5520 		.ascii	"GNU C11 5.4.1 20160609 (release) [ARM/embedded-5-br"
 579      43313120 
 579      352E342E 
 579      31203230 
 579      31363036 
 580 00a2 616E6368 		.ascii	"anch revision 237715] -mcpu=cortex-m3 -mthumb -g -O"
 580      20726576 
 580      6973696F 
 580      6E203233 
 580      37373135 
 581 00d5 30202D66 		.ascii	"0 -ffunction-sections -ffat-lto-objects\000"
 581      66756E63 
 581      74696F6E 
 581      2D736563 
 581      74696F6E 
 582              	.LASF4:
 583 00fd 756E7369 		.ascii	"unsigned char\000"
 583      676E6564 
 583      20636861 
 583      7200
 584              	.LASF11:
 585 010b 63686172 		.ascii	"char\000"
 585      00
 586              	.LASF7:
 587 0110 6C6F6E67 		.ascii	"long int\000"
 587      20696E74 
 587      00
 588              	.LASF17:
 589 0119 52656C61 		.ascii	"Relay_Port1\000"
 589      795F506F 
 589      72743100 
 590              	.LASF20:
 591 0125 52656C61 		.ascii	"Relay_Port2\000"
 591      795F506F 
 591      72743200 
 592              	.LASF16:
 593 0131 646F7562 		.ascii	"double\000"
 593      6C6500
 594              	.LASF2:
 595 0138 6C6F6E67 		.ascii	"long double\000"
 595      20646F75 
 595      626C6500 
 596              	.LASF24:
 597 0144 49544D5F 		.ascii	"ITM_RxBuffer\000"
 597      52784275 
 597      66666572 
 597      00
 598              	.LASF3:
 599 0151 7369676E 		.ascii	"signed char\000"
 599      65642063 
 599      68617200 
ARM GAS  C:\Users\ali\AppData\Local\Temp\cc6cEfIR.s 			page 14


 600              	.LASF12:
 601 015d 5F5F696E 		.ascii	"__int32_t\000"
 601      7433325F 
 601      7400
 602              	.LASF15:
 603 0167 666C6F61 		.ascii	"float\000"
 603      7400
 604              	.LASF23:
 605 016d 433A5C55 		.ascii	"C:\\Users\\ali\\Desktop\\no-exp -V1-old board\\new-"
 605      73657273 
 605      5C616C69 
 605      5C446573 
 605      6B746F70 
 606 019b 63792D6E 		.ascii	"cy-notask\\cy-notask\\Start\\BoardSupport\\Cypress\\"
 606      6F746173 
 606      6B5C6379 
 606      2D6E6F74 
 606      61736B5C 
 607 01ca 43593843 		.ascii	"CY8C5868_CY8CKIT_050_PSoC5_DK\\Start_CY8C5868_Acces"
 607      35383638 
 607      5F435938 
 607      434B4954 
 607      5F303530 
 608 01fc 7356312E 		.ascii	"sV1.0_OldBrd.cydsn\000"
 608      305F4F6C 
 608      64427264 
 608      2E637964 
 608      736E00
 609              	.LASF5:
 610 020f 73686F72 		.ascii	"short int\000"
 610      7420696E 
 610      7400
 611              	.LASF13:
 612 0219 696E7433 		.ascii	"int32_t\000"
 612      325F7400 
 613              	.LASF10:
 614 0221 73697A65 		.ascii	"sizetype\000"
 614      74797065 
 614      00
 615              		.ident	"GCC: (GNU Tools for ARM Embedded Processors) 5.4.1 20160609 (release) [ARM/embedded-5-bran
