ARM GAS  C:\Users\ali\AppData\Local\Temp\cchTIyXW.s 			page 1


   1              		.syntax unified
   2              		.cpu cortex-m3
   3              		.fpu softvfp
   4              		.eabi_attribute 20, 1
   5              		.eabi_attribute 21, 1
   6              		.eabi_attribute 23, 3
   7              		.eabi_attribute 24, 1
   8              		.eabi_attribute 25, 1
   9              		.eabi_attribute 26, 1
  10              		.eabi_attribute 30, 6
  11              		.eabi_attribute 34, 1
  12              		.eabi_attribute 18, 4
  13              		.thumb
  14              		.syntax unified
  15              		.file	"OS_ThreadSafe.c"
  16              		.text
  17              	.Ltext0:
  18              		.cfi_sections	.debug_frame
  19              		.section	.text.__malloc_lock,"ax",%progbits
  20              		.align	2
  21              		.global	__malloc_lock
  22              		.thumb
  23              		.thumb_func
  24              		.type	__malloc_lock, %function
  25              	__malloc_lock:
  26              	.LFB0:
  27              		.file 1 "..\\Setup\\OS_ThreadSafe.c"
   1:..\Setup/OS_ThreadSafe.c **** /*********************************************************************
   2:..\Setup/OS_ThreadSafe.c **** *                     SEGGER Microcontroller GmbH                    *
   3:..\Setup/OS_ThreadSafe.c **** *                        The Embedded Experts                        *
   4:..\Setup/OS_ThreadSafe.c **** **********************************************************************
   5:..\Setup/OS_ThreadSafe.c **** *                                                                    *
   6:..\Setup/OS_ThreadSafe.c **** *       (c) 1995 - 2022 SEGGER Microcontroller GmbH                  *
   7:..\Setup/OS_ThreadSafe.c **** *                                                                    *
   8:..\Setup/OS_ThreadSafe.c **** *       Internet: segger.com  Support: support_embos@segger.com      *
   9:..\Setup/OS_ThreadSafe.c **** *                                                                    *
  10:..\Setup/OS_ThreadSafe.c **** **********************************************************************
  11:..\Setup/OS_ThreadSafe.c **** *                                                                    *
  12:..\Setup/OS_ThreadSafe.c **** *       embOS * Real time operating system                           *
  13:..\Setup/OS_ThreadSafe.c **** *                                                                    *
  14:..\Setup/OS_ThreadSafe.c **** *       Please note:                                                 *
  15:..\Setup/OS_ThreadSafe.c **** *                                                                    *
  16:..\Setup/OS_ThreadSafe.c **** *       Knowledge of this file may under no circumstances            *
  17:..\Setup/OS_ThreadSafe.c **** *       be used to write a similar product or a real-time            *
  18:..\Setup/OS_ThreadSafe.c **** *       operating system for in-house use.                           *
  19:..\Setup/OS_ThreadSafe.c **** *                                                                    *
  20:..\Setup/OS_ThreadSafe.c **** *       Thank you for your fairness !                                *
  21:..\Setup/OS_ThreadSafe.c **** *                                                                    *
  22:..\Setup/OS_ThreadSafe.c **** **********************************************************************
  23:..\Setup/OS_ThreadSafe.c **** *                                                                    *
  24:..\Setup/OS_ThreadSafe.c **** *       OS version: V5.16.1.0                                        *
  25:..\Setup/OS_ThreadSafe.c **** *                                                                    *
  26:..\Setup/OS_ThreadSafe.c **** **********************************************************************
  27:..\Setup/OS_ThreadSafe.c **** 
  28:..\Setup/OS_ThreadSafe.c **** -------------------------- END-OF-HEADER -----------------------------
  29:..\Setup/OS_ThreadSafe.c **** File    : OS_ThreadSafe.c
  30:..\Setup/OS_ThreadSafe.c **** Purpose : Thread safe library functions
ARM GAS  C:\Users\ali\AppData\Local\Temp\cchTIyXW.s 			page 2


  31:..\Setup/OS_ThreadSafe.c **** 
  32:..\Setup/OS_ThreadSafe.c **** Additional information:
  33:..\Setup/OS_ThreadSafe.c ****   This module enables thread and/or interrupt safety for e.g. malloc().
  34:..\Setup/OS_ThreadSafe.c ****   Per default it ensures thread and interrupt safety by disabling/restoring
  35:..\Setup/OS_ThreadSafe.c ****   embOS interrupts. Zero latency interrupts are not affected and protected.
  36:..\Setup/OS_ThreadSafe.c ****   If you need to call e.g. malloc() also from within a zero latency interrupt
  37:..\Setup/OS_ThreadSafe.c ****   additional handling needs to be added.
  38:..\Setup/OS_ThreadSafe.c ****   If you don't call such functions from within embOS interrupts you can use
  39:..\Setup/OS_ThreadSafe.c ****   thread safety instead. This reduces the interrupt latency because a mutex
  40:..\Setup/OS_ThreadSafe.c ****   is used instead of disabling embOS interrupts.
  41:..\Setup/OS_ThreadSafe.c **** */
  42:..\Setup/OS_ThreadSafe.c **** 
  43:..\Setup/OS_ThreadSafe.c **** #include "RTOS.h"
  44:..\Setup/OS_ThreadSafe.c **** 
  45:..\Setup/OS_ThreadSafe.c **** /*********************************************************************
  46:..\Setup/OS_ThreadSafe.c **** *
  47:..\Setup/OS_ThreadSafe.c **** *       Function prototypes
  48:..\Setup/OS_ThreadSafe.c **** *
  49:..\Setup/OS_ThreadSafe.c **** **********************************************************************
  50:..\Setup/OS_ThreadSafe.c **** */
  51:..\Setup/OS_ThreadSafe.c **** #ifdef __cplusplus
  52:..\Setup/OS_ThreadSafe.c ****   extern "C" {
  53:..\Setup/OS_ThreadSafe.c **** #endif
  54:..\Setup/OS_ThreadSafe.c **** 
  55:..\Setup/OS_ThreadSafe.c **** void __malloc_lock  (struct _reent *_r) OS_TEXT_SECTION_ATTRIBUTE(__malloc_lock);
  56:..\Setup/OS_ThreadSafe.c **** void __malloc_unlock(struct _reent *_r) OS_TEXT_SECTION_ATTRIBUTE(__malloc_unlock);
  57:..\Setup/OS_ThreadSafe.c **** 
  58:..\Setup/OS_ThreadSafe.c **** #ifdef __cplusplus
  59:..\Setup/OS_ThreadSafe.c ****   }
  60:..\Setup/OS_ThreadSafe.c **** #endif
  61:..\Setup/OS_ThreadSafe.c **** 
  62:..\Setup/OS_ThreadSafe.c **** /*********************************************************************
  63:..\Setup/OS_ThreadSafe.c **** *
  64:..\Setup/OS_ThreadSafe.c **** *       Defines
  65:..\Setup/OS_ThreadSafe.c **** *
  66:..\Setup/OS_ThreadSafe.c **** **********************************************************************
  67:..\Setup/OS_ThreadSafe.c **** */
  68:..\Setup/OS_ThreadSafe.c **** //
  69:..\Setup/OS_ThreadSafe.c **** // When set to 1 thread and interrupt safety is guaranteed.
  70:..\Setup/OS_ThreadSafe.c **** //
  71:..\Setup/OS_ThreadSafe.c **** // When set to 0 only thread safety is guaranteed. In this case you
  72:..\Setup/OS_ThreadSafe.c **** // must not call e.g. heap functions from ISRs, software timers or OS_Idle().
  73:..\Setup/OS_ThreadSafe.c **** //
  74:..\Setup/OS_ThreadSafe.c **** #ifndef   OS_INTERRUPT_SAFE
  75:..\Setup/OS_ThreadSafe.c ****   #define OS_INTERRUPT_SAFE  1
  76:..\Setup/OS_ThreadSafe.c **** #endif
  77:..\Setup/OS_ThreadSafe.c **** 
  78:..\Setup/OS_ThreadSafe.c **** /*********************************************************************
  79:..\Setup/OS_ThreadSafe.c **** *
  80:..\Setup/OS_ThreadSafe.c **** *       Global functions
  81:..\Setup/OS_ThreadSafe.c **** *
  82:..\Setup/OS_ThreadSafe.c **** **********************************************************************
  83:..\Setup/OS_ThreadSafe.c **** */
  84:..\Setup/OS_ThreadSafe.c **** 
  85:..\Setup/OS_ThreadSafe.c **** /*********************************************************************
  86:..\Setup/OS_ThreadSafe.c **** *
  87:..\Setup/OS_ThreadSafe.c **** *       __malloc_lock()
ARM GAS  C:\Users\ali\AppData\Local\Temp\cchTIyXW.s 			page 3


  88:..\Setup/OS_ThreadSafe.c **** */
  89:..\Setup/OS_ThreadSafe.c **** void __malloc_lock (struct _reent *_r) {
  28              		.loc 1 89 0
  29              		.cfi_startproc
  30              		@ args = 0, pretend = 0, frame = 8
  31              		@ frame_needed = 1, uses_anonymous_args = 0
  32 0000 80B5     		push	{r7, lr}
  33              		.cfi_def_cfa_offset 8
  34              		.cfi_offset 7, -8
  35              		.cfi_offset 14, -4
  36 0002 82B0     		sub	sp, sp, #8
  37              		.cfi_def_cfa_offset 16
  38 0004 00AF     		add	r7, sp, #0
  39              		.cfi_def_cfa_register 7
  40 0006 7860     		str	r0, [r7, #4]
  90:..\Setup/OS_ThreadSafe.c ****   OS_USE_PARA(_r);
  91:..\Setup/OS_ThreadSafe.c **** #if (OS_INTERRUPT_SAFE == 1)
  92:..\Setup/OS_ThreadSafe.c ****   OS_InterruptSafetyLock();
  41              		.loc 1 92 0
  42 0008 FFF7FEFF 		bl	OS_InterruptSafetyLock
  93:..\Setup/OS_ThreadSafe.c **** #else
  94:..\Setup/OS_ThreadSafe.c ****   OS_HeapLock();
  95:..\Setup/OS_ThreadSafe.c **** #endif
  96:..\Setup/OS_ThreadSafe.c **** }
  43              		.loc 1 96 0
  44 000c 00BF     		nop
  45 000e 0837     		adds	r7, r7, #8
  46              		.cfi_def_cfa_offset 8
  47 0010 BD46     		mov	sp, r7
  48              		.cfi_def_cfa_register 13
  49              		@ sp needed
  50 0012 80BD     		pop	{r7, pc}
  51              		.cfi_endproc
  52              	.LFE0:
  53              		.size	__malloc_lock, .-__malloc_lock
  54              		.section	.text.__malloc_unlock,"ax",%progbits
  55              		.align	2
  56              		.global	__malloc_unlock
  57              		.thumb
  58              		.thumb_func
  59              		.type	__malloc_unlock, %function
  60              	__malloc_unlock:
  61              	.LFB1:
  97:..\Setup/OS_ThreadSafe.c **** 
  98:..\Setup/OS_ThreadSafe.c **** /*********************************************************************
  99:..\Setup/OS_ThreadSafe.c **** *
 100:..\Setup/OS_ThreadSafe.c **** *       __malloc_unlock()
 101:..\Setup/OS_ThreadSafe.c **** */
 102:..\Setup/OS_ThreadSafe.c **** void __malloc_unlock(struct _reent *_r) {
  62              		.loc 1 102 0
  63              		.cfi_startproc
  64              		@ args = 0, pretend = 0, frame = 8
  65              		@ frame_needed = 1, uses_anonymous_args = 0
  66 0000 80B5     		push	{r7, lr}
  67              		.cfi_def_cfa_offset 8
  68              		.cfi_offset 7, -8
  69              		.cfi_offset 14, -4
ARM GAS  C:\Users\ali\AppData\Local\Temp\cchTIyXW.s 			page 4


  70 0002 82B0     		sub	sp, sp, #8
  71              		.cfi_def_cfa_offset 16
  72 0004 00AF     		add	r7, sp, #0
  73              		.cfi_def_cfa_register 7
  74 0006 7860     		str	r0, [r7, #4]
 103:..\Setup/OS_ThreadSafe.c ****   OS_USE_PARA(_r);
 104:..\Setup/OS_ThreadSafe.c **** #if (OS_INTERRUPT_SAFE == 1)
 105:..\Setup/OS_ThreadSafe.c ****   OS_InterruptSafetyUnlock();
  75              		.loc 1 105 0
  76 0008 FFF7FEFF 		bl	OS_InterruptSafetyUnlock
 106:..\Setup/OS_ThreadSafe.c **** #else
 107:..\Setup/OS_ThreadSafe.c ****   OS_HeapUnlock();
 108:..\Setup/OS_ThreadSafe.c **** #endif
 109:..\Setup/OS_ThreadSafe.c **** }
  77              		.loc 1 109 0
  78 000c 00BF     		nop
  79 000e 0837     		adds	r7, r7, #8
  80              		.cfi_def_cfa_offset 8
  81 0010 BD46     		mov	sp, r7
  82              		.cfi_def_cfa_register 13
  83              		@ sp needed
  84 0012 80BD     		pop	{r7, pc}
  85              		.cfi_endproc
  86              	.LFE1:
  87              		.size	__malloc_unlock, .-__malloc_unlock
  88              		.text
  89              	.Letext0:
  90              		.file 2 "c:\\program files (x86)\\cypress\\psoc creator\\4.4\\psoc creator\\import\\gnu\\arm\\5.4.
  91              		.file 3 "c:\\program files (x86)\\cypress\\psoc creator\\4.4\\psoc creator\\import\\gnu\\arm\\5.4.
  92              		.file 4 "c:\\program files (x86)\\cypress\\psoc creator\\4.4\\psoc creator\\import\\gnu\\arm\\5.4.
  93              		.file 5 "c:\\program files (x86)\\cypress\\psoc creator\\4.4\\psoc creator\\import\\gnu\\arm\\5.4.
  94              		.section	.debug_info,"",%progbits
  95              	.Ldebug_info0:
  96 0000 A7080000 		.4byte	0x8a7
  97 0004 0400     		.2byte	0x4
  98 0006 00000000 		.4byte	.Ldebug_abbrev0
  99 000a 04       		.byte	0x4
 100 000b 01       		.uleb128 0x1
 101 000c 51000000 		.4byte	.LASF118
 102 0010 0C       		.byte	0xc
 103 0011 46010000 		.4byte	.LASF119
 104 0015 E7010000 		.4byte	.LASF120
 105 0019 00000000 		.4byte	.Ldebug_ranges0+0
 106 001d 00000000 		.4byte	0
 107 0021 00000000 		.4byte	.Ldebug_line0
 108 0025 02       		.uleb128 0x2
 109 0026 04       		.byte	0x4
 110 0027 05       		.byte	0x5
 111 0028 696E7400 		.ascii	"int\000"
 112 002c 03       		.uleb128 0x3
 113 002d 04       		.byte	0x4
 114 002e 07       		.byte	0x7
 115 002f 2D000000 		.4byte	.LASF0
 116 0033 03       		.uleb128 0x3
 117 0034 08       		.byte	0x8
 118 0035 05       		.byte	0x5
 119 0036 50030000 		.4byte	.LASF1
ARM GAS  C:\Users\ali\AppData\Local\Temp\cchTIyXW.s 			page 5


 120 003a 03       		.uleb128 0x3
 121 003b 08       		.byte	0x8
 122 003c 04       		.byte	0x4
 123 003d D1030000 		.4byte	.LASF2
 124 0041 03       		.uleb128 0x3
 125 0042 01       		.byte	0x1
 126 0043 06       		.byte	0x6
 127 0044 3B050000 		.4byte	.LASF3
 128 0048 03       		.uleb128 0x3
 129 0049 01       		.byte	0x1
 130 004a 08       		.byte	0x8
 131 004b E3040000 		.4byte	.LASF4
 132 004f 03       		.uleb128 0x3
 133 0050 02       		.byte	0x2
 134 0051 05       		.byte	0x5
 135 0052 05040000 		.4byte	.LASF5
 136 0056 03       		.uleb128 0x3
 137 0057 02       		.byte	0x2
 138 0058 07       		.byte	0x7
 139 0059 4E050000 		.4byte	.LASF6
 140 005d 03       		.uleb128 0x3
 141 005e 04       		.byte	0x4
 142 005f 05       		.byte	0x5
 143 0060 0F040000 		.4byte	.LASF7
 144 0064 03       		.uleb128 0x3
 145 0065 04       		.byte	0x4
 146 0066 07       		.byte	0x7
 147 0067 AF040000 		.4byte	.LASF8
 148 006b 03       		.uleb128 0x3
 149 006c 08       		.byte	0x8
 150 006d 07       		.byte	0x7
 151 006e 89010000 		.4byte	.LASF9
 152 0072 04       		.uleb128 0x4
 153 0073 DF000000 		.4byte	.LASF10
 154 0077 02       		.byte	0x2
 155 0078 07       		.byte	0x7
 156 0079 25000000 		.4byte	0x25
 157 007d 04       		.uleb128 0x4
 158 007e 70050000 		.4byte	.LASF11
 159 0082 03       		.byte	0x3
 160 0083 2C       		.byte	0x2c
 161 0084 5D000000 		.4byte	0x5d
 162 0088 04       		.uleb128 0x4
 163 0089 0D010000 		.4byte	.LASF12
 164 008d 03       		.byte	0x3
 165 008e 72       		.byte	0x72
 166 008f 5D000000 		.4byte	0x5d
 167 0093 05       		.uleb128 0x5
 168 0094 C8040000 		.4byte	.LASF13
 169 0098 04       		.byte	0x4
 170 0099 6501     		.2byte	0x165
 171 009b 2C000000 		.4byte	0x2c
 172 009f 06       		.uleb128 0x6
 173 00a0 04       		.byte	0x4
 174 00a1 03       		.byte	0x3
 175 00a2 A6       		.byte	0xa6
 176 00a3 BE000000 		.4byte	0xbe
ARM GAS  C:\Users\ali\AppData\Local\Temp\cchTIyXW.s 			page 6


 177 00a7 07       		.uleb128 0x7
 178 00a8 1C030000 		.4byte	.LASF14
 179 00ac 03       		.byte	0x3
 180 00ad A8       		.byte	0xa8
 181 00ae 93000000 		.4byte	0x93
 182 00b2 07       		.uleb128 0x7
 183 00b3 39040000 		.4byte	.LASF15
 184 00b7 03       		.byte	0x3
 185 00b8 A9       		.byte	0xa9
 186 00b9 BE000000 		.4byte	0xbe
 187 00bd 00       		.byte	0
 188 00be 08       		.uleb128 0x8
 189 00bf 48000000 		.4byte	0x48
 190 00c3 CE000000 		.4byte	0xce
 191 00c7 09       		.uleb128 0x9
 192 00c8 CE000000 		.4byte	0xce
 193 00cc 03       		.byte	0x3
 194 00cd 00       		.byte	0
 195 00ce 03       		.uleb128 0x3
 196 00cf 04       		.byte	0x4
 197 00d0 07       		.byte	0x7
 198 00d1 A6040000 		.4byte	.LASF16
 199 00d5 0A       		.uleb128 0xa
 200 00d6 08       		.byte	0x8
 201 00d7 03       		.byte	0x3
 202 00d8 A3       		.byte	0xa3
 203 00d9 F6000000 		.4byte	0xf6
 204 00dd 0B       		.uleb128 0xb
 205 00de 5F010000 		.4byte	.LASF17
 206 00e2 03       		.byte	0x3
 207 00e3 A5       		.byte	0xa5
 208 00e4 25000000 		.4byte	0x25
 209 00e8 00       		.byte	0
 210 00e9 0B       		.uleb128 0xb
 211 00ea B7020000 		.4byte	.LASF18
 212 00ee 03       		.byte	0x3
 213 00ef AA       		.byte	0xaa
 214 00f0 9F000000 		.4byte	0x9f
 215 00f4 04       		.byte	0x4
 216 00f5 00       		.byte	0
 217 00f6 04       		.uleb128 0x4
 218 00f7 9B030000 		.4byte	.LASF19
 219 00fb 03       		.byte	0x3
 220 00fc AB       		.byte	0xab
 221 00fd D5000000 		.4byte	0xd5
 222 0101 04       		.uleb128 0x4
 223 0102 13030000 		.4byte	.LASF20
 224 0106 03       		.byte	0x3
 225 0107 AF       		.byte	0xaf
 226 0108 72000000 		.4byte	0x72
 227 010c 0C       		.uleb128 0xc
 228 010d 04       		.byte	0x4
 229 010e 0D       		.uleb128 0xd
 230 010f 04       		.byte	0x4
 231 0110 14010000 		.4byte	0x114
 232 0114 03       		.uleb128 0x3
 233 0115 01       		.byte	0x1
ARM GAS  C:\Users\ali\AppData\Local\Temp\cchTIyXW.s 			page 7


 234 0116 08       		.byte	0x8
 235 0117 E2020000 		.4byte	.LASF21
 236 011b 04       		.uleb128 0x4
 237 011c 74030000 		.4byte	.LASF22
 238 0120 05       		.byte	0x5
 239 0121 16       		.byte	0x16
 240 0122 64000000 		.4byte	0x64
 241 0126 0E       		.uleb128 0xe
 242 0127 22010000 		.4byte	.LASF27
 243 012b 18       		.byte	0x18
 244 012c 05       		.byte	0x5
 245 012d 2D       		.byte	0x2d
 246 012e 79010000 		.4byte	0x179
 247 0132 0B       		.uleb128 0xb
 248 0133 A0020000 		.4byte	.LASF23
 249 0137 05       		.byte	0x5
 250 0138 2F       		.byte	0x2f
 251 0139 79010000 		.4byte	0x179
 252 013d 00       		.byte	0
 253 013e 0F       		.uleb128 0xf
 254 013f 5F6B00   		.ascii	"_k\000"
 255 0142 05       		.byte	0x5
 256 0143 30       		.byte	0x30
 257 0144 25000000 		.4byte	0x25
 258 0148 04       		.byte	0x4
 259 0149 0B       		.uleb128 0xb
 260 014a 6E040000 		.4byte	.LASF24
 261 014e 05       		.byte	0x5
 262 014f 30       		.byte	0x30
 263 0150 25000000 		.4byte	0x25
 264 0154 08       		.byte	0x8
 265 0155 0B       		.uleb128 0xb
 266 0156 1D040000 		.4byte	.LASF25
 267 015a 05       		.byte	0x5
 268 015b 30       		.byte	0x30
 269 015c 25000000 		.4byte	0x25
 270 0160 0C       		.byte	0xc
 271 0161 0B       		.uleb128 0xb
 272 0162 B5010000 		.4byte	.LASF26
 273 0166 05       		.byte	0x5
 274 0167 30       		.byte	0x30
 275 0168 25000000 		.4byte	0x25
 276 016c 10       		.byte	0x10
 277 016d 0F       		.uleb128 0xf
 278 016e 5F7800   		.ascii	"_x\000"
 279 0171 05       		.byte	0x5
 280 0172 31       		.byte	0x31
 281 0173 7F010000 		.4byte	0x17f
 282 0177 14       		.byte	0x14
 283 0178 00       		.byte	0
 284 0179 0D       		.uleb128 0xd
 285 017a 04       		.byte	0x4
 286 017b 26010000 		.4byte	0x126
 287 017f 08       		.uleb128 0x8
 288 0180 1B010000 		.4byte	0x11b
 289 0184 8F010000 		.4byte	0x18f
 290 0188 09       		.uleb128 0x9
ARM GAS  C:\Users\ali\AppData\Local\Temp\cchTIyXW.s 			page 8


 291 0189 CE000000 		.4byte	0xce
 292 018d 00       		.byte	0
 293 018e 00       		.byte	0
 294 018f 0E       		.uleb128 0xe
 295 0190 9B040000 		.4byte	.LASF28
 296 0194 24       		.byte	0x24
 297 0195 05       		.byte	0x5
 298 0196 35       		.byte	0x35
 299 0197 08020000 		.4byte	0x208
 300 019b 0B       		.uleb128 0xb
 301 019c D4010000 		.4byte	.LASF29
 302 01a0 05       		.byte	0x5
 303 01a1 37       		.byte	0x37
 304 01a2 25000000 		.4byte	0x25
 305 01a6 00       		.byte	0
 306 01a7 0B       		.uleb128 0xb
 307 01a8 67010000 		.4byte	.LASF30
 308 01ac 05       		.byte	0x5
 309 01ad 38       		.byte	0x38
 310 01ae 25000000 		.4byte	0x25
 311 01b2 04       		.byte	0x4
 312 01b3 0B       		.uleb128 0xb
 313 01b4 3C010000 		.4byte	.LASF31
 314 01b8 05       		.byte	0x5
 315 01b9 39       		.byte	0x39
 316 01ba 25000000 		.4byte	0x25
 317 01be 08       		.byte	0x8
 318 01bf 0B       		.uleb128 0xb
 319 01c0 E7020000 		.4byte	.LASF32
 320 01c4 05       		.byte	0x5
 321 01c5 3A       		.byte	0x3a
 322 01c6 25000000 		.4byte	0x25
 323 01ca 0C       		.byte	0xc
 324 01cb 0B       		.uleb128 0xb
 325 01cc C8030000 		.4byte	.LASF33
 326 01d0 05       		.byte	0x5
 327 01d1 3B       		.byte	0x3b
 328 01d2 25000000 		.4byte	0x25
 329 01d6 10       		.byte	0x10
 330 01d7 0B       		.uleb128 0xb
 331 01d8 40040000 		.4byte	.LASF34
 332 01dc 05       		.byte	0x5
 333 01dd 3C       		.byte	0x3c
 334 01de 25000000 		.4byte	0x25
 335 01e2 14       		.byte	0x14
 336 01e3 0B       		.uleb128 0xb
 337 01e4 2A010000 		.4byte	.LASF35
 338 01e8 05       		.byte	0x5
 339 01e9 3D       		.byte	0x3d
 340 01ea 25000000 		.4byte	0x25
 341 01ee 18       		.byte	0x18
 342 01ef 0B       		.uleb128 0xb
 343 01f0 DD010000 		.4byte	.LASF36
 344 01f4 05       		.byte	0x5
 345 01f5 3E       		.byte	0x3e
 346 01f6 25000000 		.4byte	0x25
 347 01fa 1C       		.byte	0x1c
ARM GAS  C:\Users\ali\AppData\Local\Temp\cchTIyXW.s 			page 9


 348 01fb 0B       		.uleb128 0xb
 349 01fc A6030000 		.4byte	.LASF37
 350 0200 05       		.byte	0x5
 351 0201 3F       		.byte	0x3f
 352 0202 25000000 		.4byte	0x25
 353 0206 20       		.byte	0x20
 354 0207 00       		.byte	0
 355 0208 10       		.uleb128 0x10
 356 0209 00000000 		.4byte	.LASF38
 357 020d 0801     		.2byte	0x108
 358 020f 05       		.byte	0x5
 359 0210 48       		.byte	0x48
 360 0211 48020000 		.4byte	0x248
 361 0215 0B       		.uleb128 0xb
 362 0216 33050000 		.4byte	.LASF39
 363 021a 05       		.byte	0x5
 364 021b 49       		.byte	0x49
 365 021c 48020000 		.4byte	0x248
 366 0220 00       		.byte	0
 367 0221 0B       		.uleb128 0xb
 368 0222 CF040000 		.4byte	.LASF40
 369 0226 05       		.byte	0x5
 370 0227 4A       		.byte	0x4a
 371 0228 48020000 		.4byte	0x248
 372 022c 80       		.byte	0x80
 373 022d 11       		.uleb128 0x11
 374 022e 61050000 		.4byte	.LASF41
 375 0232 05       		.byte	0x5
 376 0233 4C       		.byte	0x4c
 377 0234 1B010000 		.4byte	0x11b
 378 0238 0001     		.2byte	0x100
 379 023a 11       		.uleb128 0x11
 380 023b 92050000 		.4byte	.LASF42
 381 023f 05       		.byte	0x5
 382 0240 4F       		.byte	0x4f
 383 0241 1B010000 		.4byte	0x11b
 384 0245 0401     		.2byte	0x104
 385 0247 00       		.byte	0
 386 0248 08       		.uleb128 0x8
 387 0249 0C010000 		.4byte	0x10c
 388 024d 58020000 		.4byte	0x258
 389 0251 09       		.uleb128 0x9
 390 0252 CE000000 		.4byte	0xce
 391 0256 1F       		.byte	0x1f
 392 0257 00       		.byte	0
 393 0258 10       		.uleb128 0x10
 394 0259 F4030000 		.4byte	.LASF43
 395 025d 9001     		.2byte	0x190
 396 025f 05       		.byte	0x5
 397 0260 5B       		.byte	0x5b
 398 0261 96020000 		.4byte	0x296
 399 0265 0B       		.uleb128 0xb
 400 0266 A0020000 		.4byte	.LASF23
 401 026a 05       		.byte	0x5
 402 026b 5C       		.byte	0x5c
 403 026c 96020000 		.4byte	0x296
 404 0270 00       		.byte	0
ARM GAS  C:\Users\ali\AppData\Local\Temp\cchTIyXW.s 			page 10


 405 0271 0B       		.uleb128 0xb
 406 0272 9B020000 		.4byte	.LASF44
 407 0276 05       		.byte	0x5
 408 0277 5D       		.byte	0x5d
 409 0278 25000000 		.4byte	0x25
 410 027c 04       		.byte	0x4
 411 027d 0B       		.uleb128 0xb
 412 027e 15010000 		.4byte	.LASF45
 413 0282 05       		.byte	0x5
 414 0283 5F       		.byte	0x5f
 415 0284 9C020000 		.4byte	0x29c
 416 0288 08       		.byte	0x8
 417 0289 0B       		.uleb128 0xb
 418 028a 00000000 		.4byte	.LASF38
 419 028e 05       		.byte	0x5
 420 028f 60       		.byte	0x60
 421 0290 08020000 		.4byte	0x208
 422 0294 88       		.byte	0x88
 423 0295 00       		.byte	0
 424 0296 0D       		.uleb128 0xd
 425 0297 04       		.byte	0x4
 426 0298 58020000 		.4byte	0x258
 427 029c 08       		.uleb128 0x8
 428 029d AC020000 		.4byte	0x2ac
 429 02a1 AC020000 		.4byte	0x2ac
 430 02a5 09       		.uleb128 0x9
 431 02a6 CE000000 		.4byte	0xce
 432 02aa 1F       		.byte	0x1f
 433 02ab 00       		.byte	0
 434 02ac 0D       		.uleb128 0xd
 435 02ad 04       		.byte	0x4
 436 02ae B2020000 		.4byte	0x2b2
 437 02b2 12       		.uleb128 0x12
 438 02b3 0E       		.uleb128 0xe
 439 02b4 03050000 		.4byte	.LASF46
 440 02b8 08       		.byte	0x8
 441 02b9 05       		.byte	0x5
 442 02ba 73       		.byte	0x73
 443 02bb D8020000 		.4byte	0x2d8
 444 02bf 0B       		.uleb128 0xb
 445 02c0 5E030000 		.4byte	.LASF47
 446 02c4 05       		.byte	0x5
 447 02c5 74       		.byte	0x74
 448 02c6 D8020000 		.4byte	0x2d8
 449 02ca 00       		.byte	0
 450 02cb 0B       		.uleb128 0xb
 451 02cc 6A050000 		.4byte	.LASF48
 452 02d0 05       		.byte	0x5
 453 02d1 75       		.byte	0x75
 454 02d2 25000000 		.4byte	0x25
 455 02d6 04       		.byte	0x4
 456 02d7 00       		.byte	0
 457 02d8 0D       		.uleb128 0xd
 458 02d9 04       		.byte	0x4
 459 02da 48000000 		.4byte	0x48
 460 02de 0E       		.uleb128 0xe
 461 02df AD010000 		.4byte	.LASF49
ARM GAS  C:\Users\ali\AppData\Local\Temp\cchTIyXW.s 			page 11


 462 02e3 68       		.byte	0x68
 463 02e4 05       		.byte	0x5
 464 02e5 B3       		.byte	0xb3
 465 02e6 08040000 		.4byte	0x408
 466 02ea 0F       		.uleb128 0xf
 467 02eb 5F7000   		.ascii	"_p\000"
 468 02ee 05       		.byte	0x5
 469 02ef B4       		.byte	0xb4
 470 02f0 D8020000 		.4byte	0x2d8
 471 02f4 00       		.byte	0
 472 02f5 0F       		.uleb128 0xf
 473 02f6 5F7200   		.ascii	"_r\000"
 474 02f9 05       		.byte	0x5
 475 02fa B5       		.byte	0xb5
 476 02fb 25000000 		.4byte	0x25
 477 02ff 04       		.byte	0x4
 478 0300 0F       		.uleb128 0xf
 479 0301 5F7700   		.ascii	"_w\000"
 480 0304 05       		.byte	0x5
 481 0305 B6       		.byte	0xb6
 482 0306 25000000 		.4byte	0x25
 483 030a 08       		.byte	0x8
 484 030b 0B       		.uleb128 0xb
 485 030c 43000000 		.4byte	.LASF50
 486 0310 05       		.byte	0x5
 487 0311 B7       		.byte	0xb7
 488 0312 4F000000 		.4byte	0x4f
 489 0316 0C       		.byte	0xc
 490 0317 0B       		.uleb128 0xb
 491 0318 8B030000 		.4byte	.LASF51
 492 031c 05       		.byte	0x5
 493 031d B8       		.byte	0xb8
 494 031e 4F000000 		.4byte	0x4f
 495 0322 0E       		.byte	0xe
 496 0323 0F       		.uleb128 0xf
 497 0324 5F626600 		.ascii	"_bf\000"
 498 0328 05       		.byte	0x5
 499 0329 B9       		.byte	0xb9
 500 032a B3020000 		.4byte	0x2b3
 501 032e 10       		.byte	0x10
 502 032f 0B       		.uleb128 0xb
 503 0330 3A000000 		.4byte	.LASF52
 504 0334 05       		.byte	0x5
 505 0335 BA       		.byte	0xba
 506 0336 25000000 		.4byte	0x25
 507 033a 18       		.byte	0x18
 508 033b 0B       		.uleb128 0xb
 509 033c 1A010000 		.4byte	.LASF53
 510 0340 05       		.byte	0x5
 511 0341 C1       		.byte	0xc1
 512 0342 0C010000 		.4byte	0x10c
 513 0346 1C       		.byte	0x1c
 514 0347 0B       		.uleb128 0xb
 515 0348 F1000000 		.4byte	.LASF54
 516 034c 05       		.byte	0x5
 517 034d C3       		.byte	0xc3
 518 034e 5E050000 		.4byte	0x55e
ARM GAS  C:\Users\ali\AppData\Local\Temp\cchTIyXW.s 			page 12


 519 0352 20       		.byte	0x20
 520 0353 0B       		.uleb128 0xb
 521 0354 ED030000 		.4byte	.LASF55
 522 0358 05       		.byte	0x5
 523 0359 C5       		.byte	0xc5
 524 035a 8D050000 		.4byte	0x58d
 525 035e 24       		.byte	0x24
 526 035f 0B       		.uleb128 0xb
 527 0360 AB050000 		.4byte	.LASF56
 528 0364 05       		.byte	0x5
 529 0365 C8       		.byte	0xc8
 530 0366 B1050000 		.4byte	0x5b1
 531 036a 28       		.byte	0x28
 532 036b 0B       		.uleb128 0xb
 533 036c 28030000 		.4byte	.LASF57
 534 0370 05       		.byte	0x5
 535 0371 C9       		.byte	0xc9
 536 0372 CB050000 		.4byte	0x5cb
 537 0376 2C       		.byte	0x2c
 538 0377 0F       		.uleb128 0xf
 539 0378 5F756200 		.ascii	"_ub\000"
 540 037c 05       		.byte	0x5
 541 037d CC       		.byte	0xcc
 542 037e B3020000 		.4byte	0x2b3
 543 0382 30       		.byte	0x30
 544 0383 0F       		.uleb128 0xf
 545 0384 5F757000 		.ascii	"_up\000"
 546 0388 05       		.byte	0x5
 547 0389 CD       		.byte	0xcd
 548 038a D8020000 		.4byte	0x2d8
 549 038e 38       		.byte	0x38
 550 038f 0F       		.uleb128 0xf
 551 0390 5F757200 		.ascii	"_ur\000"
 552 0394 05       		.byte	0x5
 553 0395 CE       		.byte	0xce
 554 0396 25000000 		.4byte	0x25
 555 039a 3C       		.byte	0x3c
 556 039b 0B       		.uleb128 0xb
 557 039c C2050000 		.4byte	.LASF58
 558 03a0 05       		.byte	0x5
 559 03a1 D1       		.byte	0xd1
 560 03a2 D1050000 		.4byte	0x5d1
 561 03a6 40       		.byte	0x40
 562 03a7 0B       		.uleb128 0xb
 563 03a8 77050000 		.4byte	.LASF59
 564 03ac 05       		.byte	0x5
 565 03ad D2       		.byte	0xd2
 566 03ae E1050000 		.4byte	0x5e1
 567 03b2 43       		.byte	0x43
 568 03b3 0F       		.uleb128 0xf
 569 03b4 5F6C6200 		.ascii	"_lb\000"
 570 03b8 05       		.byte	0x5
 571 03b9 D5       		.byte	0xd5
 572 03ba B3020000 		.4byte	0x2b3
 573 03be 44       		.byte	0x44
 574 03bf 0B       		.uleb128 0xb
 575 03c0 92040000 		.4byte	.LASF60
ARM GAS  C:\Users\ali\AppData\Local\Temp\cchTIyXW.s 			page 13


 576 03c4 05       		.byte	0x5
 577 03c5 D8       		.byte	0xd8
 578 03c6 25000000 		.4byte	0x25
 579 03ca 4C       		.byte	0x4c
 580 03cb 0B       		.uleb128 0xb
 581 03cc C1010000 		.4byte	.LASF61
 582 03d0 05       		.byte	0x5
 583 03d1 D9       		.byte	0xd9
 584 03d2 7D000000 		.4byte	0x7d
 585 03d6 50       		.byte	0x50
 586 03d7 0B       		.uleb128 0xb
 587 03d8 33040000 		.4byte	.LASF62
 588 03dc 05       		.byte	0x5
 589 03dd DC       		.byte	0xdc
 590 03de 26040000 		.4byte	0x426
 591 03e2 54       		.byte	0x54
 592 03e3 0B       		.uleb128 0xb
 593 03e4 A0040000 		.4byte	.LASF63
 594 03e8 05       		.byte	0x5
 595 03e9 E0       		.byte	0xe0
 596 03ea 01010000 		.4byte	0x101
 597 03ee 58       		.byte	0x58
 598 03ef 0B       		.uleb128 0xb
 599 03f0 FC030000 		.4byte	.LASF64
 600 03f4 05       		.byte	0x5
 601 03f5 E2       		.byte	0xe2
 602 03f6 F6000000 		.4byte	0xf6
 603 03fa 5C       		.byte	0x5c
 604 03fb 0B       		.uleb128 0xb
 605 03fc 8A050000 		.4byte	.LASF65
 606 0400 05       		.byte	0x5
 607 0401 E3       		.byte	0xe3
 608 0402 25000000 		.4byte	0x25
 609 0406 64       		.byte	0x64
 610 0407 00       		.byte	0
 611 0408 13       		.uleb128 0x13
 612 0409 25000000 		.4byte	0x25
 613 040d 26040000 		.4byte	0x426
 614 0411 14       		.uleb128 0x14
 615 0412 26040000 		.4byte	0x426
 616 0416 14       		.uleb128 0x14
 617 0417 0C010000 		.4byte	0x10c
 618 041b 14       		.uleb128 0x14
 619 041c 0E010000 		.4byte	0x10e
 620 0420 14       		.uleb128 0x14
 621 0421 25000000 		.4byte	0x25
 622 0425 00       		.byte	0
 623 0426 0D       		.uleb128 0xd
 624 0427 04       		.byte	0x4
 625 0428 2C040000 		.4byte	0x42c
 626 042c 15       		.uleb128 0x15
 627 042d 47050000 		.4byte	.LASF66
 628 0431 2804     		.2byte	0x428
 629 0433 05       		.byte	0x5
 630 0434 3802     		.2byte	0x238
 631 0436 5E050000 		.4byte	0x55e
 632 043a 16       		.uleb128 0x16
ARM GAS  C:\Users\ali\AppData\Local\Temp\cchTIyXW.s 			page 14


 633 043b 4A000000 		.4byte	.LASF67
 634 043f 05       		.byte	0x5
 635 0440 3A02     		.2byte	0x23a
 636 0442 25000000 		.4byte	0x25
 637 0446 00       		.byte	0
 638 0447 16       		.uleb128 0x16
 639 0448 3A030000 		.4byte	.LASF68
 640 044c 05       		.byte	0x5
 641 044d 3F02     		.2byte	0x23f
 642 044f 38060000 		.4byte	0x638
 643 0453 04       		.byte	0x4
 644 0454 16       		.uleb128 0x16
 645 0455 05010000 		.4byte	.LASF69
 646 0459 05       		.byte	0x5
 647 045a 3F02     		.2byte	0x23f
 648 045c 38060000 		.4byte	0x638
 649 0460 08       		.byte	0x8
 650 0461 16       		.uleb128 0x16
 651 0462 B1050000 		.4byte	.LASF70
 652 0466 05       		.byte	0x5
 653 0467 3F02     		.2byte	0x23f
 654 0469 38060000 		.4byte	0x638
 655 046d 0C       		.byte	0xc
 656 046e 16       		.uleb128 0x16
 657 046f 96020000 		.4byte	.LASF71
 658 0473 05       		.byte	0x5
 659 0474 4102     		.2byte	0x241
 660 0476 25000000 		.4byte	0x25
 661 047a 10       		.byte	0x10
 662 047b 16       		.uleb128 0x16
 663 047c C9010000 		.4byte	.LASF72
 664 0480 05       		.byte	0x5
 665 0481 4202     		.2byte	0x242
 666 0483 1A080000 		.4byte	0x81a
 667 0487 14       		.byte	0x14
 668 0488 16       		.uleb128 0x16
 669 0489 80040000 		.4byte	.LASF73
 670 048d 05       		.byte	0x5
 671 048e 4402     		.2byte	0x244
 672 0490 25000000 		.4byte	0x25
 673 0494 30       		.byte	0x30
 674 0495 16       		.uleb128 0x16
 675 0496 23040000 		.4byte	.LASF74
 676 049a 05       		.byte	0x5
 677 049b 4502     		.2byte	0x245
 678 049d 82050000 		.4byte	0x582
 679 04a1 34       		.byte	0x34
 680 04a2 16       		.uleb128 0x16
 681 04a3 2F030000 		.4byte	.LASF75
 682 04a7 05       		.byte	0x5
 683 04a8 4702     		.2byte	0x247
 684 04aa 25000000 		.4byte	0x25
 685 04ae 38       		.byte	0x38
 686 04af 16       		.uleb128 0x16
 687 04b0 91030000 		.4byte	.LASF76
 688 04b4 05       		.byte	0x5
 689 04b5 4902     		.2byte	0x249
ARM GAS  C:\Users\ali\AppData\Local\Temp\cchTIyXW.s 			page 15


 690 04b7 35080000 		.4byte	0x835
 691 04bb 3C       		.byte	0x3c
 692 04bc 16       		.uleb128 0x16
 693 04bd 34010000 		.4byte	.LASF77
 694 04c1 05       		.byte	0x5
 695 04c2 4C02     		.2byte	0x24c
 696 04c4 79010000 		.4byte	0x179
 697 04c8 40       		.byte	0x40
 698 04c9 16       		.uleb128 0x16
 699 04ca 7F010000 		.4byte	.LASF78
 700 04ce 05       		.byte	0x5
 701 04cf 4D02     		.2byte	0x24d
 702 04d1 25000000 		.4byte	0x25
 703 04d5 44       		.byte	0x44
 704 04d6 16       		.uleb128 0x16
 705 04d7 BF020000 		.4byte	.LASF79
 706 04db 05       		.byte	0x5
 707 04dc 4E02     		.2byte	0x24e
 708 04de 79010000 		.4byte	0x179
 709 04e2 48       		.byte	0x48
 710 04e3 16       		.uleb128 0x16
 711 04e4 64030000 		.4byte	.LASF80
 712 04e8 05       		.byte	0x5
 713 04e9 4F02     		.2byte	0x24f
 714 04eb 3B080000 		.4byte	0x83b
 715 04ef 4C       		.byte	0x4c
 716 04f0 16       		.uleb128 0x16
 717 04f1 66040000 		.4byte	.LASF81
 718 04f5 05       		.byte	0x5
 719 04f6 5202     		.2byte	0x252
 720 04f8 25000000 		.4byte	0x25
 721 04fc 50       		.byte	0x50
 722 04fd 16       		.uleb128 0x16
 723 04fe DB040000 		.4byte	.LASF82
 724 0502 05       		.byte	0x5
 725 0503 5302     		.2byte	0x253
 726 0505 0E010000 		.4byte	0x10e
 727 0509 54       		.byte	0x54
 728 050a 16       		.uleb128 0x16
 729 050b 61040000 		.4byte	.LASF83
 730 050f 05       		.byte	0x5
 731 0510 7602     		.2byte	0x276
 732 0512 F8070000 		.4byte	0x7f8
 733 0516 58       		.byte	0x58
 734 0517 17       		.uleb128 0x17
 735 0518 F4030000 		.4byte	.LASF43
 736 051c 05       		.byte	0x5
 737 051d 7A02     		.2byte	0x27a
 738 051f 96020000 		.4byte	0x296
 739 0523 4801     		.2byte	0x148
 740 0525 17       		.uleb128 0x17
 741 0526 0A030000 		.4byte	.LASF84
 742 052a 05       		.byte	0x5
 743 052b 7B02     		.2byte	0x27b
 744 052d 58020000 		.4byte	0x258
 745 0531 4C01     		.2byte	0x14c
 746 0533 17       		.uleb128 0x17
ARM GAS  C:\Users\ali\AppData\Local\Temp\cchTIyXW.s 			page 16


 747 0534 F1020000 		.4byte	.LASF85
 748 0538 05       		.byte	0x5
 749 0539 7F02     		.2byte	0x27f
 750 053b 4C080000 		.4byte	0x84c
 751 053f DC02     		.2byte	0x2dc
 752 0541 17       		.uleb128 0x17
 753 0542 10050000 		.4byte	.LASF86
 754 0546 05       		.byte	0x5
 755 0547 8402     		.2byte	0x284
 756 0549 FD050000 		.4byte	0x5fd
 757 054d E002     		.2byte	0x2e0
 758 054f 17       		.uleb128 0x17
 759 0550 18040000 		.4byte	.LASF87
 760 0554 05       		.byte	0x5
 761 0555 8502     		.2byte	0x285
 762 0557 58080000 		.4byte	0x858
 763 055b EC02     		.2byte	0x2ec
 764 055d 00       		.byte	0
 765 055e 0D       		.uleb128 0xd
 766 055f 04       		.byte	0x4
 767 0560 08040000 		.4byte	0x408
 768 0564 13       		.uleb128 0x13
 769 0565 25000000 		.4byte	0x25
 770 0569 82050000 		.4byte	0x582
 771 056d 14       		.uleb128 0x14
 772 056e 26040000 		.4byte	0x426
 773 0572 14       		.uleb128 0x14
 774 0573 0C010000 		.4byte	0x10c
 775 0577 14       		.uleb128 0x14
 776 0578 82050000 		.4byte	0x582
 777 057c 14       		.uleb128 0x14
 778 057d 25000000 		.4byte	0x25
 779 0581 00       		.byte	0
 780 0582 0D       		.uleb128 0xd
 781 0583 04       		.byte	0x4
 782 0584 88050000 		.4byte	0x588
 783 0588 18       		.uleb128 0x18
 784 0589 14010000 		.4byte	0x114
 785 058d 0D       		.uleb128 0xd
 786 058e 04       		.byte	0x4
 787 058f 64050000 		.4byte	0x564
 788 0593 13       		.uleb128 0x13
 789 0594 88000000 		.4byte	0x88
 790 0598 B1050000 		.4byte	0x5b1
 791 059c 14       		.uleb128 0x14
 792 059d 26040000 		.4byte	0x426
 793 05a1 14       		.uleb128 0x14
 794 05a2 0C010000 		.4byte	0x10c
 795 05a6 14       		.uleb128 0x14
 796 05a7 88000000 		.4byte	0x88
 797 05ab 14       		.uleb128 0x14
 798 05ac 25000000 		.4byte	0x25
 799 05b0 00       		.byte	0
 800 05b1 0D       		.uleb128 0xd
 801 05b2 04       		.byte	0x4
 802 05b3 93050000 		.4byte	0x593
 803 05b7 13       		.uleb128 0x13
ARM GAS  C:\Users\ali\AppData\Local\Temp\cchTIyXW.s 			page 17


 804 05b8 25000000 		.4byte	0x25
 805 05bc CB050000 		.4byte	0x5cb
 806 05c0 14       		.uleb128 0x14
 807 05c1 26040000 		.4byte	0x426
 808 05c5 14       		.uleb128 0x14
 809 05c6 0C010000 		.4byte	0x10c
 810 05ca 00       		.byte	0
 811 05cb 0D       		.uleb128 0xd
 812 05cc 04       		.byte	0x4
 813 05cd B7050000 		.4byte	0x5b7
 814 05d1 08       		.uleb128 0x8
 815 05d2 48000000 		.4byte	0x48
 816 05d6 E1050000 		.4byte	0x5e1
 817 05da 09       		.uleb128 0x9
 818 05db CE000000 		.4byte	0xce
 819 05df 02       		.byte	0x2
 820 05e0 00       		.byte	0
 821 05e1 08       		.uleb128 0x8
 822 05e2 48000000 		.4byte	0x48
 823 05e6 F1050000 		.4byte	0x5f1
 824 05ea 09       		.uleb128 0x9
 825 05eb CE000000 		.4byte	0xce
 826 05ef 00       		.byte	0
 827 05f0 00       		.byte	0
 828 05f1 05       		.uleb128 0x5
 829 05f2 BA010000 		.4byte	.LASF88
 830 05f6 05       		.byte	0x5
 831 05f7 1D01     		.2byte	0x11d
 832 05f9 DE020000 		.4byte	0x2de
 833 05fd 19       		.uleb128 0x19
 834 05fe 0A050000 		.4byte	.LASF89
 835 0602 0C       		.byte	0xc
 836 0603 05       		.byte	0x5
 837 0604 2101     		.2byte	0x121
 838 0606 32060000 		.4byte	0x632
 839 060a 16       		.uleb128 0x16
 840 060b A0020000 		.4byte	.LASF23
 841 060f 05       		.byte	0x5
 842 0610 2301     		.2byte	0x123
 843 0612 32060000 		.4byte	0x632
 844 0616 00       		.byte	0
 845 0617 16       		.uleb128 0x16
 846 0618 C1040000 		.4byte	.LASF90
 847 061c 05       		.byte	0x5
 848 061d 2401     		.2byte	0x124
 849 061f 25000000 		.4byte	0x25
 850 0623 04       		.byte	0x4
 851 0624 16       		.uleb128 0x16
 852 0625 22030000 		.4byte	.LASF91
 853 0629 05       		.byte	0x5
 854 062a 2501     		.2byte	0x125
 855 062c 38060000 		.4byte	0x638
 856 0630 08       		.byte	0x8
 857 0631 00       		.byte	0
 858 0632 0D       		.uleb128 0xd
 859 0633 04       		.byte	0x4
 860 0634 FD050000 		.4byte	0x5fd
ARM GAS  C:\Users\ali\AppData\Local\Temp\cchTIyXW.s 			page 18


 861 0638 0D       		.uleb128 0xd
 862 0639 04       		.byte	0x4
 863 063a F1050000 		.4byte	0x5f1
 864 063e 19       		.uleb128 0x19
 865 063f 77010000 		.4byte	.LASF92
 866 0643 0E       		.byte	0xe
 867 0644 05       		.byte	0x5
 868 0645 3D01     		.2byte	0x13d
 869 0647 73060000 		.4byte	0x673
 870 064b 16       		.uleb128 0x16
 871 064c 9A050000 		.4byte	.LASF93
 872 0650 05       		.byte	0x5
 873 0651 3E01     		.2byte	0x13e
 874 0653 73060000 		.4byte	0x673
 875 0657 00       		.byte	0
 876 0658 16       		.uleb128 0x16
 877 0659 6E030000 		.4byte	.LASF94
 878 065d 05       		.byte	0x5
 879 065e 3F01     		.2byte	0x13f
 880 0660 73060000 		.4byte	0x673
 881 0664 06       		.byte	0x6
 882 0665 16       		.uleb128 0x16
 883 0666 FE040000 		.4byte	.LASF95
 884 066a 05       		.byte	0x5
 885 066b 4001     		.2byte	0x140
 886 066d 56000000 		.4byte	0x56
 887 0671 0C       		.byte	0xc
 888 0672 00       		.byte	0
 889 0673 08       		.uleb128 0x8
 890 0674 56000000 		.4byte	0x56
 891 0678 83060000 		.4byte	0x683
 892 067c 09       		.uleb128 0x9
 893 067d CE000000 		.4byte	0xce
 894 0681 02       		.byte	0x2
 895 0682 00       		.byte	0
 896 0683 1A       		.uleb128 0x1a
 897 0684 D0       		.byte	0xd0
 898 0685 05       		.byte	0x5
 899 0686 5702     		.2byte	0x257
 900 0688 84070000 		.4byte	0x784
 901 068c 16       		.uleb128 0x16
 902 068d 7D050000 		.4byte	.LASF96
 903 0691 05       		.byte	0x5
 904 0692 5902     		.2byte	0x259
 905 0694 2C000000 		.4byte	0x2c
 906 0698 00       		.byte	0
 907 0699 16       		.uleb128 0x16
 908 069a 18050000 		.4byte	.LASF97
 909 069e 05       		.byte	0x5
 910 069f 5A02     		.2byte	0x25a
 911 06a1 0E010000 		.4byte	0x10e
 912 06a5 04       		.byte	0x4
 913 06a6 16       		.uleb128 0x16
 914 06a7 A0010000 		.4byte	.LASF98
 915 06ab 05       		.byte	0x5
 916 06ac 5B02     		.2byte	0x25b
 917 06ae 84070000 		.4byte	0x784
ARM GAS  C:\Users\ali\AppData\Local\Temp\cchTIyXW.s 			page 19


 918 06b2 08       		.byte	0x8
 919 06b3 16       		.uleb128 0x16
 920 06b4 4A040000 		.4byte	.LASF99
 921 06b8 05       		.byte	0x5
 922 06b9 5C02     		.2byte	0x25c
 923 06bb 8F010000 		.4byte	0x18f
 924 06bf 24       		.byte	0x24
 925 06c0 16       		.uleb128 0x16
 926 06c1 41030000 		.4byte	.LASF100
 927 06c5 05       		.byte	0x5
 928 06c6 5D02     		.2byte	0x25d
 929 06c8 25000000 		.4byte	0x25
 930 06cc 48       		.byte	0x48
 931 06cd 16       		.uleb128 0x16
 932 06ce A0050000 		.4byte	.LASF101
 933 06d2 05       		.byte	0x5
 934 06d3 5E02     		.2byte	0x25e
 935 06d5 6B000000 		.4byte	0x6b
 936 06d9 50       		.byte	0x50
 937 06da 16       		.uleb128 0x16
 938 06db 1C000000 		.4byte	.LASF102
 939 06df 05       		.byte	0x5
 940 06e0 5F02     		.2byte	0x25f
 941 06e2 3E060000 		.4byte	0x63e
 942 06e6 58       		.byte	0x58
 943 06e7 16       		.uleb128 0x16
 944 06e8 D5020000 		.4byte	.LASF103
 945 06ec 05       		.byte	0x5
 946 06ed 6002     		.2byte	0x260
 947 06ef F6000000 		.4byte	0xf6
 948 06f3 68       		.byte	0x68
 949 06f4 16       		.uleb128 0x16
 950 06f5 25050000 		.4byte	.LASF104
 951 06f9 05       		.byte	0x5
 952 06fa 6102     		.2byte	0x261
 953 06fc F6000000 		.4byte	0xf6
 954 0700 70       		.byte	0x70
 955 0701 16       		.uleb128 0x16
 956 0702 0E000000 		.4byte	.LASF105
 957 0706 05       		.byte	0x5
 958 0707 6202     		.2byte	0x262
 959 0709 F6000000 		.4byte	0xf6
 960 070d 78       		.byte	0x78
 961 070e 16       		.uleb128 0x16
 962 070f 76040000 		.4byte	.LASF106
 963 0713 05       		.byte	0x5
 964 0714 6302     		.2byte	0x263
 965 0716 94070000 		.4byte	0x794
 966 071a 80       		.byte	0x80
 967 071b 16       		.uleb128 0x16
 968 071c 21000000 		.4byte	.LASF107
 969 0720 05       		.byte	0x5
 970 0721 6402     		.2byte	0x264
 971 0723 A4070000 		.4byte	0x7a4
 972 0727 88       		.byte	0x88
 973 0728 16       		.uleb128 0x16
 974 0729 F1040000 		.4byte	.LASF108
ARM GAS  C:\Users\ali\AppData\Local\Temp\cchTIyXW.s 			page 20


 975 072d 05       		.byte	0x5
 976 072e 6502     		.2byte	0x265
 977 0730 25000000 		.4byte	0x25
 978 0734 A0       		.byte	0xa0
 979 0735 16       		.uleb128 0x16
 980 0736 F7000000 		.4byte	.LASF109
 981 073a 05       		.byte	0x5
 982 073b 6602     		.2byte	0x266
 983 073d F6000000 		.4byte	0xf6
 984 0741 A4       		.byte	0xa4
 985 0742 16       		.uleb128 0x16
 986 0743 FB020000 		.4byte	.LASF110
 987 0747 05       		.byte	0x5
 988 0748 6702     		.2byte	0x267
 989 074a F6000000 		.4byte	0xf6
 990 074e AC       		.byte	0xac
 991 074f 16       		.uleb128 0x16
 992 0750 A6020000 		.4byte	.LASF111
 993 0754 05       		.byte	0x5
 994 0755 6802     		.2byte	0x268
 995 0757 F6000000 		.4byte	0xf6
 996 075b B4       		.byte	0xb4
 997 075c 16       		.uleb128 0x16
 998 075d 7C030000 		.4byte	.LASF112
 999 0761 05       		.byte	0x5
 1000 0762 6902     		.2byte	0x269
 1001 0764 F6000000 		.4byte	0xf6
 1002 0768 BC       		.byte	0xbc
 1003 0769 16       		.uleb128 0x16
 1004 076a C4020000 		.4byte	.LASF113
 1005 076e 05       		.byte	0x5
 1006 076f 6A02     		.2byte	0x26a
 1007 0771 F6000000 		.4byte	0xf6
 1008 0775 C4       		.byte	0xc4
 1009 0776 16       		.uleb128 0x16
 1010 0777 B1030000 		.4byte	.LASF114
 1011 077b 05       		.byte	0x5
 1012 077c 6B02     		.2byte	0x26b
 1013 077e 25000000 		.4byte	0x25
 1014 0782 CC       		.byte	0xcc
 1015 0783 00       		.byte	0
 1016 0784 08       		.uleb128 0x8
 1017 0785 14010000 		.4byte	0x114
 1018 0789 94070000 		.4byte	0x794
 1019 078d 09       		.uleb128 0x9
 1020 078e CE000000 		.4byte	0xce
 1021 0792 19       		.byte	0x19
 1022 0793 00       		.byte	0
 1023 0794 08       		.uleb128 0x8
 1024 0795 14010000 		.4byte	0x114
 1025 0799 A4070000 		.4byte	0x7a4
 1026 079d 09       		.uleb128 0x9
 1027 079e CE000000 		.4byte	0xce
 1028 07a2 07       		.byte	0x7
 1029 07a3 00       		.byte	0
 1030 07a4 08       		.uleb128 0x8
 1031 07a5 14010000 		.4byte	0x114
ARM GAS  C:\Users\ali\AppData\Local\Temp\cchTIyXW.s 			page 21


 1032 07a9 B4070000 		.4byte	0x7b4
 1033 07ad 09       		.uleb128 0x9
 1034 07ae CE000000 		.4byte	0xce
 1035 07b2 17       		.byte	0x17
 1036 07b3 00       		.byte	0
 1037 07b4 1A       		.uleb128 0x1a
 1038 07b5 F0       		.byte	0xf0
 1039 07b6 05       		.byte	0x5
 1040 07b7 7002     		.2byte	0x270
 1041 07b9 D8070000 		.4byte	0x7d8
 1042 07bd 16       		.uleb128 0x16
 1043 07be 70010000 		.4byte	.LASF115
 1044 07c2 05       		.byte	0x5
 1045 07c3 7302     		.2byte	0x273
 1046 07c5 D8070000 		.4byte	0x7d8
 1047 07c9 00       		.byte	0
 1048 07ca 16       		.uleb128 0x16
 1049 07cb B9050000 		.4byte	.LASF116
 1050 07cf 05       		.byte	0x5
 1051 07d0 7402     		.2byte	0x274
 1052 07d2 E8070000 		.4byte	0x7e8
 1053 07d6 78       		.byte	0x78
 1054 07d7 00       		.byte	0
 1055 07d8 08       		.uleb128 0x8
 1056 07d9 D8020000 		.4byte	0x2d8
 1057 07dd E8070000 		.4byte	0x7e8
 1058 07e1 09       		.uleb128 0x9
 1059 07e2 CE000000 		.4byte	0xce
 1060 07e6 1D       		.byte	0x1d
 1061 07e7 00       		.byte	0
 1062 07e8 08       		.uleb128 0x8
 1063 07e9 2C000000 		.4byte	0x2c
 1064 07ed F8070000 		.4byte	0x7f8
 1065 07f1 09       		.uleb128 0x9
 1066 07f2 CE000000 		.4byte	0xce
 1067 07f6 1D       		.byte	0x1d
 1068 07f7 00       		.byte	0
 1069 07f8 1B       		.uleb128 0x1b
 1070 07f9 F0       		.byte	0xf0
 1071 07fa 05       		.byte	0x5
 1072 07fb 5502     		.2byte	0x255
 1073 07fd 1A080000 		.4byte	0x81a
 1074 0801 1C       		.uleb128 0x1c
 1075 0802 47050000 		.4byte	.LASF66
 1076 0806 05       		.byte	0x5
 1077 0807 6C02     		.2byte	0x26c
 1078 0809 83060000 		.4byte	0x683
 1079 080d 1C       		.uleb128 0x1c
 1080 080e 59040000 		.4byte	.LASF117
 1081 0812 05       		.byte	0x5
 1082 0813 7502     		.2byte	0x275
 1083 0815 B4070000 		.4byte	0x7b4
 1084 0819 00       		.byte	0
 1085 081a 08       		.uleb128 0x8
 1086 081b 14010000 		.4byte	0x114
 1087 081f 2A080000 		.4byte	0x82a
 1088 0823 09       		.uleb128 0x9
ARM GAS  C:\Users\ali\AppData\Local\Temp\cchTIyXW.s 			page 22


 1089 0824 CE000000 		.4byte	0xce
 1090 0828 18       		.byte	0x18
 1091 0829 00       		.byte	0
 1092 082a 1D       		.uleb128 0x1d
 1093 082b 35080000 		.4byte	0x835
 1094 082f 14       		.uleb128 0x14
 1095 0830 26040000 		.4byte	0x426
 1096 0834 00       		.byte	0
 1097 0835 0D       		.uleb128 0xd
 1098 0836 04       		.byte	0x4
 1099 0837 2A080000 		.4byte	0x82a
 1100 083b 0D       		.uleb128 0xd
 1101 083c 04       		.byte	0x4
 1102 083d 79010000 		.4byte	0x179
 1103 0841 1D       		.uleb128 0x1d
 1104 0842 4C080000 		.4byte	0x84c
 1105 0846 14       		.uleb128 0x14
 1106 0847 25000000 		.4byte	0x25
 1107 084b 00       		.byte	0
 1108 084c 0D       		.uleb128 0xd
 1109 084d 04       		.byte	0x4
 1110 084e 52080000 		.4byte	0x852
 1111 0852 0D       		.uleb128 0xd
 1112 0853 04       		.byte	0x4
 1113 0854 41080000 		.4byte	0x841
 1114 0858 08       		.uleb128 0x8
 1115 0859 F1050000 		.4byte	0x5f1
 1116 085d 68080000 		.4byte	0x868
 1117 0861 09       		.uleb128 0x9
 1118 0862 CE000000 		.4byte	0xce
 1119 0866 02       		.byte	0x2
 1120 0867 00       		.byte	0
 1121 0868 1E       		.uleb128 0x1e
 1122 0869 BA030000 		.4byte	.LASF121
 1123 086d 01       		.byte	0x1
 1124 086e 59       		.byte	0x59
 1125 086f 00000000 		.4byte	.LFB0
 1126 0873 14000000 		.4byte	.LFE0-.LFB0
 1127 0877 01       		.uleb128 0x1
 1128 0878 9C       		.byte	0x9c
 1129 0879 8B080000 		.4byte	0x88b
 1130 087d 1F       		.uleb128 0x1f
 1131 087e 5F7200   		.ascii	"_r\000"
 1132 0881 01       		.byte	0x1
 1133 0882 59       		.byte	0x59
 1134 0883 26040000 		.4byte	0x426
 1135 0887 02       		.uleb128 0x2
 1136 0888 91       		.byte	0x91
 1137 0889 74       		.sleb128 -12
 1138 088a 00       		.byte	0
 1139 088b 20       		.uleb128 0x20
 1140 088c DD030000 		.4byte	.LASF122
 1141 0890 01       		.byte	0x1
 1142 0891 66       		.byte	0x66
 1143 0892 00000000 		.4byte	.LFB1
 1144 0896 14000000 		.4byte	.LFE1-.LFB1
 1145 089a 01       		.uleb128 0x1
ARM GAS  C:\Users\ali\AppData\Local\Temp\cchTIyXW.s 			page 23


 1146 089b 9C       		.byte	0x9c
 1147 089c 1F       		.uleb128 0x1f
 1148 089d 5F7200   		.ascii	"_r\000"
 1149 08a0 01       		.byte	0x1
 1150 08a1 66       		.byte	0x66
 1151 08a2 26040000 		.4byte	0x426
 1152 08a6 02       		.uleb128 0x2
 1153 08a7 91       		.byte	0x91
 1154 08a8 74       		.sleb128 -12
 1155 08a9 00       		.byte	0
 1156 08aa 00       		.byte	0
 1157              		.section	.debug_abbrev,"",%progbits
 1158              	.Ldebug_abbrev0:
 1159 0000 01       		.uleb128 0x1
 1160 0001 11       		.uleb128 0x11
 1161 0002 01       		.byte	0x1
 1162 0003 25       		.uleb128 0x25
 1163 0004 0E       		.uleb128 0xe
 1164 0005 13       		.uleb128 0x13
 1165 0006 0B       		.uleb128 0xb
 1166 0007 03       		.uleb128 0x3
 1167 0008 0E       		.uleb128 0xe
 1168 0009 1B       		.uleb128 0x1b
 1169 000a 0E       		.uleb128 0xe
 1170 000b 55       		.uleb128 0x55
 1171 000c 17       		.uleb128 0x17
 1172 000d 11       		.uleb128 0x11
 1173 000e 01       		.uleb128 0x1
 1174 000f 10       		.uleb128 0x10
 1175 0010 17       		.uleb128 0x17
 1176 0011 00       		.byte	0
 1177 0012 00       		.byte	0
 1178 0013 02       		.uleb128 0x2
 1179 0014 24       		.uleb128 0x24
 1180 0015 00       		.byte	0
 1181 0016 0B       		.uleb128 0xb
 1182 0017 0B       		.uleb128 0xb
 1183 0018 3E       		.uleb128 0x3e
 1184 0019 0B       		.uleb128 0xb
 1185 001a 03       		.uleb128 0x3
 1186 001b 08       		.uleb128 0x8
 1187 001c 00       		.byte	0
 1188 001d 00       		.byte	0
 1189 001e 03       		.uleb128 0x3
 1190 001f 24       		.uleb128 0x24
 1191 0020 00       		.byte	0
 1192 0021 0B       		.uleb128 0xb
 1193 0022 0B       		.uleb128 0xb
 1194 0023 3E       		.uleb128 0x3e
 1195 0024 0B       		.uleb128 0xb
 1196 0025 03       		.uleb128 0x3
 1197 0026 0E       		.uleb128 0xe
 1198 0027 00       		.byte	0
 1199 0028 00       		.byte	0
 1200 0029 04       		.uleb128 0x4
 1201 002a 16       		.uleb128 0x16
 1202 002b 00       		.byte	0
ARM GAS  C:\Users\ali\AppData\Local\Temp\cchTIyXW.s 			page 24


 1203 002c 03       		.uleb128 0x3
 1204 002d 0E       		.uleb128 0xe
 1205 002e 3A       		.uleb128 0x3a
 1206 002f 0B       		.uleb128 0xb
 1207 0030 3B       		.uleb128 0x3b
 1208 0031 0B       		.uleb128 0xb
 1209 0032 49       		.uleb128 0x49
 1210 0033 13       		.uleb128 0x13
 1211 0034 00       		.byte	0
 1212 0035 00       		.byte	0
 1213 0036 05       		.uleb128 0x5
 1214 0037 16       		.uleb128 0x16
 1215 0038 00       		.byte	0
 1216 0039 03       		.uleb128 0x3
 1217 003a 0E       		.uleb128 0xe
 1218 003b 3A       		.uleb128 0x3a
 1219 003c 0B       		.uleb128 0xb
 1220 003d 3B       		.uleb128 0x3b
 1221 003e 05       		.uleb128 0x5
 1222 003f 49       		.uleb128 0x49
 1223 0040 13       		.uleb128 0x13
 1224 0041 00       		.byte	0
 1225 0042 00       		.byte	0
 1226 0043 06       		.uleb128 0x6
 1227 0044 17       		.uleb128 0x17
 1228 0045 01       		.byte	0x1
 1229 0046 0B       		.uleb128 0xb
 1230 0047 0B       		.uleb128 0xb
 1231 0048 3A       		.uleb128 0x3a
 1232 0049 0B       		.uleb128 0xb
 1233 004a 3B       		.uleb128 0x3b
 1234 004b 0B       		.uleb128 0xb
 1235 004c 01       		.uleb128 0x1
 1236 004d 13       		.uleb128 0x13
 1237 004e 00       		.byte	0
 1238 004f 00       		.byte	0
 1239 0050 07       		.uleb128 0x7
 1240 0051 0D       		.uleb128 0xd
 1241 0052 00       		.byte	0
 1242 0053 03       		.uleb128 0x3
 1243 0054 0E       		.uleb128 0xe
 1244 0055 3A       		.uleb128 0x3a
 1245 0056 0B       		.uleb128 0xb
 1246 0057 3B       		.uleb128 0x3b
 1247 0058 0B       		.uleb128 0xb
 1248 0059 49       		.uleb128 0x49
 1249 005a 13       		.uleb128 0x13
 1250 005b 00       		.byte	0
 1251 005c 00       		.byte	0
 1252 005d 08       		.uleb128 0x8
 1253 005e 01       		.uleb128 0x1
 1254 005f 01       		.byte	0x1
 1255 0060 49       		.uleb128 0x49
 1256 0061 13       		.uleb128 0x13
 1257 0062 01       		.uleb128 0x1
 1258 0063 13       		.uleb128 0x13
 1259 0064 00       		.byte	0
ARM GAS  C:\Users\ali\AppData\Local\Temp\cchTIyXW.s 			page 25


 1260 0065 00       		.byte	0
 1261 0066 09       		.uleb128 0x9
 1262 0067 21       		.uleb128 0x21
 1263 0068 00       		.byte	0
 1264 0069 49       		.uleb128 0x49
 1265 006a 13       		.uleb128 0x13
 1266 006b 2F       		.uleb128 0x2f
 1267 006c 0B       		.uleb128 0xb
 1268 006d 00       		.byte	0
 1269 006e 00       		.byte	0
 1270 006f 0A       		.uleb128 0xa
 1271 0070 13       		.uleb128 0x13
 1272 0071 01       		.byte	0x1
 1273 0072 0B       		.uleb128 0xb
 1274 0073 0B       		.uleb128 0xb
 1275 0074 3A       		.uleb128 0x3a
 1276 0075 0B       		.uleb128 0xb
 1277 0076 3B       		.uleb128 0x3b
 1278 0077 0B       		.uleb128 0xb
 1279 0078 01       		.uleb128 0x1
 1280 0079 13       		.uleb128 0x13
 1281 007a 00       		.byte	0
 1282 007b 00       		.byte	0
 1283 007c 0B       		.uleb128 0xb
 1284 007d 0D       		.uleb128 0xd
 1285 007e 00       		.byte	0
 1286 007f 03       		.uleb128 0x3
 1287 0080 0E       		.uleb128 0xe
 1288 0081 3A       		.uleb128 0x3a
 1289 0082 0B       		.uleb128 0xb
 1290 0083 3B       		.uleb128 0x3b
 1291 0084 0B       		.uleb128 0xb
 1292 0085 49       		.uleb128 0x49
 1293 0086 13       		.uleb128 0x13
 1294 0087 38       		.uleb128 0x38
 1295 0088 0B       		.uleb128 0xb
 1296 0089 00       		.byte	0
 1297 008a 00       		.byte	0
 1298 008b 0C       		.uleb128 0xc
 1299 008c 0F       		.uleb128 0xf
 1300 008d 00       		.byte	0
 1301 008e 0B       		.uleb128 0xb
 1302 008f 0B       		.uleb128 0xb
 1303 0090 00       		.byte	0
 1304 0091 00       		.byte	0
 1305 0092 0D       		.uleb128 0xd
 1306 0093 0F       		.uleb128 0xf
 1307 0094 00       		.byte	0
 1308 0095 0B       		.uleb128 0xb
 1309 0096 0B       		.uleb128 0xb
 1310 0097 49       		.uleb128 0x49
 1311 0098 13       		.uleb128 0x13
 1312 0099 00       		.byte	0
 1313 009a 00       		.byte	0
 1314 009b 0E       		.uleb128 0xe
 1315 009c 13       		.uleb128 0x13
 1316 009d 01       		.byte	0x1
ARM GAS  C:\Users\ali\AppData\Local\Temp\cchTIyXW.s 			page 26


 1317 009e 03       		.uleb128 0x3
 1318 009f 0E       		.uleb128 0xe
 1319 00a0 0B       		.uleb128 0xb
 1320 00a1 0B       		.uleb128 0xb
 1321 00a2 3A       		.uleb128 0x3a
 1322 00a3 0B       		.uleb128 0xb
 1323 00a4 3B       		.uleb128 0x3b
 1324 00a5 0B       		.uleb128 0xb
 1325 00a6 01       		.uleb128 0x1
 1326 00a7 13       		.uleb128 0x13
 1327 00a8 00       		.byte	0
 1328 00a9 00       		.byte	0
 1329 00aa 0F       		.uleb128 0xf
 1330 00ab 0D       		.uleb128 0xd
 1331 00ac 00       		.byte	0
 1332 00ad 03       		.uleb128 0x3
 1333 00ae 08       		.uleb128 0x8
 1334 00af 3A       		.uleb128 0x3a
 1335 00b0 0B       		.uleb128 0xb
 1336 00b1 3B       		.uleb128 0x3b
 1337 00b2 0B       		.uleb128 0xb
 1338 00b3 49       		.uleb128 0x49
 1339 00b4 13       		.uleb128 0x13
 1340 00b5 38       		.uleb128 0x38
 1341 00b6 0B       		.uleb128 0xb
 1342 00b7 00       		.byte	0
 1343 00b8 00       		.byte	0
 1344 00b9 10       		.uleb128 0x10
 1345 00ba 13       		.uleb128 0x13
 1346 00bb 01       		.byte	0x1
 1347 00bc 03       		.uleb128 0x3
 1348 00bd 0E       		.uleb128 0xe
 1349 00be 0B       		.uleb128 0xb
 1350 00bf 05       		.uleb128 0x5
 1351 00c0 3A       		.uleb128 0x3a
 1352 00c1 0B       		.uleb128 0xb
 1353 00c2 3B       		.uleb128 0x3b
 1354 00c3 0B       		.uleb128 0xb
 1355 00c4 01       		.uleb128 0x1
 1356 00c5 13       		.uleb128 0x13
 1357 00c6 00       		.byte	0
 1358 00c7 00       		.byte	0
 1359 00c8 11       		.uleb128 0x11
 1360 00c9 0D       		.uleb128 0xd
 1361 00ca 00       		.byte	0
 1362 00cb 03       		.uleb128 0x3
 1363 00cc 0E       		.uleb128 0xe
 1364 00cd 3A       		.uleb128 0x3a
 1365 00ce 0B       		.uleb128 0xb
 1366 00cf 3B       		.uleb128 0x3b
 1367 00d0 0B       		.uleb128 0xb
 1368 00d1 49       		.uleb128 0x49
 1369 00d2 13       		.uleb128 0x13
 1370 00d3 38       		.uleb128 0x38
 1371 00d4 05       		.uleb128 0x5
 1372 00d5 00       		.byte	0
 1373 00d6 00       		.byte	0
ARM GAS  C:\Users\ali\AppData\Local\Temp\cchTIyXW.s 			page 27


 1374 00d7 12       		.uleb128 0x12
 1375 00d8 15       		.uleb128 0x15
 1376 00d9 00       		.byte	0
 1377 00da 27       		.uleb128 0x27
 1378 00db 19       		.uleb128 0x19
 1379 00dc 00       		.byte	0
 1380 00dd 00       		.byte	0
 1381 00de 13       		.uleb128 0x13
 1382 00df 15       		.uleb128 0x15
 1383 00e0 01       		.byte	0x1
 1384 00e1 27       		.uleb128 0x27
 1385 00e2 19       		.uleb128 0x19
 1386 00e3 49       		.uleb128 0x49
 1387 00e4 13       		.uleb128 0x13
 1388 00e5 01       		.uleb128 0x1
 1389 00e6 13       		.uleb128 0x13
 1390 00e7 00       		.byte	0
 1391 00e8 00       		.byte	0
 1392 00e9 14       		.uleb128 0x14
 1393 00ea 05       		.uleb128 0x5
 1394 00eb 00       		.byte	0
 1395 00ec 49       		.uleb128 0x49
 1396 00ed 13       		.uleb128 0x13
 1397 00ee 00       		.byte	0
 1398 00ef 00       		.byte	0
 1399 00f0 15       		.uleb128 0x15
 1400 00f1 13       		.uleb128 0x13
 1401 00f2 01       		.byte	0x1
 1402 00f3 03       		.uleb128 0x3
 1403 00f4 0E       		.uleb128 0xe
 1404 00f5 0B       		.uleb128 0xb
 1405 00f6 05       		.uleb128 0x5
 1406 00f7 3A       		.uleb128 0x3a
 1407 00f8 0B       		.uleb128 0xb
 1408 00f9 3B       		.uleb128 0x3b
 1409 00fa 05       		.uleb128 0x5
 1410 00fb 01       		.uleb128 0x1
 1411 00fc 13       		.uleb128 0x13
 1412 00fd 00       		.byte	0
 1413 00fe 00       		.byte	0
 1414 00ff 16       		.uleb128 0x16
 1415 0100 0D       		.uleb128 0xd
 1416 0101 00       		.byte	0
 1417 0102 03       		.uleb128 0x3
 1418 0103 0E       		.uleb128 0xe
 1419 0104 3A       		.uleb128 0x3a
 1420 0105 0B       		.uleb128 0xb
 1421 0106 3B       		.uleb128 0x3b
 1422 0107 05       		.uleb128 0x5
 1423 0108 49       		.uleb128 0x49
 1424 0109 13       		.uleb128 0x13
 1425 010a 38       		.uleb128 0x38
 1426 010b 0B       		.uleb128 0xb
 1427 010c 00       		.byte	0
 1428 010d 00       		.byte	0
 1429 010e 17       		.uleb128 0x17
 1430 010f 0D       		.uleb128 0xd
ARM GAS  C:\Users\ali\AppData\Local\Temp\cchTIyXW.s 			page 28


 1431 0110 00       		.byte	0
 1432 0111 03       		.uleb128 0x3
 1433 0112 0E       		.uleb128 0xe
 1434 0113 3A       		.uleb128 0x3a
 1435 0114 0B       		.uleb128 0xb
 1436 0115 3B       		.uleb128 0x3b
 1437 0116 05       		.uleb128 0x5
 1438 0117 49       		.uleb128 0x49
 1439 0118 13       		.uleb128 0x13
 1440 0119 38       		.uleb128 0x38
 1441 011a 05       		.uleb128 0x5
 1442 011b 00       		.byte	0
 1443 011c 00       		.byte	0
 1444 011d 18       		.uleb128 0x18
 1445 011e 26       		.uleb128 0x26
 1446 011f 00       		.byte	0
 1447 0120 49       		.uleb128 0x49
 1448 0121 13       		.uleb128 0x13
 1449 0122 00       		.byte	0
 1450 0123 00       		.byte	0
 1451 0124 19       		.uleb128 0x19
 1452 0125 13       		.uleb128 0x13
 1453 0126 01       		.byte	0x1
 1454 0127 03       		.uleb128 0x3
 1455 0128 0E       		.uleb128 0xe
 1456 0129 0B       		.uleb128 0xb
 1457 012a 0B       		.uleb128 0xb
 1458 012b 3A       		.uleb128 0x3a
 1459 012c 0B       		.uleb128 0xb
 1460 012d 3B       		.uleb128 0x3b
 1461 012e 05       		.uleb128 0x5
 1462 012f 01       		.uleb128 0x1
 1463 0130 13       		.uleb128 0x13
 1464 0131 00       		.byte	0
 1465 0132 00       		.byte	0
 1466 0133 1A       		.uleb128 0x1a
 1467 0134 13       		.uleb128 0x13
 1468 0135 01       		.byte	0x1
 1469 0136 0B       		.uleb128 0xb
 1470 0137 0B       		.uleb128 0xb
 1471 0138 3A       		.uleb128 0x3a
 1472 0139 0B       		.uleb128 0xb
 1473 013a 3B       		.uleb128 0x3b
 1474 013b 05       		.uleb128 0x5
 1475 013c 01       		.uleb128 0x1
 1476 013d 13       		.uleb128 0x13
 1477 013e 00       		.byte	0
 1478 013f 00       		.byte	0
 1479 0140 1B       		.uleb128 0x1b
 1480 0141 17       		.uleb128 0x17
 1481 0142 01       		.byte	0x1
 1482 0143 0B       		.uleb128 0xb
 1483 0144 0B       		.uleb128 0xb
 1484 0145 3A       		.uleb128 0x3a
 1485 0146 0B       		.uleb128 0xb
 1486 0147 3B       		.uleb128 0x3b
 1487 0148 05       		.uleb128 0x5
ARM GAS  C:\Users\ali\AppData\Local\Temp\cchTIyXW.s 			page 29


 1488 0149 01       		.uleb128 0x1
 1489 014a 13       		.uleb128 0x13
 1490 014b 00       		.byte	0
 1491 014c 00       		.byte	0
 1492 014d 1C       		.uleb128 0x1c
 1493 014e 0D       		.uleb128 0xd
 1494 014f 00       		.byte	0
 1495 0150 03       		.uleb128 0x3
 1496 0151 0E       		.uleb128 0xe
 1497 0152 3A       		.uleb128 0x3a
 1498 0153 0B       		.uleb128 0xb
 1499 0154 3B       		.uleb128 0x3b
 1500 0155 05       		.uleb128 0x5
 1501 0156 49       		.uleb128 0x49
 1502 0157 13       		.uleb128 0x13
 1503 0158 00       		.byte	0
 1504 0159 00       		.byte	0
 1505 015a 1D       		.uleb128 0x1d
 1506 015b 15       		.uleb128 0x15
 1507 015c 01       		.byte	0x1
 1508 015d 27       		.uleb128 0x27
 1509 015e 19       		.uleb128 0x19
 1510 015f 01       		.uleb128 0x1
 1511 0160 13       		.uleb128 0x13
 1512 0161 00       		.byte	0
 1513 0162 00       		.byte	0
 1514 0163 1E       		.uleb128 0x1e
 1515 0164 2E       		.uleb128 0x2e
 1516 0165 01       		.byte	0x1
 1517 0166 3F       		.uleb128 0x3f
 1518 0167 19       		.uleb128 0x19
 1519 0168 03       		.uleb128 0x3
 1520 0169 0E       		.uleb128 0xe
 1521 016a 3A       		.uleb128 0x3a
 1522 016b 0B       		.uleb128 0xb
 1523 016c 3B       		.uleb128 0x3b
 1524 016d 0B       		.uleb128 0xb
 1525 016e 27       		.uleb128 0x27
 1526 016f 19       		.uleb128 0x19
 1527 0170 11       		.uleb128 0x11
 1528 0171 01       		.uleb128 0x1
 1529 0172 12       		.uleb128 0x12
 1530 0173 06       		.uleb128 0x6
 1531 0174 40       		.uleb128 0x40
 1532 0175 18       		.uleb128 0x18
 1533 0176 9642     		.uleb128 0x2116
 1534 0178 19       		.uleb128 0x19
 1535 0179 01       		.uleb128 0x1
 1536 017a 13       		.uleb128 0x13
 1537 017b 00       		.byte	0
 1538 017c 00       		.byte	0
 1539 017d 1F       		.uleb128 0x1f
 1540 017e 05       		.uleb128 0x5
 1541 017f 00       		.byte	0
 1542 0180 03       		.uleb128 0x3
 1543 0181 08       		.uleb128 0x8
 1544 0182 3A       		.uleb128 0x3a
ARM GAS  C:\Users\ali\AppData\Local\Temp\cchTIyXW.s 			page 30


 1545 0183 0B       		.uleb128 0xb
 1546 0184 3B       		.uleb128 0x3b
 1547 0185 0B       		.uleb128 0xb
 1548 0186 49       		.uleb128 0x49
 1549 0187 13       		.uleb128 0x13
 1550 0188 02       		.uleb128 0x2
 1551 0189 18       		.uleb128 0x18
 1552 018a 00       		.byte	0
 1553 018b 00       		.byte	0
 1554 018c 20       		.uleb128 0x20
 1555 018d 2E       		.uleb128 0x2e
 1556 018e 01       		.byte	0x1
 1557 018f 3F       		.uleb128 0x3f
 1558 0190 19       		.uleb128 0x19
 1559 0191 03       		.uleb128 0x3
 1560 0192 0E       		.uleb128 0xe
 1561 0193 3A       		.uleb128 0x3a
 1562 0194 0B       		.uleb128 0xb
 1563 0195 3B       		.uleb128 0x3b
 1564 0196 0B       		.uleb128 0xb
 1565 0197 27       		.uleb128 0x27
 1566 0198 19       		.uleb128 0x19
 1567 0199 11       		.uleb128 0x11
 1568 019a 01       		.uleb128 0x1
 1569 019b 12       		.uleb128 0x12
 1570 019c 06       		.uleb128 0x6
 1571 019d 40       		.uleb128 0x40
 1572 019e 18       		.uleb128 0x18
 1573 019f 9642     		.uleb128 0x2116
 1574 01a1 19       		.uleb128 0x19
 1575 01a2 00       		.byte	0
 1576 01a3 00       		.byte	0
 1577 01a4 00       		.byte	0
 1578              		.section	.debug_aranges,"",%progbits
 1579 0000 24000000 		.4byte	0x24
 1580 0004 0200     		.2byte	0x2
 1581 0006 00000000 		.4byte	.Ldebug_info0
 1582 000a 04       		.byte	0x4
 1583 000b 00       		.byte	0
 1584 000c 0000     		.2byte	0
 1585 000e 0000     		.2byte	0
 1586 0010 00000000 		.4byte	.LFB0
 1587 0014 14000000 		.4byte	.LFE0-.LFB0
 1588 0018 00000000 		.4byte	.LFB1
 1589 001c 14000000 		.4byte	.LFE1-.LFB1
 1590 0020 00000000 		.4byte	0
 1591 0024 00000000 		.4byte	0
 1592              		.section	.debug_ranges,"",%progbits
 1593              	.Ldebug_ranges0:
 1594 0000 00000000 		.4byte	.LFB0
 1595 0004 14000000 		.4byte	.LFE0
 1596 0008 00000000 		.4byte	.LFB1
 1597 000c 14000000 		.4byte	.LFE1
 1598 0010 00000000 		.4byte	0
 1599 0014 00000000 		.4byte	0
 1600              		.section	.debug_line,"",%progbits
 1601              	.Ldebug_line0:
ARM GAS  C:\Users\ali\AppData\Local\Temp\cchTIyXW.s 			page 31


 1602 0000 68010000 		.section	.debug_str,"MS",%progbits,1
 1602      02003E01 
 1602      00000201 
 1602      FB0E0D00 
 1602      01010101 
 1603              	.LASF38:
 1604 0000 5F6F6E5F 		.ascii	"_on_exit_args\000"
 1604      65786974 
 1604      5F617267 
 1604      7300
 1605              	.LASF105:
 1606 000e 5F776374 		.ascii	"_wctomb_state\000"
 1606      6F6D625F 
 1606      73746174 
 1606      6500
 1607              	.LASF102:
 1608 001c 5F723438 		.ascii	"_r48\000"
 1608      00
 1609              	.LASF107:
 1610 0021 5F736967 		.ascii	"_signal_buf\000"
 1610      6E616C5F 
 1610      62756600 
 1611              	.LASF0:
 1612 002d 756E7369 		.ascii	"unsigned int\000"
 1612      676E6564 
 1612      20696E74 
 1612      00
 1613              	.LASF52:
 1614 003a 5F6C6266 		.ascii	"_lbfsize\000"
 1614      73697A65 
 1614      00
 1615              	.LASF50:
 1616 0043 5F666C61 		.ascii	"_flags\000"
 1616      677300
 1617              	.LASF67:
 1618 004a 5F657272 		.ascii	"_errno\000"
 1618      6E6F00
 1619              	.LASF118:
 1620 0051 474E5520 		.ascii	"GNU C11 5.4.1 20160609 (release) [ARM/embedded-5-br"
 1620      43313120 
 1620      352E342E 
 1620      31203230 
 1620      31363036 
 1621 0084 616E6368 		.ascii	"anch revision 237715] -mcpu=cortex-m3 -mthumb -g -O"
 1621      20726576 
 1621      6973696F 
 1621      6E203233 
 1621      37373135 
 1622 00b7 30202D66 		.ascii	"0 -ffunction-sections -ffat-lto-objects\000"
 1622      66756E63 
 1622      74696F6E 
 1622      2D736563 
 1622      74696F6E 
 1623              	.LASF10:
 1624 00df 5F4C4F43 		.ascii	"_LOCK_RECURSIVE_T\000"
 1624      4B5F5245 
 1624      43555253 
ARM GAS  C:\Users\ali\AppData\Local\Temp\cchTIyXW.s 			page 32


 1624      4956455F 
 1624      5400
 1625              	.LASF54:
 1626 00f1 5F726561 		.ascii	"_read\000"
 1626      6400
 1627              	.LASF109:
 1628 00f7 5F6D6272 		.ascii	"_mbrlen_state\000"
 1628      6C656E5F 
 1628      73746174 
 1628      6500
 1629              	.LASF69:
 1630 0105 5F737464 		.ascii	"_stdout\000"
 1630      6F757400 
 1631              	.LASF12:
 1632 010d 5F66706F 		.ascii	"_fpos_t\000"
 1632      735F7400 
 1633              	.LASF45:
 1634 0115 5F666E73 		.ascii	"_fns\000"
 1634      00
 1635              	.LASF53:
 1636 011a 5F636F6F 		.ascii	"_cookie\000"
 1636      6B696500 
 1637              	.LASF27:
 1638 0122 5F426967 		.ascii	"_Bigint\000"
 1638      696E7400 
 1639              	.LASF35:
 1640 012a 5F5F746D 		.ascii	"__tm_wday\000"
 1640      5F776461 
 1640      7900
 1641              	.LASF77:
 1642 0134 5F726573 		.ascii	"_result\000"
 1642      756C7400 
 1643              	.LASF31:
 1644 013c 5F5F746D 		.ascii	"__tm_hour\000"
 1644      5F686F75 
 1644      7200
 1645              	.LASF119:
 1646 0146 2E2E5C53 		.ascii	"..\\Setup\\OS_ThreadSafe.c\000"
 1646      65747570 
 1646      5C4F535F 
 1646      54687265 
 1646      61645361 
 1647              	.LASF17:
 1648 015f 5F5F636F 		.ascii	"__count\000"
 1648      756E7400 
 1649              	.LASF30:
 1650 0167 5F5F746D 		.ascii	"__tm_min\000"
 1650      5F6D696E 
 1650      00
 1651              	.LASF115:
 1652 0170 5F6E6578 		.ascii	"_nextf\000"
 1652      746600
 1653              	.LASF92:
 1654 0177 5F72616E 		.ascii	"_rand48\000"
 1654      64343800 
 1655              	.LASF78:
 1656 017f 5F726573 		.ascii	"_result_k\000"
ARM GAS  C:\Users\ali\AppData\Local\Temp\cchTIyXW.s 			page 33


 1656      756C745F 
 1656      6B00
 1657              	.LASF9:
 1658 0189 6C6F6E67 		.ascii	"long long unsigned int\000"
 1658      206C6F6E 
 1658      6720756E 
 1658      7369676E 
 1658      65642069 
 1659              	.LASF98:
 1660 01a0 5F617363 		.ascii	"_asctime_buf\000"
 1660      74696D65 
 1660      5F627566 
 1660      00
 1661              	.LASF49:
 1662 01ad 5F5F7346 		.ascii	"__sFILE\000"
 1662      494C4500 
 1663              	.LASF26:
 1664 01b5 5F776473 		.ascii	"_wds\000"
 1664      00
 1665              	.LASF88:
 1666 01ba 5F5F4649 		.ascii	"__FILE\000"
 1666      4C4500
 1667              	.LASF61:
 1668 01c1 5F6F6666 		.ascii	"_offset\000"
 1668      73657400 
 1669              	.LASF72:
 1670 01c9 5F656D65 		.ascii	"_emergency\000"
 1670      7267656E 
 1670      637900
 1671              	.LASF29:
 1672 01d4 5F5F746D 		.ascii	"__tm_sec\000"
 1672      5F736563 
 1672      00
 1673              	.LASF36:
 1674 01dd 5F5F746D 		.ascii	"__tm_yday\000"
 1674      5F796461 
 1674      7900
 1675              	.LASF120:
 1676 01e7 453A5C69 		.ascii	"E:\\iroteam\\prg\\tulue\\code\\cypress\\no-exp -V1-"
 1676      726F7465 
 1676      616D5C70 
 1676      72675C74 
 1676      756C7565 
 1677 0214 6F6C6420 		.ascii	"old board\\new-cy-notask\\cy-notask\\Start\\BoardSu"
 1677      626F6172 
 1677      645C6E65 
 1677      772D6379 
 1677      2D6E6F74 
 1678 0243 70706F72 		.ascii	"pport\\Cypress\\CY8C5868_CY8CKIT_050_PSoC5_DK\\Star"
 1678      745C4379 
 1678      70726573 
 1678      735C4359 
 1678      38433538 
 1679 0273 745F4359 		.ascii	"t_CY8C5868_AccessV1.0_OldBrd.cydsn\000"
 1679      38433538 
 1679      36385F41 
 1679      63636573 
ARM GAS  C:\Users\ali\AppData\Local\Temp\cchTIyXW.s 			page 34


 1679      7356312E 
 1680              	.LASF71:
 1681 0296 5F696E63 		.ascii	"_inc\000"
 1681      00
 1682              	.LASF44:
 1683 029b 5F696E64 		.ascii	"_ind\000"
 1683      00
 1684              	.LASF23:
 1685 02a0 5F6E6578 		.ascii	"_next\000"
 1685      7400
 1686              	.LASF111:
 1687 02a6 5F6D6273 		.ascii	"_mbsrtowcs_state\000"
 1687      72746F77 
 1687      63735F73 
 1687      74617465 
 1687      00
 1688              	.LASF18:
 1689 02b7 5F5F7661 		.ascii	"__value\000"
 1689      6C756500 
 1690              	.LASF79:
 1691 02bf 5F703573 		.ascii	"_p5s\000"
 1691      00
 1692              	.LASF113:
 1693 02c4 5F776373 		.ascii	"_wcsrtombs_state\000"
 1693      72746F6D 
 1693      62735F73 
 1693      74617465 
 1693      00
 1694              	.LASF103:
 1695 02d5 5F6D626C 		.ascii	"_mblen_state\000"
 1695      656E5F73 
 1695      74617465 
 1695      00
 1696              	.LASF21:
 1697 02e2 63686172 		.ascii	"char\000"
 1697      00
 1698              	.LASF32:
 1699 02e7 5F5F746D 		.ascii	"__tm_mday\000"
 1699      5F6D6461 
 1699      7900
 1700              	.LASF85:
 1701 02f1 5F736967 		.ascii	"_sig_func\000"
 1701      5F66756E 
 1701      6300
 1702              	.LASF110:
 1703 02fb 5F6D6272 		.ascii	"_mbrtowc_state\000"
 1703      746F7763 
 1703      5F737461 
 1703      746500
 1704              	.LASF84:
 1705 030a 5F617465 		.ascii	"_atexit0\000"
 1705      78697430 
 1705      00
 1706              	.LASF20:
 1707 0313 5F666C6F 		.ascii	"_flock_t\000"
 1707      636B5F74 
 1707      00
ARM GAS  C:\Users\ali\AppData\Local\Temp\cchTIyXW.s 			page 35


 1708              	.LASF14:
 1709 031c 5F5F7763 		.ascii	"__wch\000"
 1709      6800
 1710              	.LASF91:
 1711 0322 5F696F62 		.ascii	"_iobs\000"
 1711      7300
 1712              	.LASF57:
 1713 0328 5F636C6F 		.ascii	"_close\000"
 1713      736500
 1714              	.LASF75:
 1715 032f 5F5F7364 		.ascii	"__sdidinit\000"
 1715      6964696E 
 1715      697400
 1716              	.LASF68:
 1717 033a 5F737464 		.ascii	"_stdin\000"
 1717      696E00
 1718              	.LASF100:
 1719 0341 5F67616D 		.ascii	"_gamma_signgam\000"
 1719      6D615F73 
 1719      69676E67 
 1719      616D00
 1720              	.LASF1:
 1721 0350 6C6F6E67 		.ascii	"long long int\000"
 1721      206C6F6E 
 1721      6720696E 
 1721      7400
 1722              	.LASF47:
 1723 035e 5F626173 		.ascii	"_base\000"
 1723      6500
 1724              	.LASF80:
 1725 0364 5F667265 		.ascii	"_freelist\000"
 1725      656C6973 
 1725      7400
 1726              	.LASF94:
 1727 036e 5F6D756C 		.ascii	"_mult\000"
 1727      7400
 1728              	.LASF22:
 1729 0374 5F5F554C 		.ascii	"__ULong\000"
 1729      6F6E6700 
 1730              	.LASF112:
 1731 037c 5F776372 		.ascii	"_wcrtomb_state\000"
 1731      746F6D62 
 1731      5F737461 
 1731      746500
 1732              	.LASF51:
 1733 038b 5F66696C 		.ascii	"_file\000"
 1733      6500
 1734              	.LASF76:
 1735 0391 5F5F636C 		.ascii	"__cleanup\000"
 1735      65616E75 
 1735      7000
 1736              	.LASF19:
 1737 039b 5F6D6273 		.ascii	"_mbstate_t\000"
 1737      74617465 
 1737      5F7400
 1738              	.LASF37:
 1739 03a6 5F5F746D 		.ascii	"__tm_isdst\000"
ARM GAS  C:\Users\ali\AppData\Local\Temp\cchTIyXW.s 			page 36


 1739      5F697364 
 1739      737400
 1740              	.LASF114:
 1741 03b1 5F685F65 		.ascii	"_h_errno\000"
 1741      72726E6F 
 1741      00
 1742              	.LASF121:
 1743 03ba 5F5F6D61 		.ascii	"__malloc_lock\000"
 1743      6C6C6F63 
 1743      5F6C6F63 
 1743      6B00
 1744              	.LASF33:
 1745 03c8 5F5F746D 		.ascii	"__tm_mon\000"
 1745      5F6D6F6E 
 1745      00
 1746              	.LASF2:
 1747 03d1 6C6F6E67 		.ascii	"long double\000"
 1747      20646F75 
 1747      626C6500 
 1748              	.LASF122:
 1749 03dd 5F5F6D61 		.ascii	"__malloc_unlock\000"
 1749      6C6C6F63 
 1749      5F756E6C 
 1749      6F636B00 
 1750              	.LASF55:
 1751 03ed 5F777269 		.ascii	"_write\000"
 1751      746500
 1752              	.LASF43:
 1753 03f4 5F617465 		.ascii	"_atexit\000"
 1753      78697400 
 1754              	.LASF64:
 1755 03fc 5F6D6273 		.ascii	"_mbstate\000"
 1755      74617465 
 1755      00
 1756              	.LASF5:
 1757 0405 73686F72 		.ascii	"short int\000"
 1757      7420696E 
 1757      7400
 1758              	.LASF7:
 1759 040f 6C6F6E67 		.ascii	"long int\000"
 1759      20696E74 
 1759      00
 1760              	.LASF87:
 1761 0418 5F5F7366 		.ascii	"__sf\000"
 1761      00
 1762              	.LASF25:
 1763 041d 5F736967 		.ascii	"_sign\000"
 1763      6E00
 1764              	.LASF74:
 1765 0423 5F637572 		.ascii	"_current_locale\000"
 1765      72656E74 
 1765      5F6C6F63 
 1765      616C6500 
 1766              	.LASF62:
 1767 0433 5F646174 		.ascii	"_data\000"
 1767      6100
 1768              	.LASF15:
ARM GAS  C:\Users\ali\AppData\Local\Temp\cchTIyXW.s 			page 37


 1769 0439 5F5F7763 		.ascii	"__wchb\000"
 1769      686200
 1770              	.LASF34:
 1771 0440 5F5F746D 		.ascii	"__tm_year\000"
 1771      5F796561 
 1771      7200
 1772              	.LASF99:
 1773 044a 5F6C6F63 		.ascii	"_localtime_buf\000"
 1773      616C7469 
 1773      6D655F62 
 1773      756600
 1774              	.LASF117:
 1775 0459 5F756E75 		.ascii	"_unused\000"
 1775      73656400 
 1776              	.LASF83:
 1777 0461 5F6E6577 		.ascii	"_new\000"
 1777      00
 1778              	.LASF81:
 1779 0466 5F637674 		.ascii	"_cvtlen\000"
 1779      6C656E00 
 1780              	.LASF24:
 1781 046e 5F6D6178 		.ascii	"_maxwds\000"
 1781      77647300 
 1782              	.LASF106:
 1783 0476 5F6C3634 		.ascii	"_l64a_buf\000"
 1783      615F6275 
 1783      6600
 1784              	.LASF73:
 1785 0480 5F637572 		.ascii	"_current_category\000"
 1785      72656E74 
 1785      5F636174 
 1785      65676F72 
 1785      7900
 1786              	.LASF60:
 1787 0492 5F626C6B 		.ascii	"_blksize\000"
 1787      73697A65 
 1787      00
 1788              	.LASF28:
 1789 049b 5F5F746D 		.ascii	"__tm\000"
 1789      00
 1790              	.LASF63:
 1791 04a0 5F6C6F63 		.ascii	"_lock\000"
 1791      6B00
 1792              	.LASF16:
 1793 04a6 73697A65 		.ascii	"sizetype\000"
 1793      74797065 
 1793      00
 1794              	.LASF8:
 1795 04af 6C6F6E67 		.ascii	"long unsigned int\000"
 1795      20756E73 
 1795      69676E65 
 1795      6420696E 
 1795      7400
 1796              	.LASF90:
 1797 04c1 5F6E696F 		.ascii	"_niobs\000"
 1797      627300
 1798              	.LASF13:
ARM GAS  C:\Users\ali\AppData\Local\Temp\cchTIyXW.s 			page 38


 1799 04c8 77696E74 		.ascii	"wint_t\000"
 1799      5F7400
 1800              	.LASF40:
 1801 04cf 5F64736F 		.ascii	"_dso_handle\000"
 1801      5F68616E 
 1801      646C6500 
 1802              	.LASF82:
 1803 04db 5F637674 		.ascii	"_cvtbuf\000"
 1803      62756600 
 1804              	.LASF4:
 1805 04e3 756E7369 		.ascii	"unsigned char\000"
 1805      676E6564 
 1805      20636861 
 1805      7200
 1806              	.LASF108:
 1807 04f1 5F676574 		.ascii	"_getdate_err\000"
 1807      64617465 
 1807      5F657272 
 1807      00
 1808              	.LASF95:
 1809 04fe 5F616464 		.ascii	"_add\000"
 1809      00
 1810              	.LASF46:
 1811 0503 5F5F7362 		.ascii	"__sbuf\000"
 1811      756600
 1812              	.LASF89:
 1813 050a 5F676C75 		.ascii	"_glue\000"
 1813      6500
 1814              	.LASF86:
 1815 0510 5F5F7367 		.ascii	"__sglue\000"
 1815      6C756500 
 1816              	.LASF97:
 1817 0518 5F737472 		.ascii	"_strtok_last\000"
 1817      746F6B5F 
 1817      6C617374 
 1817      00
 1818              	.LASF104:
 1819 0525 5F6D6274 		.ascii	"_mbtowc_state\000"
 1819      6F77635F 
 1819      73746174 
 1819      6500
 1820              	.LASF39:
 1821 0533 5F666E61 		.ascii	"_fnargs\000"
 1821      72677300 
 1822              	.LASF3:
 1823 053b 7369676E 		.ascii	"signed char\000"
 1823      65642063 
 1823      68617200 
 1824              	.LASF66:
 1825 0547 5F726565 		.ascii	"_reent\000"
 1825      6E7400
 1826              	.LASF6:
 1827 054e 73686F72 		.ascii	"short unsigned int\000"
 1827      7420756E 
 1827      7369676E 
 1827      65642069 
 1827      6E7400
ARM GAS  C:\Users\ali\AppData\Local\Temp\cchTIyXW.s 			page 39


 1828              	.LASF41:
 1829 0561 5F666E74 		.ascii	"_fntypes\000"
 1829      79706573 
 1829      00
 1830              	.LASF48:
 1831 056a 5F73697A 		.ascii	"_size\000"
 1831      6500
 1832              	.LASF11:
 1833 0570 5F6F6666 		.ascii	"_off_t\000"
 1833      5F7400
 1834              	.LASF59:
 1835 0577 5F6E6275 		.ascii	"_nbuf\000"
 1835      6600
 1836              	.LASF96:
 1837 057d 5F756E75 		.ascii	"_unused_rand\000"
 1837      7365645F 
 1837      72616E64 
 1837      00
 1838              	.LASF65:
 1839 058a 5F666C61 		.ascii	"_flags2\000"
 1839      67733200 
 1840              	.LASF42:
 1841 0592 5F69735F 		.ascii	"_is_cxa\000"
 1841      63786100 
 1842              	.LASF93:
 1843 059a 5F736565 		.ascii	"_seed\000"
 1843      6400
 1844              	.LASF101:
 1845 05a0 5F72616E 		.ascii	"_rand_next\000"
 1845      645F6E65 
 1845      787400
 1846              	.LASF56:
 1847 05ab 5F736565 		.ascii	"_seek\000"
 1847      6B00
 1848              	.LASF70:
 1849 05b1 5F737464 		.ascii	"_stderr\000"
 1849      65727200 
 1850              	.LASF116:
 1851 05b9 5F6E6D61 		.ascii	"_nmalloc\000"
 1851      6C6C6F63 
 1851      00
 1852              	.LASF58:
 1853 05c2 5F756275 		.ascii	"_ubuf\000"
 1853      6600
 1854              		.ident	"GCC: (GNU Tools for ARM Embedded Processors) 5.4.1 20160609 (release) [ARM/embedded-5-bran
