ARM GAS  C:\Users\ali\AppData\Local\Temp\cckQBZ7R.s 			page 1


   1              		.syntax unified
   2              		.cpu cortex-m3
   3              		.fpu softvfp
   4              		.eabi_attribute 20, 1
   5              		.eabi_attribute 21, 1
   6              		.eabi_attribute 23, 3
   7              		.eabi_attribute 24, 1
   8              		.eabi_attribute 25, 1
   9              		.eabi_attribute 26, 1
  10              		.eabi_attribute 30, 6
  11              		.eabi_attribute 34, 1
  12              		.eabi_attribute 18, 4
  13              		.thumb
  14              		.syntax unified
  15              		.file	"SEGGER_RTT_Syscalls_GCC.c"
  16              		.text
  17              	.Ltext0:
  18              		.cfi_sections	.debug_frame
  19              		.section	.text._write,"ax",%progbits
  20              		.align	2
  21              		.global	_write
  22              		.thumb
  23              		.thumb_func
  24              		.type	_write, %function
  25              	_write:
  26              	.LFB0:
  27              		.file 1 "..\\SEGGER\\SEGGER_RTT_Syscalls_GCC.c"
   1:..\SEGGER/SEGGER_RTT_Syscalls_GCC.c **** /*********************************************************************
   2:..\SEGGER/SEGGER_RTT_Syscalls_GCC.c **** *                     SEGGER Microcontroller GmbH                    *
   3:..\SEGGER/SEGGER_RTT_Syscalls_GCC.c **** *                        The Embedded Experts                        *
   4:..\SEGGER/SEGGER_RTT_Syscalls_GCC.c **** **********************************************************************
   5:..\SEGGER/SEGGER_RTT_Syscalls_GCC.c **** *                                                                    *
   6:..\SEGGER/SEGGER_RTT_Syscalls_GCC.c **** *       (c) 1995 - 2022 SEGGER Microcontroller GmbH                  *
   7:..\SEGGER/SEGGER_RTT_Syscalls_GCC.c **** *                                                                    *
   8:..\SEGGER/SEGGER_RTT_Syscalls_GCC.c **** *       Internet: segger.com  Support: support_embos@segger.com      *
   9:..\SEGGER/SEGGER_RTT_Syscalls_GCC.c **** *                                                                    *
  10:..\SEGGER/SEGGER_RTT_Syscalls_GCC.c **** **********************************************************************
  11:..\SEGGER/SEGGER_RTT_Syscalls_GCC.c **** *                                                                    *
  12:..\SEGGER/SEGGER_RTT_Syscalls_GCC.c **** *       embOS * Real time operating system                           *
  13:..\SEGGER/SEGGER_RTT_Syscalls_GCC.c **** *                                                                    *
  14:..\SEGGER/SEGGER_RTT_Syscalls_GCC.c **** *       Please note:                                                 *
  15:..\SEGGER/SEGGER_RTT_Syscalls_GCC.c **** *                                                                    *
  16:..\SEGGER/SEGGER_RTT_Syscalls_GCC.c **** *       Knowledge of this file may under no circumstances            *
  17:..\SEGGER/SEGGER_RTT_Syscalls_GCC.c **** *       be used to write a similar product or a real-time            *
  18:..\SEGGER/SEGGER_RTT_Syscalls_GCC.c **** *       operating system for in-house use.                           *
  19:..\SEGGER/SEGGER_RTT_Syscalls_GCC.c **** *                                                                    *
  20:..\SEGGER/SEGGER_RTT_Syscalls_GCC.c **** *       Thank you for your fairness !                                *
  21:..\SEGGER/SEGGER_RTT_Syscalls_GCC.c **** *                                                                    *
  22:..\SEGGER/SEGGER_RTT_Syscalls_GCC.c **** **********************************************************************
  23:..\SEGGER/SEGGER_RTT_Syscalls_GCC.c **** *                                                                    *
  24:..\SEGGER/SEGGER_RTT_Syscalls_GCC.c **** *       OS version: V5.16.1.0                                        *
  25:..\SEGGER/SEGGER_RTT_Syscalls_GCC.c **** *                                                                    *
  26:..\SEGGER/SEGGER_RTT_Syscalls_GCC.c **** **********************************************************************
  27:..\SEGGER/SEGGER_RTT_Syscalls_GCC.c **** 
  28:..\SEGGER/SEGGER_RTT_Syscalls_GCC.c **** ---------------------------END-OF-HEADER------------------------------
  29:..\SEGGER/SEGGER_RTT_Syscalls_GCC.c **** File    : SEGGER_RTT_Syscalls_GCC.c
  30:..\SEGGER/SEGGER_RTT_Syscalls_GCC.c **** Purpose : Low-level functions for using printf() via RTT in GCC.
ARM GAS  C:\Users\ali\AppData\Local\Temp\cckQBZ7R.s 			page 2


  31:..\SEGGER/SEGGER_RTT_Syscalls_GCC.c ****           To use RTT for printf output, include this file in your 
  32:..\SEGGER/SEGGER_RTT_Syscalls_GCC.c ****           application.
  33:..\SEGGER/SEGGER_RTT_Syscalls_GCC.c **** Revision: $Rev: 24316 $
  34:..\SEGGER/SEGGER_RTT_Syscalls_GCC.c **** ----------------------------------------------------------------------
  35:..\SEGGER/SEGGER_RTT_Syscalls_GCC.c **** */
  36:..\SEGGER/SEGGER_RTT_Syscalls_GCC.c **** #if (defined __GNUC__) && !(defined __SES_ARM) && !(defined __CROSSWORKS_ARM) && !(defined __ARMCC_
  37:..\SEGGER/SEGGER_RTT_Syscalls_GCC.c **** 
  38:..\SEGGER/SEGGER_RTT_Syscalls_GCC.c **** #include <reent.h>  // required for _write_r
  39:..\SEGGER/SEGGER_RTT_Syscalls_GCC.c **** #include "SEGGER_RTT.h"
  40:..\SEGGER/SEGGER_RTT_Syscalls_GCC.c **** 
  41:..\SEGGER/SEGGER_RTT_Syscalls_GCC.c **** 
  42:..\SEGGER/SEGGER_RTT_Syscalls_GCC.c **** /*********************************************************************
  43:..\SEGGER/SEGGER_RTT_Syscalls_GCC.c **** *
  44:..\SEGGER/SEGGER_RTT_Syscalls_GCC.c **** *       Types
  45:..\SEGGER/SEGGER_RTT_Syscalls_GCC.c **** *
  46:..\SEGGER/SEGGER_RTT_Syscalls_GCC.c **** **********************************************************************
  47:..\SEGGER/SEGGER_RTT_Syscalls_GCC.c **** */
  48:..\SEGGER/SEGGER_RTT_Syscalls_GCC.c **** //
  49:..\SEGGER/SEGGER_RTT_Syscalls_GCC.c **** // If necessary define the _reent struct
  50:..\SEGGER/SEGGER_RTT_Syscalls_GCC.c **** // to match the one passed by the used standard library.
  51:..\SEGGER/SEGGER_RTT_Syscalls_GCC.c **** //
  52:..\SEGGER/SEGGER_RTT_Syscalls_GCC.c **** struct _reent;
  53:..\SEGGER/SEGGER_RTT_Syscalls_GCC.c **** 
  54:..\SEGGER/SEGGER_RTT_Syscalls_GCC.c **** /*********************************************************************
  55:..\SEGGER/SEGGER_RTT_Syscalls_GCC.c **** *
  56:..\SEGGER/SEGGER_RTT_Syscalls_GCC.c **** *       Function prototypes
  57:..\SEGGER/SEGGER_RTT_Syscalls_GCC.c **** *
  58:..\SEGGER/SEGGER_RTT_Syscalls_GCC.c **** **********************************************************************
  59:..\SEGGER/SEGGER_RTT_Syscalls_GCC.c **** */
  60:..\SEGGER/SEGGER_RTT_Syscalls_GCC.c **** _ssize_t _write  (int file, const void *ptr, size_t len);
  61:..\SEGGER/SEGGER_RTT_Syscalls_GCC.c **** _ssize_t _write_r(struct _reent *r, int file, const void *ptr, size_t len);
  62:..\SEGGER/SEGGER_RTT_Syscalls_GCC.c **** 
  63:..\SEGGER/SEGGER_RTT_Syscalls_GCC.c **** /*********************************************************************
  64:..\SEGGER/SEGGER_RTT_Syscalls_GCC.c **** *
  65:..\SEGGER/SEGGER_RTT_Syscalls_GCC.c **** *       Global functions
  66:..\SEGGER/SEGGER_RTT_Syscalls_GCC.c **** *
  67:..\SEGGER/SEGGER_RTT_Syscalls_GCC.c **** **********************************************************************
  68:..\SEGGER/SEGGER_RTT_Syscalls_GCC.c **** */
  69:..\SEGGER/SEGGER_RTT_Syscalls_GCC.c **** 
  70:..\SEGGER/SEGGER_RTT_Syscalls_GCC.c **** /*********************************************************************
  71:..\SEGGER/SEGGER_RTT_Syscalls_GCC.c **** *
  72:..\SEGGER/SEGGER_RTT_Syscalls_GCC.c **** *       _write()
  73:..\SEGGER/SEGGER_RTT_Syscalls_GCC.c **** *
  74:..\SEGGER/SEGGER_RTT_Syscalls_GCC.c **** * Function description
  75:..\SEGGER/SEGGER_RTT_Syscalls_GCC.c **** *   Low-level write function.
  76:..\SEGGER/SEGGER_RTT_Syscalls_GCC.c **** *   libc subroutines will use this system routine for output to all files,
  77:..\SEGGER/SEGGER_RTT_Syscalls_GCC.c **** *   including stdout.
  78:..\SEGGER/SEGGER_RTT_Syscalls_GCC.c **** *   Write data via RTT.
  79:..\SEGGER/SEGGER_RTT_Syscalls_GCC.c **** */
  80:..\SEGGER/SEGGER_RTT_Syscalls_GCC.c **** _ssize_t _write(int file, const void *ptr, size_t len) {
  28              		.loc 1 80 0
  29              		.cfi_startproc
  30              		@ args = 0, pretend = 0, frame = 16
  31              		@ frame_needed = 1, uses_anonymous_args = 0
  32 0000 80B5     		push	{r7, lr}
  33              		.cfi_def_cfa_offset 8
  34              		.cfi_offset 7, -8
ARM GAS  C:\Users\ali\AppData\Local\Temp\cckQBZ7R.s 			page 3


  35              		.cfi_offset 14, -4
  36 0002 84B0     		sub	sp, sp, #16
  37              		.cfi_def_cfa_offset 24
  38 0004 00AF     		add	r7, sp, #0
  39              		.cfi_def_cfa_register 7
  40 0006 F860     		str	r0, [r7, #12]
  41 0008 B960     		str	r1, [r7, #8]
  42 000a 7A60     		str	r2, [r7, #4]
  81:..\SEGGER/SEGGER_RTT_Syscalls_GCC.c ****   (void) file;  /* Not used, avoid warning */
  82:..\SEGGER/SEGGER_RTT_Syscalls_GCC.c ****   SEGGER_RTT_Write(0, ptr, len);
  43              		.loc 1 82 0
  44 000c 7A68     		ldr	r2, [r7, #4]
  45 000e B968     		ldr	r1, [r7, #8]
  46 0010 0020     		movs	r0, #0
  47 0012 FFF7FEFF 		bl	SEGGER_RTT_Write
  83:..\SEGGER/SEGGER_RTT_Syscalls_GCC.c ****   return len;
  48              		.loc 1 83 0
  49 0016 7B68     		ldr	r3, [r7, #4]
  84:..\SEGGER/SEGGER_RTT_Syscalls_GCC.c **** }
  50              		.loc 1 84 0
  51 0018 1846     		mov	r0, r3
  52 001a 1037     		adds	r7, r7, #16
  53              		.cfi_def_cfa_offset 8
  54 001c BD46     		mov	sp, r7
  55              		.cfi_def_cfa_register 13
  56              		@ sp needed
  57 001e 80BD     		pop	{r7, pc}
  58              		.cfi_endproc
  59              	.LFE0:
  60              		.size	_write, .-_write
  61              		.section	.text._write_r,"ax",%progbits
  62              		.align	2
  63              		.global	_write_r
  64              		.thumb
  65              		.thumb_func
  66              		.type	_write_r, %function
  67              	_write_r:
  68              	.LFB1:
  85:..\SEGGER/SEGGER_RTT_Syscalls_GCC.c **** 
  86:..\SEGGER/SEGGER_RTT_Syscalls_GCC.c **** /*********************************************************************
  87:..\SEGGER/SEGGER_RTT_Syscalls_GCC.c **** *
  88:..\SEGGER/SEGGER_RTT_Syscalls_GCC.c **** *       _write_r()
  89:..\SEGGER/SEGGER_RTT_Syscalls_GCC.c **** *
  90:..\SEGGER/SEGGER_RTT_Syscalls_GCC.c **** * Function description
  91:..\SEGGER/SEGGER_RTT_Syscalls_GCC.c **** *   Low-level reentrant write function.
  92:..\SEGGER/SEGGER_RTT_Syscalls_GCC.c **** *   libc subroutines will use this system routine for output to all files,
  93:..\SEGGER/SEGGER_RTT_Syscalls_GCC.c **** *   including stdout.
  94:..\SEGGER/SEGGER_RTT_Syscalls_GCC.c **** *   Write data via RTT.
  95:..\SEGGER/SEGGER_RTT_Syscalls_GCC.c **** */
  96:..\SEGGER/SEGGER_RTT_Syscalls_GCC.c **** _ssize_t _write_r(struct _reent *r, int file, const void *ptr, size_t len) {
  69              		.loc 1 96 0
  70              		.cfi_startproc
  71              		@ args = 0, pretend = 0, frame = 16
  72              		@ frame_needed = 1, uses_anonymous_args = 0
  73 0000 80B5     		push	{r7, lr}
  74              		.cfi_def_cfa_offset 8
  75              		.cfi_offset 7, -8
ARM GAS  C:\Users\ali\AppData\Local\Temp\cckQBZ7R.s 			page 4


  76              		.cfi_offset 14, -4
  77 0002 84B0     		sub	sp, sp, #16
  78              		.cfi_def_cfa_offset 24
  79 0004 00AF     		add	r7, sp, #0
  80              		.cfi_def_cfa_register 7
  81 0006 F860     		str	r0, [r7, #12]
  82 0008 B960     		str	r1, [r7, #8]
  83 000a 7A60     		str	r2, [r7, #4]
  84 000c 3B60     		str	r3, [r7]
  97:..\SEGGER/SEGGER_RTT_Syscalls_GCC.c ****   (void) file;  /* Not used, avoid warning */
  98:..\SEGGER/SEGGER_RTT_Syscalls_GCC.c ****   (void) r;     /* Not used, avoid warning */
  99:..\SEGGER/SEGGER_RTT_Syscalls_GCC.c ****   SEGGER_RTT_Write(0, ptr, len);
  85              		.loc 1 99 0
  86 000e 3A68     		ldr	r2, [r7]
  87 0010 7968     		ldr	r1, [r7, #4]
  88 0012 0020     		movs	r0, #0
  89 0014 FFF7FEFF 		bl	SEGGER_RTT_Write
 100:..\SEGGER/SEGGER_RTT_Syscalls_GCC.c ****   return len;
  90              		.loc 1 100 0
  91 0018 3B68     		ldr	r3, [r7]
 101:..\SEGGER/SEGGER_RTT_Syscalls_GCC.c **** }
  92              		.loc 1 101 0
  93 001a 1846     		mov	r0, r3
  94 001c 1037     		adds	r7, r7, #16
  95              		.cfi_def_cfa_offset 8
  96 001e BD46     		mov	sp, r7
  97              		.cfi_def_cfa_register 13
  98              		@ sp needed
  99 0020 80BD     		pop	{r7, pc}
 100              		.cfi_endproc
 101              	.LFE1:
 102              		.size	_write_r, .-_write_r
 103 0022 00BF     		.text
 104              	.Letext0:
 105              		.file 2 "c:\\program files (x86)\\cypress\\psoc creator\\4.4\\psoc creator\\import\\gnu\\arm\\5.4.
 106              		.file 3 "c:\\program files (x86)\\cypress\\psoc creator\\4.4\\psoc creator\\import\\gnu\\arm\\5.4.
 107              		.file 4 "c:\\program files (x86)\\cypress\\psoc creator\\4.4\\psoc creator\\import\\gnu\\arm\\5.4.
 108              		.file 5 "c:\\program files (x86)\\cypress\\psoc creator\\4.4\\psoc creator\\import\\gnu\\arm\\5.4.
 109              		.file 6 "c:\\program files (x86)\\cypress\\psoc creator\\4.4\\psoc creator\\import\\gnu\\arm\\5.4.
 110              		.section	.debug_info,"",%progbits
 111              	.Ldebug_info0:
 112 0000 12090000 		.4byte	0x912
 113 0004 0400     		.2byte	0x4
 114 0006 00000000 		.4byte	.Ldebug_abbrev0
 115 000a 04       		.byte	0x4
 116 000b 01       		.uleb128 0x1
 117 000c 32000000 		.4byte	.LASF121
 118 0010 0C       		.byte	0xc
 119 0011 C5030000 		.4byte	.LASF122
 120 0015 A1010000 		.4byte	.LASF123
 121 0019 00000000 		.4byte	.Ldebug_ranges0+0
 122 001d 00000000 		.4byte	0
 123 0021 00000000 		.4byte	.Ldebug_line0
 124 0025 02       		.uleb128 0x2
 125 0026 04       		.byte	0x4
 126 0027 05       		.byte	0x5
 127 0028 696E7400 		.ascii	"int\000"
ARM GAS  C:\Users\ali\AppData\Local\Temp\cckQBZ7R.s 			page 5


 128 002c 03       		.uleb128 0x3
 129 002d 12000000 		.4byte	.LASF10
 130 0031 02       		.byte	0x2
 131 0032 D8       		.byte	0xd8
 132 0033 37000000 		.4byte	0x37
 133 0037 04       		.uleb128 0x4
 134 0038 04       		.byte	0x4
 135 0039 07       		.byte	0x7
 136 003a DA020000 		.4byte	.LASF0
 137 003e 04       		.uleb128 0x4
 138 003f 08       		.byte	0x8
 139 0040 05       		.byte	0x5
 140 0041 26010000 		.4byte	.LASF1
 141 0045 04       		.uleb128 0x4
 142 0046 08       		.byte	0x8
 143 0047 04       		.byte	0x4
 144 0048 A1030000 		.4byte	.LASF2
 145 004c 04       		.uleb128 0x4
 146 004d 01       		.byte	0x1
 147 004e 06       		.byte	0x6
 148 004f 34010000 		.4byte	.LASF3
 149 0053 04       		.uleb128 0x4
 150 0054 01       		.byte	0x1
 151 0055 08       		.byte	0x8
 152 0056 11040000 		.4byte	.LASF4
 153 005a 04       		.uleb128 0x4
 154 005b 02       		.byte	0x2
 155 005c 05       		.byte	0x5
 156 005d 2D040000 		.4byte	.LASF5
 157 0061 04       		.uleb128 0x4
 158 0062 02       		.byte	0x2
 159 0063 07       		.byte	0x7
 160 0064 1D030000 		.4byte	.LASF6
 161 0068 04       		.uleb128 0x4
 162 0069 04       		.byte	0x4
 163 006a 05       		.byte	0x5
 164 006b 79010000 		.4byte	.LASF7
 165 006f 04       		.uleb128 0x4
 166 0070 04       		.byte	0x4
 167 0071 07       		.byte	0x7
 168 0072 FE020000 		.4byte	.LASF8
 169 0076 04       		.uleb128 0x4
 170 0077 08       		.byte	0x8
 171 0078 07       		.byte	0x7
 172 0079 E0000000 		.4byte	.LASF9
 173 007d 03       		.uleb128 0x3
 174 007e FF030000 		.4byte	.LASF11
 175 0082 03       		.byte	0x3
 176 0083 07       		.byte	0x7
 177 0084 25000000 		.4byte	0x25
 178 0088 03       		.uleb128 0x3
 179 0089 E9030000 		.4byte	.LASF12
 180 008d 04       		.byte	0x4
 181 008e 2C       		.byte	0x2c
 182 008f 68000000 		.4byte	0x68
 183 0093 03       		.uleb128 0x3
 184 0094 D8040000 		.4byte	.LASF13
ARM GAS  C:\Users\ali\AppData\Local\Temp\cckQBZ7R.s 			page 6


 185 0098 04       		.byte	0x4
 186 0099 72       		.byte	0x72
 187 009a 68000000 		.4byte	0x68
 188 009e 03       		.uleb128 0x3
 189 009f 65050000 		.4byte	.LASF14
 190 00a3 04       		.byte	0x4
 191 00a4 91       		.byte	0x91
 192 00a5 25000000 		.4byte	0x25
 193 00a9 05       		.uleb128 0x5
 194 00aa 60030000 		.4byte	.LASF15
 195 00ae 02       		.byte	0x2
 196 00af 6501     		.2byte	0x165
 197 00b1 37000000 		.4byte	0x37
 198 00b5 06       		.uleb128 0x6
 199 00b6 04       		.byte	0x4
 200 00b7 04       		.byte	0x4
 201 00b8 A6       		.byte	0xa6
 202 00b9 D4000000 		.4byte	0xd4
 203 00bd 07       		.uleb128 0x7
 204 00be 5A030000 		.4byte	.LASF16
 205 00c2 04       		.byte	0x4
 206 00c3 A8       		.byte	0xa8
 207 00c4 A9000000 		.4byte	0xa9
 208 00c8 07       		.uleb128 0x7
 209 00c9 E7020000 		.4byte	.LASF17
 210 00cd 04       		.byte	0x4
 211 00ce A9       		.byte	0xa9
 212 00cf D4000000 		.4byte	0xd4
 213 00d3 00       		.byte	0
 214 00d4 08       		.uleb128 0x8
 215 00d5 53000000 		.4byte	0x53
 216 00d9 E4000000 		.4byte	0xe4
 217 00dd 09       		.uleb128 0x9
 218 00de E4000000 		.4byte	0xe4
 219 00e2 03       		.byte	0x3
 220 00e3 00       		.byte	0
 221 00e4 04       		.uleb128 0x4
 222 00e5 04       		.byte	0x4
 223 00e6 07       		.byte	0x7
 224 00e7 98030000 		.4byte	.LASF18
 225 00eb 0A       		.uleb128 0xa
 226 00ec 08       		.byte	0x8
 227 00ed 04       		.byte	0x4
 228 00ee A3       		.byte	0xa3
 229 00ef 0C010000 		.4byte	0x10c
 230 00f3 0B       		.uleb128 0xb
 231 00f4 C2040000 		.4byte	.LASF19
 232 00f8 04       		.byte	0x4
 233 00f9 A5       		.byte	0xa5
 234 00fa 25000000 		.4byte	0x25
 235 00fe 00       		.byte	0
 236 00ff 0B       		.uleb128 0xb
 237 0100 CA040000 		.4byte	.LASF20
 238 0104 04       		.byte	0x4
 239 0105 AA       		.byte	0xaa
 240 0106 B5000000 		.4byte	0xb5
 241 010a 04       		.byte	0x4
ARM GAS  C:\Users\ali\AppData\Local\Temp\cckQBZ7R.s 			page 7


 242 010b 00       		.byte	0
 243 010c 03       		.uleb128 0x3
 244 010d 55040000 		.4byte	.LASF21
 245 0111 04       		.byte	0x4
 246 0112 AB       		.byte	0xab
 247 0113 EB000000 		.4byte	0xeb
 248 0117 03       		.uleb128 0x3
 249 0118 9D020000 		.4byte	.LASF22
 250 011c 04       		.byte	0x4
 251 011d AF       		.byte	0xaf
 252 011e 7D000000 		.4byte	0x7d
 253 0122 0C       		.uleb128 0xc
 254 0123 04       		.byte	0x4
 255 0124 0D       		.uleb128 0xd
 256 0125 04       		.byte	0x4
 257 0126 2A010000 		.4byte	0x12a
 258 012a 04       		.uleb128 0x4
 259 012b 01       		.byte	0x1
 260 012c 08       		.byte	0x8
 261 012d E7040000 		.4byte	.LASF23
 262 0131 03       		.uleb128 0x3
 263 0132 1C050000 		.4byte	.LASF24
 264 0136 05       		.byte	0x5
 265 0137 16       		.byte	0x16
 266 0138 6F000000 		.4byte	0x6f
 267 013c 0E       		.uleb128 0xe
 268 013d AE020000 		.4byte	.LASF29
 269 0141 18       		.byte	0x18
 270 0142 05       		.byte	0x5
 271 0143 2D       		.byte	0x2d
 272 0144 8F010000 		.4byte	0x18f
 273 0148 0B       		.uleb128 0xb
 274 0149 FB040000 		.4byte	.LASF25
 275 014d 05       		.byte	0x5
 276 014e 2F       		.byte	0x2f
 277 014f 8F010000 		.4byte	0x18f
 278 0153 00       		.byte	0
 279 0154 0F       		.uleb128 0xf
 280 0155 5F6B00   		.ascii	"_k\000"
 281 0158 05       		.byte	0x5
 282 0159 30       		.byte	0x30
 283 015a 25000000 		.4byte	0x25
 284 015e 04       		.byte	0x4
 285 015f 0B       		.uleb128 0xb
 286 0160 AD040000 		.4byte	.LASF26
 287 0164 05       		.byte	0x5
 288 0165 30       		.byte	0x30
 289 0166 25000000 		.4byte	0x25
 290 016a 08       		.byte	0x8
 291 016b 0B       		.uleb128 0xb
 292 016c 97020000 		.4byte	.LASF27
 293 0170 05       		.byte	0x5
 294 0171 30       		.byte	0x30
 295 0172 25000000 		.4byte	0x25
 296 0176 0C       		.byte	0xc
 297 0177 0B       		.uleb128 0xb
 298 0178 50050000 		.4byte	.LASF28
ARM GAS  C:\Users\ali\AppData\Local\Temp\cckQBZ7R.s 			page 8


 299 017c 05       		.byte	0x5
 300 017d 30       		.byte	0x30
 301 017e 25000000 		.4byte	0x25
 302 0182 10       		.byte	0x10
 303 0183 0F       		.uleb128 0xf
 304 0184 5F7800   		.ascii	"_x\000"
 305 0187 05       		.byte	0x5
 306 0188 31       		.byte	0x31
 307 0189 95010000 		.4byte	0x195
 308 018d 14       		.byte	0x14
 309 018e 00       		.byte	0
 310 018f 0D       		.uleb128 0xd
 311 0190 04       		.byte	0x4
 312 0191 3C010000 		.4byte	0x13c
 313 0195 08       		.uleb128 0x8
 314 0196 31010000 		.4byte	0x131
 315 019a A5010000 		.4byte	0x1a5
 316 019e 09       		.uleb128 0x9
 317 019f E4000000 		.4byte	0xe4
 318 01a3 00       		.byte	0
 319 01a4 00       		.byte	0
 320 01a5 0E       		.uleb128 0xe
 321 01a6 D5020000 		.4byte	.LASF30
 322 01aa 24       		.byte	0x24
 323 01ab 05       		.byte	0x5
 324 01ac 35       		.byte	0x35
 325 01ad 1E020000 		.4byte	0x21e
 326 01b1 0B       		.uleb128 0xb
 327 01b2 1D010000 		.4byte	.LASF31
 328 01b6 05       		.byte	0x5
 329 01b7 37       		.byte	0x37
 330 01b8 25000000 		.4byte	0x25
 331 01bc 00       		.byte	0
 332 01bd 0B       		.uleb128 0xb
 333 01be EC040000 		.4byte	.LASF32
 334 01c2 05       		.byte	0x5
 335 01c3 38       		.byte	0x38
 336 01c4 25000000 		.4byte	0x25
 337 01c8 04       		.byte	0x4
 338 01c9 0B       		.uleb128 0xb
 339 01ca 4C010000 		.4byte	.LASF33
 340 01ce 05       		.byte	0x5
 341 01cf 39       		.byte	0x39
 342 01d0 25000000 		.4byte	0x25
 343 01d4 08       		.byte	0x8
 344 01d5 0B       		.uleb128 0xb
 345 01d6 C9050000 		.4byte	.LASF34
 346 01da 05       		.byte	0x5
 347 01db 3A       		.byte	0x3a
 348 01dc 25000000 		.4byte	0x25
 349 01e0 0C       		.byte	0xc
 350 01e1 0B       		.uleb128 0xb
 351 01e2 B4030000 		.4byte	.LASF35
 352 01e6 05       		.byte	0x5
 353 01e7 3B       		.byte	0x3b
 354 01e8 25000000 		.4byte	0x25
 355 01ec 10       		.byte	0x10
ARM GAS  C:\Users\ali\AppData\Local\Temp\cckQBZ7R.s 			page 9


 356 01ed 0B       		.uleb128 0xb
 357 01ee 7C030000 		.4byte	.LASF36
 358 01f2 05       		.byte	0x5
 359 01f3 3C       		.byte	0x3c
 360 01f4 25000000 		.4byte	0x25
 361 01f8 14       		.byte	0x14
 362 01f9 0B       		.uleb128 0xb
 363 01fa 55050000 		.4byte	.LASF37
 364 01fe 05       		.byte	0x5
 365 01ff 3D       		.byte	0x3d
 366 0200 25000000 		.4byte	0x25
 367 0204 18       		.byte	0x18
 368 0205 0B       		.uleb128 0xb
 369 0206 37040000 		.4byte	.LASF38
 370 020a 05       		.byte	0x5
 371 020b 3E       		.byte	0x3e
 372 020c 25000000 		.4byte	0x25
 373 0210 1C       		.byte	0x1c
 374 0211 0B       		.uleb128 0xb
 375 0212 90050000 		.4byte	.LASF39
 376 0216 05       		.byte	0x5
 377 0217 3F       		.byte	0x3f
 378 0218 25000000 		.4byte	0x25
 379 021c 20       		.byte	0x20
 380 021d 00       		.byte	0
 381 021e 10       		.uleb128 0x10
 382 021f 5B010000 		.4byte	.LASF40
 383 0223 0801     		.2byte	0x108
 384 0225 05       		.byte	0x5
 385 0226 48       		.byte	0x48
 386 0227 5E020000 		.4byte	0x25e
 387 022b 0B       		.uleb128 0xb
 388 022c 8A020000 		.4byte	.LASF41
 389 0230 05       		.byte	0x5
 390 0231 49       		.byte	0x49
 391 0232 5E020000 		.4byte	0x25e
 392 0236 00       		.byte	0
 393 0237 0B       		.uleb128 0xb
 394 0238 00000000 		.4byte	.LASF42
 395 023c 05       		.byte	0x5
 396 023d 4A       		.byte	0x4a
 397 023e 5E020000 		.4byte	0x25e
 398 0242 80       		.byte	0x80
 399 0243 11       		.uleb128 0x11
 400 0244 0E050000 		.4byte	.LASF43
 401 0248 05       		.byte	0x5
 402 0249 4C       		.byte	0x4c
 403 024a 31010000 		.4byte	0x131
 404 024e 0001     		.2byte	0x100
 405 0250 11       		.uleb128 0x11
 406 0251 89010000 		.4byte	.LASF44
 407 0255 05       		.byte	0x5
 408 0256 4F       		.byte	0x4f
 409 0257 31010000 		.4byte	0x131
 410 025b 0401     		.2byte	0x104
 411 025d 00       		.byte	0
 412 025e 08       		.uleb128 0x8
ARM GAS  C:\Users\ali\AppData\Local\Temp\cckQBZ7R.s 			page 10


 413 025f 22010000 		.4byte	0x122
 414 0263 6E020000 		.4byte	0x26e
 415 0267 09       		.uleb128 0x9
 416 0268 E4000000 		.4byte	0xe4
 417 026c 1F       		.byte	0x1f
 418 026d 00       		.byte	0
 419 026e 10       		.uleb128 0x10
 420 026f BD030000 		.4byte	.LASF45
 421 0273 9001     		.2byte	0x190
 422 0275 05       		.byte	0x5
 423 0276 5B       		.byte	0x5b
 424 0277 AC020000 		.4byte	0x2ac
 425 027b 0B       		.uleb128 0xb
 426 027c FB040000 		.4byte	.LASF25
 427 0280 05       		.byte	0x5
 428 0281 5C       		.byte	0x5c
 429 0282 AC020000 		.4byte	0x2ac
 430 0286 00       		.byte	0
 431 0287 0B       		.uleb128 0xb
 432 0288 8E040000 		.4byte	.LASF46
 433 028c 05       		.byte	0x5
 434 028d 5D       		.byte	0x5d
 435 028e 25000000 		.4byte	0x25
 436 0292 04       		.byte	0x4
 437 0293 0B       		.uleb128 0xb
 438 0294 92020000 		.4byte	.LASF47
 439 0298 05       		.byte	0x5
 440 0299 5F       		.byte	0x5f
 441 029a B2020000 		.4byte	0x2b2
 442 029e 08       		.byte	0x8
 443 029f 0B       		.uleb128 0xb
 444 02a0 5B010000 		.4byte	.LASF40
 445 02a4 05       		.byte	0x5
 446 02a5 60       		.byte	0x60
 447 02a6 1E020000 		.4byte	0x21e
 448 02aa 88       		.byte	0x88
 449 02ab 00       		.byte	0
 450 02ac 0D       		.uleb128 0xd
 451 02ad 04       		.byte	0x4
 452 02ae 6E020000 		.4byte	0x26e
 453 02b2 08       		.uleb128 0x8
 454 02b3 C2020000 		.4byte	0x2c2
 455 02b7 C2020000 		.4byte	0x2c2
 456 02bb 09       		.uleb128 0x9
 457 02bc E4000000 		.4byte	0xe4
 458 02c0 1F       		.byte	0x1f
 459 02c1 00       		.byte	0
 460 02c2 0D       		.uleb128 0xd
 461 02c3 04       		.byte	0x4
 462 02c4 C8020000 		.4byte	0x2c8
 463 02c8 12       		.uleb128 0x12
 464 02c9 0E       		.uleb128 0xe
 465 02ca 41040000 		.4byte	.LASF48
 466 02ce 08       		.byte	0x8
 467 02cf 05       		.byte	0x5
 468 02d0 73       		.byte	0x73
 469 02d1 EE020000 		.4byte	0x2ee
ARM GAS  C:\Users\ali\AppData\Local\Temp\cckQBZ7R.s 			page 11


 470 02d5 0B       		.uleb128 0xb
 471 02d6 46010000 		.4byte	.LASF49
 472 02da 05       		.byte	0x5
 473 02db 74       		.byte	0x74
 474 02dc EE020000 		.4byte	0x2ee
 475 02e0 00       		.byte	0
 476 02e1 0B       		.uleb128 0xb
 477 02e2 0C000000 		.4byte	.LASF50
 478 02e6 05       		.byte	0x5
 479 02e7 75       		.byte	0x75
 480 02e8 25000000 		.4byte	0x25
 481 02ec 04       		.byte	0x4
 482 02ed 00       		.byte	0
 483 02ee 0D       		.uleb128 0xd
 484 02ef 04       		.byte	0x4
 485 02f0 53000000 		.4byte	0x53
 486 02f4 0E       		.uleb128 0xe
 487 02f5 60040000 		.4byte	.LASF51
 488 02f9 68       		.byte	0x68
 489 02fa 05       		.byte	0x5
 490 02fb B3       		.byte	0xb3
 491 02fc 1E040000 		.4byte	0x41e
 492 0300 0F       		.uleb128 0xf
 493 0301 5F7000   		.ascii	"_p\000"
 494 0304 05       		.byte	0x5
 495 0305 B4       		.byte	0xb4
 496 0306 EE020000 		.4byte	0x2ee
 497 030a 00       		.byte	0
 498 030b 0F       		.uleb128 0xf
 499 030c 5F7200   		.ascii	"_r\000"
 500 030f 05       		.byte	0x5
 501 0310 B5       		.byte	0xb5
 502 0311 25000000 		.4byte	0x25
 503 0315 04       		.byte	0x4
 504 0316 0F       		.uleb128 0xf
 505 0317 5F7700   		.ascii	"_w\000"
 506 031a 05       		.byte	0x5
 507 031b B6       		.byte	0xb6
 508 031c 25000000 		.4byte	0x25
 509 0320 08       		.byte	0x8
 510 0321 0B       		.uleb128 0xb
 511 0322 82010000 		.4byte	.LASF52
 512 0326 05       		.byte	0x5
 513 0327 B7       		.byte	0xb7
 514 0328 5A000000 		.4byte	0x5a
 515 032c 0C       		.byte	0xc
 516 032d 0B       		.uleb128 0xb
 517 032e 10030000 		.4byte	.LASF53
 518 0332 05       		.byte	0x5
 519 0333 B8       		.byte	0xb8
 520 0334 5A000000 		.4byte	0x5a
 521 0338 0E       		.byte	0xe
 522 0339 0F       		.uleb128 0xf
 523 033a 5F626600 		.ascii	"_bf\000"
 524 033e 05       		.byte	0x5
 525 033f B9       		.byte	0xb9
 526 0340 C9020000 		.4byte	0x2c9
ARM GAS  C:\Users\ali\AppData\Local\Temp\cckQBZ7R.s 			page 12


 527 0344 10       		.byte	0x10
 528 0345 0B       		.uleb128 0xb
 529 0346 F7000000 		.4byte	.LASF54
 530 034a 05       		.byte	0x5
 531 034b BA       		.byte	0xba
 532 034c 25000000 		.4byte	0x25
 533 0350 18       		.byte	0x18
 534 0351 0B       		.uleb128 0xb
 535 0352 69010000 		.4byte	.LASF55
 536 0356 05       		.byte	0x5
 537 0357 C1       		.byte	0xc1
 538 0358 22010000 		.4byte	0x122
 539 035c 1C       		.byte	0x1c
 540 035d 0B       		.uleb128 0xb
 541 035e C5020000 		.4byte	.LASF56
 542 0362 05       		.byte	0x5
 543 0363 C3       		.byte	0xc3
 544 0364 74050000 		.4byte	0x574
 545 0368 20       		.byte	0x20
 546 0369 0B       		.uleb128 0xb
 547 036a 75030000 		.4byte	.LASF57
 548 036e 05       		.byte	0x5
 549 036f C5       		.byte	0xc5
 550 0370 A3050000 		.4byte	0x5a3
 551 0374 24       		.byte	0x24
 552 0375 0B       		.uleb128 0xb
 553 0376 D2040000 		.4byte	.LASF58
 554 037a 05       		.byte	0x5
 555 037b C8       		.byte	0xc8
 556 037c C7050000 		.4byte	0x5c7
 557 0380 28       		.byte	0x28
 558 0381 0B       		.uleb128 0xb
 559 0382 AA050000 		.4byte	.LASF59
 560 0386 05       		.byte	0x5
 561 0387 C9       		.byte	0xc9
 562 0388 E1050000 		.4byte	0x5e1
 563 038c 2C       		.byte	0x2c
 564 038d 0F       		.uleb128 0xf
 565 038e 5F756200 		.ascii	"_ub\000"
 566 0392 05       		.byte	0x5
 567 0393 CC       		.byte	0xcc
 568 0394 C9020000 		.4byte	0x2c9
 569 0398 30       		.byte	0x30
 570 0399 0F       		.uleb128 0xf
 571 039a 5F757000 		.ascii	"_up\000"
 572 039e 05       		.byte	0x5
 573 039f CD       		.byte	0xcd
 574 03a0 EE020000 		.4byte	0x2ee
 575 03a4 38       		.byte	0x38
 576 03a5 0F       		.uleb128 0xf
 577 03a6 5F757200 		.ascii	"_ur\000"
 578 03aa 05       		.byte	0x5
 579 03ab CE       		.byte	0xce
 580 03ac 25000000 		.4byte	0x25
 581 03b0 3C       		.byte	0x3c
 582 03b1 0B       		.uleb128 0xb
 583 03b2 40010000 		.4byte	.LASF60
ARM GAS  C:\Users\ali\AppData\Local\Temp\cckQBZ7R.s 			page 13


 584 03b6 05       		.byte	0x5
 585 03b7 D1       		.byte	0xd1
 586 03b8 E7050000 		.4byte	0x5e7
 587 03bc 40       		.byte	0x40
 588 03bd 0B       		.uleb128 0xb
 589 03be 82050000 		.4byte	.LASF61
 590 03c2 05       		.byte	0x5
 591 03c3 D2       		.byte	0xd2
 592 03c4 F7050000 		.4byte	0x5f7
 593 03c8 43       		.byte	0x43
 594 03c9 0F       		.uleb128 0xf
 595 03ca 5F6C6200 		.ascii	"_lb\000"
 596 03ce 05       		.byte	0x5
 597 03cf D5       		.byte	0xd5
 598 03d0 C9020000 		.4byte	0x2c9
 599 03d4 44       		.byte	0x44
 600 03d5 0B       		.uleb128 0xb
 601 03d6 98010000 		.4byte	.LASF62
 602 03da 05       		.byte	0x5
 603 03db D8       		.byte	0xd8
 604 03dc 25000000 		.4byte	0x25
 605 03e0 4C       		.byte	0x4c
 606 03e1 0B       		.uleb128 0xb
 607 03e2 63020000 		.4byte	.LASF63
 608 03e6 05       		.byte	0x5
 609 03e7 D9       		.byte	0xd9
 610 03e8 88000000 		.4byte	0x88
 611 03ec 50       		.byte	0x50
 612 03ed 0B       		.uleb128 0xb
 613 03ee 2C000000 		.4byte	.LASF64
 614 03f2 05       		.byte	0x5
 615 03f3 DC       		.byte	0xdc
 616 03f4 3C040000 		.4byte	0x43c
 617 03f8 54       		.byte	0x54
 618 03f9 0B       		.uleb128 0xb
 619 03fa 67030000 		.4byte	.LASF65
 620 03fe 05       		.byte	0x5
 621 03ff E0       		.byte	0xe0
 622 0400 17010000 		.4byte	0x117
 623 0404 58       		.byte	0x58
 624 0405 0B       		.uleb128 0xb
 625 0406 68040000 		.4byte	.LASF66
 626 040a 05       		.byte	0x5
 627 040b E2       		.byte	0xe2
 628 040c 0C010000 		.4byte	0x10c
 629 0410 5C       		.byte	0x5c
 630 0411 0B       		.uleb128 0xb
 631 0412 6D030000 		.4byte	.LASF67
 632 0416 05       		.byte	0x5
 633 0417 E3       		.byte	0xe3
 634 0418 25000000 		.4byte	0x25
 635 041c 64       		.byte	0x64
 636 041d 00       		.byte	0
 637 041e 13       		.uleb128 0x13
 638 041f 25000000 		.4byte	0x25
 639 0423 3C040000 		.4byte	0x43c
 640 0427 14       		.uleb128 0x14
ARM GAS  C:\Users\ali\AppData\Local\Temp\cckQBZ7R.s 			page 14


 641 0428 3C040000 		.4byte	0x43c
 642 042c 14       		.uleb128 0x14
 643 042d 22010000 		.4byte	0x122
 644 0431 14       		.uleb128 0x14
 645 0432 24010000 		.4byte	0x124
 646 0436 14       		.uleb128 0x14
 647 0437 25000000 		.4byte	0x25
 648 043b 00       		.byte	0
 649 043c 0D       		.uleb128 0xd
 650 043d 04       		.byte	0x4
 651 043e 42040000 		.4byte	0x442
 652 0442 15       		.uleb128 0x15
 653 0443 B5040000 		.4byte	.LASF68
 654 0447 2804     		.2byte	0x428
 655 0449 05       		.byte	0x5
 656 044a 3802     		.2byte	0x238
 657 044c 74050000 		.4byte	0x574
 658 0450 16       		.uleb128 0x16
 659 0451 E0040000 		.4byte	.LASF69
 660 0455 05       		.byte	0x5
 661 0456 3A02     		.2byte	0x23a
 662 0458 25000000 		.4byte	0x25
 663 045c 00       		.byte	0
 664 045d 16       		.uleb128 0x16
 665 045e 91010000 		.4byte	.LASF70
 666 0462 05       		.byte	0x5
 667 0463 3F02     		.2byte	0x23f
 668 0465 4E060000 		.4byte	0x64e
 669 0469 04       		.byte	0x4
 670 046a 16       		.uleb128 0x16
 671 046b EE020000 		.4byte	.LASF71
 672 046f 05       		.byte	0x5
 673 0470 3F02     		.2byte	0x23f
 674 0472 4E060000 		.4byte	0x64e
 675 0476 08       		.byte	0x8
 676 0477 16       		.uleb128 0x16
 677 0478 A6020000 		.4byte	.LASF72
 678 047c 05       		.byte	0x5
 679 047d 3F02     		.2byte	0x23f
 680 047f 4E060000 		.4byte	0x64e
 681 0483 0C       		.byte	0xc
 682 0484 16       		.uleb128 0x16
 683 0485 89040000 		.4byte	.LASF73
 684 0489 05       		.byte	0x5
 685 048a 4102     		.2byte	0x241
 686 048c 25000000 		.4byte	0x25
 687 0490 10       		.byte	0x10
 688 0491 16       		.uleb128 0x16
 689 0492 21000000 		.4byte	.LASF74
 690 0496 05       		.byte	0x5
 691 0497 4202     		.2byte	0x242
 692 0499 30080000 		.4byte	0x830
 693 049d 14       		.byte	0x14
 694 049e 16       		.uleb128 0x16
 695 049f 31050000 		.4byte	.LASF75
 696 04a3 05       		.byte	0x5
 697 04a4 4402     		.2byte	0x244
ARM GAS  C:\Users\ali\AppData\Local\Temp\cckQBZ7R.s 			page 15


 698 04a6 25000000 		.4byte	0x25
 699 04aa 30       		.byte	0x30
 700 04ab 16       		.uleb128 0x16
 701 04ac 93040000 		.4byte	.LASF76
 702 04b0 05       		.byte	0x5
 703 04b1 4502     		.2byte	0x245
 704 04b3 98050000 		.4byte	0x598
 705 04b7 34       		.byte	0x34
 706 04b8 16       		.uleb128 0x16
 707 04b9 50020000 		.4byte	.LASF77
 708 04bd 05       		.byte	0x5
 709 04be 4702     		.2byte	0x247
 710 04c0 25000000 		.4byte	0x25
 711 04c4 38       		.byte	0x38
 712 04c5 16       		.uleb128 0x16
 713 04c6 A3040000 		.4byte	.LASF78
 714 04ca 05       		.byte	0x5
 715 04cb 4902     		.2byte	0x249
 716 04cd 4B080000 		.4byte	0x84b
 717 04d1 3C       		.byte	0x3c
 718 04d2 16       		.uleb128 0x16
 719 04d3 52030000 		.4byte	.LASF79
 720 04d7 05       		.byte	0x5
 721 04d8 4C02     		.2byte	0x24c
 722 04da 8F010000 		.4byte	0x18f
 723 04de 40       		.byte	0x40
 724 04df 16       		.uleb128 0x16
 725 04e0 CB020000 		.4byte	.LASF80
 726 04e4 05       		.byte	0x5
 727 04e5 4D02     		.2byte	0x24d
 728 04e7 25000000 		.4byte	0x25
 729 04eb 44       		.byte	0x44
 730 04ec 16       		.uleb128 0x16
 731 04ed C4050000 		.4byte	.LASF81
 732 04f1 05       		.byte	0x5
 733 04f2 4E02     		.2byte	0x24e
 734 04f4 8F010000 		.4byte	0x18f
 735 04f8 48       		.byte	0x48
 736 04f9 16       		.uleb128 0x16
 737 04fa F0030000 		.4byte	.LASF82
 738 04fe 05       		.byte	0x5
 739 04ff 4F02     		.2byte	0x24f
 740 0501 51080000 		.4byte	0x851
 741 0505 4C       		.byte	0x4c
 742 0506 16       		.uleb128 0x16
 743 0507 F6020000 		.4byte	.LASF83
 744 050b 05       		.byte	0x5
 745 050c 5202     		.2byte	0x252
 746 050e 25000000 		.4byte	0x25
 747 0512 50       		.byte	0x50
 748 0513 16       		.uleb128 0x16
 749 0514 5B020000 		.4byte	.LASF84
 750 0518 05       		.byte	0x5
 751 0519 5302     		.2byte	0x253
 752 051b 24010000 		.4byte	0x124
 753 051f 54       		.byte	0x54
 754 0520 16       		.uleb128 0x16
ARM GAS  C:\Users\ali\AppData\Local\Temp\cckQBZ7R.s 			page 16


 755 0521 1F040000 		.4byte	.LASF85
 756 0525 05       		.byte	0x5
 757 0526 7602     		.2byte	0x276
 758 0528 0E080000 		.4byte	0x80e
 759 052c 58       		.byte	0x58
 760 052d 17       		.uleb128 0x17
 761 052e BD030000 		.4byte	.LASF45
 762 0532 05       		.byte	0x5
 763 0533 7A02     		.2byte	0x27a
 764 0535 AC020000 		.4byte	0x2ac
 765 0539 4801     		.2byte	0x148
 766 053b 17       		.uleb128 0x17
 767 053c 30030000 		.4byte	.LASF86
 768 0540 05       		.byte	0x5
 769 0541 7B02     		.2byte	0x27b
 770 0543 6E020000 		.4byte	0x26e
 771 0547 4C01     		.2byte	0x14c
 772 0549 17       		.uleb128 0x17
 773 054a 78050000 		.4byte	.LASF87
 774 054e 05       		.byte	0x5
 775 054f 7F02     		.2byte	0x27f
 776 0551 62080000 		.4byte	0x862
 777 0555 DC02     		.2byte	0x2dc
 778 0557 17       		.uleb128 0x17
 779 0558 71010000 		.4byte	.LASF88
 780 055c 05       		.byte	0x5
 781 055d 8402     		.2byte	0x284
 782 055f 13060000 		.4byte	0x613
 783 0563 E002     		.2byte	0x2e0
 784 0565 17       		.uleb128 0x17
 785 0566 56010000 		.4byte	.LASF89
 786 056a 05       		.byte	0x5
 787 056b 8502     		.2byte	0x285
 788 056d 6E080000 		.4byte	0x86e
 789 0571 EC02     		.2byte	0x2ec
 790 0573 00       		.byte	0
 791 0574 0D       		.uleb128 0xd
 792 0575 04       		.byte	0x4
 793 0576 1E040000 		.4byte	0x41e
 794 057a 13       		.uleb128 0x13
 795 057b 25000000 		.4byte	0x25
 796 057f 98050000 		.4byte	0x598
 797 0583 14       		.uleb128 0x14
 798 0584 3C040000 		.4byte	0x43c
 799 0588 14       		.uleb128 0x14
 800 0589 22010000 		.4byte	0x122
 801 058d 14       		.uleb128 0x14
 802 058e 98050000 		.4byte	0x598
 803 0592 14       		.uleb128 0x14
 804 0593 25000000 		.4byte	0x25
 805 0597 00       		.byte	0
 806 0598 0D       		.uleb128 0xd
 807 0599 04       		.byte	0x4
 808 059a 9E050000 		.4byte	0x59e
 809 059e 18       		.uleb128 0x18
 810 059f 2A010000 		.4byte	0x12a
 811 05a3 0D       		.uleb128 0xd
ARM GAS  C:\Users\ali\AppData\Local\Temp\cckQBZ7R.s 			page 17


 812 05a4 04       		.byte	0x4
 813 05a5 7A050000 		.4byte	0x57a
 814 05a9 13       		.uleb128 0x13
 815 05aa 93000000 		.4byte	0x93
 816 05ae C7050000 		.4byte	0x5c7
 817 05b2 14       		.uleb128 0x14
 818 05b3 3C040000 		.4byte	0x43c
 819 05b7 14       		.uleb128 0x14
 820 05b8 22010000 		.4byte	0x122
 821 05bc 14       		.uleb128 0x14
 822 05bd 93000000 		.4byte	0x93
 823 05c1 14       		.uleb128 0x14
 824 05c2 25000000 		.4byte	0x25
 825 05c6 00       		.byte	0
 826 05c7 0D       		.uleb128 0xd
 827 05c8 04       		.byte	0x4
 828 05c9 A9050000 		.4byte	0x5a9
 829 05cd 13       		.uleb128 0x13
 830 05ce 25000000 		.4byte	0x25
 831 05d2 E1050000 		.4byte	0x5e1
 832 05d6 14       		.uleb128 0x14
 833 05d7 3C040000 		.4byte	0x43c
 834 05db 14       		.uleb128 0x14
 835 05dc 22010000 		.4byte	0x122
 836 05e0 00       		.byte	0
 837 05e1 0D       		.uleb128 0xd
 838 05e2 04       		.byte	0x4
 839 05e3 CD050000 		.4byte	0x5cd
 840 05e7 08       		.uleb128 0x8
 841 05e8 53000000 		.4byte	0x53
 842 05ec F7050000 		.4byte	0x5f7
 843 05f0 09       		.uleb128 0x9
 844 05f1 E4000000 		.4byte	0xe4
 845 05f5 02       		.byte	0x2
 846 05f6 00       		.byte	0
 847 05f7 08       		.uleb128 0x8
 848 05f8 53000000 		.4byte	0x53
 849 05fc 07060000 		.4byte	0x607
 850 0600 09       		.uleb128 0x9
 851 0601 E4000000 		.4byte	0xe4
 852 0605 00       		.byte	0
 853 0606 00       		.byte	0
 854 0607 05       		.uleb128 0x5
 855 0608 4E040000 		.4byte	.LASF90
 856 060c 05       		.byte	0x5
 857 060d 1D01     		.2byte	0x11d
 858 060f F4020000 		.4byte	0x2f4
 859 0613 19       		.uleb128 0x19
 860 0614 5F050000 		.4byte	.LASF91
 861 0618 0C       		.byte	0xc
 862 0619 05       		.byte	0x5
 863 061a 2101     		.2byte	0x121
 864 061c 48060000 		.4byte	0x648
 865 0620 16       		.uleb128 0x16
 866 0621 FB040000 		.4byte	.LASF25
 867 0625 05       		.byte	0x5
 868 0626 2301     		.2byte	0x123
ARM GAS  C:\Users\ali\AppData\Local\Temp\cckQBZ7R.s 			page 18


 869 0628 48060000 		.4byte	0x648
 870 062c 00       		.byte	0
 871 062d 16       		.uleb128 0x16
 872 062e 16030000 		.4byte	.LASF92
 873 0632 05       		.byte	0x5
 874 0633 2401     		.2byte	0x124
 875 0635 25000000 		.4byte	0x25
 876 0639 04       		.byte	0x4
 877 063a 16       		.uleb128 0x16
 878 063b 48040000 		.4byte	.LASF93
 879 063f 05       		.byte	0x5
 880 0640 2501     		.2byte	0x125
 881 0642 4E060000 		.4byte	0x64e
 882 0646 08       		.byte	0x8
 883 0647 00       		.byte	0
 884 0648 0D       		.uleb128 0xd
 885 0649 04       		.byte	0x4
 886 064a 13060000 		.4byte	0x613
 887 064e 0D       		.uleb128 0xd
 888 064f 04       		.byte	0x4
 889 0650 07060000 		.4byte	0x607
 890 0654 19       		.uleb128 0x19
 891 0655 19000000 		.4byte	.LASF94
 892 0659 0E       		.byte	0xe
 893 065a 05       		.byte	0x5
 894 065b 3D01     		.2byte	0x13d
 895 065d 89060000 		.4byte	0x689
 896 0661 16       		.uleb128 0x16
 897 0662 BC040000 		.4byte	.LASF95
 898 0666 05       		.byte	0x5
 899 0667 3E01     		.2byte	0x13e
 900 0669 89060000 		.4byte	0x689
 901 066d 00       		.byte	0
 902 066e 16       		.uleb128 0x16
 903 066f F5040000 		.4byte	.LASF96
 904 0673 05       		.byte	0x5
 905 0674 3F01     		.2byte	0x13f
 906 0676 89060000 		.4byte	0x689
 907 067a 06       		.byte	0x6
 908 067b 16       		.uleb128 0x16
 909 067c 17050000 		.4byte	.LASF97
 910 0680 05       		.byte	0x5
 911 0681 4001     		.2byte	0x140
 912 0683 61000000 		.4byte	0x61
 913 0687 0C       		.byte	0xc
 914 0688 00       		.byte	0
 915 0689 08       		.uleb128 0x8
 916 068a 61000000 		.4byte	0x61
 917 068e 99060000 		.4byte	0x699
 918 0692 09       		.uleb128 0x9
 919 0693 E4000000 		.4byte	0xe4
 920 0697 02       		.byte	0x2
 921 0698 00       		.byte	0
 922 0699 1A       		.uleb128 0x1a
 923 069a D0       		.byte	0xd0
 924 069b 05       		.byte	0x5
 925 069c 5702     		.2byte	0x257
ARM GAS  C:\Users\ali\AppData\Local\Temp\cckQBZ7R.s 			page 19


 926 069e 9A070000 		.4byte	0x79a
 927 06a2 16       		.uleb128 0x16
 928 06a3 43050000 		.4byte	.LASF98
 929 06a7 05       		.byte	0x5
 930 06a8 5902     		.2byte	0x259
 931 06aa 37000000 		.4byte	0x37
 932 06ae 00       		.byte	0
 933 06af 16       		.uleb128 0x16
 934 06b0 01050000 		.4byte	.LASF99
 935 06b4 05       		.byte	0x5
 936 06b5 5A02     		.2byte	0x25a
 937 06b7 24010000 		.4byte	0x124
 938 06bb 04       		.byte	0x4
 939 06bc 16       		.uleb128 0x16
 940 06bd 45030000 		.4byte	.LASF100
 941 06c1 05       		.byte	0x5
 942 06c2 5B02     		.2byte	0x25b
 943 06c4 9A070000 		.4byte	0x79a
 944 06c8 08       		.byte	0x8
 945 06c9 16       		.uleb128 0x16
 946 06ca 9B050000 		.4byte	.LASF101
 947 06ce 05       		.byte	0x5
 948 06cf 5C02     		.2byte	0x25c
 949 06d1 A5010000 		.4byte	0x1a5
 950 06d5 24       		.byte	0x24
 951 06d6 16       		.uleb128 0x16
 952 06d7 B6020000 		.4byte	.LASF102
 953 06db 05       		.byte	0x5
 954 06dc 5D02     		.2byte	0x25d
 955 06de 25000000 		.4byte	0x25
 956 06e2 48       		.byte	0x48
 957 06e3 16       		.uleb128 0x16
 958 06e4 71040000 		.4byte	.LASF103
 959 06e8 05       		.byte	0x5
 960 06e9 5E02     		.2byte	0x25e
 961 06eb 76000000 		.4byte	0x76
 962 06ef 50       		.byte	0x50
 963 06f0 16       		.uleb128 0x16
 964 06f1 B1050000 		.4byte	.LASF104
 965 06f5 05       		.byte	0x5
 966 06f6 5F02     		.2byte	0x25f
 967 06f8 54060000 		.4byte	0x654
 968 06fc 58       		.byte	0x58
 969 06fd 16       		.uleb128 0x16
 970 06fe 7C040000 		.4byte	.LASF105
 971 0702 05       		.byte	0x5
 972 0703 6002     		.2byte	0x260
 973 0705 0C010000 		.4byte	0x10c
 974 0709 68       		.byte	0x68
 975 070a 16       		.uleb128 0x16
 976 070b B6050000 		.4byte	.LASF106
 977 070f 05       		.byte	0x5
 978 0710 6102     		.2byte	0x261
 979 0712 0C010000 		.4byte	0x10c
 980 0716 70       		.byte	0x70
 981 0717 16       		.uleb128 0x16
 982 0718 0F010000 		.4byte	.LASF107
ARM GAS  C:\Users\ali\AppData\Local\Temp\cckQBZ7R.s 			page 20


 983 071c 05       		.byte	0x5
 984 071d 6202     		.2byte	0x262
 985 071f 0C010000 		.4byte	0x10c
 986 0723 78       		.byte	0x78
 987 0724 16       		.uleb128 0x16
 988 0725 6E050000 		.4byte	.LASF108
 989 0729 05       		.byte	0x5
 990 072a 6302     		.2byte	0x263
 991 072c AA070000 		.4byte	0x7aa
 992 0730 80       		.byte	0x80
 993 0731 16       		.uleb128 0x16
 994 0732 39030000 		.4byte	.LASF109
 995 0736 05       		.byte	0x5
 996 0737 6402     		.2byte	0x264
 997 0739 BA070000 		.4byte	0x7ba
 998 073d 88       		.byte	0x88
 999 073e 16       		.uleb128 0x16
 1000 073f 24050000 		.4byte	.LASF110
 1001 0743 05       		.byte	0x5
 1002 0744 6502     		.2byte	0x265
 1003 0746 25000000 		.4byte	0x25
 1004 074a A0       		.byte	0xa0
 1005 074b 16       		.uleb128 0x16
 1006 074c 7C020000 		.4byte	.LASF111
 1007 0750 05       		.byte	0x5
 1008 0751 6602     		.2byte	0x266
 1009 0753 0C010000 		.4byte	0x10c
 1010 0757 A4       		.byte	0xa4
 1011 0758 16       		.uleb128 0x16
 1012 0759 00010000 		.4byte	.LASF112
 1013 075d 05       		.byte	0x5
 1014 075e 6702     		.2byte	0x267
 1015 0760 0C010000 		.4byte	0x10c
 1016 0764 AC       		.byte	0xac
 1017 0765 16       		.uleb128 0x16
 1018 0766 6B020000 		.4byte	.LASF113
 1019 076a 05       		.byte	0x5
 1020 076b 6802     		.2byte	0x268
 1021 076d 0C010000 		.4byte	0x10c
 1022 0771 B4       		.byte	0xb4
 1023 0772 16       		.uleb128 0x16
 1024 0773 C0000000 		.4byte	.LASF114
 1025 0777 05       		.byte	0x5
 1026 0778 6902     		.2byte	0x269
 1027 077a 0C010000 		.4byte	0x10c
 1028 077e BC       		.byte	0xbc
 1029 077f 16       		.uleb128 0x16
 1030 0780 CF000000 		.4byte	.LASF115
 1031 0784 05       		.byte	0x5
 1032 0785 6A02     		.2byte	0x26a
 1033 0787 0C010000 		.4byte	0x10c
 1034 078b C4       		.byte	0xc4
 1035 078c 16       		.uleb128 0x16
 1036 078d 24040000 		.4byte	.LASF116
 1037 0791 05       		.byte	0x5
 1038 0792 6B02     		.2byte	0x26b
 1039 0794 25000000 		.4byte	0x25
ARM GAS  C:\Users\ali\AppData\Local\Temp\cckQBZ7R.s 			page 21


 1040 0798 CC       		.byte	0xcc
 1041 0799 00       		.byte	0
 1042 079a 08       		.uleb128 0x8
 1043 079b 2A010000 		.4byte	0x12a
 1044 079f AA070000 		.4byte	0x7aa
 1045 07a3 09       		.uleb128 0x9
 1046 07a4 E4000000 		.4byte	0xe4
 1047 07a8 19       		.byte	0x19
 1048 07a9 00       		.byte	0
 1049 07aa 08       		.uleb128 0x8
 1050 07ab 2A010000 		.4byte	0x12a
 1051 07af BA070000 		.4byte	0x7ba
 1052 07b3 09       		.uleb128 0x9
 1053 07b4 E4000000 		.4byte	0xe4
 1054 07b8 07       		.byte	0x7
 1055 07b9 00       		.byte	0
 1056 07ba 08       		.uleb128 0x8
 1057 07bb 2A010000 		.4byte	0x12a
 1058 07bf CA070000 		.4byte	0x7ca
 1059 07c3 09       		.uleb128 0x9
 1060 07c4 E4000000 		.4byte	0xe4
 1061 07c8 17       		.byte	0x17
 1062 07c9 00       		.byte	0
 1063 07ca 1A       		.uleb128 0x1a
 1064 07cb F0       		.byte	0xf0
 1065 07cc 05       		.byte	0x5
 1066 07cd 7002     		.2byte	0x270
 1067 07cf EE070000 		.4byte	0x7ee
 1068 07d3 16       		.uleb128 0x16
 1069 07d4 AD030000 		.4byte	.LASF117
 1070 07d8 05       		.byte	0x5
 1071 07d9 7302     		.2byte	0x273
 1072 07db EE070000 		.4byte	0x7ee
 1073 07df 00       		.byte	0
 1074 07e0 16       		.uleb128 0x16
 1075 07e1 86030000 		.4byte	.LASF118
 1076 07e5 05       		.byte	0x5
 1077 07e6 7402     		.2byte	0x274
 1078 07e8 FE070000 		.4byte	0x7fe
 1079 07ec 78       		.byte	0x78
 1080 07ed 00       		.byte	0
 1081 07ee 08       		.uleb128 0x8
 1082 07ef EE020000 		.4byte	0x2ee
 1083 07f3 FE070000 		.4byte	0x7fe
 1084 07f7 09       		.uleb128 0x9
 1085 07f8 E4000000 		.4byte	0xe4
 1086 07fc 1D       		.byte	0x1d
 1087 07fd 00       		.byte	0
 1088 07fe 08       		.uleb128 0x8
 1089 07ff 37000000 		.4byte	0x37
 1090 0803 0E080000 		.4byte	0x80e
 1091 0807 09       		.uleb128 0x9
 1092 0808 E4000000 		.4byte	0xe4
 1093 080c 1D       		.byte	0x1d
 1094 080d 00       		.byte	0
 1095 080e 1B       		.uleb128 0x1b
 1096 080f F0       		.byte	0xf0
ARM GAS  C:\Users\ali\AppData\Local\Temp\cckQBZ7R.s 			page 22


 1097 0810 05       		.byte	0x5
 1098 0811 5502     		.2byte	0x255
 1099 0813 30080000 		.4byte	0x830
 1100 0817 1C       		.uleb128 0x1c
 1101 0818 B5040000 		.4byte	.LASF68
 1102 081c 05       		.byte	0x5
 1103 081d 6C02     		.2byte	0x26c
 1104 081f 99060000 		.4byte	0x699
 1105 0823 1C       		.uleb128 0x1c
 1106 0824 88050000 		.4byte	.LASF119
 1107 0828 05       		.byte	0x5
 1108 0829 7502     		.2byte	0x275
 1109 082b CA070000 		.4byte	0x7ca
 1110 082f 00       		.byte	0
 1111 0830 08       		.uleb128 0x8
 1112 0831 2A010000 		.4byte	0x12a
 1113 0835 40080000 		.4byte	0x840
 1114 0839 09       		.uleb128 0x9
 1115 083a E4000000 		.4byte	0xe4
 1116 083e 18       		.byte	0x18
 1117 083f 00       		.byte	0
 1118 0840 1D       		.uleb128 0x1d
 1119 0841 4B080000 		.4byte	0x84b
 1120 0845 14       		.uleb128 0x14
 1121 0846 3C040000 		.4byte	0x43c
 1122 084a 00       		.byte	0
 1123 084b 0D       		.uleb128 0xd
 1124 084c 04       		.byte	0x4
 1125 084d 40080000 		.4byte	0x840
 1126 0851 0D       		.uleb128 0xd
 1127 0852 04       		.byte	0x4
 1128 0853 8F010000 		.4byte	0x18f
 1129 0857 1D       		.uleb128 0x1d
 1130 0858 62080000 		.4byte	0x862
 1131 085c 14       		.uleb128 0x14
 1132 085d 25000000 		.4byte	0x25
 1133 0861 00       		.byte	0
 1134 0862 0D       		.uleb128 0xd
 1135 0863 04       		.byte	0x4
 1136 0864 68080000 		.4byte	0x868
 1137 0868 0D       		.uleb128 0xd
 1138 0869 04       		.byte	0x4
 1139 086a 57080000 		.4byte	0x857
 1140 086e 08       		.uleb128 0x8
 1141 086f 07060000 		.4byte	0x607
 1142 0873 7E080000 		.4byte	0x87e
 1143 0877 09       		.uleb128 0x9
 1144 0878 E4000000 		.4byte	0xe4
 1145 087c 02       		.byte	0x2
 1146 087d 00       		.byte	0
 1147 087e 0D       		.uleb128 0xd
 1148 087f 04       		.byte	0x4
 1149 0880 84080000 		.4byte	0x884
 1150 0884 1E       		.uleb128 0x1e
 1151 0885 1F       		.uleb128 0x1f
 1152 0886 75030000 		.4byte	.LASF57
 1153 088a 01       		.byte	0x1
ARM GAS  C:\Users\ali\AppData\Local\Temp\cckQBZ7R.s 			page 23


 1154 088b 50       		.byte	0x50
 1155 088c 9E000000 		.4byte	0x9e
 1156 0890 00000000 		.4byte	.LFB0
 1157 0894 20000000 		.4byte	.LFE0-.LFB0
 1158 0898 01       		.uleb128 0x1
 1159 0899 9C       		.byte	0x9c
 1160 089a C9080000 		.4byte	0x8c9
 1161 089e 20       		.uleb128 0x20
 1162 089f FA030000 		.4byte	.LASF120
 1163 08a3 01       		.byte	0x1
 1164 08a4 50       		.byte	0x50
 1165 08a5 25000000 		.4byte	0x25
 1166 08a9 02       		.uleb128 0x2
 1167 08aa 91       		.byte	0x91
 1168 08ab 74       		.sleb128 -12
 1169 08ac 21       		.uleb128 0x21
 1170 08ad 70747200 		.ascii	"ptr\000"
 1171 08b1 01       		.byte	0x1
 1172 08b2 50       		.byte	0x50
 1173 08b3 7E080000 		.4byte	0x87e
 1174 08b7 02       		.uleb128 0x2
 1175 08b8 91       		.byte	0x91
 1176 08b9 70       		.sleb128 -16
 1177 08ba 21       		.uleb128 0x21
 1178 08bb 6C656E00 		.ascii	"len\000"
 1179 08bf 01       		.byte	0x1
 1180 08c0 50       		.byte	0x50
 1181 08c1 2C000000 		.4byte	0x2c
 1182 08c5 02       		.uleb128 0x2
 1183 08c6 91       		.byte	0x91
 1184 08c7 6C       		.sleb128 -20
 1185 08c8 00       		.byte	0
 1186 08c9 22       		.uleb128 0x22
 1187 08ca 8F030000 		.4byte	.LASF124
 1188 08ce 06       		.byte	0x6
 1189 08cf 9E       		.byte	0x9e
 1190 08d0 9E000000 		.4byte	0x9e
 1191 08d4 00000000 		.4byte	.LFB1
 1192 08d8 22000000 		.4byte	.LFE1-.LFB1
 1193 08dc 01       		.uleb128 0x1
 1194 08dd 9C       		.byte	0x9c
 1195 08de 21       		.uleb128 0x21
 1196 08df 7200     		.ascii	"r\000"
 1197 08e1 01       		.byte	0x1
 1198 08e2 60       		.byte	0x60
 1199 08e3 3C040000 		.4byte	0x43c
 1200 08e7 02       		.uleb128 0x2
 1201 08e8 91       		.byte	0x91
 1202 08e9 74       		.sleb128 -12
 1203 08ea 20       		.uleb128 0x20
 1204 08eb FA030000 		.4byte	.LASF120
 1205 08ef 01       		.byte	0x1
 1206 08f0 60       		.byte	0x60
 1207 08f1 25000000 		.4byte	0x25
 1208 08f5 02       		.uleb128 0x2
 1209 08f6 91       		.byte	0x91
 1210 08f7 70       		.sleb128 -16
ARM GAS  C:\Users\ali\AppData\Local\Temp\cckQBZ7R.s 			page 24


 1211 08f8 21       		.uleb128 0x21
 1212 08f9 70747200 		.ascii	"ptr\000"
 1213 08fd 01       		.byte	0x1
 1214 08fe 60       		.byte	0x60
 1215 08ff 7E080000 		.4byte	0x87e
 1216 0903 02       		.uleb128 0x2
 1217 0904 91       		.byte	0x91
 1218 0905 6C       		.sleb128 -20
 1219 0906 21       		.uleb128 0x21
 1220 0907 6C656E00 		.ascii	"len\000"
 1221 090b 01       		.byte	0x1
 1222 090c 60       		.byte	0x60
 1223 090d 2C000000 		.4byte	0x2c
 1224 0911 02       		.uleb128 0x2
 1225 0912 91       		.byte	0x91
 1226 0913 68       		.sleb128 -24
 1227 0914 00       		.byte	0
 1228 0915 00       		.byte	0
 1229              		.section	.debug_abbrev,"",%progbits
 1230              	.Ldebug_abbrev0:
 1231 0000 01       		.uleb128 0x1
 1232 0001 11       		.uleb128 0x11
 1233 0002 01       		.byte	0x1
 1234 0003 25       		.uleb128 0x25
 1235 0004 0E       		.uleb128 0xe
 1236 0005 13       		.uleb128 0x13
 1237 0006 0B       		.uleb128 0xb
 1238 0007 03       		.uleb128 0x3
 1239 0008 0E       		.uleb128 0xe
 1240 0009 1B       		.uleb128 0x1b
 1241 000a 0E       		.uleb128 0xe
 1242 000b 55       		.uleb128 0x55
 1243 000c 17       		.uleb128 0x17
 1244 000d 11       		.uleb128 0x11
 1245 000e 01       		.uleb128 0x1
 1246 000f 10       		.uleb128 0x10
 1247 0010 17       		.uleb128 0x17
 1248 0011 00       		.byte	0
 1249 0012 00       		.byte	0
 1250 0013 02       		.uleb128 0x2
 1251 0014 24       		.uleb128 0x24
 1252 0015 00       		.byte	0
 1253 0016 0B       		.uleb128 0xb
 1254 0017 0B       		.uleb128 0xb
 1255 0018 3E       		.uleb128 0x3e
 1256 0019 0B       		.uleb128 0xb
 1257 001a 03       		.uleb128 0x3
 1258 001b 08       		.uleb128 0x8
 1259 001c 00       		.byte	0
 1260 001d 00       		.byte	0
 1261 001e 03       		.uleb128 0x3
 1262 001f 16       		.uleb128 0x16
 1263 0020 00       		.byte	0
 1264 0021 03       		.uleb128 0x3
 1265 0022 0E       		.uleb128 0xe
 1266 0023 3A       		.uleb128 0x3a
 1267 0024 0B       		.uleb128 0xb
ARM GAS  C:\Users\ali\AppData\Local\Temp\cckQBZ7R.s 			page 25


 1268 0025 3B       		.uleb128 0x3b
 1269 0026 0B       		.uleb128 0xb
 1270 0027 49       		.uleb128 0x49
 1271 0028 13       		.uleb128 0x13
 1272 0029 00       		.byte	0
 1273 002a 00       		.byte	0
 1274 002b 04       		.uleb128 0x4
 1275 002c 24       		.uleb128 0x24
 1276 002d 00       		.byte	0
 1277 002e 0B       		.uleb128 0xb
 1278 002f 0B       		.uleb128 0xb
 1279 0030 3E       		.uleb128 0x3e
 1280 0031 0B       		.uleb128 0xb
 1281 0032 03       		.uleb128 0x3
 1282 0033 0E       		.uleb128 0xe
 1283 0034 00       		.byte	0
 1284 0035 00       		.byte	0
 1285 0036 05       		.uleb128 0x5
 1286 0037 16       		.uleb128 0x16
 1287 0038 00       		.byte	0
 1288 0039 03       		.uleb128 0x3
 1289 003a 0E       		.uleb128 0xe
 1290 003b 3A       		.uleb128 0x3a
 1291 003c 0B       		.uleb128 0xb
 1292 003d 3B       		.uleb128 0x3b
 1293 003e 05       		.uleb128 0x5
 1294 003f 49       		.uleb128 0x49
 1295 0040 13       		.uleb128 0x13
 1296 0041 00       		.byte	0
 1297 0042 00       		.byte	0
 1298 0043 06       		.uleb128 0x6
 1299 0044 17       		.uleb128 0x17
 1300 0045 01       		.byte	0x1
 1301 0046 0B       		.uleb128 0xb
 1302 0047 0B       		.uleb128 0xb
 1303 0048 3A       		.uleb128 0x3a
 1304 0049 0B       		.uleb128 0xb
 1305 004a 3B       		.uleb128 0x3b
 1306 004b 0B       		.uleb128 0xb
 1307 004c 01       		.uleb128 0x1
 1308 004d 13       		.uleb128 0x13
 1309 004e 00       		.byte	0
 1310 004f 00       		.byte	0
 1311 0050 07       		.uleb128 0x7
 1312 0051 0D       		.uleb128 0xd
 1313 0052 00       		.byte	0
 1314 0053 03       		.uleb128 0x3
 1315 0054 0E       		.uleb128 0xe
 1316 0055 3A       		.uleb128 0x3a
 1317 0056 0B       		.uleb128 0xb
 1318 0057 3B       		.uleb128 0x3b
 1319 0058 0B       		.uleb128 0xb
 1320 0059 49       		.uleb128 0x49
 1321 005a 13       		.uleb128 0x13
 1322 005b 00       		.byte	0
 1323 005c 00       		.byte	0
 1324 005d 08       		.uleb128 0x8
ARM GAS  C:\Users\ali\AppData\Local\Temp\cckQBZ7R.s 			page 26


 1325 005e 01       		.uleb128 0x1
 1326 005f 01       		.byte	0x1
 1327 0060 49       		.uleb128 0x49
 1328 0061 13       		.uleb128 0x13
 1329 0062 01       		.uleb128 0x1
 1330 0063 13       		.uleb128 0x13
 1331 0064 00       		.byte	0
 1332 0065 00       		.byte	0
 1333 0066 09       		.uleb128 0x9
 1334 0067 21       		.uleb128 0x21
 1335 0068 00       		.byte	0
 1336 0069 49       		.uleb128 0x49
 1337 006a 13       		.uleb128 0x13
 1338 006b 2F       		.uleb128 0x2f
 1339 006c 0B       		.uleb128 0xb
 1340 006d 00       		.byte	0
 1341 006e 00       		.byte	0
 1342 006f 0A       		.uleb128 0xa
 1343 0070 13       		.uleb128 0x13
 1344 0071 01       		.byte	0x1
 1345 0072 0B       		.uleb128 0xb
 1346 0073 0B       		.uleb128 0xb
 1347 0074 3A       		.uleb128 0x3a
 1348 0075 0B       		.uleb128 0xb
 1349 0076 3B       		.uleb128 0x3b
 1350 0077 0B       		.uleb128 0xb
 1351 0078 01       		.uleb128 0x1
 1352 0079 13       		.uleb128 0x13
 1353 007a 00       		.byte	0
 1354 007b 00       		.byte	0
 1355 007c 0B       		.uleb128 0xb
 1356 007d 0D       		.uleb128 0xd
 1357 007e 00       		.byte	0
 1358 007f 03       		.uleb128 0x3
 1359 0080 0E       		.uleb128 0xe
 1360 0081 3A       		.uleb128 0x3a
 1361 0082 0B       		.uleb128 0xb
 1362 0083 3B       		.uleb128 0x3b
 1363 0084 0B       		.uleb128 0xb
 1364 0085 49       		.uleb128 0x49
 1365 0086 13       		.uleb128 0x13
 1366 0087 38       		.uleb128 0x38
 1367 0088 0B       		.uleb128 0xb
 1368 0089 00       		.byte	0
 1369 008a 00       		.byte	0
 1370 008b 0C       		.uleb128 0xc
 1371 008c 0F       		.uleb128 0xf
 1372 008d 00       		.byte	0
 1373 008e 0B       		.uleb128 0xb
 1374 008f 0B       		.uleb128 0xb
 1375 0090 00       		.byte	0
 1376 0091 00       		.byte	0
 1377 0092 0D       		.uleb128 0xd
 1378 0093 0F       		.uleb128 0xf
 1379 0094 00       		.byte	0
 1380 0095 0B       		.uleb128 0xb
 1381 0096 0B       		.uleb128 0xb
ARM GAS  C:\Users\ali\AppData\Local\Temp\cckQBZ7R.s 			page 27


 1382 0097 49       		.uleb128 0x49
 1383 0098 13       		.uleb128 0x13
 1384 0099 00       		.byte	0
 1385 009a 00       		.byte	0
 1386 009b 0E       		.uleb128 0xe
 1387 009c 13       		.uleb128 0x13
 1388 009d 01       		.byte	0x1
 1389 009e 03       		.uleb128 0x3
 1390 009f 0E       		.uleb128 0xe
 1391 00a0 0B       		.uleb128 0xb
 1392 00a1 0B       		.uleb128 0xb
 1393 00a2 3A       		.uleb128 0x3a
 1394 00a3 0B       		.uleb128 0xb
 1395 00a4 3B       		.uleb128 0x3b
 1396 00a5 0B       		.uleb128 0xb
 1397 00a6 01       		.uleb128 0x1
 1398 00a7 13       		.uleb128 0x13
 1399 00a8 00       		.byte	0
 1400 00a9 00       		.byte	0
 1401 00aa 0F       		.uleb128 0xf
 1402 00ab 0D       		.uleb128 0xd
 1403 00ac 00       		.byte	0
 1404 00ad 03       		.uleb128 0x3
 1405 00ae 08       		.uleb128 0x8
 1406 00af 3A       		.uleb128 0x3a
 1407 00b0 0B       		.uleb128 0xb
 1408 00b1 3B       		.uleb128 0x3b
 1409 00b2 0B       		.uleb128 0xb
 1410 00b3 49       		.uleb128 0x49
 1411 00b4 13       		.uleb128 0x13
 1412 00b5 38       		.uleb128 0x38
 1413 00b6 0B       		.uleb128 0xb
 1414 00b7 00       		.byte	0
 1415 00b8 00       		.byte	0
 1416 00b9 10       		.uleb128 0x10
 1417 00ba 13       		.uleb128 0x13
 1418 00bb 01       		.byte	0x1
 1419 00bc 03       		.uleb128 0x3
 1420 00bd 0E       		.uleb128 0xe
 1421 00be 0B       		.uleb128 0xb
 1422 00bf 05       		.uleb128 0x5
 1423 00c0 3A       		.uleb128 0x3a
 1424 00c1 0B       		.uleb128 0xb
 1425 00c2 3B       		.uleb128 0x3b
 1426 00c3 0B       		.uleb128 0xb
 1427 00c4 01       		.uleb128 0x1
 1428 00c5 13       		.uleb128 0x13
 1429 00c6 00       		.byte	0
 1430 00c7 00       		.byte	0
 1431 00c8 11       		.uleb128 0x11
 1432 00c9 0D       		.uleb128 0xd
 1433 00ca 00       		.byte	0
 1434 00cb 03       		.uleb128 0x3
 1435 00cc 0E       		.uleb128 0xe
 1436 00cd 3A       		.uleb128 0x3a
 1437 00ce 0B       		.uleb128 0xb
 1438 00cf 3B       		.uleb128 0x3b
ARM GAS  C:\Users\ali\AppData\Local\Temp\cckQBZ7R.s 			page 28


 1439 00d0 0B       		.uleb128 0xb
 1440 00d1 49       		.uleb128 0x49
 1441 00d2 13       		.uleb128 0x13
 1442 00d3 38       		.uleb128 0x38
 1443 00d4 05       		.uleb128 0x5
 1444 00d5 00       		.byte	0
 1445 00d6 00       		.byte	0
 1446 00d7 12       		.uleb128 0x12
 1447 00d8 15       		.uleb128 0x15
 1448 00d9 00       		.byte	0
 1449 00da 27       		.uleb128 0x27
 1450 00db 19       		.uleb128 0x19
 1451 00dc 00       		.byte	0
 1452 00dd 00       		.byte	0
 1453 00de 13       		.uleb128 0x13
 1454 00df 15       		.uleb128 0x15
 1455 00e0 01       		.byte	0x1
 1456 00e1 27       		.uleb128 0x27
 1457 00e2 19       		.uleb128 0x19
 1458 00e3 49       		.uleb128 0x49
 1459 00e4 13       		.uleb128 0x13
 1460 00e5 01       		.uleb128 0x1
 1461 00e6 13       		.uleb128 0x13
 1462 00e7 00       		.byte	0
 1463 00e8 00       		.byte	0
 1464 00e9 14       		.uleb128 0x14
 1465 00ea 05       		.uleb128 0x5
 1466 00eb 00       		.byte	0
 1467 00ec 49       		.uleb128 0x49
 1468 00ed 13       		.uleb128 0x13
 1469 00ee 00       		.byte	0
 1470 00ef 00       		.byte	0
 1471 00f0 15       		.uleb128 0x15
 1472 00f1 13       		.uleb128 0x13
 1473 00f2 01       		.byte	0x1
 1474 00f3 03       		.uleb128 0x3
 1475 00f4 0E       		.uleb128 0xe
 1476 00f5 0B       		.uleb128 0xb
 1477 00f6 05       		.uleb128 0x5
 1478 00f7 3A       		.uleb128 0x3a
 1479 00f8 0B       		.uleb128 0xb
 1480 00f9 3B       		.uleb128 0x3b
 1481 00fa 05       		.uleb128 0x5
 1482 00fb 01       		.uleb128 0x1
 1483 00fc 13       		.uleb128 0x13
 1484 00fd 00       		.byte	0
 1485 00fe 00       		.byte	0
 1486 00ff 16       		.uleb128 0x16
 1487 0100 0D       		.uleb128 0xd
 1488 0101 00       		.byte	0
 1489 0102 03       		.uleb128 0x3
 1490 0103 0E       		.uleb128 0xe
 1491 0104 3A       		.uleb128 0x3a
 1492 0105 0B       		.uleb128 0xb
 1493 0106 3B       		.uleb128 0x3b
 1494 0107 05       		.uleb128 0x5
 1495 0108 49       		.uleb128 0x49
ARM GAS  C:\Users\ali\AppData\Local\Temp\cckQBZ7R.s 			page 29


 1496 0109 13       		.uleb128 0x13
 1497 010a 38       		.uleb128 0x38
 1498 010b 0B       		.uleb128 0xb
 1499 010c 00       		.byte	0
 1500 010d 00       		.byte	0
 1501 010e 17       		.uleb128 0x17
 1502 010f 0D       		.uleb128 0xd
 1503 0110 00       		.byte	0
 1504 0111 03       		.uleb128 0x3
 1505 0112 0E       		.uleb128 0xe
 1506 0113 3A       		.uleb128 0x3a
 1507 0114 0B       		.uleb128 0xb
 1508 0115 3B       		.uleb128 0x3b
 1509 0116 05       		.uleb128 0x5
 1510 0117 49       		.uleb128 0x49
 1511 0118 13       		.uleb128 0x13
 1512 0119 38       		.uleb128 0x38
 1513 011a 05       		.uleb128 0x5
 1514 011b 00       		.byte	0
 1515 011c 00       		.byte	0
 1516 011d 18       		.uleb128 0x18
 1517 011e 26       		.uleb128 0x26
 1518 011f 00       		.byte	0
 1519 0120 49       		.uleb128 0x49
 1520 0121 13       		.uleb128 0x13
 1521 0122 00       		.byte	0
 1522 0123 00       		.byte	0
 1523 0124 19       		.uleb128 0x19
 1524 0125 13       		.uleb128 0x13
 1525 0126 01       		.byte	0x1
 1526 0127 03       		.uleb128 0x3
 1527 0128 0E       		.uleb128 0xe
 1528 0129 0B       		.uleb128 0xb
 1529 012a 0B       		.uleb128 0xb
 1530 012b 3A       		.uleb128 0x3a
 1531 012c 0B       		.uleb128 0xb
 1532 012d 3B       		.uleb128 0x3b
 1533 012e 05       		.uleb128 0x5
 1534 012f 01       		.uleb128 0x1
 1535 0130 13       		.uleb128 0x13
 1536 0131 00       		.byte	0
 1537 0132 00       		.byte	0
 1538 0133 1A       		.uleb128 0x1a
 1539 0134 13       		.uleb128 0x13
 1540 0135 01       		.byte	0x1
 1541 0136 0B       		.uleb128 0xb
 1542 0137 0B       		.uleb128 0xb
 1543 0138 3A       		.uleb128 0x3a
 1544 0139 0B       		.uleb128 0xb
 1545 013a 3B       		.uleb128 0x3b
 1546 013b 05       		.uleb128 0x5
 1547 013c 01       		.uleb128 0x1
 1548 013d 13       		.uleb128 0x13
 1549 013e 00       		.byte	0
 1550 013f 00       		.byte	0
 1551 0140 1B       		.uleb128 0x1b
 1552 0141 17       		.uleb128 0x17
ARM GAS  C:\Users\ali\AppData\Local\Temp\cckQBZ7R.s 			page 30


 1553 0142 01       		.byte	0x1
 1554 0143 0B       		.uleb128 0xb
 1555 0144 0B       		.uleb128 0xb
 1556 0145 3A       		.uleb128 0x3a
 1557 0146 0B       		.uleb128 0xb
 1558 0147 3B       		.uleb128 0x3b
 1559 0148 05       		.uleb128 0x5
 1560 0149 01       		.uleb128 0x1
 1561 014a 13       		.uleb128 0x13
 1562 014b 00       		.byte	0
 1563 014c 00       		.byte	0
 1564 014d 1C       		.uleb128 0x1c
 1565 014e 0D       		.uleb128 0xd
 1566 014f 00       		.byte	0
 1567 0150 03       		.uleb128 0x3
 1568 0151 0E       		.uleb128 0xe
 1569 0152 3A       		.uleb128 0x3a
 1570 0153 0B       		.uleb128 0xb
 1571 0154 3B       		.uleb128 0x3b
 1572 0155 05       		.uleb128 0x5
 1573 0156 49       		.uleb128 0x49
 1574 0157 13       		.uleb128 0x13
 1575 0158 00       		.byte	0
 1576 0159 00       		.byte	0
 1577 015a 1D       		.uleb128 0x1d
 1578 015b 15       		.uleb128 0x15
 1579 015c 01       		.byte	0x1
 1580 015d 27       		.uleb128 0x27
 1581 015e 19       		.uleb128 0x19
 1582 015f 01       		.uleb128 0x1
 1583 0160 13       		.uleb128 0x13
 1584 0161 00       		.byte	0
 1585 0162 00       		.byte	0
 1586 0163 1E       		.uleb128 0x1e
 1587 0164 26       		.uleb128 0x26
 1588 0165 00       		.byte	0
 1589 0166 00       		.byte	0
 1590 0167 00       		.byte	0
 1591 0168 1F       		.uleb128 0x1f
 1592 0169 2E       		.uleb128 0x2e
 1593 016a 01       		.byte	0x1
 1594 016b 3F       		.uleb128 0x3f
 1595 016c 19       		.uleb128 0x19
 1596 016d 03       		.uleb128 0x3
 1597 016e 0E       		.uleb128 0xe
 1598 016f 3A       		.uleb128 0x3a
 1599 0170 0B       		.uleb128 0xb
 1600 0171 3B       		.uleb128 0x3b
 1601 0172 0B       		.uleb128 0xb
 1602 0173 27       		.uleb128 0x27
 1603 0174 19       		.uleb128 0x19
 1604 0175 49       		.uleb128 0x49
 1605 0176 13       		.uleb128 0x13
 1606 0177 11       		.uleb128 0x11
 1607 0178 01       		.uleb128 0x1
 1608 0179 12       		.uleb128 0x12
 1609 017a 06       		.uleb128 0x6
ARM GAS  C:\Users\ali\AppData\Local\Temp\cckQBZ7R.s 			page 31


 1610 017b 40       		.uleb128 0x40
 1611 017c 18       		.uleb128 0x18
 1612 017d 9642     		.uleb128 0x2116
 1613 017f 19       		.uleb128 0x19
 1614 0180 01       		.uleb128 0x1
 1615 0181 13       		.uleb128 0x13
 1616 0182 00       		.byte	0
 1617 0183 00       		.byte	0
 1618 0184 20       		.uleb128 0x20
 1619 0185 05       		.uleb128 0x5
 1620 0186 00       		.byte	0
 1621 0187 03       		.uleb128 0x3
 1622 0188 0E       		.uleb128 0xe
 1623 0189 3A       		.uleb128 0x3a
 1624 018a 0B       		.uleb128 0xb
 1625 018b 3B       		.uleb128 0x3b
 1626 018c 0B       		.uleb128 0xb
 1627 018d 49       		.uleb128 0x49
 1628 018e 13       		.uleb128 0x13
 1629 018f 02       		.uleb128 0x2
 1630 0190 18       		.uleb128 0x18
 1631 0191 00       		.byte	0
 1632 0192 00       		.byte	0
 1633 0193 21       		.uleb128 0x21
 1634 0194 05       		.uleb128 0x5
 1635 0195 00       		.byte	0
 1636 0196 03       		.uleb128 0x3
 1637 0197 08       		.uleb128 0x8
 1638 0198 3A       		.uleb128 0x3a
 1639 0199 0B       		.uleb128 0xb
 1640 019a 3B       		.uleb128 0x3b
 1641 019b 0B       		.uleb128 0xb
 1642 019c 49       		.uleb128 0x49
 1643 019d 13       		.uleb128 0x13
 1644 019e 02       		.uleb128 0x2
 1645 019f 18       		.uleb128 0x18
 1646 01a0 00       		.byte	0
 1647 01a1 00       		.byte	0
 1648 01a2 22       		.uleb128 0x22
 1649 01a3 2E       		.uleb128 0x2e
 1650 01a4 01       		.byte	0x1
 1651 01a5 3F       		.uleb128 0x3f
 1652 01a6 19       		.uleb128 0x19
 1653 01a7 03       		.uleb128 0x3
 1654 01a8 0E       		.uleb128 0xe
 1655 01a9 3A       		.uleb128 0x3a
 1656 01aa 0B       		.uleb128 0xb
 1657 01ab 3B       		.uleb128 0x3b
 1658 01ac 0B       		.uleb128 0xb
 1659 01ad 27       		.uleb128 0x27
 1660 01ae 19       		.uleb128 0x19
 1661 01af 49       		.uleb128 0x49
 1662 01b0 13       		.uleb128 0x13
 1663 01b1 11       		.uleb128 0x11
 1664 01b2 01       		.uleb128 0x1
 1665 01b3 12       		.uleb128 0x12
 1666 01b4 06       		.uleb128 0x6
ARM GAS  C:\Users\ali\AppData\Local\Temp\cckQBZ7R.s 			page 32


 1667 01b5 40       		.uleb128 0x40
 1668 01b6 18       		.uleb128 0x18
 1669 01b7 9642     		.uleb128 0x2116
 1670 01b9 19       		.uleb128 0x19
 1671 01ba 00       		.byte	0
 1672 01bb 00       		.byte	0
 1673 01bc 00       		.byte	0
 1674              		.section	.debug_aranges,"",%progbits
 1675 0000 24000000 		.4byte	0x24
 1676 0004 0200     		.2byte	0x2
 1677 0006 00000000 		.4byte	.Ldebug_info0
 1678 000a 04       		.byte	0x4
 1679 000b 00       		.byte	0
 1680 000c 0000     		.2byte	0
 1681 000e 0000     		.2byte	0
 1682 0010 00000000 		.4byte	.LFB0
 1683 0014 20000000 		.4byte	.LFE0-.LFB0
 1684 0018 00000000 		.4byte	.LFB1
 1685 001c 22000000 		.4byte	.LFE1-.LFB1
 1686 0020 00000000 		.4byte	0
 1687 0024 00000000 		.4byte	0
 1688              		.section	.debug_ranges,"",%progbits
 1689              	.Ldebug_ranges0:
 1690 0000 00000000 		.4byte	.LFB0
 1691 0004 20000000 		.4byte	.LFE0
 1692 0008 00000000 		.4byte	.LFB1
 1693 000c 22000000 		.4byte	.LFE1
 1694 0010 00000000 		.4byte	0
 1695 0014 00000000 		.4byte	0
 1696              		.section	.debug_line,"",%progbits
 1697              	.Ldebug_line0:
 1698 0000 E8010000 		.section	.debug_str,"MS",%progbits,1
 1698      0200BC01 
 1698      00000201 
 1698      FB0E0D00 
 1698      01010101 
 1699              	.LASF42:
 1700 0000 5F64736F 		.ascii	"_dso_handle\000"
 1700      5F68616E 
 1700      646C6500 
 1701              	.LASF50:
 1702 000c 5F73697A 		.ascii	"_size\000"
 1702      6500
 1703              	.LASF10:
 1704 0012 73697A65 		.ascii	"size_t\000"
 1704      5F7400
 1705              	.LASF94:
 1706 0019 5F72616E 		.ascii	"_rand48\000"
 1706      64343800 
 1707              	.LASF74:
 1708 0021 5F656D65 		.ascii	"_emergency\000"
 1708      7267656E 
 1708      637900
 1709              	.LASF64:
 1710 002c 5F646174 		.ascii	"_data\000"
 1710      6100
 1711              	.LASF121:
ARM GAS  C:\Users\ali\AppData\Local\Temp\cckQBZ7R.s 			page 33


 1712 0032 474E5520 		.ascii	"GNU C11 5.4.1 20160609 (release) [ARM/embedded-5-br"
 1712      43313120 
 1712      352E342E 
 1712      31203230 
 1712      31363036 
 1713 0065 616E6368 		.ascii	"anch revision 237715] -mcpu=cortex-m3 -mthumb -g -O"
 1713      20726576 
 1713      6973696F 
 1713      6E203233 
 1713      37373135 
 1714 0098 30202D66 		.ascii	"0 -ffunction-sections -ffat-lto-objects\000"
 1714      66756E63 
 1714      74696F6E 
 1714      2D736563 
 1714      74696F6E 
 1715              	.LASF114:
 1716 00c0 5F776372 		.ascii	"_wcrtomb_state\000"
 1716      746F6D62 
 1716      5F737461 
 1716      746500
 1717              	.LASF115:
 1718 00cf 5F776373 		.ascii	"_wcsrtombs_state\000"
 1718      72746F6D 
 1718      62735F73 
 1718      74617465 
 1718      00
 1719              	.LASF9:
 1720 00e0 6C6F6E67 		.ascii	"long long unsigned int\000"
 1720      206C6F6E 
 1720      6720756E 
 1720      7369676E 
 1720      65642069 
 1721              	.LASF54:
 1722 00f7 5F6C6266 		.ascii	"_lbfsize\000"
 1722      73697A65 
 1722      00
 1723              	.LASF112:
 1724 0100 5F6D6272 		.ascii	"_mbrtowc_state\000"
 1724      746F7763 
 1724      5F737461 
 1724      746500
 1725              	.LASF107:
 1726 010f 5F776374 		.ascii	"_wctomb_state\000"
 1726      6F6D625F 
 1726      73746174 
 1726      6500
 1727              	.LASF31:
 1728 011d 5F5F746D 		.ascii	"__tm_sec\000"
 1728      5F736563 
 1728      00
 1729              	.LASF1:
 1730 0126 6C6F6E67 		.ascii	"long long int\000"
 1730      206C6F6E 
 1730      6720696E 
 1730      7400
 1731              	.LASF3:
 1732 0134 7369676E 		.ascii	"signed char\000"
ARM GAS  C:\Users\ali\AppData\Local\Temp\cckQBZ7R.s 			page 34


 1732      65642063 
 1732      68617200 
 1733              	.LASF60:
 1734 0140 5F756275 		.ascii	"_ubuf\000"
 1734      6600
 1735              	.LASF49:
 1736 0146 5F626173 		.ascii	"_base\000"
 1736      6500
 1737              	.LASF33:
 1738 014c 5F5F746D 		.ascii	"__tm_hour\000"
 1738      5F686F75 
 1738      7200
 1739              	.LASF89:
 1740 0156 5F5F7366 		.ascii	"__sf\000"
 1740      00
 1741              	.LASF40:
 1742 015b 5F6F6E5F 		.ascii	"_on_exit_args\000"
 1742      65786974 
 1742      5F617267 
 1742      7300
 1743              	.LASF55:
 1744 0169 5F636F6F 		.ascii	"_cookie\000"
 1744      6B696500 
 1745              	.LASF88:
 1746 0171 5F5F7367 		.ascii	"__sglue\000"
 1746      6C756500 
 1747              	.LASF7:
 1748 0179 6C6F6E67 		.ascii	"long int\000"
 1748      20696E74 
 1748      00
 1749              	.LASF52:
 1750 0182 5F666C61 		.ascii	"_flags\000"
 1750      677300
 1751              	.LASF44:
 1752 0189 5F69735F 		.ascii	"_is_cxa\000"
 1752      63786100 
 1753              	.LASF70:
 1754 0191 5F737464 		.ascii	"_stdin\000"
 1754      696E00
 1755              	.LASF62:
 1756 0198 5F626C6B 		.ascii	"_blksize\000"
 1756      73697A65 
 1756      00
 1757              	.LASF123:
 1758 01a1 453A5C69 		.ascii	"E:\\iroteam\\prg\\tulue\\code\\cypress\\no-exp -V1-"
 1758      726F7465 
 1758      616D5C70 
 1758      72675C74 
 1758      756C7565 
 1759 01ce 6F6C6420 		.ascii	"old board\\new-cy-notask\\cy-notask\\Start\\BoardSu"
 1759      626F6172 
 1759      645C6E65 
 1759      772D6379 
 1759      2D6E6F74 
 1760 01fd 70706F72 		.ascii	"pport\\Cypress\\CY8C5868_CY8CKIT_050_PSoC5_DK\\Star"
 1760      745C4379 
 1760      70726573 
ARM GAS  C:\Users\ali\AppData\Local\Temp\cckQBZ7R.s 			page 35


 1760      735C4359 
 1760      38433538 
 1761 022d 745F4359 		.ascii	"t_CY8C5868_AccessV1.0_OldBrd.cydsn\000"
 1761      38433538 
 1761      36385F41 
 1761      63636573 
 1761      7356312E 
 1762              	.LASF77:
 1763 0250 5F5F7364 		.ascii	"__sdidinit\000"
 1763      6964696E 
 1763      697400
 1764              	.LASF84:
 1765 025b 5F637674 		.ascii	"_cvtbuf\000"
 1765      62756600 
 1766              	.LASF63:
 1767 0263 5F6F6666 		.ascii	"_offset\000"
 1767      73657400 
 1768              	.LASF113:
 1769 026b 5F6D6273 		.ascii	"_mbsrtowcs_state\000"
 1769      72746F77 
 1769      63735F73 
 1769      74617465 
 1769      00
 1770              	.LASF111:
 1771 027c 5F6D6272 		.ascii	"_mbrlen_state\000"
 1771      6C656E5F 
 1771      73746174 
 1771      6500
 1772              	.LASF41:
 1773 028a 5F666E61 		.ascii	"_fnargs\000"
 1773      72677300 
 1774              	.LASF47:
 1775 0292 5F666E73 		.ascii	"_fns\000"
 1775      00
 1776              	.LASF27:
 1777 0297 5F736967 		.ascii	"_sign\000"
 1777      6E00
 1778              	.LASF22:
 1779 029d 5F666C6F 		.ascii	"_flock_t\000"
 1779      636B5F74 
 1779      00
 1780              	.LASF72:
 1781 02a6 5F737464 		.ascii	"_stderr\000"
 1781      65727200 
 1782              	.LASF29:
 1783 02ae 5F426967 		.ascii	"_Bigint\000"
 1783      696E7400 
 1784              	.LASF102:
 1785 02b6 5F67616D 		.ascii	"_gamma_signgam\000"
 1785      6D615F73 
 1785      69676E67 
 1785      616D00
 1786              	.LASF56:
 1787 02c5 5F726561 		.ascii	"_read\000"
 1787      6400
 1788              	.LASF80:
 1789 02cb 5F726573 		.ascii	"_result_k\000"
ARM GAS  C:\Users\ali\AppData\Local\Temp\cckQBZ7R.s 			page 36


 1789      756C745F 
 1789      6B00
 1790              	.LASF30:
 1791 02d5 5F5F746D 		.ascii	"__tm\000"
 1791      00
 1792              	.LASF0:
 1793 02da 756E7369 		.ascii	"unsigned int\000"
 1793      676E6564 
 1793      20696E74 
 1793      00
 1794              	.LASF17:
 1795 02e7 5F5F7763 		.ascii	"__wchb\000"
 1795      686200
 1796              	.LASF71:
 1797 02ee 5F737464 		.ascii	"_stdout\000"
 1797      6F757400 
 1798              	.LASF83:
 1799 02f6 5F637674 		.ascii	"_cvtlen\000"
 1799      6C656E00 
 1800              	.LASF8:
 1801 02fe 6C6F6E67 		.ascii	"long unsigned int\000"
 1801      20756E73 
 1801      69676E65 
 1801      6420696E 
 1801      7400
 1802              	.LASF53:
 1803 0310 5F66696C 		.ascii	"_file\000"
 1803      6500
 1804              	.LASF92:
 1805 0316 5F6E696F 		.ascii	"_niobs\000"
 1805      627300
 1806              	.LASF6:
 1807 031d 73686F72 		.ascii	"short unsigned int\000"
 1807      7420756E 
 1807      7369676E 
 1807      65642069 
 1807      6E7400
 1808              	.LASF86:
 1809 0330 5F617465 		.ascii	"_atexit0\000"
 1809      78697430 
 1809      00
 1810              	.LASF109:
 1811 0339 5F736967 		.ascii	"_signal_buf\000"
 1811      6E616C5F 
 1811      62756600 
 1812              	.LASF100:
 1813 0345 5F617363 		.ascii	"_asctime_buf\000"
 1813      74696D65 
 1813      5F627566 
 1813      00
 1814              	.LASF79:
 1815 0352 5F726573 		.ascii	"_result\000"
 1815      756C7400 
 1816              	.LASF16:
 1817 035a 5F5F7763 		.ascii	"__wch\000"
 1817      6800
 1818              	.LASF15:
ARM GAS  C:\Users\ali\AppData\Local\Temp\cckQBZ7R.s 			page 37


 1819 0360 77696E74 		.ascii	"wint_t\000"
 1819      5F7400
 1820              	.LASF65:
 1821 0367 5F6C6F63 		.ascii	"_lock\000"
 1821      6B00
 1822              	.LASF67:
 1823 036d 5F666C61 		.ascii	"_flags2\000"
 1823      67733200 
 1824              	.LASF57:
 1825 0375 5F777269 		.ascii	"_write\000"
 1825      746500
 1826              	.LASF36:
 1827 037c 5F5F746D 		.ascii	"__tm_year\000"
 1827      5F796561 
 1827      7200
 1828              	.LASF118:
 1829 0386 5F6E6D61 		.ascii	"_nmalloc\000"
 1829      6C6C6F63 
 1829      00
 1830              	.LASF124:
 1831 038f 5F777269 		.ascii	"_write_r\000"
 1831      74655F72 
 1831      00
 1832              	.LASF18:
 1833 0398 73697A65 		.ascii	"sizetype\000"
 1833      74797065 
 1833      00
 1834              	.LASF2:
 1835 03a1 6C6F6E67 		.ascii	"long double\000"
 1835      20646F75 
 1835      626C6500 
 1836              	.LASF117:
 1837 03ad 5F6E6578 		.ascii	"_nextf\000"
 1837      746600
 1838              	.LASF35:
 1839 03b4 5F5F746D 		.ascii	"__tm_mon\000"
 1839      5F6D6F6E 
 1839      00
 1840              	.LASF45:
 1841 03bd 5F617465 		.ascii	"_atexit\000"
 1841      78697400 
 1842              	.LASF122:
 1843 03c5 2E2E5C53 		.ascii	"..\\SEGGER\\SEGGER_RTT_Syscalls_GCC.c\000"
 1843      45474745 
 1843      525C5345 
 1843      47474552 
 1843      5F525454 
 1844              	.LASF12:
 1845 03e9 5F6F6666 		.ascii	"_off_t\000"
 1845      5F7400
 1846              	.LASF82:
 1847 03f0 5F667265 		.ascii	"_freelist\000"
 1847      656C6973 
 1847      7400
 1848              	.LASF120:
 1849 03fa 66696C65 		.ascii	"file\000"
 1849      00
ARM GAS  C:\Users\ali\AppData\Local\Temp\cckQBZ7R.s 			page 38


 1850              	.LASF11:
 1851 03ff 5F4C4F43 		.ascii	"_LOCK_RECURSIVE_T\000"
 1851      4B5F5245 
 1851      43555253 
 1851      4956455F 
 1851      5400
 1852              	.LASF4:
 1853 0411 756E7369 		.ascii	"unsigned char\000"
 1853      676E6564 
 1853      20636861 
 1853      7200
 1854              	.LASF85:
 1855 041f 5F6E6577 		.ascii	"_new\000"
 1855      00
 1856              	.LASF116:
 1857 0424 5F685F65 		.ascii	"_h_errno\000"
 1857      72726E6F 
 1857      00
 1858              	.LASF5:
 1859 042d 73686F72 		.ascii	"short int\000"
 1859      7420696E 
 1859      7400
 1860              	.LASF38:
 1861 0437 5F5F746D 		.ascii	"__tm_yday\000"
 1861      5F796461 
 1861      7900
 1862              	.LASF48:
 1863 0441 5F5F7362 		.ascii	"__sbuf\000"
 1863      756600
 1864              	.LASF93:
 1865 0448 5F696F62 		.ascii	"_iobs\000"
 1865      7300
 1866              	.LASF90:
 1867 044e 5F5F4649 		.ascii	"__FILE\000"
 1867      4C4500
 1868              	.LASF21:
 1869 0455 5F6D6273 		.ascii	"_mbstate_t\000"
 1869      74617465 
 1869      5F7400
 1870              	.LASF51:
 1871 0460 5F5F7346 		.ascii	"__sFILE\000"
 1871      494C4500 
 1872              	.LASF66:
 1873 0468 5F6D6273 		.ascii	"_mbstate\000"
 1873      74617465 
 1873      00
 1874              	.LASF103:
 1875 0471 5F72616E 		.ascii	"_rand_next\000"
 1875      645F6E65 
 1875      787400
 1876              	.LASF105:
 1877 047c 5F6D626C 		.ascii	"_mblen_state\000"
 1877      656E5F73 
 1877      74617465 
 1877      00
 1878              	.LASF73:
 1879 0489 5F696E63 		.ascii	"_inc\000"
ARM GAS  C:\Users\ali\AppData\Local\Temp\cckQBZ7R.s 			page 39


 1879      00
 1880              	.LASF46:
 1881 048e 5F696E64 		.ascii	"_ind\000"
 1881      00
 1882              	.LASF76:
 1883 0493 5F637572 		.ascii	"_current_locale\000"
 1883      72656E74 
 1883      5F6C6F63 
 1883      616C6500 
 1884              	.LASF78:
 1885 04a3 5F5F636C 		.ascii	"__cleanup\000"
 1885      65616E75 
 1885      7000
 1886              	.LASF26:
 1887 04ad 5F6D6178 		.ascii	"_maxwds\000"
 1887      77647300 
 1888              	.LASF68:
 1889 04b5 5F726565 		.ascii	"_reent\000"
 1889      6E7400
 1890              	.LASF95:
 1891 04bc 5F736565 		.ascii	"_seed\000"
 1891      6400
 1892              	.LASF19:
 1893 04c2 5F5F636F 		.ascii	"__count\000"
 1893      756E7400 
 1894              	.LASF20:
 1895 04ca 5F5F7661 		.ascii	"__value\000"
 1895      6C756500 
 1896              	.LASF58:
 1897 04d2 5F736565 		.ascii	"_seek\000"
 1897      6B00
 1898              	.LASF13:
 1899 04d8 5F66706F 		.ascii	"_fpos_t\000"
 1899      735F7400 
 1900              	.LASF69:
 1901 04e0 5F657272 		.ascii	"_errno\000"
 1901      6E6F00
 1902              	.LASF23:
 1903 04e7 63686172 		.ascii	"char\000"
 1903      00
 1904              	.LASF32:
 1905 04ec 5F5F746D 		.ascii	"__tm_min\000"
 1905      5F6D696E 
 1905      00
 1906              	.LASF96:
 1907 04f5 5F6D756C 		.ascii	"_mult\000"
 1907      7400
 1908              	.LASF25:
 1909 04fb 5F6E6578 		.ascii	"_next\000"
 1909      7400
 1910              	.LASF99:
 1911 0501 5F737472 		.ascii	"_strtok_last\000"
 1911      746F6B5F 
 1911      6C617374 
 1911      00
 1912              	.LASF43:
 1913 050e 5F666E74 		.ascii	"_fntypes\000"
ARM GAS  C:\Users\ali\AppData\Local\Temp\cckQBZ7R.s 			page 40


 1913      79706573 
 1913      00
 1914              	.LASF97:
 1915 0517 5F616464 		.ascii	"_add\000"
 1915      00
 1916              	.LASF24:
 1917 051c 5F5F554C 		.ascii	"__ULong\000"
 1917      6F6E6700 
 1918              	.LASF110:
 1919 0524 5F676574 		.ascii	"_getdate_err\000"
 1919      64617465 
 1919      5F657272 
 1919      00
 1920              	.LASF75:
 1921 0531 5F637572 		.ascii	"_current_category\000"
 1921      72656E74 
 1921      5F636174 
 1921      65676F72 
 1921      7900
 1922              	.LASF98:
 1923 0543 5F756E75 		.ascii	"_unused_rand\000"
 1923      7365645F 
 1923      72616E64 
 1923      00
 1924              	.LASF28:
 1925 0550 5F776473 		.ascii	"_wds\000"
 1925      00
 1926              	.LASF37:
 1927 0555 5F5F746D 		.ascii	"__tm_wday\000"
 1927      5F776461 
 1927      7900
 1928              	.LASF91:
 1929 055f 5F676C75 		.ascii	"_glue\000"
 1929      6500
 1930              	.LASF14:
 1931 0565 5F737369 		.ascii	"_ssize_t\000"
 1931      7A655F74 
 1931      00
 1932              	.LASF108:
 1933 056e 5F6C3634 		.ascii	"_l64a_buf\000"
 1933      615F6275 
 1933      6600
 1934              	.LASF87:
 1935 0578 5F736967 		.ascii	"_sig_func\000"
 1935      5F66756E 
 1935      6300
 1936              	.LASF61:
 1937 0582 5F6E6275 		.ascii	"_nbuf\000"
 1937      6600
 1938              	.LASF119:
 1939 0588 5F756E75 		.ascii	"_unused\000"
 1939      73656400 
 1940              	.LASF39:
 1941 0590 5F5F746D 		.ascii	"__tm_isdst\000"
 1941      5F697364 
 1941      737400
 1942              	.LASF101:
ARM GAS  C:\Users\ali\AppData\Local\Temp\cckQBZ7R.s 			page 41


 1943 059b 5F6C6F63 		.ascii	"_localtime_buf\000"
 1943      616C7469 
 1943      6D655F62 
 1943      756600
 1944              	.LASF59:
 1945 05aa 5F636C6F 		.ascii	"_close\000"
 1945      736500
 1946              	.LASF104:
 1947 05b1 5F723438 		.ascii	"_r48\000"
 1947      00
 1948              	.LASF106:
 1949 05b6 5F6D6274 		.ascii	"_mbtowc_state\000"
 1949      6F77635F 
 1949      73746174 
 1949      6500
 1950              	.LASF81:
 1951 05c4 5F703573 		.ascii	"_p5s\000"
 1951      00
 1952              	.LASF34:
 1953 05c9 5F5F746D 		.ascii	"__tm_mday\000"
 1953      5F6D6461 
 1953      7900
 1954              		.ident	"GCC: (GNU Tools for ARM Embedded Processors) 5.4.1 20160609 (release) [ARM/embedded-5-bran
