ARM GAS  C:\Users\ali\AppData\Local\Temp\ccFKjNoN.s 			page 1


   1              		.syntax unified
   2              		.cpu cortex-m0
   3              		.fpu softvfp
   4              		.eabi_attribute 20, 1
   5              		.eabi_attribute 21, 1
   6              		.eabi_attribute 23, 3
   7              		.eabi_attribute 24, 1
   8              		.eabi_attribute 25, 1
   9              		.eabi_attribute 26, 1
  10              		.eabi_attribute 30, 6
  11              		.eabi_attribute 34, 0
  12              		.eabi_attribute 18, 4
  13              		.thumb
  14              		.syntax unified
  15              		.file	"cyfitter_cfg.c"
  16              		.text
  17              	.Ltext0:
  18              		.cfi_sections	.debug_frame
  19              		.section	.text.CYMEMZERO,"ax",%progbits
  20              		.align	2
  21              		.code	16
  22              		.thumb_func
  23              		.type	CYMEMZERO, %function
  24              	CYMEMZERO:
  25              	.LFB0:
  26              		.file 1 "Generated_Source\\PSoC4\\cyfitter_cfg.c"
   1:Generated_Source\PSoC4/cyfitter_cfg.c **** 
   2:Generated_Source\PSoC4/cyfitter_cfg.c **** /*******************************************************************************
   3:Generated_Source\PSoC4/cyfitter_cfg.c **** * File Name: cyfitter_cfg.c
   4:Generated_Source\PSoC4/cyfitter_cfg.c **** * 
   5:Generated_Source\PSoC4/cyfitter_cfg.c **** * PSoC Creator  4.4
   6:Generated_Source\PSoC4/cyfitter_cfg.c **** *
   7:Generated_Source\PSoC4/cyfitter_cfg.c **** * Description:
   8:Generated_Source\PSoC4/cyfitter_cfg.c **** * This file contains device initialization code.
   9:Generated_Source\PSoC4/cyfitter_cfg.c **** * Except for the user defined sections in CyClockStartupError(), this file should not be modified.
  10:Generated_Source\PSoC4/cyfitter_cfg.c **** * This file is automatically generated by PSoC Creator.
  11:Generated_Source\PSoC4/cyfitter_cfg.c **** *
  12:Generated_Source\PSoC4/cyfitter_cfg.c **** ********************************************************************************
  13:Generated_Source\PSoC4/cyfitter_cfg.c **** * Copyright (c) 2007-2020 Cypress Semiconductor.  All rights reserved.
  14:Generated_Source\PSoC4/cyfitter_cfg.c **** * You may use this file only in accordance with the license, terms, conditions, 
  15:Generated_Source\PSoC4/cyfitter_cfg.c **** * disclaimers, and limitations in the end user license agreement accompanying 
  16:Generated_Source\PSoC4/cyfitter_cfg.c **** * the software package with which this file was provided.
  17:Generated_Source\PSoC4/cyfitter_cfg.c **** ********************************************************************************/
  18:Generated_Source\PSoC4/cyfitter_cfg.c **** 
  19:Generated_Source\PSoC4/cyfitter_cfg.c **** #include <string.h>
  20:Generated_Source\PSoC4/cyfitter_cfg.c **** #include "cytypes.h"
  21:Generated_Source\PSoC4/cyfitter_cfg.c **** #include "cydevice_trm.h"
  22:Generated_Source\PSoC4/cyfitter_cfg.c **** #include "cyfitter.h"
  23:Generated_Source\PSoC4/cyfitter_cfg.c **** #include "CyLib.h"
  24:Generated_Source\PSoC4/cyfitter_cfg.c **** #include "cyfitter_cfg.h"
  25:Generated_Source\PSoC4/cyfitter_cfg.c **** #include "cyapicallbacks.h"
  26:Generated_Source\PSoC4/cyfitter_cfg.c **** 
  27:Generated_Source\PSoC4/cyfitter_cfg.c **** 
  28:Generated_Source\PSoC4/cyfitter_cfg.c **** #if defined(__GNUC__) || defined(__ARMCC_VERSION)
  29:Generated_Source\PSoC4/cyfitter_cfg.c ****     #define CYPACKED 
  30:Generated_Source\PSoC4/cyfitter_cfg.c ****     #define CYPACKED_ATTR __attribute__ ((packed))
  31:Generated_Source\PSoC4/cyfitter_cfg.c ****     #define CYALIGNED __attribute__ ((aligned))
ARM GAS  C:\Users\ali\AppData\Local\Temp\ccFKjNoN.s 			page 2


  32:Generated_Source\PSoC4/cyfitter_cfg.c ****     #define CY_CFG_UNUSED __attribute__ ((unused))
  33:Generated_Source\PSoC4/cyfitter_cfg.c ****     #ifndef CY_CFG_SECTION
  34:Generated_Source\PSoC4/cyfitter_cfg.c ****         #define CY_CFG_SECTION __attribute__ ((section(".psocinit")))
  35:Generated_Source\PSoC4/cyfitter_cfg.c ****     #endif
  36:Generated_Source\PSoC4/cyfitter_cfg.c ****     
  37:Generated_Source\PSoC4/cyfitter_cfg.c ****     #if defined(__ARMCC_VERSION)
  38:Generated_Source\PSoC4/cyfitter_cfg.c ****         #define CY_CFG_MEMORY_BARRIER() __memory_changed()
  39:Generated_Source\PSoC4/cyfitter_cfg.c ****     #else
  40:Generated_Source\PSoC4/cyfitter_cfg.c ****         #define CY_CFG_MEMORY_BARRIER() __sync_synchronize()
  41:Generated_Source\PSoC4/cyfitter_cfg.c ****     #endif
  42:Generated_Source\PSoC4/cyfitter_cfg.c ****     
  43:Generated_Source\PSoC4/cyfitter_cfg.c **** #elif defined(__ICCARM__)
  44:Generated_Source\PSoC4/cyfitter_cfg.c ****     #include <intrinsics.h>
  45:Generated_Source\PSoC4/cyfitter_cfg.c **** 
  46:Generated_Source\PSoC4/cyfitter_cfg.c ****     #define CYPACKED __packed
  47:Generated_Source\PSoC4/cyfitter_cfg.c ****     #define CYPACKED_ATTR 
  48:Generated_Source\PSoC4/cyfitter_cfg.c ****     #define CYALIGNED _Pragma("data_alignment=4")
  49:Generated_Source\PSoC4/cyfitter_cfg.c ****     #define CY_CFG_UNUSED _Pragma("diag_suppress=Pe177")
  50:Generated_Source\PSoC4/cyfitter_cfg.c ****     #define CY_CFG_SECTION _Pragma("location=\".psocinit\"")
  51:Generated_Source\PSoC4/cyfitter_cfg.c ****     
  52:Generated_Source\PSoC4/cyfitter_cfg.c ****     #define CY_CFG_MEMORY_BARRIER() __DMB()
  53:Generated_Source\PSoC4/cyfitter_cfg.c ****     
  54:Generated_Source\PSoC4/cyfitter_cfg.c **** #else
  55:Generated_Source\PSoC4/cyfitter_cfg.c ****     #error Unsupported toolchain
  56:Generated_Source\PSoC4/cyfitter_cfg.c **** #endif
  57:Generated_Source\PSoC4/cyfitter_cfg.c **** 
  58:Generated_Source\PSoC4/cyfitter_cfg.c **** #ifndef CYCODE
  59:Generated_Source\PSoC4/cyfitter_cfg.c ****     #define CYCODE
  60:Generated_Source\PSoC4/cyfitter_cfg.c **** #endif
  61:Generated_Source\PSoC4/cyfitter_cfg.c **** #ifndef CYDATA
  62:Generated_Source\PSoC4/cyfitter_cfg.c ****     #define CYDATA
  63:Generated_Source\PSoC4/cyfitter_cfg.c **** #endif
  64:Generated_Source\PSoC4/cyfitter_cfg.c **** #ifndef CYFAR
  65:Generated_Source\PSoC4/cyfitter_cfg.c ****     #define CYFAR
  66:Generated_Source\PSoC4/cyfitter_cfg.c **** #endif
  67:Generated_Source\PSoC4/cyfitter_cfg.c **** #ifndef CYXDATA
  68:Generated_Source\PSoC4/cyfitter_cfg.c ****     #define CYXDATA
  69:Generated_Source\PSoC4/cyfitter_cfg.c **** #endif
  70:Generated_Source\PSoC4/cyfitter_cfg.c **** 
  71:Generated_Source\PSoC4/cyfitter_cfg.c **** 
  72:Generated_Source\PSoC4/cyfitter_cfg.c **** CY_CFG_UNUSED
  73:Generated_Source\PSoC4/cyfitter_cfg.c **** static void CYMEMZERO(void *s, size_t n);
  74:Generated_Source\PSoC4/cyfitter_cfg.c **** CY_CFG_UNUSED
  75:Generated_Source\PSoC4/cyfitter_cfg.c **** static void CYMEMZERO(void *s, size_t n)
  76:Generated_Source\PSoC4/cyfitter_cfg.c **** {
  27              		.loc 1 76 0
  28              		.cfi_startproc
  29              		@ args = 0, pretend = 0, frame = 8
  30              		@ frame_needed = 1, uses_anonymous_args = 0
  31 0000 80B5     		push	{r7, lr}
  32              		.cfi_def_cfa_offset 8
  33              		.cfi_offset 7, -8
  34              		.cfi_offset 14, -4
  35 0002 82B0     		sub	sp, sp, #8
  36              		.cfi_def_cfa_offset 16
  37 0004 00AF     		add	r7, sp, #0
  38              		.cfi_def_cfa_register 7
ARM GAS  C:\Users\ali\AppData\Local\Temp\ccFKjNoN.s 			page 3


  39 0006 7860     		str	r0, [r7, #4]
  40 0008 3960     		str	r1, [r7]
  77:Generated_Source\PSoC4/cyfitter_cfg.c **** 	(void)memset(s, 0, n);
  41              		.loc 1 77 0
  42 000a 3A68     		ldr	r2, [r7]
  43 000c 7B68     		ldr	r3, [r7, #4]
  44 000e 0021     		movs	r1, #0
  45 0010 1800     		movs	r0, r3
  46 0012 FFF7FEFF 		bl	memset
  78:Generated_Source\PSoC4/cyfitter_cfg.c **** }
  47              		.loc 1 78 0
  48 0016 C046     		nop
  49 0018 BD46     		mov	sp, r7
  50 001a 02B0     		add	sp, sp, #8
  51              		@ sp needed
  52 001c 80BD     		pop	{r7, pc}
  53              		.cfi_endproc
  54              	.LFE0:
  55              		.size	CYMEMZERO, .-CYMEMZERO
  56 001e C046     		.section	.text.CYCONFIGCPY,"ax",%progbits
  57              		.align	2
  58              		.code	16
  59              		.thumb_func
  60              		.type	CYCONFIGCPY, %function
  61              	CYCONFIGCPY:
  62              	.LFB1:
  79:Generated_Source\PSoC4/cyfitter_cfg.c **** CY_CFG_UNUSED
  80:Generated_Source\PSoC4/cyfitter_cfg.c **** static void CYCONFIGCPY(void *dest, const void *src, size_t n);
  81:Generated_Source\PSoC4/cyfitter_cfg.c **** CY_CFG_UNUSED
  82:Generated_Source\PSoC4/cyfitter_cfg.c **** static void CYCONFIGCPY(void *dest, const void *src, size_t n)
  83:Generated_Source\PSoC4/cyfitter_cfg.c **** {
  63              		.loc 1 83 0
  64              		.cfi_startproc
  65              		@ args = 0, pretend = 0, frame = 16
  66              		@ frame_needed = 1, uses_anonymous_args = 0
  67 0000 80B5     		push	{r7, lr}
  68              		.cfi_def_cfa_offset 8
  69              		.cfi_offset 7, -8
  70              		.cfi_offset 14, -4
  71 0002 84B0     		sub	sp, sp, #16
  72              		.cfi_def_cfa_offset 24
  73 0004 00AF     		add	r7, sp, #0
  74              		.cfi_def_cfa_register 7
  75 0006 F860     		str	r0, [r7, #12]
  76 0008 B960     		str	r1, [r7, #8]
  77 000a 7A60     		str	r2, [r7, #4]
  84:Generated_Source\PSoC4/cyfitter_cfg.c **** 	(void)memcpy(dest, src, n);
  78              		.loc 1 84 0
  79 000c 7A68     		ldr	r2, [r7, #4]
  80 000e B968     		ldr	r1, [r7, #8]
  81 0010 FB68     		ldr	r3, [r7, #12]
  82 0012 1800     		movs	r0, r3
  83 0014 FFF7FEFF 		bl	memcpy
  85:Generated_Source\PSoC4/cyfitter_cfg.c **** }
  84              		.loc 1 85 0
  85 0018 C046     		nop
  86 001a BD46     		mov	sp, r7
ARM GAS  C:\Users\ali\AppData\Local\Temp\ccFKjNoN.s 			page 4


  87 001c 04B0     		add	sp, sp, #16
  88              		@ sp needed
  89 001e 80BD     		pop	{r7, pc}
  90              		.cfi_endproc
  91              	.LFE1:
  92              		.size	CYCONFIGCPY, .-CYCONFIGCPY
  93              		.section	.text.CYCONFIGCPYCODE,"ax",%progbits
  94              		.align	2
  95              		.code	16
  96              		.thumb_func
  97              		.type	CYCONFIGCPYCODE, %function
  98              	CYCONFIGCPYCODE:
  99              	.LFB2:
  86:Generated_Source\PSoC4/cyfitter_cfg.c **** CY_CFG_UNUSED
  87:Generated_Source\PSoC4/cyfitter_cfg.c **** static void CYCONFIGCPYCODE(void *dest, const void *src, size_t n);
  88:Generated_Source\PSoC4/cyfitter_cfg.c **** CY_CFG_UNUSED
  89:Generated_Source\PSoC4/cyfitter_cfg.c **** static void CYCONFIGCPYCODE(void *dest, const void *src, size_t n)
  90:Generated_Source\PSoC4/cyfitter_cfg.c **** {
 100              		.loc 1 90 0
 101              		.cfi_startproc
 102              		@ args = 0, pretend = 0, frame = 16
 103              		@ frame_needed = 1, uses_anonymous_args = 0
 104 0000 80B5     		push	{r7, lr}
 105              		.cfi_def_cfa_offset 8
 106              		.cfi_offset 7, -8
 107              		.cfi_offset 14, -4
 108 0002 84B0     		sub	sp, sp, #16
 109              		.cfi_def_cfa_offset 24
 110 0004 00AF     		add	r7, sp, #0
 111              		.cfi_def_cfa_register 7
 112 0006 F860     		str	r0, [r7, #12]
 113 0008 B960     		str	r1, [r7, #8]
 114 000a 7A60     		str	r2, [r7, #4]
  91:Generated_Source\PSoC4/cyfitter_cfg.c **** 	(void)memcpy(dest, src, n);
 115              		.loc 1 91 0
 116 000c 7A68     		ldr	r2, [r7, #4]
 117 000e B968     		ldr	r1, [r7, #8]
 118 0010 FB68     		ldr	r3, [r7, #12]
 119 0012 1800     		movs	r0, r3
 120 0014 FFF7FEFF 		bl	memcpy
  92:Generated_Source\PSoC4/cyfitter_cfg.c **** }
 121              		.loc 1 92 0
 122 0018 C046     		nop
 123 001a BD46     		mov	sp, r7
 124 001c 04B0     		add	sp, sp, #16
 125              		@ sp needed
 126 001e 80BD     		pop	{r7, pc}
 127              		.cfi_endproc
 128              	.LFE2:
 129              		.size	CYCONFIGCPYCODE, .-CYCONFIGCPYCODE
 130              		.section	.psocinit,"ax",%progbits
 131              		.align	2
 132              		.code	16
 133              		.thumb_func
 134              		.type	ClockSetup, %function
 135              	ClockSetup:
 136              	.LFB3:
ARM GAS  C:\Users\ali\AppData\Local\Temp\ccFKjNoN.s 			page 5


  93:Generated_Source\PSoC4/cyfitter_cfg.c **** 
  94:Generated_Source\PSoC4/cyfitter_cfg.c **** 
  95:Generated_Source\PSoC4/cyfitter_cfg.c **** 
  96:Generated_Source\PSoC4/cyfitter_cfg.c **** 
  97:Generated_Source\PSoC4/cyfitter_cfg.c **** /* Clock startup error codes                                                   */
  98:Generated_Source\PSoC4/cyfitter_cfg.c **** #define CYCLOCKSTART_NO_ERROR    0u
  99:Generated_Source\PSoC4/cyfitter_cfg.c **** #define CYCLOCKSTART_XTAL_ERROR  1u
 100:Generated_Source\PSoC4/cyfitter_cfg.c **** #define CYCLOCKSTART_32KHZ_ERROR 2u
 101:Generated_Source\PSoC4/cyfitter_cfg.c **** #define CYCLOCKSTART_PLL_ERROR   3u
 102:Generated_Source\PSoC4/cyfitter_cfg.c **** #define CYCLOCKSTART_FLL_ERROR   4u
 103:Generated_Source\PSoC4/cyfitter_cfg.c **** #define CYCLOCKSTART_WCO_ERROR   5u
 104:Generated_Source\PSoC4/cyfitter_cfg.c **** 
 105:Generated_Source\PSoC4/cyfitter_cfg.c **** 
 106:Generated_Source\PSoC4/cyfitter_cfg.c **** #ifdef CY_NEED_CYCLOCKSTARTUPERROR
 107:Generated_Source\PSoC4/cyfitter_cfg.c **** /*******************************************************************************
 108:Generated_Source\PSoC4/cyfitter_cfg.c **** * Function Name: CyClockStartupError
 109:Generated_Source\PSoC4/cyfitter_cfg.c **** ********************************************************************************
 110:Generated_Source\PSoC4/cyfitter_cfg.c **** * Summary:
 111:Generated_Source\PSoC4/cyfitter_cfg.c **** *  If an error is encountered during clock configuration (crystal startup error,
 112:Generated_Source\PSoC4/cyfitter_cfg.c **** *  PLL lock error, etc.), the system will end up here.  Unless reimplemented by
 113:Generated_Source\PSoC4/cyfitter_cfg.c **** *  the customer, this function will stop in an infinite loop.
 114:Generated_Source\PSoC4/cyfitter_cfg.c **** *
 115:Generated_Source\PSoC4/cyfitter_cfg.c **** * Parameters:
 116:Generated_Source\PSoC4/cyfitter_cfg.c **** *   void
 117:Generated_Source\PSoC4/cyfitter_cfg.c **** *
 118:Generated_Source\PSoC4/cyfitter_cfg.c **** * Return:
 119:Generated_Source\PSoC4/cyfitter_cfg.c **** *   void
 120:Generated_Source\PSoC4/cyfitter_cfg.c **** *
 121:Generated_Source\PSoC4/cyfitter_cfg.c **** *******************************************************************************/
 122:Generated_Source\PSoC4/cyfitter_cfg.c **** CY_CFG_UNUSED
 123:Generated_Source\PSoC4/cyfitter_cfg.c **** static void CyClockStartupError(uint8 errorCode);
 124:Generated_Source\PSoC4/cyfitter_cfg.c **** CY_CFG_UNUSED
 125:Generated_Source\PSoC4/cyfitter_cfg.c **** static void CyClockStartupError(uint8 errorCode)
 126:Generated_Source\PSoC4/cyfitter_cfg.c **** {
 127:Generated_Source\PSoC4/cyfitter_cfg.c ****     /* To remove the compiler warning if errorCode not used.                */
 128:Generated_Source\PSoC4/cyfitter_cfg.c ****     errorCode = errorCode;
 129:Generated_Source\PSoC4/cyfitter_cfg.c **** 
 130:Generated_Source\PSoC4/cyfitter_cfg.c ****     /* If we have a clock startup error (bad MHz crystal, PLL lock, etc.),  */
 131:Generated_Source\PSoC4/cyfitter_cfg.c ****     /* we will end up here to allow the customer to implement something to  */
 132:Generated_Source\PSoC4/cyfitter_cfg.c ****     /* deal with the clock condition.                                       */
 133:Generated_Source\PSoC4/cyfitter_cfg.c **** 
 134:Generated_Source\PSoC4/cyfitter_cfg.c **** #ifdef CY_CFG_CLOCK_STARTUP_ERROR_CALLBACK
 135:Generated_Source\PSoC4/cyfitter_cfg.c ****     CY_CFG_Clock_Startup_ErrorCallback();
 136:Generated_Source\PSoC4/cyfitter_cfg.c **** #else
 137:Generated_Source\PSoC4/cyfitter_cfg.c ****     /*  If not using CY_CFG_CLOCK_STARTUP_ERROR_CALLBACK, place your clock startup code here. */
 138:Generated_Source\PSoC4/cyfitter_cfg.c ****     /* `#START CyClockStartupError` */
 139:Generated_Source\PSoC4/cyfitter_cfg.c **** 
 140:Generated_Source\PSoC4/cyfitter_cfg.c **** 
 141:Generated_Source\PSoC4/cyfitter_cfg.c **** 
 142:Generated_Source\PSoC4/cyfitter_cfg.c ****     /* `#END` */
 143:Generated_Source\PSoC4/cyfitter_cfg.c **** 
 144:Generated_Source\PSoC4/cyfitter_cfg.c ****     while(1) {}
 145:Generated_Source\PSoC4/cyfitter_cfg.c **** #endif /* CY_CFG_CLOCK_STARTUP_ERROR_CALLBACK */
 146:Generated_Source\PSoC4/cyfitter_cfg.c **** }
 147:Generated_Source\PSoC4/cyfitter_cfg.c **** #endif
 148:Generated_Source\PSoC4/cyfitter_cfg.c **** 
 149:Generated_Source\PSoC4/cyfitter_cfg.c **** 
ARM GAS  C:\Users\ali\AppData\Local\Temp\ccFKjNoN.s 			page 6


 150:Generated_Source\PSoC4/cyfitter_cfg.c **** 
 151:Generated_Source\PSoC4/cyfitter_cfg.c **** /*******************************************************************************
 152:Generated_Source\PSoC4/cyfitter_cfg.c **** * Function Name: ClockSetup
 153:Generated_Source\PSoC4/cyfitter_cfg.c **** ********************************************************************************
 154:Generated_Source\PSoC4/cyfitter_cfg.c **** *
 155:Generated_Source\PSoC4/cyfitter_cfg.c **** * Summary:
 156:Generated_Source\PSoC4/cyfitter_cfg.c **** *   Performs the initialization of all of the clocks in the device based on the
 157:Generated_Source\PSoC4/cyfitter_cfg.c **** *   settings in the Clock tab of the DWR.  This includes enabling the requested
 158:Generated_Source\PSoC4/cyfitter_cfg.c **** *   clocks and setting the necessary dividers to produce the desired frequency. 
 159:Generated_Source\PSoC4/cyfitter_cfg.c **** *
 160:Generated_Source\PSoC4/cyfitter_cfg.c **** * Parameters:
 161:Generated_Source\PSoC4/cyfitter_cfg.c **** *   void
 162:Generated_Source\PSoC4/cyfitter_cfg.c **** *
 163:Generated_Source\PSoC4/cyfitter_cfg.c **** * Return:
 164:Generated_Source\PSoC4/cyfitter_cfg.c **** *   void
 165:Generated_Source\PSoC4/cyfitter_cfg.c **** *
 166:Generated_Source\PSoC4/cyfitter_cfg.c **** *******************************************************************************/
 167:Generated_Source\PSoC4/cyfitter_cfg.c **** static void ClockSetup(void);
 168:Generated_Source\PSoC4/cyfitter_cfg.c **** CY_CFG_SECTION
 169:Generated_Source\PSoC4/cyfitter_cfg.c **** static void ClockSetup(void)
 170:Generated_Source\PSoC4/cyfitter_cfg.c **** {
 137              		.loc 1 170 0
 138              		.cfi_startproc
 139              		@ args = 0, pretend = 0, frame = 0
 140              		@ frame_needed = 1, uses_anonymous_args = 0
 141 0000 80B5     		push	{r7, lr}
 142              		.cfi_def_cfa_offset 8
 143              		.cfi_offset 7, -8
 144              		.cfi_offset 14, -4
 145 0002 00AF     		add	r7, sp, #0
 146              		.cfi_def_cfa_register 7
 171:Generated_Source\PSoC4/cyfitter_cfg.c **** 	/* Enable HALF_EN before trimming for the flash accelerator. */
 172:Generated_Source\PSoC4/cyfitter_cfg.c **** 	CY_SET_REG32((void CYXDATA *)(CYREG_CLK_SELECT), (CY_GET_REG32((void *)CYREG_CLK_SELECT) | 0x00040
 147              		.loc 1 172 0
 148 0004 104B     		ldr	r3, .L5
 149 0006 104A     		ldr	r2, .L5
 150 0008 1268     		ldr	r2, [r2]
 151 000a 8021     		movs	r1, #128
 152 000c C902     		lsls	r1, r1, #11
 153 000e 0A43     		orrs	r2, r1
 154 0010 1A60     		str	r2, [r3]
 173:Generated_Source\PSoC4/cyfitter_cfg.c **** 
 174:Generated_Source\PSoC4/cyfitter_cfg.c **** 	/* Setup and trim IMO based on desired frequency. */
 175:Generated_Source\PSoC4/cyfitter_cfg.c **** 	CySysClkWriteImoFreq(32u);
 155              		.loc 1 175 0
 156 0012 2020     		movs	r0, #32
 157 0014 FFF7FEFF 		bl	CySysClkWriteImoFreq
 176:Generated_Source\PSoC4/cyfitter_cfg.c **** 	/* CYDEV_CLK_ILO_CONFIG Starting address: CYDEV_CLK_ILO_CONFIG */
 177:Generated_Source\PSoC4/cyfitter_cfg.c **** 	CY_SET_REG32((void *)(CYREG_CLK_ILO_CONFIG), 0x80000006u);
 158              		.loc 1 177 0
 159 0018 0C4B     		ldr	r3, .L5+4
 160 001a 0D4A     		ldr	r2, .L5+8
 161 001c 1A60     		str	r2, [r3]
 178:Generated_Source\PSoC4/cyfitter_cfg.c **** 
 179:Generated_Source\PSoC4/cyfitter_cfg.c **** 
 180:Generated_Source\PSoC4/cyfitter_cfg.c **** 	/* CYDEV_CLK_SELECT00 Starting address: CYDEV_CLK_SELECT00 */
 181:Generated_Source\PSoC4/cyfitter_cfg.c **** 	CY_SET_REG32((void *)(CYREG_CLK_SELECT03), 0x00000010u);
ARM GAS  C:\Users\ali\AppData\Local\Temp\ccFKjNoN.s 			page 7


 162              		.loc 1 181 0
 163 001e 0D4B     		ldr	r3, .L5+12
 164 0020 1022     		movs	r2, #16
 165 0022 1A60     		str	r2, [r3]
 182:Generated_Source\PSoC4/cyfitter_cfg.c **** 
 183:Generated_Source\PSoC4/cyfitter_cfg.c **** 	/* CYDEV_CLK_IMO_CONFIG Starting address: CYDEV_CLK_IMO_CONFIG */
 184:Generated_Source\PSoC4/cyfitter_cfg.c **** 	CY_SET_REG32((void *)(CYREG_CLK_IMO_CONFIG), 0x80000000u);
 166              		.loc 1 184 0
 167 0024 0C4B     		ldr	r3, .L5+16
 168 0026 8022     		movs	r2, #128
 169 0028 1206     		lsls	r2, r2, #24
 170 002a 1A60     		str	r2, [r3]
 185:Generated_Source\PSoC4/cyfitter_cfg.c **** 
 186:Generated_Source\PSoC4/cyfitter_cfg.c **** 	/* CYDEV_CLK_SELECT Starting address: CYDEV_CLK_SELECT */
 187:Generated_Source\PSoC4/cyfitter_cfg.c **** 	CY_SET_REG32((void *)(CYREG_CLK_SELECT), 0x00080000u);
 171              		.loc 1 187 0
 172 002c 064B     		ldr	r3, .L5
 173 002e 8022     		movs	r2, #128
 174 0030 1203     		lsls	r2, r2, #12
 175 0032 1A60     		str	r2, [r3]
 188:Generated_Source\PSoC4/cyfitter_cfg.c **** 
 189:Generated_Source\PSoC4/cyfitter_cfg.c **** 	/* CYDEV_CLK_DIVIDER_A00 Starting address: CYDEV_CLK_DIVIDER_A00 */
 190:Generated_Source\PSoC4/cyfitter_cfg.c **** 	CY_SET_REG32((void *)(CYREG_CLK_DIVIDER_A00), 0x80000013u);
 176              		.loc 1 190 0
 177 0034 094B     		ldr	r3, .L5+20
 178 0036 0A4A     		ldr	r2, .L5+24
 179 0038 1A60     		str	r2, [r3]
 191:Generated_Source\PSoC4/cyfitter_cfg.c **** 
 192:Generated_Source\PSoC4/cyfitter_cfg.c **** 	CY_SET_REG32((void *)(CYREG_WDT_CONFIG), 0x00000000u);
 180              		.loc 1 192 0
 181 003a 0A4B     		ldr	r3, .L5+28
 182 003c 0022     		movs	r2, #0
 183 003e 1A60     		str	r2, [r3]
 193:Generated_Source\PSoC4/cyfitter_cfg.c **** }
 184              		.loc 1 193 0
 185 0040 C046     		nop
 186 0042 BD46     		mov	sp, r7
 187              		@ sp needed
 188 0044 80BD     		pop	{r7, pc}
 189              	.L6:
 190 0046 C046     		.align	2
 191              	.L5:
 192 0048 00010B40 		.word	1074462976
 193 004c 04010B40 		.word	1074462980
 194 0050 06000080 		.word	-2147483642
 195 0054 0C020240 		.word	1073873420
 196 0058 08010B40 		.word	1074462984
 197 005c 00000240 		.word	1073872896
 198 0060 13000080 		.word	-2147483629
 199 0064 0C020B40 		.word	1074463244
 200              		.cfi_endproc
 201              	.LFE3:
 202              		.size	ClockSetup, .-ClockSetup
 203              		.section	.text.AnalogSetDefault,"ax",%progbits
 204              		.align	2
 205              		.code	16
 206              		.thumb_func
ARM GAS  C:\Users\ali\AppData\Local\Temp\ccFKjNoN.s 			page 8


 207              		.type	AnalogSetDefault, %function
 208              	AnalogSetDefault:
 209              	.LFB4:
 194:Generated_Source\PSoC4/cyfitter_cfg.c **** 
 195:Generated_Source\PSoC4/cyfitter_cfg.c **** 
 196:Generated_Source\PSoC4/cyfitter_cfg.c **** /* Analog API Functions */
 197:Generated_Source\PSoC4/cyfitter_cfg.c **** 
 198:Generated_Source\PSoC4/cyfitter_cfg.c **** 
 199:Generated_Source\PSoC4/cyfitter_cfg.c **** /*******************************************************************************
 200:Generated_Source\PSoC4/cyfitter_cfg.c **** * Function Name: AnalogSetDefault
 201:Generated_Source\PSoC4/cyfitter_cfg.c **** ********************************************************************************
 202:Generated_Source\PSoC4/cyfitter_cfg.c **** *
 203:Generated_Source\PSoC4/cyfitter_cfg.c **** * Summary:
 204:Generated_Source\PSoC4/cyfitter_cfg.c **** *  Sets up the analog portions of the chip to default values based on chip
 205:Generated_Source\PSoC4/cyfitter_cfg.c **** *  configuration options from the project.
 206:Generated_Source\PSoC4/cyfitter_cfg.c **** *
 207:Generated_Source\PSoC4/cyfitter_cfg.c **** * Parameters:
 208:Generated_Source\PSoC4/cyfitter_cfg.c **** *  void
 209:Generated_Source\PSoC4/cyfitter_cfg.c **** *
 210:Generated_Source\PSoC4/cyfitter_cfg.c **** * Return:
 211:Generated_Source\PSoC4/cyfitter_cfg.c **** *  void
 212:Generated_Source\PSoC4/cyfitter_cfg.c **** *
 213:Generated_Source\PSoC4/cyfitter_cfg.c **** *******************************************************************************/
 214:Generated_Source\PSoC4/cyfitter_cfg.c **** static void AnalogSetDefault(void);
 215:Generated_Source\PSoC4/cyfitter_cfg.c **** static void AnalogSetDefault(void)
 216:Generated_Source\PSoC4/cyfitter_cfg.c **** {
 210              		.loc 1 216 0
 211              		.cfi_startproc
 212              		@ args = 0, pretend = 0, frame = 0
 213              		@ frame_needed = 1, uses_anonymous_args = 0
 214 0000 80B5     		push	{r7, lr}
 215              		.cfi_def_cfa_offset 8
 216              		.cfi_offset 7, -8
 217              		.cfi_offset 14, -4
 218 0002 00AF     		add	r7, sp, #0
 219              		.cfi_def_cfa_register 7
 217:Generated_Source\PSoC4/cyfitter_cfg.c **** }
 220              		.loc 1 217 0
 221 0004 C046     		nop
 222 0006 BD46     		mov	sp, r7
 223              		@ sp needed
 224 0008 80BD     		pop	{r7, pc}
 225              		.cfi_endproc
 226              	.LFE4:
 227              		.size	AnalogSetDefault, .-AnalogSetDefault
 228 000a C046     		.section	.psocinit
 229              		.align	2
 230              		.global	cyfitter_cfg
 231              		.code	16
 232              		.thumb_func
 233              		.type	cyfitter_cfg, %function
 234              	cyfitter_cfg:
 235              	.LFB5:
 218:Generated_Source\PSoC4/cyfitter_cfg.c **** 
 219:Generated_Source\PSoC4/cyfitter_cfg.c **** 
 220:Generated_Source\PSoC4/cyfitter_cfg.c **** 
 221:Generated_Source\PSoC4/cyfitter_cfg.c **** 
ARM GAS  C:\Users\ali\AppData\Local\Temp\ccFKjNoN.s 			page 9


 222:Generated_Source\PSoC4/cyfitter_cfg.c **** /*******************************************************************************
 223:Generated_Source\PSoC4/cyfitter_cfg.c **** * Function Name: cyfitter_cfg
 224:Generated_Source\PSoC4/cyfitter_cfg.c **** ********************************************************************************
 225:Generated_Source\PSoC4/cyfitter_cfg.c **** * Summary:
 226:Generated_Source\PSoC4/cyfitter_cfg.c **** *  This function is called by the start-up code for the selected device. It
 227:Generated_Source\PSoC4/cyfitter_cfg.c **** *  performs all of the necessary device configuration based on the design
 228:Generated_Source\PSoC4/cyfitter_cfg.c **** *  settings.  This includes settings from the Design Wide Resources (DWR) such
 229:Generated_Source\PSoC4/cyfitter_cfg.c **** *  as Clocks and Pins as well as any component configuration that is necessary.
 230:Generated_Source\PSoC4/cyfitter_cfg.c **** *
 231:Generated_Source\PSoC4/cyfitter_cfg.c **** * Parameters:
 232:Generated_Source\PSoC4/cyfitter_cfg.c **** *   void
 233:Generated_Source\PSoC4/cyfitter_cfg.c **** *
 234:Generated_Source\PSoC4/cyfitter_cfg.c **** * Return:
 235:Generated_Source\PSoC4/cyfitter_cfg.c **** *   void
 236:Generated_Source\PSoC4/cyfitter_cfg.c **** *
 237:Generated_Source\PSoC4/cyfitter_cfg.c **** *******************************************************************************/
 238:Generated_Source\PSoC4/cyfitter_cfg.c **** CY_CFG_SECTION
 239:Generated_Source\PSoC4/cyfitter_cfg.c **** void cyfitter_cfg(void)
 240:Generated_Source\PSoC4/cyfitter_cfg.c **** {
 236              		.loc 1 240 0
 237              		.cfi_startproc
 238              		@ args = 0, pretend = 0, frame = 8
 239              		@ frame_needed = 1, uses_anonymous_args = 0
 240 0068 80B5     		push	{r7, lr}
 241              		.cfi_def_cfa_offset 8
 242              		.cfi_offset 7, -8
 243              		.cfi_offset 14, -4
 244 006a 82B0     		sub	sp, sp, #8
 245              		.cfi_def_cfa_offset 16
 246 006c 00AF     		add	r7, sp, #0
 247              		.cfi_def_cfa_register 7
 241:Generated_Source\PSoC4/cyfitter_cfg.c **** 	/* Disable interrupts by default. Let user enable if/when they want. */
 242:Generated_Source\PSoC4/cyfitter_cfg.c **** 	CyGlobalIntDisable;
 248              		.loc 1 242 0
 249              		.syntax divided
 250              	@ 242 "Generated_Source\PSoC4\cyfitter_cfg.c" 1
 251 006e 72B6     		CPSID   i
 252              	@ 0 "" 2
 253              		.thumb
 254              		.syntax unified
 255              	.LBB2:
 243:Generated_Source\PSoC4/cyfitter_cfg.c **** 
 244:Generated_Source\PSoC4/cyfitter_cfg.c **** 	{
 245:Generated_Source\PSoC4/cyfitter_cfg.c **** 
 246:Generated_Source\PSoC4/cyfitter_cfg.c **** 		CYPACKED typedef struct {
 247:Generated_Source\PSoC4/cyfitter_cfg.c **** 			void CYFAR *address;
 248:Generated_Source\PSoC4/cyfitter_cfg.c **** 			uint16 size;
 249:Generated_Source\PSoC4/cyfitter_cfg.c **** 		} CYPACKED_ATTR cfg_memset_t;
 250:Generated_Source\PSoC4/cyfitter_cfg.c **** 
 251:Generated_Source\PSoC4/cyfitter_cfg.c **** 		static const cfg_memset_t CYCODE cfg_memset_list[] = {
 252:Generated_Source\PSoC4/cyfitter_cfg.c **** 			/* address, size */
 253:Generated_Source\PSoC4/cyfitter_cfg.c **** 			{(void CYFAR *)(CYDEV_UDB_P0_U0_BASE), 1024u},
 254:Generated_Source\PSoC4/cyfitter_cfg.c **** 			{(void CYFAR *)(CYDEV_UDB_DSI0_BASE), 1024u},
 255:Generated_Source\PSoC4/cyfitter_cfg.c **** 		};
 256:Generated_Source\PSoC4/cyfitter_cfg.c **** 
 257:Generated_Source\PSoC4/cyfitter_cfg.c **** 		uint8 CYDATA i;
 258:Generated_Source\PSoC4/cyfitter_cfg.c **** 
ARM GAS  C:\Users\ali\AppData\Local\Temp\ccFKjNoN.s 			page 10


 259:Generated_Source\PSoC4/cyfitter_cfg.c **** 		/* Zero out critical memory blocks before beginning configuration */
 260:Generated_Source\PSoC4/cyfitter_cfg.c **** 		for (i = 0u; i < (sizeof(cfg_memset_list)/sizeof(cfg_memset_list[0])); i++)
 256              		.loc 1 260 0
 257 0070 FB1D     		adds	r3, r7, #7
 258 0072 0022     		movs	r2, #0
 259 0074 1A70     		strb	r2, [r3]
 260 0076 22E0     		b	.L9
 261              	.L10:
 262              	.LBB3:
 261:Generated_Source\PSoC4/cyfitter_cfg.c **** 		{
 262:Generated_Source\PSoC4/cyfitter_cfg.c **** 			const cfg_memset_t CYCODE * CYDATA ms = &cfg_memset_list[i];
 263              		.loc 1 262 0 discriminator 3
 264 0078 FB1D     		adds	r3, r7, #7
 265 007a 1A78     		ldrb	r2, [r3]
 266 007c 1300     		movs	r3, r2
 267 007e 5B00     		lsls	r3, r3, #1
 268 0080 9B18     		adds	r3, r3, r2
 269 0082 5B00     		lsls	r3, r3, #1
 270 0084 244A     		ldr	r2, .L11
 271 0086 9B18     		adds	r3, r3, r2
 272 0088 3B60     		str	r3, [r7]
 263:Generated_Source\PSoC4/cyfitter_cfg.c **** 			CYMEMZERO(ms->address, (size_t)(uint32)(ms->size));
 273              		.loc 1 263 0 discriminator 3
 274 008a 3B68     		ldr	r3, [r7]
 275 008c 1A78     		ldrb	r2, [r3]
 276 008e 5978     		ldrb	r1, [r3, #1]
 277 0090 0902     		lsls	r1, r1, #8
 278 0092 0A43     		orrs	r2, r1
 279 0094 9978     		ldrb	r1, [r3, #2]
 280 0096 0904     		lsls	r1, r1, #16
 281 0098 0A43     		orrs	r2, r1
 282 009a DB78     		ldrb	r3, [r3, #3]
 283 009c 1B06     		lsls	r3, r3, #24
 284 009e 1343     		orrs	r3, r2
 285 00a0 1800     		movs	r0, r3
 286 00a2 3B68     		ldr	r3, [r7]
 287 00a4 1A79     		ldrb	r2, [r3, #4]
 288 00a6 5B79     		ldrb	r3, [r3, #5]
 289 00a8 1B02     		lsls	r3, r3, #8
 290 00aa 1343     		orrs	r3, r2
 291 00ac 9BB2     		uxth	r3, r3
 292 00ae 1900     		movs	r1, r3
 293 00b0 FFF7FEFF 		bl	CYMEMZERO
 294              	.LBE3:
 260:Generated_Source\PSoC4/cyfitter_cfg.c **** 		{
 295              		.loc 1 260 0 discriminator 3
 296 00b4 FB1D     		adds	r3, r7, #7
 297 00b6 1A78     		ldrb	r2, [r3]
 298 00b8 FB1D     		adds	r3, r7, #7
 299 00ba 0132     		adds	r2, r2, #1
 300 00bc 1A70     		strb	r2, [r3]
 301              	.L9:
 260:Generated_Source\PSoC4/cyfitter_cfg.c **** 		{
 302              		.loc 1 260 0 is_stmt 0 discriminator 1
 303 00be FB1D     		adds	r3, r7, #7
 304 00c0 1B78     		ldrb	r3, [r3]
 305 00c2 012B     		cmp	r3, #1
ARM GAS  C:\Users\ali\AppData\Local\Temp\ccFKjNoN.s 			page 11


 306 00c4 D8D9     		bls	.L10
 264:Generated_Source\PSoC4/cyfitter_cfg.c **** 		}
 265:Generated_Source\PSoC4/cyfitter_cfg.c **** 
 266:Generated_Source\PSoC4/cyfitter_cfg.c **** 		/* HSIOM Starting address: CYDEV_HSIOM_BASE */
 267:Generated_Source\PSoC4/cyfitter_cfg.c **** 		CY_SET_REG32((void *)(CYREG_HSIOM_PORT_SEL3), 0x0000EEEEu);
 307              		.loc 1 267 0 is_stmt 1
 308 00c6 154B     		ldr	r3, .L11+4
 309 00c8 154A     		ldr	r2, .L11+8
 310 00ca 1A60     		str	r2, [r3]
 268:Generated_Source\PSoC4/cyfitter_cfg.c **** 
 269:Generated_Source\PSoC4/cyfitter_cfg.c **** 		/* UDB_PA_0 Starting address: CYDEV_UDB_PA0_BASE */
 270:Generated_Source\PSoC4/cyfitter_cfg.c **** 		CY_SET_REG32((void *)(CYDEV_UDB_PA0_BASE), 0x00990000u);
 311              		.loc 1 270 0
 312 00cc 154B     		ldr	r3, .L11+12
 313 00ce 9922     		movs	r2, #153
 314 00d0 1204     		lsls	r2, r2, #16
 315 00d2 1A60     		str	r2, [r3]
 271:Generated_Source\PSoC4/cyfitter_cfg.c **** 
 272:Generated_Source\PSoC4/cyfitter_cfg.c **** 		/* UDB_PA_3 Starting address: CYDEV_UDB_PA3_BASE */
 273:Generated_Source\PSoC4/cyfitter_cfg.c **** 		CY_SET_REG32((void *)(CYDEV_UDB_PA3_BASE), 0x00990000u);
 316              		.loc 1 273 0
 317 00d4 144B     		ldr	r3, .L11+16
 318 00d6 9922     		movs	r2, #153
 319 00d8 1204     		lsls	r2, r2, #16
 320 00da 1A60     		str	r2, [r3]
 274:Generated_Source\PSoC4/cyfitter_cfg.c **** 
 275:Generated_Source\PSoC4/cyfitter_cfg.c **** 		/* Enable digital routing */
 276:Generated_Source\PSoC4/cyfitter_cfg.c **** 		CY_SET_XTND_REG8((void *)CYREG_UDB_UDBIF_BANK_CTL, (uint8)(CY_GET_XTND_REG8((void *)CYREG_UDB_UDB
 321              		.loc 1 276 0
 322 00dc 134A     		ldr	r2, .L11+20
 323 00de 134B     		ldr	r3, .L11+20
 324 00e0 1B78     		ldrb	r3, [r3]
 325 00e2 DBB2     		uxtb	r3, r3
 326 00e4 0621     		movs	r1, #6
 327 00e6 0B43     		orrs	r3, r1
 328 00e8 DBB2     		uxtb	r3, r3
 329 00ea 1370     		strb	r3, [r2]
 330              	.LBE2:
 277:Generated_Source\PSoC4/cyfitter_cfg.c **** 	}
 278:Generated_Source\PSoC4/cyfitter_cfg.c **** 
 279:Generated_Source\PSoC4/cyfitter_cfg.c **** 	/* Perform second pass device configuration. These items must be configured in specific order afte
 280:Generated_Source\PSoC4/cyfitter_cfg.c **** 	/* IOPINS0_0 Starting address: CYDEV_PRT0_BASE */
 281:Generated_Source\PSoC4/cyfitter_cfg.c **** 	CY_SET_REG32((void *)(CYDEV_PRT0_BASE), 0x00000008u);
 331              		.loc 1 281 0
 332 00ec 104B     		ldr	r3, .L11+24
 333 00ee 0822     		movs	r2, #8
 334 00f0 1A60     		str	r2, [r3]
 282:Generated_Source\PSoC4/cyfitter_cfg.c **** 	CY_SET_REG32((void *)(CYREG_PRT0_PC), 0x00000C00u);
 335              		.loc 1 282 0
 336 00f2 104B     		ldr	r3, .L11+28
 337 00f4 C022     		movs	r2, #192
 338 00f6 1201     		lsls	r2, r2, #4
 339 00f8 1A60     		str	r2, [r3]
 283:Generated_Source\PSoC4/cyfitter_cfg.c **** 
 284:Generated_Source\PSoC4/cyfitter_cfg.c **** 	/* IOPINS0_3 Starting address: CYDEV_PRT3_BASE */
 285:Generated_Source\PSoC4/cyfitter_cfg.c **** 	CY_SET_REG32((void *)(CYDEV_PRT3_BASE), 0x00000003u);
 340              		.loc 1 285 0
ARM GAS  C:\Users\ali\AppData\Local\Temp\ccFKjNoN.s 			page 12


 341 00fa 0F4B     		ldr	r3, .L11+32
 342 00fc 0322     		movs	r2, #3
 343 00fe 1A60     		str	r2, [r3]
 286:Generated_Source\PSoC4/cyfitter_cfg.c **** 	CY_SET_REG32((void *)(CYREG_PRT3_PC), 0x00000DA4u);
 344              		.loc 1 286 0
 345 0100 0E4B     		ldr	r3, .L11+36
 346 0102 0F4A     		ldr	r2, .L11+40
 347 0104 1A60     		str	r2, [r3]
 287:Generated_Source\PSoC4/cyfitter_cfg.c **** 
 288:Generated_Source\PSoC4/cyfitter_cfg.c **** 
 289:Generated_Source\PSoC4/cyfitter_cfg.c **** 	/* Setup clocks based on selections from Clock DWR */
 290:Generated_Source\PSoC4/cyfitter_cfg.c **** 	ClockSetup();
 348              		.loc 1 290 0
 349 0106 FFF77BFF 		bl	ClockSetup
 291:Generated_Source\PSoC4/cyfitter_cfg.c **** 
 292:Generated_Source\PSoC4/cyfitter_cfg.c **** 	/* Perform basic analog initialization to defaults */
 293:Generated_Source\PSoC4/cyfitter_cfg.c **** 	AnalogSetDefault();
 350              		.loc 1 293 0
 351 010a FFF7FEFF 		bl	AnalogSetDefault
 294:Generated_Source\PSoC4/cyfitter_cfg.c **** 
 295:Generated_Source\PSoC4/cyfitter_cfg.c **** }
 352              		.loc 1 295 0
 353 010e C046     		nop
 354 0110 BD46     		mov	sp, r7
 355 0112 02B0     		add	sp, sp, #8
 356              		@ sp needed
 357 0114 80BD     		pop	{r7, pc}
 358              	.L12:
 359 0116 C046     		.align	2
 360              	.L11:
 361 0118 00000000 		.word	cfg_memset_list.4847
 362 011c 0C000140 		.word	1073807372
 363 0120 EEEE0000 		.word	61166
 364 0124 00500F40 		.word	1074745344
 365 0128 30500F40 		.word	1074745392
 366 012c 00700F40 		.word	1074753536
 367 0130 00000440 		.word	1074003968
 368 0134 08000440 		.word	1074003976
 369 0138 00030440 		.word	1074004736
 370 013c 08030440 		.word	1074004744
 371 0140 A40D0000 		.word	3492
 372              		.cfi_endproc
 373              	.LFE5:
 374              		.size	cyfitter_cfg, .-cyfitter_cfg
 375              		.section	.rodata
 376              		.align	2
 377              		.type	cfg_memset_list.4847, %object
 378              		.size	cfg_memset_list.4847, 12
 379              	cfg_memset_list.4847:
 380 0000 00300F40 		.word	1074737152
 381 0004 0004     		.short	1024
 382 0006 00400F40 		.4byte	1074741248
 383 000a 0004     		.short	1024
 384              		.text
 385              	.Letext0:
 386              		.file 2 "c:\\program files (x86)\\cypress\\psoc creator\\4.4\\psoc creator\\import\\gnu\\arm\\5.4.
 387              		.file 3 "Generated_Source\\PSoC4\\cytypes.h"
ARM GAS  C:\Users\ali\AppData\Local\Temp\ccFKjNoN.s 			page 13


 388              		.section	.debug_info,"",%progbits
 389              	.Ldebug_info0:
 390 0000 4F020000 		.4byte	0x24f
 391 0004 0400     		.2byte	0x4
 392 0006 00000000 		.4byte	.Ldebug_abbrev0
 393 000a 04       		.byte	0x4
 394 000b 01       		.uleb128 0x1
 395 000c 83000000 		.4byte	.LASF30
 396 0010 0C       		.byte	0xc
 397 0011 FF010000 		.4byte	.LASF31
 398 0015 26010000 		.4byte	.LASF32
 399 0019 00000000 		.4byte	.Ldebug_ranges0+0
 400 001d 00000000 		.4byte	0
 401 0021 00000000 		.4byte	.Ldebug_line0
 402 0025 02       		.uleb128 0x2
 403 0026 04       		.byte	0x4
 404 0027 05       		.byte	0x5
 405 0028 696E7400 		.ascii	"int\000"
 406 002c 03       		.uleb128 0x3
 407 002d 06000000 		.4byte	.LASF12
 408 0031 02       		.byte	0x2
 409 0032 D8       		.byte	0xd8
 410 0033 37000000 		.4byte	0x37
 411 0037 04       		.uleb128 0x4
 412 0038 04       		.byte	0x4
 413 0039 07       		.byte	0x7
 414 003a 7F010000 		.4byte	.LASF0
 415 003e 04       		.uleb128 0x4
 416 003f 08       		.byte	0x8
 417 0040 05       		.byte	0x5
 418 0041 C1010000 		.4byte	.LASF1
 419 0045 04       		.uleb128 0x4
 420 0046 08       		.byte	0x8
 421 0047 04       		.byte	0x4
 422 0048 E7010000 		.4byte	.LASF2
 423 004c 04       		.uleb128 0x4
 424 004d 01       		.byte	0x1
 425 004e 06       		.byte	0x6
 426 004f F3010000 		.4byte	.LASF3
 427 0053 04       		.uleb128 0x4
 428 0054 01       		.byte	0x1
 429 0055 08       		.byte	0x8
 430 0056 11010000 		.4byte	.LASF4
 431 005a 04       		.uleb128 0x4
 432 005b 02       		.byte	0x2
 433 005c 05       		.byte	0x5
 434 005d D4010000 		.4byte	.LASF5
 435 0061 04       		.uleb128 0x4
 436 0062 02       		.byte	0x2
 437 0063 07       		.byte	0x7
 438 0064 39000000 		.4byte	.LASF6
 439 0068 04       		.uleb128 0x4
 440 0069 04       		.byte	0x4
 441 006a 05       		.byte	0x5
 442 006b DE010000 		.4byte	.LASF7
 443 006f 04       		.uleb128 0x4
 444 0070 04       		.byte	0x4
ARM GAS  C:\Users\ali\AppData\Local\Temp\ccFKjNoN.s 			page 14


 445 0071 07       		.byte	0x7
 446 0072 61000000 		.4byte	.LASF8
 447 0076 04       		.uleb128 0x4
 448 0077 08       		.byte	0x8
 449 0078 07       		.byte	0x7
 450 0079 94010000 		.4byte	.LASF9
 451 007d 04       		.uleb128 0x4
 452 007e 04       		.byte	0x4
 453 007f 07       		.byte	0x7
 454 0080 B8010000 		.4byte	.LASF10
 455 0084 05       		.uleb128 0x5
 456 0085 04       		.byte	0x4
 457 0086 04       		.uleb128 0x4
 458 0087 01       		.byte	0x1
 459 0088 08       		.byte	0x8
 460 0089 CF010000 		.4byte	.LASF11
 461 008d 06       		.uleb128 0x6
 462 008e 73000000 		.4byte	.LASF13
 463 0092 03       		.byte	0x3
 464 0093 E401     		.2byte	0x1e4
 465 0095 53000000 		.4byte	0x53
 466 0099 06       		.uleb128 0x6
 467 009a 71010000 		.4byte	.LASF14
 468 009e 03       		.byte	0x3
 469 009f E501     		.2byte	0x1e5
 470 00a1 61000000 		.4byte	0x61
 471 00a5 06       		.uleb128 0x6
 472 00a6 78010000 		.4byte	.LASF15
 473 00aa 03       		.byte	0x3
 474 00ab E601     		.2byte	0x1e6
 475 00ad 6F000000 		.4byte	0x6f
 476 00b1 04       		.uleb128 0x4
 477 00b2 04       		.byte	0x4
 478 00b3 04       		.byte	0x4
 479 00b4 4C000000 		.4byte	.LASF16
 480 00b8 04       		.uleb128 0x4
 481 00b9 08       		.byte	0x8
 482 00ba 04       		.byte	0x4
 483 00bb 1F010000 		.4byte	.LASF17
 484 00bf 06       		.uleb128 0x6
 485 00c0 5C000000 		.4byte	.LASF18
 486 00c4 03       		.byte	0x3
 487 00c5 8E02     		.2byte	0x28e
 488 00c7 CB000000 		.4byte	0xcb
 489 00cb 07       		.uleb128 0x7
 490 00cc 8D000000 		.4byte	0x8d
 491 00d0 06       		.uleb128 0x6
 492 00d1 00000000 		.4byte	.LASF19
 493 00d5 03       		.byte	0x3
 494 00d6 9002     		.2byte	0x290
 495 00d8 DC000000 		.4byte	0xdc
 496 00dc 07       		.uleb128 0x7
 497 00dd A5000000 		.4byte	0xa5
 498 00e1 08       		.uleb128 0x8
 499 00e2 79000000 		.4byte	.LASF20
 500 00e6 01       		.byte	0x1
 501 00e7 4B       		.byte	0x4b
ARM GAS  C:\Users\ali\AppData\Local\Temp\ccFKjNoN.s 			page 15


 502 00e8 00000000 		.4byte	.LFB0
 503 00ec 1E000000 		.4byte	.LFE0-.LFB0
 504 00f0 01       		.uleb128 0x1
 505 00f1 9C       		.byte	0x9c
 506 00f2 0F010000 		.4byte	0x10f
 507 00f6 09       		.uleb128 0x9
 508 00f7 7300     		.ascii	"s\000"
 509 00f9 01       		.byte	0x1
 510 00fa 4B       		.byte	0x4b
 511 00fb 84000000 		.4byte	0x84
 512 00ff 02       		.uleb128 0x2
 513 0100 91       		.byte	0x91
 514 0101 74       		.sleb128 -12
 515 0102 09       		.uleb128 0x9
 516 0103 6E00     		.ascii	"n\000"
 517 0105 01       		.byte	0x1
 518 0106 4B       		.byte	0x4b
 519 0107 2C000000 		.4byte	0x2c
 520 010b 02       		.uleb128 0x2
 521 010c 91       		.byte	0x91
 522 010d 70       		.sleb128 -16
 523 010e 00       		.byte	0
 524 010f 08       		.uleb128 0x8
 525 0110 35020000 		.4byte	.LASF21
 526 0114 01       		.byte	0x1
 527 0115 52       		.byte	0x52
 528 0116 00000000 		.4byte	.LFB1
 529 011a 20000000 		.4byte	.LFE1-.LFB1
 530 011e 01       		.uleb128 0x1
 531 011f 9C       		.byte	0x9c
 532 0120 4D010000 		.4byte	0x14d
 533 0124 0A       		.uleb128 0xa
 534 0125 52000000 		.4byte	.LASF22
 535 0129 01       		.byte	0x1
 536 012a 52       		.byte	0x52
 537 012b 84000000 		.4byte	0x84
 538 012f 02       		.uleb128 0x2
 539 0130 91       		.byte	0x91
 540 0131 74       		.sleb128 -12
 541 0132 09       		.uleb128 0x9
 542 0133 73726300 		.ascii	"src\000"
 543 0137 01       		.byte	0x1
 544 0138 52       		.byte	0x52
 545 0139 4D010000 		.4byte	0x14d
 546 013d 02       		.uleb128 0x2
 547 013e 91       		.byte	0x91
 548 013f 70       		.sleb128 -16
 549 0140 09       		.uleb128 0x9
 550 0141 6E00     		.ascii	"n\000"
 551 0143 01       		.byte	0x1
 552 0144 52       		.byte	0x52
 553 0145 2C000000 		.4byte	0x2c
 554 0149 02       		.uleb128 0x2
 555 014a 91       		.byte	0x91
 556 014b 6C       		.sleb128 -20
 557 014c 00       		.byte	0
 558 014d 0B       		.uleb128 0xb
ARM GAS  C:\Users\ali\AppData\Local\Temp\ccFKjNoN.s 			page 16


 559 014e 04       		.byte	0x4
 560 014f 53010000 		.4byte	0x153
 561 0153 0C       		.uleb128 0xc
 562 0154 08       		.uleb128 0x8
 563 0155 25020000 		.4byte	.LASF23
 564 0159 01       		.byte	0x1
 565 015a 59       		.byte	0x59
 566 015b 00000000 		.4byte	.LFB2
 567 015f 20000000 		.4byte	.LFE2-.LFB2
 568 0163 01       		.uleb128 0x1
 569 0164 9C       		.byte	0x9c
 570 0165 92010000 		.4byte	0x192
 571 0169 0A       		.uleb128 0xa
 572 016a 52000000 		.4byte	.LASF22
 573 016e 01       		.byte	0x1
 574 016f 59       		.byte	0x59
 575 0170 84000000 		.4byte	0x84
 576 0174 02       		.uleb128 0x2
 577 0175 91       		.byte	0x91
 578 0176 74       		.sleb128 -12
 579 0177 09       		.uleb128 0x9
 580 0178 73726300 		.ascii	"src\000"
 581 017c 01       		.byte	0x1
 582 017d 59       		.byte	0x59
 583 017e 4D010000 		.4byte	0x14d
 584 0182 02       		.uleb128 0x2
 585 0183 91       		.byte	0x91
 586 0184 70       		.sleb128 -16
 587 0185 09       		.uleb128 0x9
 588 0186 6E00     		.ascii	"n\000"
 589 0188 01       		.byte	0x1
 590 0189 59       		.byte	0x59
 591 018a 2C000000 		.4byte	0x2c
 592 018e 02       		.uleb128 0x2
 593 018f 91       		.byte	0x91
 594 0190 6C       		.sleb128 -20
 595 0191 00       		.byte	0
 596 0192 0D       		.uleb128 0xd
 597 0193 2E000000 		.4byte	.LASF24
 598 0197 01       		.byte	0x1
 599 0198 A9       		.byte	0xa9
 600 0199 00000000 		.4byte	.LFB3
 601 019d 68000000 		.4byte	.LFE3-.LFB3
 602 01a1 01       		.uleb128 0x1
 603 01a2 9C       		.byte	0x9c
 604 01a3 0E       		.uleb128 0xe
 605 01a4 0D000000 		.4byte	.LASF25
 606 01a8 01       		.byte	0x1
 607 01a9 D7       		.byte	0xd7
 608 01aa 00000000 		.4byte	.LFB4
 609 01ae 0A000000 		.4byte	.LFE4-.LFB4
 610 01b2 01       		.uleb128 0x1
 611 01b3 9C       		.byte	0x9c
 612 01b4 0F       		.uleb128 0xf
 613 01b5 64010000 		.4byte	.LASF33
 614 01b9 01       		.byte	0x1
 615 01ba EF       		.byte	0xef
ARM GAS  C:\Users\ali\AppData\Local\Temp\ccFKjNoN.s 			page 17


 616 01bb 68000000 		.4byte	.LFB5
 617 01bf DC000000 		.4byte	.LFE5-.LFB5
 618 01c3 01       		.uleb128 0x1
 619 01c4 9C       		.byte	0x9c
 620 01c5 10       		.uleb128 0x10
 621 01c6 70000000 		.4byte	.LBB2
 622 01ca 7C000000 		.4byte	.LBE2-.LBB2
 623 01ce 11       		.uleb128 0x11
 624 01cf 06       		.byte	0x6
 625 01d0 01       		.byte	0x1
 626 01d1 F6       		.byte	0xf6
 627 01d2 EF010000 		.4byte	0x1ef
 628 01d6 12       		.uleb128 0x12
 629 01d7 8C010000 		.4byte	.LASF26
 630 01db 01       		.byte	0x1
 631 01dc F7       		.byte	0xf7
 632 01dd 84000000 		.4byte	0x84
 633 01e1 00       		.byte	0
 634 01e2 12       		.uleb128 0x12
 635 01e3 57000000 		.4byte	.LASF27
 636 01e7 01       		.byte	0x1
 637 01e8 F8       		.byte	0xf8
 638 01e9 99000000 		.4byte	0x99
 639 01ed 04       		.byte	0x4
 640 01ee 00       		.byte	0
 641 01ef 03       		.uleb128 0x3
 642 01f0 AB010000 		.4byte	.LASF28
 643 01f4 01       		.byte	0x1
 644 01f5 F9       		.byte	0xf9
 645 01f6 CE010000 		.4byte	0x1ce
 646 01fa 13       		.uleb128 0x13
 647 01fb 0A020000 		.4byte	0x20a
 648 01ff 0A020000 		.4byte	0x20a
 649 0203 14       		.uleb128 0x14
 650 0204 7D000000 		.4byte	0x7d
 651 0208 01       		.byte	0x1
 652 0209 00       		.byte	0
 653 020a 15       		.uleb128 0x15
 654 020b EF010000 		.4byte	0x1ef
 655 020f 16       		.uleb128 0x16
 656 0210 1E000000 		.4byte	.LASF29
 657 0214 01       		.byte	0x1
 658 0215 FB       		.byte	0xfb
 659 0216 20020000 		.4byte	0x220
 660 021a 05       		.uleb128 0x5
 661 021b 03       		.byte	0x3
 662 021c 00000000 		.4byte	cfg_memset_list.4847
 663 0220 15       		.uleb128 0x15
 664 0221 FA010000 		.4byte	0x1fa
 665 0225 17       		.uleb128 0x17
 666 0226 6900     		.ascii	"i\000"
 667 0228 01       		.byte	0x1
 668 0229 0101     		.2byte	0x101
 669 022b 8D000000 		.4byte	0x8d
 670 022f 02       		.uleb128 0x2
 671 0230 91       		.byte	0x91
 672 0231 77       		.sleb128 -9
ARM GAS  C:\Users\ali\AppData\Local\Temp\ccFKjNoN.s 			page 18


 673 0232 10       		.uleb128 0x10
 674 0233 78000000 		.4byte	.LBB3
 675 0237 3C000000 		.4byte	.LBE3-.LBB3
 676 023b 17       		.uleb128 0x17
 677 023c 6D7300   		.ascii	"ms\000"
 678 023f 01       		.byte	0x1
 679 0240 0601     		.2byte	0x106
 680 0242 49020000 		.4byte	0x249
 681 0246 02       		.uleb128 0x2
 682 0247 91       		.byte	0x91
 683 0248 70       		.sleb128 -16
 684 0249 0B       		.uleb128 0xb
 685 024a 04       		.byte	0x4
 686 024b 0A020000 		.4byte	0x20a
 687 024f 00       		.byte	0
 688 0250 00       		.byte	0
 689 0251 00       		.byte	0
 690 0252 00       		.byte	0
 691              		.section	.debug_abbrev,"",%progbits
 692              	.Ldebug_abbrev0:
 693 0000 01       		.uleb128 0x1
 694 0001 11       		.uleb128 0x11
 695 0002 01       		.byte	0x1
 696 0003 25       		.uleb128 0x25
 697 0004 0E       		.uleb128 0xe
 698 0005 13       		.uleb128 0x13
 699 0006 0B       		.uleb128 0xb
 700 0007 03       		.uleb128 0x3
 701 0008 0E       		.uleb128 0xe
 702 0009 1B       		.uleb128 0x1b
 703 000a 0E       		.uleb128 0xe
 704 000b 55       		.uleb128 0x55
 705 000c 17       		.uleb128 0x17
 706 000d 11       		.uleb128 0x11
 707 000e 01       		.uleb128 0x1
 708 000f 10       		.uleb128 0x10
 709 0010 17       		.uleb128 0x17
 710 0011 00       		.byte	0
 711 0012 00       		.byte	0
 712 0013 02       		.uleb128 0x2
 713 0014 24       		.uleb128 0x24
 714 0015 00       		.byte	0
 715 0016 0B       		.uleb128 0xb
 716 0017 0B       		.uleb128 0xb
 717 0018 3E       		.uleb128 0x3e
 718 0019 0B       		.uleb128 0xb
 719 001a 03       		.uleb128 0x3
 720 001b 08       		.uleb128 0x8
 721 001c 00       		.byte	0
 722 001d 00       		.byte	0
 723 001e 03       		.uleb128 0x3
 724 001f 16       		.uleb128 0x16
 725 0020 00       		.byte	0
 726 0021 03       		.uleb128 0x3
 727 0022 0E       		.uleb128 0xe
 728 0023 3A       		.uleb128 0x3a
 729 0024 0B       		.uleb128 0xb
ARM GAS  C:\Users\ali\AppData\Local\Temp\ccFKjNoN.s 			page 19


 730 0025 3B       		.uleb128 0x3b
 731 0026 0B       		.uleb128 0xb
 732 0027 49       		.uleb128 0x49
 733 0028 13       		.uleb128 0x13
 734 0029 00       		.byte	0
 735 002a 00       		.byte	0
 736 002b 04       		.uleb128 0x4
 737 002c 24       		.uleb128 0x24
 738 002d 00       		.byte	0
 739 002e 0B       		.uleb128 0xb
 740 002f 0B       		.uleb128 0xb
 741 0030 3E       		.uleb128 0x3e
 742 0031 0B       		.uleb128 0xb
 743 0032 03       		.uleb128 0x3
 744 0033 0E       		.uleb128 0xe
 745 0034 00       		.byte	0
 746 0035 00       		.byte	0
 747 0036 05       		.uleb128 0x5
 748 0037 0F       		.uleb128 0xf
 749 0038 00       		.byte	0
 750 0039 0B       		.uleb128 0xb
 751 003a 0B       		.uleb128 0xb
 752 003b 00       		.byte	0
 753 003c 00       		.byte	0
 754 003d 06       		.uleb128 0x6
 755 003e 16       		.uleb128 0x16
 756 003f 00       		.byte	0
 757 0040 03       		.uleb128 0x3
 758 0041 0E       		.uleb128 0xe
 759 0042 3A       		.uleb128 0x3a
 760 0043 0B       		.uleb128 0xb
 761 0044 3B       		.uleb128 0x3b
 762 0045 05       		.uleb128 0x5
 763 0046 49       		.uleb128 0x49
 764 0047 13       		.uleb128 0x13
 765 0048 00       		.byte	0
 766 0049 00       		.byte	0
 767 004a 07       		.uleb128 0x7
 768 004b 35       		.uleb128 0x35
 769 004c 00       		.byte	0
 770 004d 49       		.uleb128 0x49
 771 004e 13       		.uleb128 0x13
 772 004f 00       		.byte	0
 773 0050 00       		.byte	0
 774 0051 08       		.uleb128 0x8
 775 0052 2E       		.uleb128 0x2e
 776 0053 01       		.byte	0x1
 777 0054 03       		.uleb128 0x3
 778 0055 0E       		.uleb128 0xe
 779 0056 3A       		.uleb128 0x3a
 780 0057 0B       		.uleb128 0xb
 781 0058 3B       		.uleb128 0x3b
 782 0059 0B       		.uleb128 0xb
 783 005a 27       		.uleb128 0x27
 784 005b 19       		.uleb128 0x19
 785 005c 11       		.uleb128 0x11
 786 005d 01       		.uleb128 0x1
ARM GAS  C:\Users\ali\AppData\Local\Temp\ccFKjNoN.s 			page 20


 787 005e 12       		.uleb128 0x12
 788 005f 06       		.uleb128 0x6
 789 0060 40       		.uleb128 0x40
 790 0061 18       		.uleb128 0x18
 791 0062 9642     		.uleb128 0x2116
 792 0064 19       		.uleb128 0x19
 793 0065 01       		.uleb128 0x1
 794 0066 13       		.uleb128 0x13
 795 0067 00       		.byte	0
 796 0068 00       		.byte	0
 797 0069 09       		.uleb128 0x9
 798 006a 05       		.uleb128 0x5
 799 006b 00       		.byte	0
 800 006c 03       		.uleb128 0x3
 801 006d 08       		.uleb128 0x8
 802 006e 3A       		.uleb128 0x3a
 803 006f 0B       		.uleb128 0xb
 804 0070 3B       		.uleb128 0x3b
 805 0071 0B       		.uleb128 0xb
 806 0072 49       		.uleb128 0x49
 807 0073 13       		.uleb128 0x13
 808 0074 02       		.uleb128 0x2
 809 0075 18       		.uleb128 0x18
 810 0076 00       		.byte	0
 811 0077 00       		.byte	0
 812 0078 0A       		.uleb128 0xa
 813 0079 05       		.uleb128 0x5
 814 007a 00       		.byte	0
 815 007b 03       		.uleb128 0x3
 816 007c 0E       		.uleb128 0xe
 817 007d 3A       		.uleb128 0x3a
 818 007e 0B       		.uleb128 0xb
 819 007f 3B       		.uleb128 0x3b
 820 0080 0B       		.uleb128 0xb
 821 0081 49       		.uleb128 0x49
 822 0082 13       		.uleb128 0x13
 823 0083 02       		.uleb128 0x2
 824 0084 18       		.uleb128 0x18
 825 0085 00       		.byte	0
 826 0086 00       		.byte	0
 827 0087 0B       		.uleb128 0xb
 828 0088 0F       		.uleb128 0xf
 829 0089 00       		.byte	0
 830 008a 0B       		.uleb128 0xb
 831 008b 0B       		.uleb128 0xb
 832 008c 49       		.uleb128 0x49
 833 008d 13       		.uleb128 0x13
 834 008e 00       		.byte	0
 835 008f 00       		.byte	0
 836 0090 0C       		.uleb128 0xc
 837 0091 26       		.uleb128 0x26
 838 0092 00       		.byte	0
 839 0093 00       		.byte	0
 840 0094 00       		.byte	0
 841 0095 0D       		.uleb128 0xd
 842 0096 2E       		.uleb128 0x2e
 843 0097 00       		.byte	0
ARM GAS  C:\Users\ali\AppData\Local\Temp\ccFKjNoN.s 			page 21


 844 0098 03       		.uleb128 0x3
 845 0099 0E       		.uleb128 0xe
 846 009a 3A       		.uleb128 0x3a
 847 009b 0B       		.uleb128 0xb
 848 009c 3B       		.uleb128 0x3b
 849 009d 0B       		.uleb128 0xb
 850 009e 27       		.uleb128 0x27
 851 009f 19       		.uleb128 0x19
 852 00a0 11       		.uleb128 0x11
 853 00a1 01       		.uleb128 0x1
 854 00a2 12       		.uleb128 0x12
 855 00a3 06       		.uleb128 0x6
 856 00a4 40       		.uleb128 0x40
 857 00a5 18       		.uleb128 0x18
 858 00a6 9642     		.uleb128 0x2116
 859 00a8 19       		.uleb128 0x19
 860 00a9 00       		.byte	0
 861 00aa 00       		.byte	0
 862 00ab 0E       		.uleb128 0xe
 863 00ac 2E       		.uleb128 0x2e
 864 00ad 00       		.byte	0
 865 00ae 03       		.uleb128 0x3
 866 00af 0E       		.uleb128 0xe
 867 00b0 3A       		.uleb128 0x3a
 868 00b1 0B       		.uleb128 0xb
 869 00b2 3B       		.uleb128 0x3b
 870 00b3 0B       		.uleb128 0xb
 871 00b4 27       		.uleb128 0x27
 872 00b5 19       		.uleb128 0x19
 873 00b6 11       		.uleb128 0x11
 874 00b7 01       		.uleb128 0x1
 875 00b8 12       		.uleb128 0x12
 876 00b9 06       		.uleb128 0x6
 877 00ba 40       		.uleb128 0x40
 878 00bb 18       		.uleb128 0x18
 879 00bc 9742     		.uleb128 0x2117
 880 00be 19       		.uleb128 0x19
 881 00bf 00       		.byte	0
 882 00c0 00       		.byte	0
 883 00c1 0F       		.uleb128 0xf
 884 00c2 2E       		.uleb128 0x2e
 885 00c3 01       		.byte	0x1
 886 00c4 3F       		.uleb128 0x3f
 887 00c5 19       		.uleb128 0x19
 888 00c6 03       		.uleb128 0x3
 889 00c7 0E       		.uleb128 0xe
 890 00c8 3A       		.uleb128 0x3a
 891 00c9 0B       		.uleb128 0xb
 892 00ca 3B       		.uleb128 0x3b
 893 00cb 0B       		.uleb128 0xb
 894 00cc 27       		.uleb128 0x27
 895 00cd 19       		.uleb128 0x19
 896 00ce 11       		.uleb128 0x11
 897 00cf 01       		.uleb128 0x1
 898 00d0 12       		.uleb128 0x12
 899 00d1 06       		.uleb128 0x6
 900 00d2 40       		.uleb128 0x40
ARM GAS  C:\Users\ali\AppData\Local\Temp\ccFKjNoN.s 			page 22


 901 00d3 18       		.uleb128 0x18
 902 00d4 9642     		.uleb128 0x2116
 903 00d6 19       		.uleb128 0x19
 904 00d7 00       		.byte	0
 905 00d8 00       		.byte	0
 906 00d9 10       		.uleb128 0x10
 907 00da 0B       		.uleb128 0xb
 908 00db 01       		.byte	0x1
 909 00dc 11       		.uleb128 0x11
 910 00dd 01       		.uleb128 0x1
 911 00de 12       		.uleb128 0x12
 912 00df 06       		.uleb128 0x6
 913 00e0 00       		.byte	0
 914 00e1 00       		.byte	0
 915 00e2 11       		.uleb128 0x11
 916 00e3 13       		.uleb128 0x13
 917 00e4 01       		.byte	0x1
 918 00e5 0B       		.uleb128 0xb
 919 00e6 0B       		.uleb128 0xb
 920 00e7 3A       		.uleb128 0x3a
 921 00e8 0B       		.uleb128 0xb
 922 00e9 3B       		.uleb128 0x3b
 923 00ea 0B       		.uleb128 0xb
 924 00eb 01       		.uleb128 0x1
 925 00ec 13       		.uleb128 0x13
 926 00ed 00       		.byte	0
 927 00ee 00       		.byte	0
 928 00ef 12       		.uleb128 0x12
 929 00f0 0D       		.uleb128 0xd
 930 00f1 00       		.byte	0
 931 00f2 03       		.uleb128 0x3
 932 00f3 0E       		.uleb128 0xe
 933 00f4 3A       		.uleb128 0x3a
 934 00f5 0B       		.uleb128 0xb
 935 00f6 3B       		.uleb128 0x3b
 936 00f7 0B       		.uleb128 0xb
 937 00f8 49       		.uleb128 0x49
 938 00f9 13       		.uleb128 0x13
 939 00fa 38       		.uleb128 0x38
 940 00fb 0B       		.uleb128 0xb
 941 00fc 00       		.byte	0
 942 00fd 00       		.byte	0
 943 00fe 13       		.uleb128 0x13
 944 00ff 01       		.uleb128 0x1
 945 0100 01       		.byte	0x1
 946 0101 49       		.uleb128 0x49
 947 0102 13       		.uleb128 0x13
 948 0103 01       		.uleb128 0x1
 949 0104 13       		.uleb128 0x13
 950 0105 00       		.byte	0
 951 0106 00       		.byte	0
 952 0107 14       		.uleb128 0x14
 953 0108 21       		.uleb128 0x21
 954 0109 00       		.byte	0
 955 010a 49       		.uleb128 0x49
 956 010b 13       		.uleb128 0x13
 957 010c 2F       		.uleb128 0x2f
ARM GAS  C:\Users\ali\AppData\Local\Temp\ccFKjNoN.s 			page 23


 958 010d 0B       		.uleb128 0xb
 959 010e 00       		.byte	0
 960 010f 00       		.byte	0
 961 0110 15       		.uleb128 0x15
 962 0111 26       		.uleb128 0x26
 963 0112 00       		.byte	0
 964 0113 49       		.uleb128 0x49
 965 0114 13       		.uleb128 0x13
 966 0115 00       		.byte	0
 967 0116 00       		.byte	0
 968 0117 16       		.uleb128 0x16
 969 0118 34       		.uleb128 0x34
 970 0119 00       		.byte	0
 971 011a 03       		.uleb128 0x3
 972 011b 0E       		.uleb128 0xe
 973 011c 3A       		.uleb128 0x3a
 974 011d 0B       		.uleb128 0xb
 975 011e 3B       		.uleb128 0x3b
 976 011f 0B       		.uleb128 0xb
 977 0120 49       		.uleb128 0x49
 978 0121 13       		.uleb128 0x13
 979 0122 02       		.uleb128 0x2
 980 0123 18       		.uleb128 0x18
 981 0124 00       		.byte	0
 982 0125 00       		.byte	0
 983 0126 17       		.uleb128 0x17
 984 0127 34       		.uleb128 0x34
 985 0128 00       		.byte	0
 986 0129 03       		.uleb128 0x3
 987 012a 08       		.uleb128 0x8
 988 012b 3A       		.uleb128 0x3a
 989 012c 0B       		.uleb128 0xb
 990 012d 3B       		.uleb128 0x3b
 991 012e 05       		.uleb128 0x5
 992 012f 49       		.uleb128 0x49
 993 0130 13       		.uleb128 0x13
 994 0131 02       		.uleb128 0x2
 995 0132 18       		.uleb128 0x18
 996 0133 00       		.byte	0
 997 0134 00       		.byte	0
 998 0135 00       		.byte	0
 999              		.section	.debug_aranges,"",%progbits
 1000 0000 44000000 		.4byte	0x44
 1001 0004 0200     		.2byte	0x2
 1002 0006 00000000 		.4byte	.Ldebug_info0
 1003 000a 04       		.byte	0x4
 1004 000b 00       		.byte	0
 1005 000c 0000     		.2byte	0
 1006 000e 0000     		.2byte	0
 1007 0010 00000000 		.4byte	.LFB0
 1008 0014 1E000000 		.4byte	.LFE0-.LFB0
 1009 0018 00000000 		.4byte	.LFB1
 1010 001c 20000000 		.4byte	.LFE1-.LFB1
 1011 0020 00000000 		.4byte	.LFB2
 1012 0024 20000000 		.4byte	.LFE2-.LFB2
 1013 0028 00000000 		.4byte	.LFB3
 1014 002c 68000000 		.4byte	.LFE3-.LFB3
ARM GAS  C:\Users\ali\AppData\Local\Temp\ccFKjNoN.s 			page 24


 1015 0030 00000000 		.4byte	.LFB4
 1016 0034 0A000000 		.4byte	.LFE4-.LFB4
 1017 0038 68000000 		.4byte	.LFB5
 1018 003c DC000000 		.4byte	.LFE5-.LFB5
 1019 0040 00000000 		.4byte	0
 1020 0044 00000000 		.4byte	0
 1021              		.section	.debug_ranges,"",%progbits
 1022              	.Ldebug_ranges0:
 1023 0000 00000000 		.4byte	.LFB0
 1024 0004 1E000000 		.4byte	.LFE0
 1025 0008 00000000 		.4byte	.LFB1
 1026 000c 20000000 		.4byte	.LFE1
 1027 0010 00000000 		.4byte	.LFB2
 1028 0014 20000000 		.4byte	.LFE2
 1029 0018 00000000 		.4byte	.LFB3
 1030 001c 68000000 		.4byte	.LFE3
 1031 0020 00000000 		.4byte	.LFB4
 1032 0024 0A000000 		.4byte	.LFE4
 1033 0028 68000000 		.4byte	.LFB5
 1034 002c 44010000 		.4byte	.LFE5
 1035 0030 00000000 		.4byte	0
 1036 0034 00000000 		.4byte	0
 1037              		.section	.debug_line,"",%progbits
 1038              	.Ldebug_line0:
 1039 0000 5B010000 		.section	.debug_str,"MS",%progbits,1
 1039      0200CB00 
 1039      00000201 
 1039      FB0E0D00 
 1039      01010101 
 1040              	.LASF19:
 1041 0000 72656733 		.ascii	"reg32\000"
 1041      3200
 1042              	.LASF12:
 1043 0006 73697A65 		.ascii	"size_t\000"
 1043      5F7400
 1044              	.LASF25:
 1045 000d 416E616C 		.ascii	"AnalogSetDefault\000"
 1045      6F675365 
 1045      74446566 
 1045      61756C74 
 1045      00
 1046              	.LASF29:
 1047 001e 6366675F 		.ascii	"cfg_memset_list\000"
 1047      6D656D73 
 1047      65745F6C 
 1047      69737400 
 1048              	.LASF24:
 1049 002e 436C6F63 		.ascii	"ClockSetup\000"
 1049      6B536574 
 1049      757000
 1050              	.LASF6:
 1051 0039 73686F72 		.ascii	"short unsigned int\000"
 1051      7420756E 
 1051      7369676E 
 1051      65642069 
 1051      6E7400
 1052              	.LASF16:
ARM GAS  C:\Users\ali\AppData\Local\Temp\ccFKjNoN.s 			page 25


 1053 004c 666C6F61 		.ascii	"float\000"
 1053      7400
 1054              	.LASF22:
 1055 0052 64657374 		.ascii	"dest\000"
 1055      00
 1056              	.LASF27:
 1057 0057 73697A65 		.ascii	"size\000"
 1057      00
 1058              	.LASF18:
 1059 005c 72656738 		.ascii	"reg8\000"
 1059      00
 1060              	.LASF8:
 1061 0061 6C6F6E67 		.ascii	"long unsigned int\000"
 1061      20756E73 
 1061      69676E65 
 1061      6420696E 
 1061      7400
 1062              	.LASF13:
 1063 0073 75696E74 		.ascii	"uint8\000"
 1063      3800
 1064              	.LASF20:
 1065 0079 43594D45 		.ascii	"CYMEMZERO\000"
 1065      4D5A4552 
 1065      4F00
 1066              	.LASF30:
 1067 0083 474E5520 		.ascii	"GNU C11 5.4.1 20160609 (release) [ARM/embedded-5-br"
 1067      43313120 
 1067      352E342E 
 1067      31203230 
 1067      31363036 
 1068 00b6 616E6368 		.ascii	"anch revision 237715] -mcpu=cortex-m0 -mthumb -g -O"
 1068      20726576 
 1068      6973696F 
 1068      6E203233 
 1068      37373135 
 1069 00e9 30202D66 		.ascii	"0 -ffunction-sections -ffat-lto-objects\000"
 1069      66756E63 
 1069      74696F6E 
 1069      2D736563 
 1069      74696F6E 
 1070              	.LASF4:
 1071 0111 756E7369 		.ascii	"unsigned char\000"
 1071      676E6564 
 1071      20636861 
 1071      7200
 1072              	.LASF17:
 1073 011f 646F7562 		.ascii	"double\000"
 1073      6C6500
 1074              	.LASF32:
 1075 0126 5A3A5C23 		.ascii	"Z:\\#IroTeam\\PSoC Creator\\Bootloader01\\Bootloade"
 1075      49726F54 
 1075      65616D5C 
 1075      50536F43 
 1075      20437265 
 1076 0155 7230315F 		.ascii	"r01_TEST.cydsn\000"
 1076      54455354 
 1076      2E637964 
ARM GAS  C:\Users\ali\AppData\Local\Temp\ccFKjNoN.s 			page 26


 1076      736E00
 1077              	.LASF33:
 1078 0164 63796669 		.ascii	"cyfitter_cfg\000"
 1078      74746572 
 1078      5F636667 
 1078      00
 1079              	.LASF14:
 1080 0171 75696E74 		.ascii	"uint16\000"
 1080      313600
 1081              	.LASF15:
 1082 0178 75696E74 		.ascii	"uint32\000"
 1082      333200
 1083              	.LASF0:
 1084 017f 756E7369 		.ascii	"unsigned int\000"
 1084      676E6564 
 1084      20696E74 
 1084      00
 1085              	.LASF26:
 1086 018c 61646472 		.ascii	"address\000"
 1086      65737300 
 1087              	.LASF9:
 1088 0194 6C6F6E67 		.ascii	"long long unsigned int\000"
 1088      206C6F6E 
 1088      6720756E 
 1088      7369676E 
 1088      65642069 
 1089              	.LASF28:
 1090 01ab 6366675F 		.ascii	"cfg_memset_t\000"
 1090      6D656D73 
 1090      65745F74 
 1090      00
 1091              	.LASF10:
 1092 01b8 73697A65 		.ascii	"sizetype\000"
 1092      74797065 
 1092      00
 1093              	.LASF1:
 1094 01c1 6C6F6E67 		.ascii	"long long int\000"
 1094      206C6F6E 
 1094      6720696E 
 1094      7400
 1095              	.LASF11:
 1096 01cf 63686172 		.ascii	"char\000"
 1096      00
 1097              	.LASF5:
 1098 01d4 73686F72 		.ascii	"short int\000"
 1098      7420696E 
 1098      7400
 1099              	.LASF7:
 1100 01de 6C6F6E67 		.ascii	"long int\000"
 1100      20696E74 
 1100      00
 1101              	.LASF2:
 1102 01e7 6C6F6E67 		.ascii	"long double\000"
 1102      20646F75 
 1102      626C6500 
 1103              	.LASF3:
 1104 01f3 7369676E 		.ascii	"signed char\000"
ARM GAS  C:\Users\ali\AppData\Local\Temp\ccFKjNoN.s 			page 27


 1104      65642063 
 1104      68617200 
 1105              	.LASF31:
 1106 01ff 47656E65 		.ascii	"Generated_Source\\PSoC4\\cyfitter_cfg.c\000"
 1106      72617465 
 1106      645F536F 
 1106      75726365 
 1106      5C50536F 
 1107              	.LASF23:
 1108 0225 4359434F 		.ascii	"CYCONFIGCPYCODE\000"
 1108      4E464947 
 1108      43505943 
 1108      4F444500 
 1109              	.LASF21:
 1110 0235 4359434F 		.ascii	"CYCONFIGCPY\000"
 1110      4E464947 
 1110      43505900 
 1111              		.ident	"GCC: (GNU Tools for ARM Embedded Processors) 5.4.1 20160609 (release) [ARM/embedded-5-bran
