ARM GAS  C:\Users\ali\AppData\Local\Temp\cctK0alW.s 			page 1


   1              		.syntax unified
   2              		.cpu cortex-m0
   3              		.fpu softvfp
   4              		.eabi_attribute 20, 1
   5              		.eabi_attribute 21, 1
   6              		.eabi_attribute 23, 3
   7              		.eabi_attribute 24, 1
   8              		.eabi_attribute 25, 1
   9              		.eabi_attribute 26, 1
  10              		.eabi_attribute 30, 6
  11              		.eabi_attribute 34, 0
  12              		.eabi_attribute 18, 4
  13              		.thumb
  14              		.syntax unified
  15              		.file	"cymetadata.c"
  16              		.text
  17              	.Ltext0:
  18              		.cfi_sections	.debug_frame
  19              		.global	cy_meta_loader
  20              		.section	.cyloadermeta,"a",%progbits
  21              		.align	2
  22              		.type	cy_meta_loader, %object
  23              		.size	cy_meta_loader, 64
  24              	cy_meta_loader:
  25 0000 00       		.byte	0
  26 0001 00       		.byte	0
  27 0002 00       		.byte	0
  28 0003 00       		.byte	0
  29 0004 00       		.byte	0
  30 0005 00       		.byte	0
  31 0006 00       		.byte	0
  32 0007 00       		.byte	0
  33 0008 00       		.byte	0
  34 0009 00       		.byte	0
  35 000a 00       		.byte	0
  36 000b 00       		.byte	0
  37 000c 00       		.byte	0
  38 000d 00       		.byte	0
  39 000e 00       		.byte	0
  40 000f 00       		.byte	0
  41 0010 00       		.byte	0
  42 0011 00       		.byte	0
  43 0012 00       		.byte	0
  44 0013 00       		.byte	0
  45 0014 01       		.byte	1
  46 0015 00       		.byte	0
  47 0016 00       		.byte	0
  48 0017 00       		.byte	0
  49 0018 00       		.byte	0
  50 0019 00       		.byte	0
  51 001a 00       		.byte	0
  52 001b 00       		.byte	0
  53 001c 00       		.byte	0
  54 001d 00       		.byte	0
  55 001e 00       		.byte	0
  56 001f 00       		.byte	0
  57 0020 00       		.byte	0
ARM GAS  C:\Users\ali\AppData\Local\Temp\cctK0alW.s 			page 2


  58 0021 00       		.byte	0
  59 0022 00       		.byte	0
  60 0023 00       		.byte	0
  61 0024 00       		.byte	0
  62 0025 00       		.byte	0
  63 0026 00       		.byte	0
  64 0027 00       		.byte	0
  65 0028 00       		.byte	0
  66 0029 00       		.byte	0
  67 002a 00       		.byte	0
  68 002b 00       		.byte	0
  69 002c 00       		.byte	0
  70 002d 00       		.byte	0
  71 002e 00       		.byte	0
  72 002f 00       		.byte	0
  73 0030 00       		.byte	0
  74 0031 00       		.byte	0
  75 0032 00       		.byte	0
  76 0033 00       		.byte	0
  77 0034 00       		.byte	0
  78 0035 00       		.byte	0
  79 0036 00       		.byte	0
  80 0037 00       		.byte	0
  81 0038 00       		.byte	0
  82 0039 00       		.byte	0
  83 003a 00       		.byte	0
  84 003b 00       		.byte	0
  85 003c 00       		.byte	0
  86 003d 00       		.byte	0
  87 003e 00       		.byte	0
  88 003f 00       		.byte	0
  89              		.global	cy_meta_flashprotect
  90              		.section	.cyflashprotect,"a",%progbits
  91              		.align	2
  92              		.type	cy_meta_flashprotect, %object
  93              		.size	cy_meta_flashprotect, 32
  94              	cy_meta_flashprotect:
  95 0000 00000000 		.space	32
  95      00000000 
  95      00000000 
  95      00000000 
  95      00000000 
  96              		.global	cy_metadata
  97              		.section	.cymeta,"a",%progbits
  98              		.align	2
  99              		.type	cy_metadata, %object
 100              		.size	cy_metadata, 12
 101              	cy_metadata:
 102 0000 00       		.byte	0
 103 0001 02       		.byte	2
 104 0002 04       		.byte	4
 105 0003 C8       		.byte	-56
 106 0004 11       		.byte	17
 107 0005 93       		.byte	-109
 108 0006 11       		.byte	17
 109 0007 01       		.byte	1
 110 0008 00       		.byte	0
ARM GAS  C:\Users\ali\AppData\Local\Temp\cctK0alW.s 			page 3


 111 0009 00       		.byte	0
 112 000a 00       		.byte	0
 113 000b 00       		.byte	0
 114              		.global	cy_meta_chipprotect
 115              		.section	.cychipprotect,"a",%progbits
 116              		.align	2
 117              		.type	cy_meta_chipprotect, %object
 118              		.size	cy_meta_chipprotect, 1
 119              	cy_meta_chipprotect:
 120 0000 01       		.byte	1
 121              		.text
 122              	.Letext0:
 123              		.file 1 "c:\\program files (x86)\\cypress\\psoc creator\\4.4\\psoc creator\\import\\gnu\\arm\\5.4.
 124              		.file 2 "c:\\program files (x86)\\cypress\\psoc creator\\4.4\\psoc creator\\import\\gnu\\arm\\5.4.
 125              		.file 3 "Generated_Source\\PSoC4\\cymetadata.c"
 126              		.section	.debug_info,"",%progbits
 127              	.Ldebug_info0:
 128 0000 1A010000 		.4byte	0x11a
 129 0004 0400     		.2byte	0x4
 130 0006 00000000 		.4byte	.Ldebug_abbrev0
 131 000a 04       		.byte	0x4
 132 000b 01       		.uleb128 0x1
 133 000c 90000000 		.4byte	.LASF16
 134 0010 0C       		.byte	0xc
 135 0011 47000000 		.4byte	.LASF17
 136 0015 1E010000 		.4byte	.LASF18
 137 0019 00000000 		.4byte	.Ldebug_line0
 138 001d 02       		.uleb128 0x2
 139 001e 01       		.byte	0x1
 140 001f 06       		.byte	0x6
 141 0020 C7010000 		.4byte	.LASF0
 142 0024 03       		.uleb128 0x3
 143 0025 00000000 		.4byte	.LASF9
 144 0029 01       		.byte	0x1
 145 002a 1D       		.byte	0x1d
 146 002b 2F000000 		.4byte	0x2f
 147 002f 02       		.uleb128 0x2
 148 0030 01       		.byte	0x1
 149 0031 08       		.byte	0x8
 150 0032 39000000 		.4byte	.LASF1
 151 0036 02       		.uleb128 0x2
 152 0037 02       		.byte	0x2
 153 0038 05       		.byte	0x5
 154 0039 B4010000 		.4byte	.LASF2
 155 003d 02       		.uleb128 0x2
 156 003e 02       		.byte	0x2
 157 003f 07       		.byte	0x7
 158 0040 7D000000 		.4byte	.LASF3
 159 0044 02       		.uleb128 0x2
 160 0045 04       		.byte	0x4
 161 0046 05       		.byte	0x5
 162 0047 BE010000 		.4byte	.LASF4
 163 004b 02       		.uleb128 0x2
 164 004c 04       		.byte	0x4
 165 004d 07       		.byte	0x7
 166 004e 6B000000 		.4byte	.LASF5
 167 0052 02       		.uleb128 0x2
ARM GAS  C:\Users\ali\AppData\Local\Temp\cctK0alW.s 			page 4


 168 0053 08       		.byte	0x8
 169 0054 05       		.byte	0x5
 170 0055 A6010000 		.4byte	.LASF6
 171 0059 02       		.uleb128 0x2
 172 005a 08       		.byte	0x8
 173 005b 07       		.byte	0x7
 174 005c 69010000 		.4byte	.LASF7
 175 0060 04       		.uleb128 0x4
 176 0061 04       		.byte	0x4
 177 0062 05       		.byte	0x5
 178 0063 696E7400 		.ascii	"int\000"
 179 0067 02       		.uleb128 0x2
 180 0068 04       		.byte	0x4
 181 0069 07       		.byte	0x7
 182 006a 5C010000 		.4byte	.LASF8
 183 006e 03       		.uleb128 0x3
 184 006f 80010000 		.4byte	.LASF10
 185 0073 02       		.byte	0x2
 186 0074 18       		.byte	0x18
 187 0075 24000000 		.4byte	0x24
 188 0079 05       		.uleb128 0x5
 189 007a 90000000 		.4byte	0x90
 190 007e 89000000 		.4byte	0x89
 191 0082 06       		.uleb128 0x6
 192 0083 89000000 		.4byte	0x89
 193 0087 3F       		.byte	0x3f
 194 0088 00       		.byte	0
 195 0089 02       		.uleb128 0x2
 196 008a 04       		.byte	0x4
 197 008b 07       		.byte	0x7
 198 008c 9D010000 		.4byte	.LASF11
 199 0090 07       		.uleb128 0x7
 200 0091 6E000000 		.4byte	0x6e
 201 0095 08       		.uleb128 0x8
 202 0096 1E000000 		.4byte	.LASF12
 203 009a 03       		.byte	0x3
 204 009b 1F       		.byte	0x1f
 205 009c A6000000 		.4byte	0xa6
 206 00a0 05       		.uleb128 0x5
 207 00a1 03       		.byte	0x3
 208 00a2 00000000 		.4byte	cy_meta_loader
 209 00a6 07       		.uleb128 0x7
 210 00a7 79000000 		.4byte	0x79
 211 00ab 05       		.uleb128 0x5
 212 00ac 90000000 		.4byte	0x90
 213 00b0 BB000000 		.4byte	0xbb
 214 00b4 06       		.uleb128 0x6
 215 00b5 89000000 		.4byte	0x89
 216 00b9 1F       		.byte	0x1f
 217 00ba 00       		.byte	0
 218 00bb 08       		.uleb128 0x8
 219 00bc 88010000 		.4byte	.LASF13
 220 00c0 03       		.byte	0x3
 221 00c1 34       		.byte	0x34
 222 00c2 CC000000 		.4byte	0xcc
 223 00c6 05       		.uleb128 0x5
 224 00c7 03       		.byte	0x3
ARM GAS  C:\Users\ali\AppData\Local\Temp\cctK0alW.s 			page 5


 225 00c8 00000000 		.4byte	cy_meta_flashprotect
 226 00cc 07       		.uleb128 0x7
 227 00cd AB000000 		.4byte	0xab
 228 00d1 05       		.uleb128 0x5
 229 00d2 90000000 		.4byte	0x90
 230 00d6 E1000000 		.4byte	0xe1
 231 00da 06       		.uleb128 0x6
 232 00db 89000000 		.4byte	0x89
 233 00df 0B       		.byte	0xb
 234 00e0 00       		.byte	0
 235 00e1 08       		.uleb128 0x8
 236 00e2 2D000000 		.4byte	.LASF14
 237 00e6 03       		.byte	0x3
 238 00e7 45       		.byte	0x45
 239 00e8 F2000000 		.4byte	0xf2
 240 00ec 05       		.uleb128 0x5
 241 00ed 03       		.byte	0x3
 242 00ee 00000000 		.4byte	cy_metadata
 243 00f2 07       		.uleb128 0x7
 244 00f3 D1000000 		.4byte	0xd1
 245 00f7 05       		.uleb128 0x5
 246 00f8 90000000 		.4byte	0x90
 247 00fc 07010000 		.4byte	0x107
 248 0100 06       		.uleb128 0x6
 249 0101 89000000 		.4byte	0x89
 250 0105 00       		.byte	0
 251 0106 00       		.byte	0
 252 0107 08       		.uleb128 0x8
 253 0108 0A000000 		.4byte	.LASF15
 254 010c 03       		.byte	0x3
 255 010d 54       		.byte	0x54
 256 010e 18010000 		.4byte	0x118
 257 0112 05       		.uleb128 0x5
 258 0113 03       		.byte	0x3
 259 0114 00000000 		.4byte	cy_meta_chipprotect
 260 0118 07       		.uleb128 0x7
 261 0119 F7000000 		.4byte	0xf7
 262 011d 00       		.byte	0
 263              		.section	.debug_abbrev,"",%progbits
 264              	.Ldebug_abbrev0:
 265 0000 01       		.uleb128 0x1
 266 0001 11       		.uleb128 0x11
 267 0002 01       		.byte	0x1
 268 0003 25       		.uleb128 0x25
 269 0004 0E       		.uleb128 0xe
 270 0005 13       		.uleb128 0x13
 271 0006 0B       		.uleb128 0xb
 272 0007 03       		.uleb128 0x3
 273 0008 0E       		.uleb128 0xe
 274 0009 1B       		.uleb128 0x1b
 275 000a 0E       		.uleb128 0xe
 276 000b 10       		.uleb128 0x10
 277 000c 17       		.uleb128 0x17
 278 000d 00       		.byte	0
 279 000e 00       		.byte	0
 280 000f 02       		.uleb128 0x2
 281 0010 24       		.uleb128 0x24
ARM GAS  C:\Users\ali\AppData\Local\Temp\cctK0alW.s 			page 6


 282 0011 00       		.byte	0
 283 0012 0B       		.uleb128 0xb
 284 0013 0B       		.uleb128 0xb
 285 0014 3E       		.uleb128 0x3e
 286 0015 0B       		.uleb128 0xb
 287 0016 03       		.uleb128 0x3
 288 0017 0E       		.uleb128 0xe
 289 0018 00       		.byte	0
 290 0019 00       		.byte	0
 291 001a 03       		.uleb128 0x3
 292 001b 16       		.uleb128 0x16
 293 001c 00       		.byte	0
 294 001d 03       		.uleb128 0x3
 295 001e 0E       		.uleb128 0xe
 296 001f 3A       		.uleb128 0x3a
 297 0020 0B       		.uleb128 0xb
 298 0021 3B       		.uleb128 0x3b
 299 0022 0B       		.uleb128 0xb
 300 0023 49       		.uleb128 0x49
 301 0024 13       		.uleb128 0x13
 302 0025 00       		.byte	0
 303 0026 00       		.byte	0
 304 0027 04       		.uleb128 0x4
 305 0028 24       		.uleb128 0x24
 306 0029 00       		.byte	0
 307 002a 0B       		.uleb128 0xb
 308 002b 0B       		.uleb128 0xb
 309 002c 3E       		.uleb128 0x3e
 310 002d 0B       		.uleb128 0xb
 311 002e 03       		.uleb128 0x3
 312 002f 08       		.uleb128 0x8
 313 0030 00       		.byte	0
 314 0031 00       		.byte	0
 315 0032 05       		.uleb128 0x5
 316 0033 01       		.uleb128 0x1
 317 0034 01       		.byte	0x1
 318 0035 49       		.uleb128 0x49
 319 0036 13       		.uleb128 0x13
 320 0037 01       		.uleb128 0x1
 321 0038 13       		.uleb128 0x13
 322 0039 00       		.byte	0
 323 003a 00       		.byte	0
 324 003b 06       		.uleb128 0x6
 325 003c 21       		.uleb128 0x21
 326 003d 00       		.byte	0
 327 003e 49       		.uleb128 0x49
 328 003f 13       		.uleb128 0x13
 329 0040 2F       		.uleb128 0x2f
 330 0041 0B       		.uleb128 0xb
 331 0042 00       		.byte	0
 332 0043 00       		.byte	0
 333 0044 07       		.uleb128 0x7
 334 0045 26       		.uleb128 0x26
 335 0046 00       		.byte	0
 336 0047 49       		.uleb128 0x49
 337 0048 13       		.uleb128 0x13
 338 0049 00       		.byte	0
ARM GAS  C:\Users\ali\AppData\Local\Temp\cctK0alW.s 			page 7


 339 004a 00       		.byte	0
 340 004b 08       		.uleb128 0x8
 341 004c 34       		.uleb128 0x34
 342 004d 00       		.byte	0
 343 004e 03       		.uleb128 0x3
 344 004f 0E       		.uleb128 0xe
 345 0050 3A       		.uleb128 0x3a
 346 0051 0B       		.uleb128 0xb
 347 0052 3B       		.uleb128 0x3b
 348 0053 0B       		.uleb128 0xb
 349 0054 49       		.uleb128 0x49
 350 0055 13       		.uleb128 0x13
 351 0056 3F       		.uleb128 0x3f
 352 0057 19       		.uleb128 0x19
 353 0058 02       		.uleb128 0x2
 354 0059 18       		.uleb128 0x18
 355 005a 00       		.byte	0
 356 005b 00       		.byte	0
 357 005c 00       		.byte	0
 358              		.section	.debug_aranges,"",%progbits
 359 0000 14000000 		.4byte	0x14
 360 0004 0200     		.2byte	0x2
 361 0006 00000000 		.4byte	.Ldebug_info0
 362 000a 04       		.byte	0x4
 363 000b 00       		.byte	0
 364 000c 0000     		.2byte	0
 365 000e 0000     		.2byte	0
 366 0010 00000000 		.4byte	0
 367 0014 00000000 		.4byte	0
 368              		.section	.debug_line,"",%progbits
 369              	.Ldebug_line0:
 370 0000 3D010000 		.section	.debug_str,"MS",%progbits,1
 370      02003701 
 370      00000201 
 370      FB0E0D00 
 370      01010101 
 371              	.LASF9:
 372 0000 5F5F7569 		.ascii	"__uint8_t\000"
 372      6E74385F 
 372      7400
 373              	.LASF15:
 374 000a 63795F6D 		.ascii	"cy_meta_chipprotect\000"
 374      6574615F 
 374      63686970 
 374      70726F74 
 374      65637400 
 375              	.LASF12:
 376 001e 63795F6D 		.ascii	"cy_meta_loader\000"
 376      6574615F 
 376      6C6F6164 
 376      657200
 377              	.LASF14:
 378 002d 63795F6D 		.ascii	"cy_metadata\000"
 378      65746164 
 378      61746100 
 379              	.LASF1:
 380 0039 756E7369 		.ascii	"unsigned char\000"
ARM GAS  C:\Users\ali\AppData\Local\Temp\cctK0alW.s 			page 8


 380      676E6564 
 380      20636861 
 380      7200
 381              	.LASF17:
 382 0047 47656E65 		.ascii	"Generated_Source\\PSoC4\\cymetadata.c\000"
 382      72617465 
 382      645F536F 
 382      75726365 
 382      5C50536F 
 383              	.LASF5:
 384 006b 6C6F6E67 		.ascii	"long unsigned int\000"
 384      20756E73 
 384      69676E65 
 384      6420696E 
 384      7400
 385              	.LASF3:
 386 007d 73686F72 		.ascii	"short unsigned int\000"
 386      7420756E 
 386      7369676E 
 386      65642069 
 386      6E7400
 387              	.LASF16:
 388 0090 474E5520 		.ascii	"GNU C11 5.4.1 20160609 (release) [ARM/embedded-5-br"
 388      43313120 
 388      352E342E 
 388      31203230 
 388      31363036 
 389 00c3 616E6368 		.ascii	"anch revision 237715] -mcpu=cortex-m0 -mthumb -g -O"
 389      20726576 
 389      6973696F 
 389      6E203233 
 389      37373135 
 390 00f6 30202D66 		.ascii	"0 -ffunction-sections -ffat-lto-objects\000"
 390      66756E63 
 390      74696F6E 
 390      2D736563 
 390      74696F6E 
 391              	.LASF18:
 392 011e 5A3A5C23 		.ascii	"Z:\\#IroTeam\\PSoC Creator\\Bootloader01\\Bootloade"
 392      49726F54 
 392      65616D5C 
 392      50536F43 
 392      20437265 
 393 014d 7230315F 		.ascii	"r01_TEST.cydsn\000"
 393      54455354 
 393      2E637964 
 393      736E00
 394              	.LASF8:
 395 015c 756E7369 		.ascii	"unsigned int\000"
 395      676E6564 
 395      20696E74 
 395      00
 396              	.LASF7:
 397 0169 6C6F6E67 		.ascii	"long long unsigned int\000"
 397      206C6F6E 
 397      6720756E 
 397      7369676E 
ARM GAS  C:\Users\ali\AppData\Local\Temp\cctK0alW.s 			page 9


 397      65642069 
 398              	.LASF10:
 399 0180 75696E74 		.ascii	"uint8_t\000"
 399      385F7400 
 400              	.LASF13:
 401 0188 63795F6D 		.ascii	"cy_meta_flashprotect\000"
 401      6574615F 
 401      666C6173 
 401      6870726F 
 401      74656374 
 402              	.LASF11:
 403 019d 73697A65 		.ascii	"sizetype\000"
 403      74797065 
 403      00
 404              	.LASF6:
 405 01a6 6C6F6E67 		.ascii	"long long int\000"
 405      206C6F6E 
 405      6720696E 
 405      7400
 406              	.LASF2:
 407 01b4 73686F72 		.ascii	"short int\000"
 407      7420696E 
 407      7400
 408              	.LASF4:
 409 01be 6C6F6E67 		.ascii	"long int\000"
 409      20696E74 
 409      00
 410              	.LASF0:
 411 01c7 7369676E 		.ascii	"signed char\000"
 411      65642063 
 411      68617200 
 412              		.ident	"GCC: (GNU Tools for ARM Embedded Processors) 5.4.1 20160609 (release) [ARM/embedded-5-bran
