ARM GAS  C:\Users\Taha\AppData\Local\Temp\ccWnKQVW.s 			page 1


   1              		.syntax unified
   2              		.cpu cortex-m3
   3              		.fpu softvfp
   4              		.eabi_attribute 20, 1
   5              		.eabi_attribute 21, 1
   6              		.eabi_attribute 23, 3
   7              		.eabi_attribute 24, 1
   8              		.eabi_attribute 25, 1
   9              		.eabi_attribute 26, 1
  10              		.eabi_attribute 30, 6
  11              		.eabi_attribute 34, 1
  12              		.eabi_attribute 18, 4
  13              		.thumb
  14              		.syntax unified
  15              		.file	"UART_RS232_INT.c"
  16              		.text
  17              	.Ltext0:
  18              		.cfi_sections	.debug_frame
  19              		.section	.text.UART_RS232_RXISR,"ax",%progbits
  20              		.align	2
  21              		.global	UART_RS232_RXISR
  22              		.thumb
  23              		.thumb_func
  24              		.type	UART_RS232_RXISR, %function
  25              	UART_RS232_RXISR:
  26              	.LFB0:
  27              		.file 1 "Generated_Source\\PSoC5\\UART_RS232_INT.c"
   1:Generated_Source\PSoC5/UART_RS232_INT.c **** /*******************************************************************************
   2:Generated_Source\PSoC5/UART_RS232_INT.c **** * File Name: UART_RS232INT.c
   3:Generated_Source\PSoC5/UART_RS232_INT.c **** * Version 2.50
   4:Generated_Source\PSoC5/UART_RS232_INT.c **** *
   5:Generated_Source\PSoC5/UART_RS232_INT.c **** * Description:
   6:Generated_Source\PSoC5/UART_RS232_INT.c **** *  This file provides all Interrupt Service functionality of the UART component
   7:Generated_Source\PSoC5/UART_RS232_INT.c **** *
   8:Generated_Source\PSoC5/UART_RS232_INT.c **** ********************************************************************************
   9:Generated_Source\PSoC5/UART_RS232_INT.c **** * Copyright 2008-2015, Cypress Semiconductor Corporation.  All rights reserved.
  10:Generated_Source\PSoC5/UART_RS232_INT.c **** * You may use this file only in accordance with the license, terms, conditions,
  11:Generated_Source\PSoC5/UART_RS232_INT.c **** * disclaimers, and limitations in the end user license agreement accompanying
  12:Generated_Source\PSoC5/UART_RS232_INT.c **** * the software package with which this file was provided.
  13:Generated_Source\PSoC5/UART_RS232_INT.c **** *******************************************************************************/
  14:Generated_Source\PSoC5/UART_RS232_INT.c **** 
  15:Generated_Source\PSoC5/UART_RS232_INT.c **** #include "UART_RS232.h"
  16:Generated_Source\PSoC5/UART_RS232_INT.c **** #include "cyapicallbacks.h"
  17:Generated_Source\PSoC5/UART_RS232_INT.c **** 
  18:Generated_Source\PSoC5/UART_RS232_INT.c **** 
  19:Generated_Source\PSoC5/UART_RS232_INT.c **** /***************************************
  20:Generated_Source\PSoC5/UART_RS232_INT.c **** * Custom Declarations
  21:Generated_Source\PSoC5/UART_RS232_INT.c **** ***************************************/
  22:Generated_Source\PSoC5/UART_RS232_INT.c **** /* `#START CUSTOM_DECLARATIONS` Place your declaration here */
  23:Generated_Source\PSoC5/UART_RS232_INT.c **** 
  24:Generated_Source\PSoC5/UART_RS232_INT.c **** /* `#END` */
  25:Generated_Source\PSoC5/UART_RS232_INT.c **** 
  26:Generated_Source\PSoC5/UART_RS232_INT.c **** #if (UART_RS232_RX_INTERRUPT_ENABLED && (UART_RS232_RX_ENABLED || UART_RS232_HD_ENABLED))
  27:Generated_Source\PSoC5/UART_RS232_INT.c ****     /*******************************************************************************
  28:Generated_Source\PSoC5/UART_RS232_INT.c ****     * Function Name: UART_RS232_RXISR
  29:Generated_Source\PSoC5/UART_RS232_INT.c ****     ********************************************************************************
  30:Generated_Source\PSoC5/UART_RS232_INT.c ****     *
ARM GAS  C:\Users\Taha\AppData\Local\Temp\ccWnKQVW.s 			page 2


  31:Generated_Source\PSoC5/UART_RS232_INT.c ****     * Summary:
  32:Generated_Source\PSoC5/UART_RS232_INT.c ****     *  Interrupt Service Routine for RX portion of the UART
  33:Generated_Source\PSoC5/UART_RS232_INT.c ****     *
  34:Generated_Source\PSoC5/UART_RS232_INT.c ****     * Parameters:
  35:Generated_Source\PSoC5/UART_RS232_INT.c ****     *  None.
  36:Generated_Source\PSoC5/UART_RS232_INT.c ****     *
  37:Generated_Source\PSoC5/UART_RS232_INT.c ****     * Return:
  38:Generated_Source\PSoC5/UART_RS232_INT.c ****     *  None.
  39:Generated_Source\PSoC5/UART_RS232_INT.c ****     *
  40:Generated_Source\PSoC5/UART_RS232_INT.c ****     * Global Variables:
  41:Generated_Source\PSoC5/UART_RS232_INT.c ****     *  UART_RS232_rxBuffer - RAM buffer pointer for save received data.
  42:Generated_Source\PSoC5/UART_RS232_INT.c ****     *  UART_RS232_rxBufferWrite - cyclic index for write to rxBuffer,
  43:Generated_Source\PSoC5/UART_RS232_INT.c ****     *     increments after each byte saved to buffer.
  44:Generated_Source\PSoC5/UART_RS232_INT.c ****     *  UART_RS232_rxBufferRead - cyclic index for read from rxBuffer,
  45:Generated_Source\PSoC5/UART_RS232_INT.c ****     *     checked to detect overflow condition.
  46:Generated_Source\PSoC5/UART_RS232_INT.c ****     *  UART_RS232_rxBufferOverflow - software overflow flag. Set to one
  47:Generated_Source\PSoC5/UART_RS232_INT.c ****     *     when UART_RS232_rxBufferWrite index overtakes
  48:Generated_Source\PSoC5/UART_RS232_INT.c ****     *     UART_RS232_rxBufferRead index.
  49:Generated_Source\PSoC5/UART_RS232_INT.c ****     *  UART_RS232_rxBufferLoopDetect - additional variable to detect overflow.
  50:Generated_Source\PSoC5/UART_RS232_INT.c ****     *     Set to one when UART_RS232_rxBufferWrite is equal to
  51:Generated_Source\PSoC5/UART_RS232_INT.c ****     *    UART_RS232_rxBufferRead
  52:Generated_Source\PSoC5/UART_RS232_INT.c ****     *  UART_RS232_rxAddressMode - this variable contains the Address mode,
  53:Generated_Source\PSoC5/UART_RS232_INT.c ****     *     selected in customizer or set by UART_SetRxAddressMode() API.
  54:Generated_Source\PSoC5/UART_RS232_INT.c ****     *  UART_RS232_rxAddressDetected - set to 1 when correct address received,
  55:Generated_Source\PSoC5/UART_RS232_INT.c ****     *     and analysed to store following addressed data bytes to the buffer.
  56:Generated_Source\PSoC5/UART_RS232_INT.c ****     *     When not correct address received, set to 0 to skip following data bytes.
  57:Generated_Source\PSoC5/UART_RS232_INT.c ****     *
  58:Generated_Source\PSoC5/UART_RS232_INT.c ****     *******************************************************************************/
  59:Generated_Source\PSoC5/UART_RS232_INT.c ****     CY_ISR(UART_RS232_RXISR)
  60:Generated_Source\PSoC5/UART_RS232_INT.c ****     {
  28              		.loc 1 60 0
  29              		.cfi_startproc
  30              		@ args = 0, pretend = 0, frame = 8
  31              		@ frame_needed = 1, uses_anonymous_args = 0
  32              		@ link register save eliminated.
  33 0000 80B4     		push	{r7}
  34              		.cfi_def_cfa_offset 4
  35              		.cfi_offset 7, -4
  36 0002 83B0     		sub	sp, sp, #12
  37              		.cfi_def_cfa_offset 16
  38 0004 00AF     		add	r7, sp, #0
  39              		.cfi_def_cfa_register 7
  61:Generated_Source\PSoC5/UART_RS232_INT.c ****         uint8 readData;
  62:Generated_Source\PSoC5/UART_RS232_INT.c ****         uint8 readStatus;
  63:Generated_Source\PSoC5/UART_RS232_INT.c ****         uint8 increment_pointer = 0u;
  40              		.loc 1 63 0
  41 0006 0023     		movs	r3, #0
  42 0008 FB71     		strb	r3, [r7, #7]
  43              	.L6:
  64:Generated_Source\PSoC5/UART_RS232_INT.c **** 
  65:Generated_Source\PSoC5/UART_RS232_INT.c ****     #if(CY_PSOC3)
  66:Generated_Source\PSoC5/UART_RS232_INT.c ****         uint8 int_en;
  67:Generated_Source\PSoC5/UART_RS232_INT.c ****     #endif /* (CY_PSOC3) */
  68:Generated_Source\PSoC5/UART_RS232_INT.c **** 
  69:Generated_Source\PSoC5/UART_RS232_INT.c ****     #ifdef UART_RS232_RXISR_ENTRY_CALLBACK
  70:Generated_Source\PSoC5/UART_RS232_INT.c ****         UART_RS232_RXISR_EntryCallback();
  71:Generated_Source\PSoC5/UART_RS232_INT.c ****     #endif /* UART_RS232_RXISR_ENTRY_CALLBACK */
ARM GAS  C:\Users\Taha\AppData\Local\Temp\ccWnKQVW.s 			page 3


  72:Generated_Source\PSoC5/UART_RS232_INT.c **** 
  73:Generated_Source\PSoC5/UART_RS232_INT.c ****         /* User code required at start of ISR */
  74:Generated_Source\PSoC5/UART_RS232_INT.c ****         /* `#START UART_RS232_RXISR_START` */
  75:Generated_Source\PSoC5/UART_RS232_INT.c **** 
  76:Generated_Source\PSoC5/UART_RS232_INT.c ****         /* `#END` */
  77:Generated_Source\PSoC5/UART_RS232_INT.c **** 
  78:Generated_Source\PSoC5/UART_RS232_INT.c ****     #if(CY_PSOC3)   /* Make sure nested interrupt is enabled */
  79:Generated_Source\PSoC5/UART_RS232_INT.c ****         int_en = EA;
  80:Generated_Source\PSoC5/UART_RS232_INT.c ****         CyGlobalIntEnable;
  81:Generated_Source\PSoC5/UART_RS232_INT.c ****     #endif /* (CY_PSOC3) */
  82:Generated_Source\PSoC5/UART_RS232_INT.c **** 
  83:Generated_Source\PSoC5/UART_RS232_INT.c ****         do
  84:Generated_Source\PSoC5/UART_RS232_INT.c ****         {
  85:Generated_Source\PSoC5/UART_RS232_INT.c ****             /* Read receiver status register */
  86:Generated_Source\PSoC5/UART_RS232_INT.c ****             readStatus = UART_RS232_RXSTATUS_REG;
  44              		.loc 1 86 0
  45 000a 2C4B     		ldr	r3, .L7
  46 000c 1B78     		ldrb	r3, [r3]
  47 000e BB71     		strb	r3, [r7, #6]
  87:Generated_Source\PSoC5/UART_RS232_INT.c ****             /* Copy the same status to readData variable for backward compatibility support 
  88:Generated_Source\PSoC5/UART_RS232_INT.c ****             *  of the user code in UART_RS232_RXISR_ERROR` section. 
  89:Generated_Source\PSoC5/UART_RS232_INT.c ****             */
  90:Generated_Source\PSoC5/UART_RS232_INT.c ****             readData = readStatus;
  48              		.loc 1 90 0
  49 0010 BB79     		ldrb	r3, [r7, #6]
  50 0012 7B71     		strb	r3, [r7, #5]
  91:Generated_Source\PSoC5/UART_RS232_INT.c **** 
  92:Generated_Source\PSoC5/UART_RS232_INT.c ****             if((readStatus & (UART_RS232_RX_STS_BREAK | 
  93:Generated_Source\PSoC5/UART_RS232_INT.c ****                             UART_RS232_RX_STS_PAR_ERROR |
  94:Generated_Source\PSoC5/UART_RS232_INT.c ****                             UART_RS232_RX_STS_STOP_ERROR | 
  95:Generated_Source\PSoC5/UART_RS232_INT.c ****                             UART_RS232_RX_STS_OVERRUN)) != 0u)
  51              		.loc 1 95 0
  52 0014 BB79     		ldrb	r3, [r7, #6]	@ zero_extendqisi2
  53 0016 03F01E03 		and	r3, r3, #30
  92:Generated_Source\PSoC5/UART_RS232_INT.c ****                             UART_RS232_RX_STS_PAR_ERROR |
  54              		.loc 1 92 0
  55 001a 002B     		cmp	r3, #0
  56 001c 0CD0     		beq	.L2
  96:Generated_Source\PSoC5/UART_RS232_INT.c ****             {
  97:Generated_Source\PSoC5/UART_RS232_INT.c ****                 /* ERROR handling. */
  98:Generated_Source\PSoC5/UART_RS232_INT.c ****                 UART_RS232_errorStatus |= readStatus & ( UART_RS232_RX_STS_BREAK | 
  57              		.loc 1 98 0
  58 001e 97F90630 		ldrsb	r3, [r7, #6]
  59 0022 03F01E03 		and	r3, r3, #30
  60 0026 5AB2     		sxtb	r2, r3
  61 0028 254B     		ldr	r3, .L7+4
  62 002a 1B78     		ldrb	r3, [r3]	@ zero_extendqisi2
  63 002c 5BB2     		sxtb	r3, r3
  64 002e 1343     		orrs	r3, r3, r2
  65 0030 5BB2     		sxtb	r3, r3
  66 0032 DAB2     		uxtb	r2, r3
  67 0034 224B     		ldr	r3, .L7+4
  68 0036 1A70     		strb	r2, [r3]
  69              	.L2:
  99:Generated_Source\PSoC5/UART_RS232_INT.c ****                                                             UART_RS232_RX_STS_PAR_ERROR | 
 100:Generated_Source\PSoC5/UART_RS232_INT.c ****                                                             UART_RS232_RX_STS_STOP_ERROR | 
 101:Generated_Source\PSoC5/UART_RS232_INT.c ****                                                             UART_RS232_RX_STS_OVERRUN);
ARM GAS  C:\Users\Taha\AppData\Local\Temp\ccWnKQVW.s 			page 4


 102:Generated_Source\PSoC5/UART_RS232_INT.c ****                 /* `#START UART_RS232_RXISR_ERROR` */
 103:Generated_Source\PSoC5/UART_RS232_INT.c **** 
 104:Generated_Source\PSoC5/UART_RS232_INT.c ****                 /* `#END` */
 105:Generated_Source\PSoC5/UART_RS232_INT.c ****                 
 106:Generated_Source\PSoC5/UART_RS232_INT.c ****             #ifdef UART_RS232_RXISR_ERROR_CALLBACK
 107:Generated_Source\PSoC5/UART_RS232_INT.c ****                 UART_RS232_RXISR_ERROR_Callback();
 108:Generated_Source\PSoC5/UART_RS232_INT.c ****             #endif /* UART_RS232_RXISR_ERROR_CALLBACK */
 109:Generated_Source\PSoC5/UART_RS232_INT.c ****             }
 110:Generated_Source\PSoC5/UART_RS232_INT.c ****             
 111:Generated_Source\PSoC5/UART_RS232_INT.c ****             if((readStatus & UART_RS232_RX_STS_FIFO_NOTEMPTY) != 0u)
  70              		.loc 1 111 0
  71 0038 BB79     		ldrb	r3, [r7, #6]	@ zero_extendqisi2
  72 003a 03F02003 		and	r3, r3, #32
  73 003e 002B     		cmp	r3, #0
  74 0040 31D0     		beq	.L3
 112:Generated_Source\PSoC5/UART_RS232_INT.c ****             {
 113:Generated_Source\PSoC5/UART_RS232_INT.c ****                 /* Read data from the RX data register */
 114:Generated_Source\PSoC5/UART_RS232_INT.c ****                 readData = UART_RS232_RXDATA_REG;
  75              		.loc 1 114 0
  76 0042 204B     		ldr	r3, .L7+8
  77 0044 1B78     		ldrb	r3, [r3]
  78 0046 7B71     		strb	r3, [r7, #5]
 115:Generated_Source\PSoC5/UART_RS232_INT.c ****             #if (UART_RS232_RXHW_ADDRESS_ENABLED)
 116:Generated_Source\PSoC5/UART_RS232_INT.c ****                 if(UART_RS232_rxAddressMode == (uint8)UART_RS232__B_UART__AM_SW_DETECT_TO_BUFFER)
 117:Generated_Source\PSoC5/UART_RS232_INT.c ****                 {
 118:Generated_Source\PSoC5/UART_RS232_INT.c ****                     if((readStatus & UART_RS232_RX_STS_MRKSPC) != 0u)
 119:Generated_Source\PSoC5/UART_RS232_INT.c ****                     {
 120:Generated_Source\PSoC5/UART_RS232_INT.c ****                         if ((readStatus & UART_RS232_RX_STS_ADDR_MATCH) != 0u)
 121:Generated_Source\PSoC5/UART_RS232_INT.c ****                         {
 122:Generated_Source\PSoC5/UART_RS232_INT.c ****                             UART_RS232_rxAddressDetected = 1u;
 123:Generated_Source\PSoC5/UART_RS232_INT.c ****                         }
 124:Generated_Source\PSoC5/UART_RS232_INT.c ****                         else
 125:Generated_Source\PSoC5/UART_RS232_INT.c ****                         {
 126:Generated_Source\PSoC5/UART_RS232_INT.c ****                             UART_RS232_rxAddressDetected = 0u;
 127:Generated_Source\PSoC5/UART_RS232_INT.c ****                         }
 128:Generated_Source\PSoC5/UART_RS232_INT.c ****                     }
 129:Generated_Source\PSoC5/UART_RS232_INT.c ****                     if(UART_RS232_rxAddressDetected != 0u)
 130:Generated_Source\PSoC5/UART_RS232_INT.c ****                     {   /* Store only addressed data */
 131:Generated_Source\PSoC5/UART_RS232_INT.c ****                         UART_RS232_rxBuffer[UART_RS232_rxBufferWrite] = readData;
 132:Generated_Source\PSoC5/UART_RS232_INT.c ****                         increment_pointer = 1u;
 133:Generated_Source\PSoC5/UART_RS232_INT.c ****                     }
 134:Generated_Source\PSoC5/UART_RS232_INT.c ****                 }
 135:Generated_Source\PSoC5/UART_RS232_INT.c ****                 else /* Without software addressing */
 136:Generated_Source\PSoC5/UART_RS232_INT.c ****                 {
 137:Generated_Source\PSoC5/UART_RS232_INT.c ****                     UART_RS232_rxBuffer[UART_RS232_rxBufferWrite] = readData;
 138:Generated_Source\PSoC5/UART_RS232_INT.c ****                     increment_pointer = 1u;
 139:Generated_Source\PSoC5/UART_RS232_INT.c ****                 }
 140:Generated_Source\PSoC5/UART_RS232_INT.c ****             #else  /* Without addressing */
 141:Generated_Source\PSoC5/UART_RS232_INT.c ****                 UART_RS232_rxBuffer[UART_RS232_rxBufferWrite] = readData;
  79              		.loc 1 141 0
  80 0048 1F4B     		ldr	r3, .L7+12
  81 004a 1B88     		ldrh	r3, [r3]	@ movhi
  82 004c 9BB2     		uxth	r3, r3
  83 004e 1946     		mov	r1, r3
  84 0050 1E4A     		ldr	r2, .L7+16
  85 0052 7B79     		ldrb	r3, [r7, #5]
  86 0054 5354     		strb	r3, [r2, r1]
ARM GAS  C:\Users\Taha\AppData\Local\Temp\ccWnKQVW.s 			page 5


 142:Generated_Source\PSoC5/UART_RS232_INT.c ****                 increment_pointer = 1u;
  87              		.loc 1 142 0
  88 0056 0123     		movs	r3, #1
  89 0058 FB71     		strb	r3, [r7, #7]
 143:Generated_Source\PSoC5/UART_RS232_INT.c ****             #endif /* (UART_RS232_RXHW_ADDRESS_ENABLED) */
 144:Generated_Source\PSoC5/UART_RS232_INT.c **** 
 145:Generated_Source\PSoC5/UART_RS232_INT.c ****                 /* Do not increment buffer pointer when skip not addressed data */
 146:Generated_Source\PSoC5/UART_RS232_INT.c ****                 if(increment_pointer != 0u)
  90              		.loc 1 146 0
  91 005a FB79     		ldrb	r3, [r7, #7]	@ zero_extendqisi2
  92 005c 002B     		cmp	r3, #0
  93 005e 22D0     		beq	.L3
 147:Generated_Source\PSoC5/UART_RS232_INT.c ****                 {
 148:Generated_Source\PSoC5/UART_RS232_INT.c ****                     if(UART_RS232_rxBufferLoopDetect != 0u)
  94              		.loc 1 148 0
  95 0060 1B4B     		ldr	r3, .L7+20
  96 0062 1B78     		ldrb	r3, [r3]
  97 0064 DBB2     		uxtb	r3, r3
  98 0066 002B     		cmp	r3, #0
  99 0068 02D0     		beq	.L4
 149:Generated_Source\PSoC5/UART_RS232_INT.c ****                     {   /* Set Software Buffer status Overflow */
 150:Generated_Source\PSoC5/UART_RS232_INT.c ****                         UART_RS232_rxBufferOverflow = 1u;
 100              		.loc 1 150 0
 101 006a 1A4B     		ldr	r3, .L7+24
 102 006c 0122     		movs	r2, #1
 103 006e 1A70     		strb	r2, [r3]
 104              	.L4:
 151:Generated_Source\PSoC5/UART_RS232_INT.c ****                     }
 152:Generated_Source\PSoC5/UART_RS232_INT.c ****                     /* Set next pointer. */
 153:Generated_Source\PSoC5/UART_RS232_INT.c ****                     UART_RS232_rxBufferWrite++;
 105              		.loc 1 153 0
 106 0070 154B     		ldr	r3, .L7+12
 107 0072 1B88     		ldrh	r3, [r3]	@ movhi
 108 0074 9BB2     		uxth	r3, r3
 109 0076 0133     		adds	r3, r3, #1
 110 0078 9AB2     		uxth	r2, r3
 111 007a 134B     		ldr	r3, .L7+12
 112 007c 1A80     		strh	r2, [r3]	@ movhi
 154:Generated_Source\PSoC5/UART_RS232_INT.c **** 
 155:Generated_Source\PSoC5/UART_RS232_INT.c ****                     /* Check pointer for a loop condition */
 156:Generated_Source\PSoC5/UART_RS232_INT.c ****                     if(UART_RS232_rxBufferWrite >= UART_RS232_RX_BUFFER_SIZE)
 113              		.loc 1 156 0
 114 007e 124B     		ldr	r3, .L7+12
 115 0080 1B88     		ldrh	r3, [r3]	@ movhi
 116 0082 9BB2     		uxth	r3, r3
 117 0084 B3F57A7F 		cmp	r3, #1000
 118 0088 02D3     		bcc	.L5
 157:Generated_Source\PSoC5/UART_RS232_INT.c ****                     {
 158:Generated_Source\PSoC5/UART_RS232_INT.c ****                         UART_RS232_rxBufferWrite = 0u;
 119              		.loc 1 158 0
 120 008a 0F4B     		ldr	r3, .L7+12
 121 008c 0022     		movs	r2, #0
 122 008e 1A80     		strh	r2, [r3]	@ movhi
 123              	.L5:
 159:Generated_Source\PSoC5/UART_RS232_INT.c ****                     }
 160:Generated_Source\PSoC5/UART_RS232_INT.c **** 
 161:Generated_Source\PSoC5/UART_RS232_INT.c ****                     /* Detect pre-overload condition and set flag */
ARM GAS  C:\Users\Taha\AppData\Local\Temp\ccWnKQVW.s 			page 6


 162:Generated_Source\PSoC5/UART_RS232_INT.c ****                     if(UART_RS232_rxBufferWrite == UART_RS232_rxBufferRead)
 124              		.loc 1 162 0
 125 0090 0D4B     		ldr	r3, .L7+12
 126 0092 1B88     		ldrh	r3, [r3]	@ movhi
 127 0094 9AB2     		uxth	r2, r3
 128 0096 104B     		ldr	r3, .L7+28
 129 0098 1B88     		ldrh	r3, [r3]	@ movhi
 130 009a 9BB2     		uxth	r3, r3
 131 009c 9A42     		cmp	r2, r3
 132 009e 02D1     		bne	.L3
 163:Generated_Source\PSoC5/UART_RS232_INT.c ****                     {
 164:Generated_Source\PSoC5/UART_RS232_INT.c ****                         UART_RS232_rxBufferLoopDetect = 1u;
 133              		.loc 1 164 0
 134 00a0 0B4B     		ldr	r3, .L7+20
 135 00a2 0122     		movs	r2, #1
 136 00a4 1A70     		strb	r2, [r3]
 137              	.L3:
 165:Generated_Source\PSoC5/UART_RS232_INT.c ****                         /* When Hardware Flow Control selected */
 166:Generated_Source\PSoC5/UART_RS232_INT.c ****                         #if (UART_RS232_FLOW_CONTROL != 0u)
 167:Generated_Source\PSoC5/UART_RS232_INT.c ****                             /* Disable RX interrupt mask, it is enabled when user read data from th
 168:Generated_Source\PSoC5/UART_RS232_INT.c ****                             UART_RS232_RXSTATUS_MASK_REG  &= (uint8)~UART_RS232_RX_STS_FIFO_NOTEMPT
 169:Generated_Source\PSoC5/UART_RS232_INT.c ****                             CyIntClearPending(UART_RS232_RX_VECT_NUM);
 170:Generated_Source\PSoC5/UART_RS232_INT.c ****                             break; /* Break the reading of the FIFO loop, leave the data there for 
 171:Generated_Source\PSoC5/UART_RS232_INT.c ****                         #endif /* (UART_RS232_FLOW_CONTROL != 0u) */
 172:Generated_Source\PSoC5/UART_RS232_INT.c ****                     }
 173:Generated_Source\PSoC5/UART_RS232_INT.c ****                 }
 174:Generated_Source\PSoC5/UART_RS232_INT.c ****             }
 175:Generated_Source\PSoC5/UART_RS232_INT.c ****         }while((readStatus & UART_RS232_RX_STS_FIFO_NOTEMPTY) != 0u);
 138              		.loc 1 175 0
 139 00a6 BB79     		ldrb	r3, [r7, #6]	@ zero_extendqisi2
 140 00a8 03F02003 		and	r3, r3, #32
 141 00ac 002B     		cmp	r3, #0
 142 00ae ACD1     		bne	.L6
 176:Generated_Source\PSoC5/UART_RS232_INT.c **** 
 177:Generated_Source\PSoC5/UART_RS232_INT.c ****         /* User code required at end of ISR (Optional) */
 178:Generated_Source\PSoC5/UART_RS232_INT.c ****         /* `#START UART_RS232_RXISR_END` */
 179:Generated_Source\PSoC5/UART_RS232_INT.c **** 
 180:Generated_Source\PSoC5/UART_RS232_INT.c ****         /* `#END` */
 181:Generated_Source\PSoC5/UART_RS232_INT.c **** 
 182:Generated_Source\PSoC5/UART_RS232_INT.c ****     #ifdef UART_RS232_RXISR_EXIT_CALLBACK
 183:Generated_Source\PSoC5/UART_RS232_INT.c ****         UART_RS232_RXISR_ExitCallback();
 184:Generated_Source\PSoC5/UART_RS232_INT.c ****     #endif /* UART_RS232_RXISR_EXIT_CALLBACK */
 185:Generated_Source\PSoC5/UART_RS232_INT.c **** 
 186:Generated_Source\PSoC5/UART_RS232_INT.c ****     #if(CY_PSOC3)
 187:Generated_Source\PSoC5/UART_RS232_INT.c ****         EA = int_en;
 188:Generated_Source\PSoC5/UART_RS232_INT.c ****     #endif /* (CY_PSOC3) */
 189:Generated_Source\PSoC5/UART_RS232_INT.c ****     }
 143              		.loc 1 189 0
 144 00b0 00BF     		nop
 145 00b2 0C37     		adds	r7, r7, #12
 146              		.cfi_def_cfa_offset 4
 147 00b4 BD46     		mov	sp, r7
 148              		.cfi_def_cfa_register 13
 149              		@ sp needed
 150 00b6 80BC     		pop	{r7}
 151              		.cfi_restore 7
 152              		.cfi_def_cfa_offset 0
ARM GAS  C:\Users\Taha\AppData\Local\Temp\ccWnKQVW.s 			page 7


 153 00b8 7047     		bx	lr
 154              	.L8:
 155 00ba 00BF     		.align	2
 156              	.L7:
 157 00bc 6A640040 		.word	1073767530
 158 00c0 00000000 		.word	UART_RS232_errorStatus
 159 00c4 4A640040 		.word	1073767498
 160 00c8 00000000 		.word	UART_RS232_rxBufferWrite
 161 00cc 00000000 		.word	UART_RS232_rxBuffer
 162 00d0 00000000 		.word	UART_RS232_rxBufferLoopDetect
 163 00d4 00000000 		.word	UART_RS232_rxBufferOverflow
 164 00d8 00000000 		.word	UART_RS232_rxBufferRead
 165              		.cfi_endproc
 166              	.LFE0:
 167              		.size	UART_RS232_RXISR, .-UART_RS232_RXISR
 168              		.section	.text.UART_RS232_TXISR,"ax",%progbits
 169              		.align	2
 170              		.global	UART_RS232_TXISR
 171              		.thumb
 172              		.thumb_func
 173              		.type	UART_RS232_TXISR, %function
 174              	UART_RS232_TXISR:
 175              	.LFB1:
 190:Generated_Source\PSoC5/UART_RS232_INT.c ****     
 191:Generated_Source\PSoC5/UART_RS232_INT.c **** #endif /* (UART_RS232_RX_INTERRUPT_ENABLED && (UART_RS232_RX_ENABLED || UART_RS232_HD_ENABLED)) */
 192:Generated_Source\PSoC5/UART_RS232_INT.c **** 
 193:Generated_Source\PSoC5/UART_RS232_INT.c **** 
 194:Generated_Source\PSoC5/UART_RS232_INT.c **** #if (UART_RS232_TX_INTERRUPT_ENABLED && UART_RS232_TX_ENABLED)
 195:Generated_Source\PSoC5/UART_RS232_INT.c ****     /*******************************************************************************
 196:Generated_Source\PSoC5/UART_RS232_INT.c ****     * Function Name: UART_RS232_TXISR
 197:Generated_Source\PSoC5/UART_RS232_INT.c ****     ********************************************************************************
 198:Generated_Source\PSoC5/UART_RS232_INT.c ****     *
 199:Generated_Source\PSoC5/UART_RS232_INT.c ****     * Summary:
 200:Generated_Source\PSoC5/UART_RS232_INT.c ****     * Interrupt Service Routine for the TX portion of the UART
 201:Generated_Source\PSoC5/UART_RS232_INT.c ****     *
 202:Generated_Source\PSoC5/UART_RS232_INT.c ****     * Parameters:
 203:Generated_Source\PSoC5/UART_RS232_INT.c ****     *  None.
 204:Generated_Source\PSoC5/UART_RS232_INT.c ****     *
 205:Generated_Source\PSoC5/UART_RS232_INT.c ****     * Return:
 206:Generated_Source\PSoC5/UART_RS232_INT.c ****     *  None.
 207:Generated_Source\PSoC5/UART_RS232_INT.c ****     *
 208:Generated_Source\PSoC5/UART_RS232_INT.c ****     * Global Variables:
 209:Generated_Source\PSoC5/UART_RS232_INT.c ****     *  UART_RS232_txBuffer - RAM buffer pointer for transmit data from.
 210:Generated_Source\PSoC5/UART_RS232_INT.c ****     *  UART_RS232_txBufferRead - cyclic index for read and transmit data
 211:Generated_Source\PSoC5/UART_RS232_INT.c ****     *     from txBuffer, increments after each transmitted byte.
 212:Generated_Source\PSoC5/UART_RS232_INT.c ****     *  UART_RS232_rxBufferWrite - cyclic index for write to txBuffer,
 213:Generated_Source\PSoC5/UART_RS232_INT.c ****     *     checked to detect available for transmission bytes.
 214:Generated_Source\PSoC5/UART_RS232_INT.c ****     *
 215:Generated_Source\PSoC5/UART_RS232_INT.c ****     *******************************************************************************/
 216:Generated_Source\PSoC5/UART_RS232_INT.c ****     CY_ISR(UART_RS232_TXISR)
 217:Generated_Source\PSoC5/UART_RS232_INT.c ****     {
 176              		.loc 1 217 0
 177              		.cfi_startproc
 178              		@ args = 0, pretend = 0, frame = 0
 179              		@ frame_needed = 1, uses_anonymous_args = 0
 180              		@ link register save eliminated.
 181 0000 80B4     		push	{r7}
ARM GAS  C:\Users\Taha\AppData\Local\Temp\ccWnKQVW.s 			page 8


 182              		.cfi_def_cfa_offset 4
 183              		.cfi_offset 7, -4
 184 0002 00AF     		add	r7, sp, #0
 185              		.cfi_def_cfa_register 7
 218:Generated_Source\PSoC5/UART_RS232_INT.c ****     #if(CY_PSOC3)
 219:Generated_Source\PSoC5/UART_RS232_INT.c ****         uint8 int_en;
 220:Generated_Source\PSoC5/UART_RS232_INT.c ****     #endif /* (CY_PSOC3) */
 221:Generated_Source\PSoC5/UART_RS232_INT.c **** 
 222:Generated_Source\PSoC5/UART_RS232_INT.c ****     #ifdef UART_RS232_TXISR_ENTRY_CALLBACK
 223:Generated_Source\PSoC5/UART_RS232_INT.c ****         UART_RS232_TXISR_EntryCallback();
 224:Generated_Source\PSoC5/UART_RS232_INT.c ****     #endif /* UART_RS232_TXISR_ENTRY_CALLBACK */
 225:Generated_Source\PSoC5/UART_RS232_INT.c **** 
 226:Generated_Source\PSoC5/UART_RS232_INT.c ****         /* User code required at start of ISR */
 227:Generated_Source\PSoC5/UART_RS232_INT.c ****         /* `#START UART_RS232_TXISR_START` */
 228:Generated_Source\PSoC5/UART_RS232_INT.c **** 
 229:Generated_Source\PSoC5/UART_RS232_INT.c ****         /* `#END` */
 230:Generated_Source\PSoC5/UART_RS232_INT.c **** 
 231:Generated_Source\PSoC5/UART_RS232_INT.c ****     #if(CY_PSOC3)   /* Make sure nested interrupt is enabled */
 232:Generated_Source\PSoC5/UART_RS232_INT.c ****         int_en = EA;
 233:Generated_Source\PSoC5/UART_RS232_INT.c ****         CyGlobalIntEnable;
 234:Generated_Source\PSoC5/UART_RS232_INT.c ****     #endif /* (CY_PSOC3) */
 235:Generated_Source\PSoC5/UART_RS232_INT.c **** 
 236:Generated_Source\PSoC5/UART_RS232_INT.c ****         while((UART_RS232_txBufferRead != UART_RS232_txBufferWrite) &&
 186              		.loc 1 236 0
 187 0004 17E0     		b	.L10
 188              	.L13:
 237:Generated_Source\PSoC5/UART_RS232_INT.c ****              ((UART_RS232_TXSTATUS_REG & UART_RS232_TX_STS_FIFO_FULL) == 0u))
 238:Generated_Source\PSoC5/UART_RS232_INT.c ****         {
 239:Generated_Source\PSoC5/UART_RS232_INT.c ****             /* Check pointer wrap around */
 240:Generated_Source\PSoC5/UART_RS232_INT.c ****             if(UART_RS232_txBufferRead >= UART_RS232_TX_BUFFER_SIZE)
 189              		.loc 1 240 0
 190 0006 154B     		ldr	r3, .L15
 191 0008 1B78     		ldrb	r3, [r3]
 192 000a DBB2     		uxtb	r3, r3
 193 000c C62B     		cmp	r3, #198
 194 000e 02D9     		bls	.L11
 241:Generated_Source\PSoC5/UART_RS232_INT.c ****             {
 242:Generated_Source\PSoC5/UART_RS232_INT.c ****                 UART_RS232_txBufferRead = 0u;
 195              		.loc 1 242 0
 196 0010 124B     		ldr	r3, .L15
 197 0012 0022     		movs	r2, #0
 198 0014 1A70     		strb	r2, [r3]
 199              	.L11:
 243:Generated_Source\PSoC5/UART_RS232_INT.c ****             }
 244:Generated_Source\PSoC5/UART_RS232_INT.c **** 
 245:Generated_Source\PSoC5/UART_RS232_INT.c ****             UART_RS232_TXDATA_REG = UART_RS232_txBuffer[UART_RS232_txBufferRead];
 200              		.loc 1 245 0
 201 0016 124B     		ldr	r3, .L15+4
 202 0018 104A     		ldr	r2, .L15
 203 001a 1278     		ldrb	r2, [r2]
 204 001c D2B2     		uxtb	r2, r2
 205 001e 1146     		mov	r1, r2
 206 0020 104A     		ldr	r2, .L15+8
 207 0022 525C     		ldrb	r2, [r2, r1]
 208 0024 D2B2     		uxtb	r2, r2
 209 0026 1A70     		strb	r2, [r3]
 246:Generated_Source\PSoC5/UART_RS232_INT.c **** 
ARM GAS  C:\Users\Taha\AppData\Local\Temp\ccWnKQVW.s 			page 9


 247:Generated_Source\PSoC5/UART_RS232_INT.c ****             /* Set next pointer */
 248:Generated_Source\PSoC5/UART_RS232_INT.c ****             UART_RS232_txBufferRead++;
 210              		.loc 1 248 0
 211 0028 0C4B     		ldr	r3, .L15
 212 002a 1B78     		ldrb	r3, [r3]
 213 002c DBB2     		uxtb	r3, r3
 214 002e 0133     		adds	r3, r3, #1
 215 0030 DAB2     		uxtb	r2, r3
 216 0032 0A4B     		ldr	r3, .L15
 217 0034 1A70     		strb	r2, [r3]
 218              	.L10:
 236:Generated_Source\PSoC5/UART_RS232_INT.c ****              ((UART_RS232_TXSTATUS_REG & UART_RS232_TX_STS_FIFO_FULL) == 0u))
 219              		.loc 1 236 0
 220 0036 094B     		ldr	r3, .L15
 221 0038 1B78     		ldrb	r3, [r3]
 222 003a DAB2     		uxtb	r2, r3
 223 003c 0A4B     		ldr	r3, .L15+12
 224 003e 1B78     		ldrb	r3, [r3]	@ zero_extendqisi2
 225 0040 9A42     		cmp	r2, r3
 226 0042 06D0     		beq	.L14
 237:Generated_Source\PSoC5/UART_RS232_INT.c ****         {
 227              		.loc 1 237 0 discriminator 1
 228 0044 094B     		ldr	r3, .L15+16
 229 0046 1B78     		ldrb	r3, [r3]
 230 0048 DBB2     		uxtb	r3, r3
 231 004a 03F00403 		and	r3, r3, #4
 236:Generated_Source\PSoC5/UART_RS232_INT.c ****              ((UART_RS232_TXSTATUS_REG & UART_RS232_TX_STS_FIFO_FULL) == 0u))
 232              		.loc 1 236 0 discriminator 1
 233 004e 002B     		cmp	r3, #0
 234 0050 D9D0     		beq	.L13
 235              	.L14:
 249:Generated_Source\PSoC5/UART_RS232_INT.c ****         }
 250:Generated_Source\PSoC5/UART_RS232_INT.c **** 
 251:Generated_Source\PSoC5/UART_RS232_INT.c ****         /* User code required at end of ISR (Optional) */
 252:Generated_Source\PSoC5/UART_RS232_INT.c ****         /* `#START UART_RS232_TXISR_END` */
 253:Generated_Source\PSoC5/UART_RS232_INT.c **** 
 254:Generated_Source\PSoC5/UART_RS232_INT.c ****         /* `#END` */
 255:Generated_Source\PSoC5/UART_RS232_INT.c **** 
 256:Generated_Source\PSoC5/UART_RS232_INT.c ****     #ifdef UART_RS232_TXISR_EXIT_CALLBACK
 257:Generated_Source\PSoC5/UART_RS232_INT.c ****         UART_RS232_TXISR_ExitCallback();
 258:Generated_Source\PSoC5/UART_RS232_INT.c ****     #endif /* UART_RS232_TXISR_EXIT_CALLBACK */
 259:Generated_Source\PSoC5/UART_RS232_INT.c **** 
 260:Generated_Source\PSoC5/UART_RS232_INT.c ****     #if(CY_PSOC3)
 261:Generated_Source\PSoC5/UART_RS232_INT.c ****         EA = int_en;
 262:Generated_Source\PSoC5/UART_RS232_INT.c ****     #endif /* (CY_PSOC3) */
 263:Generated_Source\PSoC5/UART_RS232_INT.c ****    }
 236              		.loc 1 263 0
 237 0052 00BF     		nop
 238 0054 BD46     		mov	sp, r7
 239              		.cfi_def_cfa_register 13
 240              		@ sp needed
 241 0056 80BC     		pop	{r7}
 242              		.cfi_restore 7
 243              		.cfi_def_cfa_offset 0
 244 0058 7047     		bx	lr
 245              	.L16:
 246 005a 00BF     		.align	2
ARM GAS  C:\Users\Taha\AppData\Local\Temp\ccWnKQVW.s 			page 10


 247              	.L15:
 248 005c 00000000 		.word	UART_RS232_txBufferRead
 249 0060 4E640040 		.word	1073767502
 250 0064 00000000 		.word	UART_RS232_txBuffer
 251 0068 00000000 		.word	UART_RS232_txBufferWrite
 252 006c 6D640040 		.word	1073767533
 253              		.cfi_endproc
 254              	.LFE1:
 255              		.size	UART_RS232_TXISR, .-UART_RS232_TXISR
 256              		.text
 257              	.Letext0:
 258              		.file 2 "Generated_Source\\PSoC5\\cytypes.h"
 259              		.file 3 "Generated_Source\\PSoC5\\UART_RS232.h"
 260              		.section	.debug_info,"",%progbits
 261              	.Ldebug_info0:
 262 0000 A1010000 		.4byte	0x1a1
 263 0004 0400     		.2byte	0x4
 264 0006 00000000 		.4byte	.Ldebug_abbrev0
 265 000a 04       		.byte	0x4
 266 000b 01       		.uleb128 0x1
 267 000c 00000000 		.4byte	.LASF29
 268 0010 0C       		.byte	0xc
 269 0011 C0020000 		.4byte	.LASF30
 270 0015 1E010000 		.4byte	.LASF31
 271 0019 00000000 		.4byte	.Ldebug_ranges0+0
 272 001d 00000000 		.4byte	0
 273 0021 00000000 		.4byte	.Ldebug_line0
 274 0025 02       		.uleb128 0x2
 275 0026 01       		.byte	0x1
 276 0027 06       		.byte	0x6
 277 0028 AB020000 		.4byte	.LASF0
 278 002c 02       		.uleb128 0x2
 279 002d 01       		.byte	0x1
 280 002e 08       		.byte	0x8
 281 002f F3000000 		.4byte	.LASF1
 282 0033 02       		.uleb128 0x2
 283 0034 02       		.byte	0x2
 284 0035 05       		.byte	0x5
 285 0036 87020000 		.4byte	.LASF2
 286 003a 02       		.uleb128 0x2
 287 003b 02       		.byte	0x2
 288 003c 07       		.byte	0x7
 289 003d BC000000 		.4byte	.LASF3
 290 0041 02       		.uleb128 0x2
 291 0042 04       		.byte	0x4
 292 0043 05       		.byte	0x5
 293 0044 91020000 		.4byte	.LASF4
 294 0048 02       		.uleb128 0x2
 295 0049 04       		.byte	0x4
 296 004a 07       		.byte	0x7
 297 004b 06010000 		.4byte	.LASF5
 298 004f 02       		.uleb128 0x2
 299 0050 08       		.byte	0x8
 300 0051 05       		.byte	0x5
 301 0052 4F020000 		.4byte	.LASF6
 302 0056 02       		.uleb128 0x2
 303 0057 08       		.byte	0x8
ARM GAS  C:\Users\Taha\AppData\Local\Temp\ccWnKQVW.s 			page 11


 304 0058 07       		.byte	0x7
 305 0059 03020000 		.4byte	.LASF7
 306 005d 03       		.uleb128 0x3
 307 005e 04       		.byte	0x4
 308 005f 05       		.byte	0x5
 309 0060 696E7400 		.ascii	"int\000"
 310 0064 02       		.uleb128 0x2
 311 0065 04       		.byte	0x4
 312 0066 07       		.byte	0x7
 313 0067 F6010000 		.4byte	.LASF8
 314 006b 04       		.uleb128 0x4
 315 006c 18010000 		.4byte	.LASF9
 316 0070 02       		.byte	0x2
 317 0071 E901     		.2byte	0x1e9
 318 0073 2C000000 		.4byte	0x2c
 319 0077 04       		.uleb128 0x4
 320 0078 C0010000 		.4byte	.LASF10
 321 007c 02       		.byte	0x2
 322 007d EA01     		.2byte	0x1ea
 323 007f 3A000000 		.4byte	0x3a
 324 0083 02       		.uleb128 0x2
 325 0084 04       		.byte	0x4
 326 0085 04       		.byte	0x4
 327 0086 9F000000 		.4byte	.LASF11
 328 008a 02       		.uleb128 0x2
 329 008b 08       		.byte	0x8
 330 008c 04       		.byte	0x4
 331 008d 84010000 		.4byte	.LASF12
 332 0091 02       		.uleb128 0x2
 333 0092 01       		.byte	0x1
 334 0093 08       		.byte	0x8
 335 0094 9A020000 		.4byte	.LASF13
 336 0098 04       		.uleb128 0x4
 337 0099 01010000 		.4byte	.LASF14
 338 009d 02       		.byte	0x2
 339 009e 9302     		.2byte	0x293
 340 00a0 A4000000 		.4byte	0xa4
 341 00a4 05       		.uleb128 0x5
 342 00a5 6B000000 		.4byte	0x6b
 343 00a9 05       		.uleb128 0x5
 344 00aa 77000000 		.4byte	0x77
 345 00ae 02       		.uleb128 0x2
 346 00af 08       		.byte	0x8
 347 00b0 04       		.byte	0x4
 348 00b1 9F020000 		.4byte	.LASF15
 349 00b5 02       		.uleb128 0x2
 350 00b6 04       		.byte	0x4
 351 00b7 07       		.byte	0x7
 352 00b8 46020000 		.4byte	.LASF16
 353 00bc 06       		.uleb128 0x6
 354 00bd 8E000000 		.4byte	.LASF32
 355 00c1 01       		.byte	0x1
 356 00c2 3B       		.byte	0x3b
 357 00c3 00000000 		.4byte	.LFB0
 358 00c7 DC000000 		.4byte	.LFE0-.LFB0
 359 00cb 01       		.uleb128 0x1
 360 00cc 9C       		.byte	0x9c
ARM GAS  C:\Users\Taha\AppData\Local\Temp\ccWnKQVW.s 			page 12


 361 00cd FC000000 		.4byte	0xfc
 362 00d1 07       		.uleb128 0x7
 363 00d2 B7020000 		.4byte	.LASF17
 364 00d6 01       		.byte	0x1
 365 00d7 3D       		.byte	0x3d
 366 00d8 6B000000 		.4byte	0x6b
 367 00dc 02       		.uleb128 0x2
 368 00dd 91       		.byte	0x91
 369 00de 75       		.sleb128 -11
 370 00df 07       		.uleb128 0x7
 371 00e0 E8000000 		.4byte	.LASF18
 372 00e4 01       		.byte	0x1
 373 00e5 3E       		.byte	0x3e
 374 00e6 6B000000 		.4byte	0x6b
 375 00ea 02       		.uleb128 0x2
 376 00eb 91       		.byte	0x91
 377 00ec 76       		.sleb128 -10
 378 00ed 07       		.uleb128 0x7
 379 00ee 5D020000 		.4byte	.LASF19
 380 00f2 01       		.byte	0x1
 381 00f3 3F       		.byte	0x3f
 382 00f4 6B000000 		.4byte	0x6b
 383 00f8 02       		.uleb128 0x2
 384 00f9 91       		.byte	0x91
 385 00fa 77       		.sleb128 -9
 386 00fb 00       		.byte	0
 387 00fc 08       		.uleb128 0x8
 388 00fd E5010000 		.4byte	.LASF33
 389 0101 01       		.byte	0x1
 390 0102 D8       		.byte	0xd8
 391 0103 00000000 		.4byte	.LFB1
 392 0107 70000000 		.4byte	.LFE1-.LFB1
 393 010b 01       		.uleb128 0x1
 394 010c 9C       		.byte	0x9c
 395 010d 09       		.uleb128 0x9
 396 010e A4000000 		.4byte	0xa4
 397 0112 1D010000 		.4byte	0x11d
 398 0116 0A       		.uleb128 0xa
 399 0117 B5000000 		.4byte	0xb5
 400 011b C6       		.byte	0xc6
 401 011c 00       		.byte	0
 402 011d 0B       		.uleb128 0xb
 403 011e 32020000 		.4byte	.LASF20
 404 0122 03       		.byte	0x3
 405 0123 3801     		.2byte	0x138
 406 0125 29010000 		.4byte	0x129
 407 0129 05       		.uleb128 0x5
 408 012a 0D010000 		.4byte	0x10d
 409 012e 0B       		.uleb128 0xb
 410 012f 1A020000 		.4byte	.LASF21
 411 0133 03       		.byte	0x3
 412 0134 3901     		.2byte	0x139
 413 0136 A4000000 		.4byte	0xa4
 414 013a 0B       		.uleb128 0xb
 415 013b A7010000 		.4byte	.LASF22
 416 013f 03       		.byte	0x3
 417 0140 3A01     		.2byte	0x13a
ARM GAS  C:\Users\Taha\AppData\Local\Temp\ccWnKQVW.s 			page 13


 418 0142 6B000000 		.4byte	0x6b
 419 0146 0B       		.uleb128 0xb
 420 0147 A5000000 		.4byte	.LASF23
 421 014b 03       		.byte	0x3
 422 014c 3D01     		.2byte	0x13d
 423 014e 6B000000 		.4byte	0x6b
 424 0152 09       		.uleb128 0x9
 425 0153 A4000000 		.4byte	0xa4
 426 0157 63010000 		.4byte	0x163
 427 015b 0C       		.uleb128 0xc
 428 015c B5000000 		.4byte	0xb5
 429 0160 E703     		.2byte	0x3e7
 430 0162 00       		.byte	0
 431 0163 0B       		.uleb128 0xb
 432 0164 E8020000 		.4byte	.LASF24
 433 0168 03       		.byte	0x3
 434 0169 3E01     		.2byte	0x13e
 435 016b 6F010000 		.4byte	0x16f
 436 016f 05       		.uleb128 0x5
 437 0170 52010000 		.4byte	0x152
 438 0174 0B       		.uleb128 0xb
 439 0175 6F020000 		.4byte	.LASF25
 440 0179 03       		.byte	0x3
 441 017a 3F01     		.2byte	0x13f
 442 017c A9000000 		.4byte	0xa9
 443 0180 0B       		.uleb128 0xb
 444 0181 CF000000 		.4byte	.LASF26
 445 0185 03       		.byte	0x3
 446 0186 4001     		.2byte	0x140
 447 0188 A9000000 		.4byte	0xa9
 448 018c 0B       		.uleb128 0xb
 449 018d C7010000 		.4byte	.LASF27
 450 0191 03       		.byte	0x3
 451 0192 4101     		.2byte	0x141
 452 0194 A4000000 		.4byte	0xa4
 453 0198 0B       		.uleb128 0xb
 454 0199 8B010000 		.4byte	.LASF28
 455 019d 03       		.byte	0x3
 456 019e 4201     		.2byte	0x142
 457 01a0 A4000000 		.4byte	0xa4
 458 01a4 00       		.byte	0
 459              		.section	.debug_abbrev,"",%progbits
 460              	.Ldebug_abbrev0:
 461 0000 01       		.uleb128 0x1
 462 0001 11       		.uleb128 0x11
 463 0002 01       		.byte	0x1
 464 0003 25       		.uleb128 0x25
 465 0004 0E       		.uleb128 0xe
 466 0005 13       		.uleb128 0x13
 467 0006 0B       		.uleb128 0xb
 468 0007 03       		.uleb128 0x3
 469 0008 0E       		.uleb128 0xe
 470 0009 1B       		.uleb128 0x1b
 471 000a 0E       		.uleb128 0xe
 472 000b 55       		.uleb128 0x55
 473 000c 17       		.uleb128 0x17
 474 000d 11       		.uleb128 0x11
ARM GAS  C:\Users\Taha\AppData\Local\Temp\ccWnKQVW.s 			page 14


 475 000e 01       		.uleb128 0x1
 476 000f 10       		.uleb128 0x10
 477 0010 17       		.uleb128 0x17
 478 0011 00       		.byte	0
 479 0012 00       		.byte	0
 480 0013 02       		.uleb128 0x2
 481 0014 24       		.uleb128 0x24
 482 0015 00       		.byte	0
 483 0016 0B       		.uleb128 0xb
 484 0017 0B       		.uleb128 0xb
 485 0018 3E       		.uleb128 0x3e
 486 0019 0B       		.uleb128 0xb
 487 001a 03       		.uleb128 0x3
 488 001b 0E       		.uleb128 0xe
 489 001c 00       		.byte	0
 490 001d 00       		.byte	0
 491 001e 03       		.uleb128 0x3
 492 001f 24       		.uleb128 0x24
 493 0020 00       		.byte	0
 494 0021 0B       		.uleb128 0xb
 495 0022 0B       		.uleb128 0xb
 496 0023 3E       		.uleb128 0x3e
 497 0024 0B       		.uleb128 0xb
 498 0025 03       		.uleb128 0x3
 499 0026 08       		.uleb128 0x8
 500 0027 00       		.byte	0
 501 0028 00       		.byte	0
 502 0029 04       		.uleb128 0x4
 503 002a 16       		.uleb128 0x16
 504 002b 00       		.byte	0
 505 002c 03       		.uleb128 0x3
 506 002d 0E       		.uleb128 0xe
 507 002e 3A       		.uleb128 0x3a
 508 002f 0B       		.uleb128 0xb
 509 0030 3B       		.uleb128 0x3b
 510 0031 05       		.uleb128 0x5
 511 0032 49       		.uleb128 0x49
 512 0033 13       		.uleb128 0x13
 513 0034 00       		.byte	0
 514 0035 00       		.byte	0
 515 0036 05       		.uleb128 0x5
 516 0037 35       		.uleb128 0x35
 517 0038 00       		.byte	0
 518 0039 49       		.uleb128 0x49
 519 003a 13       		.uleb128 0x13
 520 003b 00       		.byte	0
 521 003c 00       		.byte	0
 522 003d 06       		.uleb128 0x6
 523 003e 2E       		.uleb128 0x2e
 524 003f 01       		.byte	0x1
 525 0040 3F       		.uleb128 0x3f
 526 0041 19       		.uleb128 0x19
 527 0042 03       		.uleb128 0x3
 528 0043 0E       		.uleb128 0xe
 529 0044 3A       		.uleb128 0x3a
 530 0045 0B       		.uleb128 0xb
 531 0046 3B       		.uleb128 0x3b
ARM GAS  C:\Users\Taha\AppData\Local\Temp\ccWnKQVW.s 			page 15


 532 0047 0B       		.uleb128 0xb
 533 0048 27       		.uleb128 0x27
 534 0049 19       		.uleb128 0x19
 535 004a 11       		.uleb128 0x11
 536 004b 01       		.uleb128 0x1
 537 004c 12       		.uleb128 0x12
 538 004d 06       		.uleb128 0x6
 539 004e 40       		.uleb128 0x40
 540 004f 18       		.uleb128 0x18
 541 0050 9742     		.uleb128 0x2117
 542 0052 19       		.uleb128 0x19
 543 0053 01       		.uleb128 0x1
 544 0054 13       		.uleb128 0x13
 545 0055 00       		.byte	0
 546 0056 00       		.byte	0
 547 0057 07       		.uleb128 0x7
 548 0058 34       		.uleb128 0x34
 549 0059 00       		.byte	0
 550 005a 03       		.uleb128 0x3
 551 005b 0E       		.uleb128 0xe
 552 005c 3A       		.uleb128 0x3a
 553 005d 0B       		.uleb128 0xb
 554 005e 3B       		.uleb128 0x3b
 555 005f 0B       		.uleb128 0xb
 556 0060 49       		.uleb128 0x49
 557 0061 13       		.uleb128 0x13
 558 0062 02       		.uleb128 0x2
 559 0063 18       		.uleb128 0x18
 560 0064 00       		.byte	0
 561 0065 00       		.byte	0
 562 0066 08       		.uleb128 0x8
 563 0067 2E       		.uleb128 0x2e
 564 0068 00       		.byte	0
 565 0069 3F       		.uleb128 0x3f
 566 006a 19       		.uleb128 0x19
 567 006b 03       		.uleb128 0x3
 568 006c 0E       		.uleb128 0xe
 569 006d 3A       		.uleb128 0x3a
 570 006e 0B       		.uleb128 0xb
 571 006f 3B       		.uleb128 0x3b
 572 0070 0B       		.uleb128 0xb
 573 0071 27       		.uleb128 0x27
 574 0072 19       		.uleb128 0x19
 575 0073 11       		.uleb128 0x11
 576 0074 01       		.uleb128 0x1
 577 0075 12       		.uleb128 0x12
 578 0076 06       		.uleb128 0x6
 579 0077 40       		.uleb128 0x40
 580 0078 18       		.uleb128 0x18
 581 0079 9742     		.uleb128 0x2117
 582 007b 19       		.uleb128 0x19
 583 007c 00       		.byte	0
 584 007d 00       		.byte	0
 585 007e 09       		.uleb128 0x9
 586 007f 01       		.uleb128 0x1
 587 0080 01       		.byte	0x1
 588 0081 49       		.uleb128 0x49
ARM GAS  C:\Users\Taha\AppData\Local\Temp\ccWnKQVW.s 			page 16


 589 0082 13       		.uleb128 0x13
 590 0083 01       		.uleb128 0x1
 591 0084 13       		.uleb128 0x13
 592 0085 00       		.byte	0
 593 0086 00       		.byte	0
 594 0087 0A       		.uleb128 0xa
 595 0088 21       		.uleb128 0x21
 596 0089 00       		.byte	0
 597 008a 49       		.uleb128 0x49
 598 008b 13       		.uleb128 0x13
 599 008c 2F       		.uleb128 0x2f
 600 008d 0B       		.uleb128 0xb
 601 008e 00       		.byte	0
 602 008f 00       		.byte	0
 603 0090 0B       		.uleb128 0xb
 604 0091 34       		.uleb128 0x34
 605 0092 00       		.byte	0
 606 0093 03       		.uleb128 0x3
 607 0094 0E       		.uleb128 0xe
 608 0095 3A       		.uleb128 0x3a
 609 0096 0B       		.uleb128 0xb
 610 0097 3B       		.uleb128 0x3b
 611 0098 05       		.uleb128 0x5
 612 0099 49       		.uleb128 0x49
 613 009a 13       		.uleb128 0x13
 614 009b 3F       		.uleb128 0x3f
 615 009c 19       		.uleb128 0x19
 616 009d 3C       		.uleb128 0x3c
 617 009e 19       		.uleb128 0x19
 618 009f 00       		.byte	0
 619 00a0 00       		.byte	0
 620 00a1 0C       		.uleb128 0xc
 621 00a2 21       		.uleb128 0x21
 622 00a3 00       		.byte	0
 623 00a4 49       		.uleb128 0x49
 624 00a5 13       		.uleb128 0x13
 625 00a6 2F       		.uleb128 0x2f
 626 00a7 05       		.uleb128 0x5
 627 00a8 00       		.byte	0
 628 00a9 00       		.byte	0
 629 00aa 00       		.byte	0
 630              		.section	.debug_aranges,"",%progbits
 631 0000 24000000 		.4byte	0x24
 632 0004 0200     		.2byte	0x2
 633 0006 00000000 		.4byte	.Ldebug_info0
 634 000a 04       		.byte	0x4
 635 000b 00       		.byte	0
 636 000c 0000     		.2byte	0
 637 000e 0000     		.2byte	0
 638 0010 00000000 		.4byte	.LFB0
 639 0014 DC000000 		.4byte	.LFE0-.LFB0
 640 0018 00000000 		.4byte	.LFB1
 641 001c 70000000 		.4byte	.LFE1-.LFB1
 642 0020 00000000 		.4byte	0
 643 0024 00000000 		.4byte	0
 644              		.section	.debug_ranges,"",%progbits
 645              	.Ldebug_ranges0:
ARM GAS  C:\Users\Taha\AppData\Local\Temp\ccWnKQVW.s 			page 17


 646 0000 00000000 		.4byte	.LFB0
 647 0004 DC000000 		.4byte	.LFE0
 648 0008 00000000 		.4byte	.LFB1
 649 000c 70000000 		.4byte	.LFE1
 650 0010 00000000 		.4byte	0
 651 0014 00000000 		.4byte	0
 652              		.section	.debug_line,"",%progbits
 653              	.Ldebug_line0:
 654 0000 B5000000 		.section	.debug_str,"MS",%progbits,1
 654      02005B00 
 654      00000201 
 654      FB0E0D00 
 654      01010101 
 655              	.LASF29:
 656 0000 474E5520 		.ascii	"GNU C11 5.4.1 20160609 (release) [ARM/embedded-5-br"
 656      43313120 
 656      352E342E 
 656      31203230 
 656      31363036 
 657 0033 616E6368 		.ascii	"anch revision 237715] -mcpu=cortex-m3 -mthumb -g -O"
 657      20726576 
 657      6973696F 
 657      6E203233 
 657      37373135 
 658 0066 30202D66 		.ascii	"0 -ffunction-sections -ffat-lto-objects\000"
 658      66756E63 
 658      74696F6E 
 658      2D736563 
 658      74696F6E 
 659              	.LASF32:
 660 008e 55415254 		.ascii	"UART_RS232_RXISR\000"
 660      5F525332 
 660      33325F52 
 660      58495352 
 660      00
 661              	.LASF11:
 662 009f 666C6F61 		.ascii	"float\000"
 662      7400
 663              	.LASF23:
 664 00a5 55415254 		.ascii	"UART_RS232_errorStatus\000"
 664      5F525332 
 664      33325F65 
 664      72726F72 
 664      53746174 
 665              	.LASF3:
 666 00bc 73686F72 		.ascii	"short unsigned int\000"
 666      7420756E 
 666      7369676E 
 666      65642069 
 666      6E7400
 667              	.LASF26:
 668 00cf 55415254 		.ascii	"UART_RS232_rxBufferWrite\000"
 668      5F525332 
 668      33325F72 
 668      78427566 
 668      66657257 
 669              	.LASF18:
ARM GAS  C:\Users\Taha\AppData\Local\Temp\ccWnKQVW.s 			page 18


 670 00e8 72656164 		.ascii	"readStatus\000"
 670      53746174 
 670      757300
 671              	.LASF1:
 672 00f3 756E7369 		.ascii	"unsigned char\000"
 672      676E6564 
 672      20636861 
 672      7200
 673              	.LASF14:
 674 0101 72656738 		.ascii	"reg8\000"
 674      00
 675              	.LASF5:
 676 0106 6C6F6E67 		.ascii	"long unsigned int\000"
 676      20756E73 
 676      69676E65 
 676      6420696E 
 676      7400
 677              	.LASF9:
 678 0118 75696E74 		.ascii	"uint8\000"
 678      3800
 679              	.LASF31:
 680 011e 433A5C55 		.ascii	"C:\\Users\\Taha\\Creative Cloud Files\\Desktop\\Iro"
 680      73657273 
 680      5C546168 
 680      615C4372 
 680      65617469 
 681 014c 5465616D 		.ascii	"Team\\current\\Ali\\IroTeam_CM_Bootloader\\Bootload"
 681      5C637572 
 681      72656E74 
 681      5C416C69 
 681      5C49726F 
 682 017b 65722E63 		.ascii	"er.cydsn\000"
 682      7964736E 
 682      00
 683              	.LASF12:
 684 0184 646F7562 		.ascii	"double\000"
 684      6C6500
 685              	.LASF28:
 686 018b 55415254 		.ascii	"UART_RS232_rxBufferOverflow\000"
 686      5F525332 
 686      33325F72 
 686      78427566 
 686      6665724F 
 687              	.LASF22:
 688 01a7 55415254 		.ascii	"UART_RS232_txBufferWrite\000"
 688      5F525332 
 688      33325F74 
 688      78427566 
 688      66657257 
 689              	.LASF10:
 690 01c0 75696E74 		.ascii	"uint16\000"
 690      313600
 691              	.LASF27:
 692 01c7 55415254 		.ascii	"UART_RS232_rxBufferLoopDetect\000"
 692      5F525332 
 692      33325F72 
 692      78427566 
ARM GAS  C:\Users\Taha\AppData\Local\Temp\ccWnKQVW.s 			page 19


 692      6665724C 
 693              	.LASF33:
 694 01e5 55415254 		.ascii	"UART_RS232_TXISR\000"
 694      5F525332 
 694      33325F54 
 694      58495352 
 694      00
 695              	.LASF8:
 696 01f6 756E7369 		.ascii	"unsigned int\000"
 696      676E6564 
 696      20696E74 
 696      00
 697              	.LASF7:
 698 0203 6C6F6E67 		.ascii	"long long unsigned int\000"
 698      206C6F6E 
 698      6720756E 
 698      7369676E 
 698      65642069 
 699              	.LASF21:
 700 021a 55415254 		.ascii	"UART_RS232_txBufferRead\000"
 700      5F525332 
 700      33325F74 
 700      78427566 
 700      66657252 
 701              	.LASF20:
 702 0232 55415254 		.ascii	"UART_RS232_txBuffer\000"
 702      5F525332 
 702      33325F74 
 702      78427566 
 702      66657200 
 703              	.LASF16:
 704 0246 73697A65 		.ascii	"sizetype\000"
 704      74797065 
 704      00
 705              	.LASF6:
 706 024f 6C6F6E67 		.ascii	"long long int\000"
 706      206C6F6E 
 706      6720696E 
 706      7400
 707              	.LASF19:
 708 025d 696E6372 		.ascii	"increment_pointer\000"
 708      656D656E 
 708      745F706F 
 708      696E7465 
 708      7200
 709              	.LASF25:
 710 026f 55415254 		.ascii	"UART_RS232_rxBufferRead\000"
 710      5F525332 
 710      33325F72 
 710      78427566 
 710      66657252 
 711              	.LASF2:
 712 0287 73686F72 		.ascii	"short int\000"
 712      7420696E 
 712      7400
 713              	.LASF4:
 714 0291 6C6F6E67 		.ascii	"long int\000"
ARM GAS  C:\Users\Taha\AppData\Local\Temp\ccWnKQVW.s 			page 20


 714      20696E74 
 714      00
 715              	.LASF13:
 716 029a 63686172 		.ascii	"char\000"
 716      00
 717              	.LASF15:
 718 029f 6C6F6E67 		.ascii	"long double\000"
 718      20646F75 
 718      626C6500 
 719              	.LASF0:
 720 02ab 7369676E 		.ascii	"signed char\000"
 720      65642063 
 720      68617200 
 721              	.LASF17:
 722 02b7 72656164 		.ascii	"readData\000"
 722      44617461 
 722      00
 723              	.LASF30:
 724 02c0 47656E65 		.ascii	"Generated_Source\\PSoC5\\UART_RS232_INT.c\000"
 724      72617465 
 724      645F536F 
 724      75726365 
 724      5C50536F 
 725              	.LASF24:
 726 02e8 55415254 		.ascii	"UART_RS232_rxBuffer\000"
 726      5F525332 
 726      33325F72 
 726      78427566 
 726      66657200 
 727              		.ident	"GCC: (GNU Tools for ARM Embedded Processors) 5.4.1 20160609 (release) [ARM/embedded-5-bran
