ARM GAS  C:\Users\ali\AppData\Local\Temp\ccgDFmnI.s 			page 1


   1              		.syntax unified
   2              		.cpu cortex-m3
   3              		.fpu softvfp
   4              		.eabi_attribute 20, 1
   5              		.eabi_attribute 21, 1
   6              		.eabi_attribute 23, 3
   7              		.eabi_attribute 24, 1
   8              		.eabi_attribute 25, 1
   9              		.eabi_attribute 26, 1
  10              		.eabi_attribute 30, 2
  11              		.eabi_attribute 34, 1
  12              		.eabi_attribute 18, 4
  13              		.thumb
  14              		.syntax unified
  15              		.file	"cyfitter_cfg.c"
  16              		.section	.text.SetAnalogRoutingPumps,"ax",%progbits
  17              		.align	2
  18              		.global	SetAnalogRoutingPumps
  19              		.thumb
  20              		.thumb_func
  21              		.type	SetAnalogRoutingPumps, %function
  22              	SetAnalogRoutingPumps:
  23              		@ args = 0, pretend = 0, frame = 0
  24              		@ frame_needed = 0, uses_anonymous_args = 0
  25              		@ link register save eliminated.
  26 0000 024A     		ldr	r2, .L2
  27 0002 1378     		ldrb	r3, [r2]	@ zero_extendqisi2
  28 0004 DBB2     		uxtb	r3, r3
  29 0006 1370     		strb	r3, [r2]
  30 0008 7047     		bx	lr
  31              	.L3:
  32 000a 00BF     		.align	2
  33              	.L2:
  34 000c 76580040 		.word	1073764470
  35              		.size	SetAnalogRoutingPumps, .-SetAnalogRoutingPumps
  36              		.section	.text.cyfitter_cfg,"ax",%progbits
  37              		.align	2
  38              		.global	cyfitter_cfg
  39              		.thumb
  40              		.thumb_func
  41              		.type	cyfitter_cfg, %function
  42              	cyfitter_cfg:
  43              		@ args = 0, pretend = 0, frame = 0
  44              		@ frame_needed = 0, uses_anonymous_args = 0
  45 0000 F8B5     		push	{r3, r4, r5, r6, r7, lr}
  46              		.syntax unified
  47              	@ 369 "Generated_Source\PSoC5\cyfitter_cfg.c" 1
  48 0002 72B6     		CPSID   i
  49              	@ 0 "" 2
  50              		.thumb
  51              		.syntax unified
  52 0004 41F25121 		movw	r1, #4689
  53 0008 744B     		ldr	r3, .L27
  54 000a 754E     		ldr	r6, .L27+4
  55 000c 754A     		ldr	r2, .L27+8
  56 000e 7648     		ldr	r0, .L27+12
  57 0010 6125     		movs	r5, #97
ARM GAS  C:\Users\ali\AppData\Local\Temp\ccgDFmnI.s 			page 2


  58 0012 1D70     		strb	r5, [r3]
  59 0014 754C     		ldr	r4, .L27+16
  60 0016 3323     		movs	r3, #51
  61 0018 1825     		movs	r5, #24
  62 001a 754F     		ldr	r7, .L27+20
  63 001c 3380     		strh	r3, [r6]	@ movhi
  64 001e 1570     		strb	r5, [r2]
  65 0020 0626     		movs	r6, #6
  66 0022 0380     		strh	r3, [r0]	@ movhi
  67 0024 4FF04022 		mov	r2, #1073758208
  68 0028 0820     		movs	r0, #8
  69 002a 724B     		ldr	r3, .L27+24
  70 002c 3D70     		strb	r5, [r7]
  71 002e 2670     		strb	r6, [r4]
  72 0030 1070     		strb	r0, [r2]
  73 0032 1B78     		ldrb	r3, [r3]	@ zero_extendqisi2
  74 0034 704E     		ldr	r6, .L27+28
  75 0036 7148     		ldr	r0, .L27+32
  76 0038 DBB2     		uxtb	r3, r3
  77 003a 84F8A133 		strb	r3, [r4, #929]
  78 003e 5227     		movs	r7, #82
  79 0040 6F4B     		ldr	r3, .L27+36
  80 0042 4FF4E264 		mov	r4, #1808
  81 0046 3770     		strb	r7, [r6]
  82 0048 0480     		strh	r4, [r0]	@ movhi
  83 004a A2F82012 		strh	r1, [r2, #544]	@ movhi
  84 004e 1C78     		ldrb	r4, [r3]	@ zero_extendqisi2
  85 0050 7820     		movs	r0, #120
  86 0052 04F00104 		and	r4, r4, #1
  87 0056 1E46     		mov	r6, r3
  88 0058 FFF7FEFF 		bl	CyDelayCycles
  89 005c 01E0     		b	.L6
  90              	.L26:
  91 005e 032C     		cmp	r4, #3
  92 0060 0CD0     		beq	.L25
  93              	.L6:
  94 0062 3378     		ldrb	r3, [r6]	@ zero_extendqisi2
  95 0064 7820     		movs	r0, #120
  96 0066 03F00103 		and	r3, r3, #1
  97 006a 43EA4404 		orr	r4, r3, r4, lsl #1
  98 006e FFF7FEFF 		bl	CyDelayCycles
  99 0072 013D     		subs	r5, r5, #1
 100 0074 04F00304 		and	r4, r4, #3
 101 0078 F1D1     		bne	.L26
 102              	.L5:
 103 007a FEE7     		b	.L5
 104              	.L25:
 105 007c 614E     		ldr	r6, .L27+40
 106 007e 624A     		ldr	r2, .L27+44
 107 0080 3546     		mov	r5, r6
 108 0082 6248     		ldr	r0, .L27+48
 109 0084 4FF48077 		mov	r7, #256
 110 0088 1780     		strh	r7, [r2]	@ movhi
 111 008a 0023     		movs	r3, #0
 112 008c 6049     		ldr	r1, .L27+52
 113 008e 0727     		movs	r7, #7
 114 0090 1770     		strb	r7, [r2]
ARM GAS  C:\Users\ali\AppData\Local\Temp\ccgDFmnI.s 			page 3


 115 0092 0370     		strb	r3, [r0]
 116 0094 4820     		movs	r0, #72
 117 0096 0870     		strb	r0, [r1]
 118 0098 DFF8BCE1 		ldr	lr, .L27+124
 119 009c 5D48     		ldr	r0, .L27+56
 120 009e 0227     		movs	r7, #2
 121 00a0 1370     		strb	r3, [r2]
 122 00a2 8EF80030 		strb	r3, [lr]
 123 00a6 0770     		strb	r7, [r0]
 124 00a8 1C46     		mov	r4, r3
 125 00aa 91F89A33 		ldrb	r3, [r1, #922]	@ zero_extendqisi2
 126 00ae C127     		movs	r7, #193
 127 00b0 43F00303 		orr	r3, r3, #3
 128 00b4 81F89A33 		strb	r3, [r1, #922]
 129 00b8 80F8FF77 		strb	r7, [r0, #2047]
 130 00bc 92F8E436 		ldrb	r3, [r2, #1764]	@ zero_extendqisi2
 131 00c0 43F00403 		orr	r3, r3, #4
 132 00c4 82F8E436 		strb	r3, [r2, #1764]
 133              	.L8:
 134 00c8 04EB4403 		add	r3, r4, r4, lsl #1
 135 00cc AA88     		ldrh	r2, [r5, #4]
 136 00ce 56F81300 		ldr	r0, [r6, r3, lsl #1]	@ unaligned
 137 00d2 0134     		adds	r4, r4, #1
 138 00d4 0021     		movs	r1, #0
 139 00d6 FFF7FEFF 		bl	memset
 140 00da 072C     		cmp	r4, #7
 141 00dc 05F10605 		add	r5, r5, #6
 142 00e0 F2D1     		bne	.L8
 143 00e2 8022     		movs	r2, #128
 144 00e4 4C49     		ldr	r1, .L27+60
 145 00e6 4D48     		ldr	r0, .L27+64
 146 00e8 FFF7FEFF 		bl	memcpy
 147 00ec 4C4E     		ldr	r6, .L27+68
 148 00ee 4D4F     		ldr	r7, .L27+72
 149 00f0 0025     		movs	r5, #0
 150              	.L11:
 151 00f2 56F8043F 		ldr	r3, [r6, #4]!
 152 00f6 13F0FF0E 		ands	lr, r3, #255
 153 00fa 23F0FF04 		bic	r4, r3, #255
 154 00fe 13D0     		beq	.L9
 155 0100 05F11053 		add	r3, r5, #603979776
 156 0104 0EF1FF3E 		add	lr, lr, #-1
 157 0108 03F12D00 		add	r0, r3, #45
 158 010c 5FFA8EFE 		uxtb	lr, lr
 159 0110 7044     		add	r0, r0, lr
 160 0112 2C33     		adds	r3, r3, #44
 161 0114 4000     		lsls	r0, r0, #1
 162 0116 5B00     		lsls	r3, r3, #1
 163              	.L10:
 164 0118 1A78     		ldrb	r2, [r3]	@ zero_extendqisi2
 165 011a 5978     		ldrb	r1, [r3, #1]	@ zero_extendqisi2
 166 011c 0233     		adds	r3, r3, #2
 167 011e 8342     		cmp	r3, r0
 168 0120 1155     		strb	r1, [r2, r4]
 169 0122 F9D1     		bne	.L10
 170 0124 0135     		adds	r5, r5, #1
 171 0126 7544     		add	r5, r5, lr
ARM GAS  C:\Users\ali\AppData\Local\Temp\ccgDFmnI.s 			page 4


 172              	.L9:
 173 0128 BE42     		cmp	r6, r7
 174 012a E2D1     		bne	.L11
 175 012c 3E49     		ldr	r1, .L27+76
 176 012e 3F4A     		ldr	r2, .L27+80
 177 0130 0B78     		ldrb	r3, [r1]	@ zero_extendqisi2
 178 0132 3F4D     		ldr	r5, .L27+84
 179 0134 43F00203 		orr	r3, r3, #2
 180 0138 0B70     		strb	r3, [r1]
 181 013a 1378     		ldrb	r3, [r2]	@ zero_extendqisi2
 182 013c A1F58631 		sub	r1, r1, #68608
 183 0140 43F00203 		orr	r3, r3, #2
 184 0144 1370     		strb	r3, [r2]
 185 0146 2A78     		ldrb	r2, [r5]	@ zero_extendqisi2
 186 0148 4139     		subs	r1, r1, #65
 187 014a 42F04002 		orr	r2, r2, #64
 188 014e 2A70     		strb	r2, [r5]
 189 0150 0A78     		ldrb	r2, [r1]	@ zero_extendqisi2
 190 0152 384E     		ldr	r6, .L27+88
 191 0154 42F01002 		orr	r2, r2, #16
 192 0158 374B     		ldr	r3, .L27+92
 193 015a 0A70     		strb	r2, [r1]
 194 015c 374C     		ldr	r4, .L27+96
 195 015e 03CB     		ldmia	r3!, {r0, r1}
 196 0160 3060     		str	r0, [r6]	@ unaligned
 197 0162 7160     		str	r1, [r6, #4]	@ unaligned
 198 0164 93E80700 		ldmia	r3, {r0, r1, r2}
 199 0168 03C4     		stmia	r4!, {r0, r1}
 200 016a 354F     		ldr	r7, .L27+100
 201 016c 2280     		strh	r2, [r4]	@ movhi
 202 016e 0C33     		adds	r3, r3, #12
 203 0170 03CB     		ldmia	r3!, {r0, r1}
 204 0172 1E36     		adds	r6, r6, #30
 205 0174 3860     		str	r0, [r7]	@ unaligned
 206 0176 7960     		str	r1, [r7, #4]	@ unaligned
 207 0178 93E80700 		ldmia	r3, {r0, r1, r2}
 208 017c 03C6     		stmia	r6!, {r0, r1}
 209 017e 0C33     		adds	r3, r3, #12
 210 0180 3280     		strh	r2, [r6]	@ movhi
 211 0182 983C     		subs	r4, r4, #152
 212 0184 93E80700 		ldmia	r3, {r0, r1, r2}
 213 0188 03C4     		stmia	r4!, {r0, r1}
 214 018a 0C33     		adds	r3, r3, #12
 215 018c 2280     		strh	r2, [r4]	@ movhi
 216 018e 03CB     		ldmia	r3!, {r0, r1}
 217 0190 2834     		adds	r4, r4, #40
 218 0192 C6F82A00 		str	r0, [r6, #42]	@ unaligned
 219 0196 C6F82E10 		str	r1, [r6, #46]	@ unaligned
 220 019a 93E80700 		ldmia	r3, {r0, r1, r2}
 221 019e 03C4     		stmia	r4!, {r0, r1}
 222 01a0 2849     		ldr	r1, .L27+104
 223 01a2 2280     		strh	r2, [r4]	@ movhi
 224 01a4 0B78     		ldrb	r3, [r1]	@ zero_extendqisi2
 225 01a6 2848     		ldr	r0, .L27+108
 226 01a8 43F00803 		orr	r3, r3, #8
 227 01ac 0124     		movs	r4, #1
 228 01ae 274A     		ldr	r2, .L27+112
ARM GAS  C:\Users\ali\AppData\Local\Temp\ccgDFmnI.s 			page 5


 229 01b0 0B70     		strb	r3, [r1]
 230 01b2 0470     		strb	r4, [r0]
 231 01b4 1378     		ldrb	r3, [r2]	@ zero_extendqisi2
 232 01b6 01F5AA51 		add	r1, r1, #5440
 233 01ba DBB2     		uxtb	r3, r3
 234 01bc 244A     		ldr	r2, .L27+116
 235 01be 03F00700 		and	r0, r3, #7
 236 01c2 0C31     		adds	r1, r1, #12
 237 01c4 1B09     		lsrs	r3, r3, #4
 238 01c6 234C     		ldr	r4, .L27+120
 239 01c8 0870     		strb	r0, [r1]
 240 01ca 4427     		movs	r7, #68
 241 01cc 1370     		strb	r3, [r2]
 242 01ce 95E80F00 		ldmia	r5, {r0, r1, r2, r3}
 243 01d2 86F84E77 		strb	r7, [r6, #1870]
 244 01d6 07C4     		stmia	r4!, {r0, r1, r2}
 245 01d8 2380     		strh	r3, [r4]	@ movhi
 246 01da F8BD     		pop	{r3, r4, r5, r6, r7, pc}
 247              	.L28:
 248              		.align	2
 249              	.L27:
 250 01dc 00480040 		.word	1073760256
 251 01e0 80400040 		.word	1073758336
 252 01e4 82400040 		.word	1073758338
 253 01e8 84400040 		.word	1073758340
 254 01ec 00430040 		.word	1073758976
 255 01f0 86400040 		.word	1073758342
 256 01f4 0F010049 		.word	1224737039
 257 01f8 00420040 		.word	1073758720
 258 01fc 22420040 		.word	1073758754
 259 0200 25420040 		.word	1073758757
 260 0204 00000000 		.word	.LANCHOR0
 261 0208 04400040 		.word	1073758212
 262 020c 06400040 		.word	1073758214
 263 0210 08400040 		.word	1073758216
 264 0214 01400040 		.word	1073758209
 265 0218 C0050048 		.word	1207961024
 266 021c 00140140 		.word	1073812480
 267 0220 FCFFFF47 		.word	1207959548
 268 0224 54000048 		.word	1207959636
 269 0228 03500140 		.word	1073827843
 270 022c 13500140 		.word	1073827859
 271 0230 A0430040 		.word	1073759136
 272 0234 02510040 		.word	1073762562
 273 0238 40060048 		.word	1207961152
 274 023c C0510040 		.word	1073762752
 275 0240 12510040 		.word	1073762578
 276 0244 22430040 		.word	1073759010
 277 0248 04000840 		.word	1074266116
 278 024c CF010049 		.word	1224737231
 279 0250 6F580040 		.word	1073764463
 280 0254 B0430040 		.word	1073759152
 281 0258 09400040 		.word	1073758217
 282              		.size	cyfitter_cfg, .-cyfitter_cfg
 283              		.section	.rodata
 284              		.align	2
 285              		.set	.LANCHOR0,. + 0
ARM GAS  C:\Users\ali\AppData\Local\Temp\ccgDFmnI.s 			page 6


 286              		.type	cfg_memset_list.5018, %object
 287              		.size	cfg_memset_list.5018, 42
 288              	cfg_memset_list.5018:
 289 0000 40510040 		.word	1073762624
 290 0004 1000     		.short	16
 291 0006 F0510040 		.4byte	1073762800
 292 000a 1000     		.short	16
 293 000c 00000140 		.word	1073807360
 294 0010 0010     		.short	4096
 295 0012 80140140 		.4byte	1073812608
 296 0016 8007     		.short	1920
 297 0018 00400140 		.word	1073823744
 298 001c 000A     		.short	2560
 299 001e 004C0140 		.4byte	1073826816
 300 0022 0002     		.short	512
 301 0024 00500140 		.word	1073827840
 302 0028 2000     		.short	32
 303              		.ident	"GCC: (GNU Tools for ARM Embedded Processors) 5.4.1 20160609 (release) [ARM/embedded-5-bran
