ARM GAS  C:\Users\ali\AppData\Local\Temp\ccHreZOI.s 			page 1


   1              		.syntax unified
   2              		.cpu cortex-m3
   3              		.fpu softvfp
   4              		.eabi_attribute 20, 1
   5              		.eabi_attribute 21, 1
   6              		.eabi_attribute 23, 3
   7              		.eabi_attribute 24, 1
   8              		.eabi_attribute 25, 1
   9              		.eabi_attribute 26, 1
  10              		.eabi_attribute 30, 2
  11              		.eabi_attribute 34, 1
  12              		.eabi_attribute 18, 4
  13              		.thumb
  14              		.syntax unified
  15              		.file	"cymetadata.c"
  16              		.global	cy_metadata
  17              		.global	cy_meta_flashprotect
  18              		.global	cy_meta_wonvl
  19              		.global	cy_meta_custnvl
  20              		.global	cy_meta_configecc
  21              		.section	.cyconfigecc,"a",%progbits
  22              		.align	2
  23              		.type	cy_meta_configecc, %object
  24              		.size	cy_meta_configecc, 1672
  25              	cy_meta_configecc:
  26 0000 06       		.byte	6
  27 0001 45       		.byte	69
  28 0002 00       		.byte	0
  29 0003 40       		.byte	64
  30 0004 01       		.byte	1
  31 0005 52       		.byte	82
  32 0006 00       		.byte	0
  33 0007 40       		.byte	64
  34 0008 03       		.byte	3
  35 0009 64       		.byte	100
  36 000a 00       		.byte	0
  37 000b 40       		.byte	64
  38 000c 03       		.byte	3
  39 000d 65       		.byte	101
  40 000e 00       		.byte	0
  41 000f 40       		.byte	64
  42 0010 2D       		.byte	45
  43 0011 02       		.byte	2
  44 0012 01       		.byte	1
  45 0013 40       		.byte	64
  46 0014 23       		.byte	35
  47 0015 03       		.byte	3
  48 0016 01       		.byte	1
  49 0017 40       		.byte	64
  50 0018 55       		.byte	85
  51 0019 04       		.byte	4
  52 001a 01       		.byte	1
  53 001b 40       		.byte	64
  54 001c 41       		.byte	65
  55 001d 05       		.byte	5
  56 001e 01       		.byte	1
  57 001f 40       		.byte	64
ARM GAS  C:\Users\ali\AppData\Local\Temp\ccHreZOI.s 			page 2


  58 0020 5F       		.byte	95
  59 0021 06       		.byte	6
  60 0022 01       		.byte	1
  61 0023 40       		.byte	64
  62 0024 3E       		.byte	62
  63 0025 07       		.byte	7
  64 0026 01       		.byte	1
  65 0027 40       		.byte	64
  66 0028 15       		.byte	21
  67 0029 14       		.byte	20
  68 002a 01       		.byte	1
  69 002b 40       		.byte	64
  70 002c 40       		.byte	64
  71 002d 15       		.byte	21
  72 002e 01       		.byte	1
  73 002f 40       		.byte	64
  74 0030 54       		.byte	84
  75 0031 16       		.byte	22
  76 0032 01       		.byte	1
  77 0033 40       		.byte	64
  78 0034 44       		.byte	68
  79 0035 17       		.byte	23
  80 0036 01       		.byte	1
  81 0037 40       		.byte	64
  82 0038 06       		.byte	6
  83 0039 40       		.byte	64
  84 003a 01       		.byte	1
  85 003b 40       		.byte	64
  86 003c 04       		.byte	4
  87 003d 41       		.byte	65
  88 003e 01       		.byte	1
  89 003f 40       		.byte	64
  90 0040 0A       		.byte	10
  91 0041 42       		.byte	66
  92 0042 01       		.byte	1
  93 0043 40       		.byte	64
  94 0044 04       		.byte	4
  95 0045 43       		.byte	67
  96 0046 01       		.byte	1
  97 0047 40       		.byte	64
  98 0048 0A       		.byte	10
  99 0049 48       		.byte	72
 100 004a 01       		.byte	1
 101 004b 40       		.byte	64
 102 004c 0A       		.byte	10
 103 004d 49       		.byte	73
 104 004e 01       		.byte	1
 105 004f 40       		.byte	64
 106 0050 09       		.byte	9
 107 0051 50       		.byte	80
 108 0052 01       		.byte	1
 109 0053 40       		.byte	64
 110 0054 02       		.byte	2
 111 0055 51       		.byte	81
 112 0056 01       		.byte	1
 113 0057 40       		.byte	64
 114 0058 11       		.byte	17
ARM GAS  C:\Users\ali\AppData\Local\Temp\ccHreZOI.s 			page 3


 115 0059 02       		.byte	2
 116 005a 12       		.byte	18
 117 005b 02       		.byte	2
 118 005c 13       		.byte	19
 119 005d 02       		.byte	2
 120 005e 34       		.byte	52
 121 005f 02       		.byte	2
 122 0060 35       		.byte	53
 123 0061 02       		.byte	2
 124 0062 36       		.byte	54
 125 0063 02       		.byte	2
 126 0064 61       		.byte	97
 127 0065 02       		.byte	2
 128 0066 82       		.byte	-126
 129 0067 72       		.byte	114
 130 0068 85       		.byte	-123
 131 0069 38       		.byte	56
 132 006a 87       		.byte	-121
 133 006b 0F       		.byte	15
 134 006c 84       		.byte	-124
 135 006d 72       		.byte	114
 136 006e 86       		.byte	-122
 137 006f 0F       		.byte	15
 138 0070 87       		.byte	-121
 139 0071 38       		.byte	56
 140 0072 01       		.byte	1
 141 0073 20       		.byte	32
 142 0074 02       		.byte	2
 143 0075 40       		.byte	64
 144 0076 04       		.byte	4
 145 0077 01       		.byte	1
 146 0078 05       		.byte	5
 147 0079 01       		.byte	1
 148 007a 08       		.byte	8
 149 007b 04       		.byte	4
 150 007c 09       		.byte	9
 151 007d 10       		.byte	16
 152 007e 0C       		.byte	12
 153 007f 08       		.byte	8
 154 0080 0D       		.byte	13
 155 0081 70       		.byte	112
 156 0082 0F       		.byte	15
 157 0083 0F       		.byte	15
 158 0084 10       		.byte	16
 159 0085 4F       		.byte	79
 160 0086 12       		.byte	18
 161 0087 90       		.byte	-112
 162 0088 13       		.byte	19
 163 0089 0B       		.byte	11
 164 008a 14       		.byte	20
 165 008b 4C       		.byte	76
 166 008c 15       		.byte	21
 167 008d 03       		.byte	3
 168 008e 16       		.byte	22
 169 008f A3       		.byte	-93
 170 0090 18       		.byte	24
 171 0091 F3       		.byte	-13
ARM GAS  C:\Users\ali\AppData\Local\Temp\ccHreZOI.s 			page 4


 172 0092 19       		.byte	25
 173 0093 30       		.byte	48
 174 0094 1A       		.byte	26
 175 0095 0C       		.byte	12
 176 0096 1D       		.byte	29
 177 0097 7F       		.byte	127
 178 0098 1E       		.byte	30
 179 0099 B3       		.byte	-77
 180 009a 20       		.byte	32
 181 009b 42       		.byte	66
 182 009c 24       		.byte	36
 183 009d 03       		.byte	3
 184 009e 25       		.byte	37
 185 009f 4F       		.byte	79
 186 00a0 27       		.byte	39
 187 00a1 30       		.byte	48
 188 00a2 28       		.byte	40
 189 00a3 0C       		.byte	12
 190 00a4 29       		.byte	41
 191 00a5 78       		.byte	120
 192 00a6 2B       		.byte	43
 193 00a7 07       		.byte	7
 194 00a8 2C       		.byte	44
 195 00a9 FF       		.byte	-1
 196 00aa 2D       		.byte	45
 197 00ab 02       		.byte	2
 198 00ac 30       		.byte	48
 199 00ad 8C       		.byte	-116
 200 00ae 31       		.byte	49
 201 00af 04       		.byte	4
 202 00b0 32       		.byte	50
 203 00b1 7C       		.byte	124
 204 00b2 33       		.byte	51
 205 00b3 40       		.byte	64
 206 00b4 34       		.byte	52
 207 00b5 0F       		.byte	15
 208 00b6 35       		.byte	53
 209 00b7 38       		.byte	56
 210 00b8 37       		.byte	55
 211 00b9 03       		.byte	3
 212 00ba 39       		.byte	57
 213 00bb 02       		.byte	2
 214 00bc 3A       		.byte	58
 215 00bd AA       		.byte	-86
 216 00be 3F       		.byte	63
 217 00bf 04       		.byte	4
 218 00c0 56       		.byte	86
 219 00c1 02       		.byte	2
 220 00c2 57       		.byte	87
 221 00c3 12       		.byte	18
 222 00c4 58       		.byte	88
 223 00c5 04       		.byte	4
 224 00c6 59       		.byte	89
 225 00c7 04       		.byte	4
 226 00c8 5B       		.byte	91
 227 00c9 04       		.byte	4
 228 00ca 5F       		.byte	95
ARM GAS  C:\Users\ali\AppData\Local\Temp\ccHreZOI.s 			page 5


 229 00cb 01       		.byte	1
 230 00cc 04       		.byte	4
 231 00cd 02       		.byte	2
 232 00ce 06       		.byte	6
 233 00cf 06       		.byte	6
 234 00d0 07       		.byte	7
 235 00d1 10       		.byte	16
 236 00d2 0D       		.byte	13
 237 00d3 20       		.byte	32
 238 00d4 0E       		.byte	14
 239 00d5 62       		.byte	98
 240 00d6 16       		.byte	22
 241 00d7 80       		.byte	-128
 242 00d8 17       		.byte	23
 243 00d9 64       		.byte	100
 244 00da 1D       		.byte	29
 245 00db 60       		.byte	96
 246 00dc 1E       		.byte	30
 247 00dd 60       		.byte	96
 248 00de 1F       		.byte	31
 249 00df 28       		.byte	40
 250 00e0 24       		.byte	36
 251 00e1 88       		.byte	-120
 252 00e2 26       		.byte	38
 253 00e3 04       		.byte	4
 254 00e4 27       		.byte	39
 255 00e5 02       		.byte	2
 256 00e6 2F       		.byte	47
 257 00e7 29       		.byte	41
 258 00e8 34       		.byte	52
 259 00e9 40       		.byte	64
 260 00ea 35       		.byte	53
 261 00eb 40       		.byte	64
 262 00ec 36       		.byte	54
 263 00ed 01       		.byte	1
 264 00ee 37       		.byte	55
 265 00ef 64       		.byte	100
 266 00f0 3C       		.byte	60
 267 00f1 20       		.byte	32
 268 00f2 3D       		.byte	61
 269 00f3 08       		.byte	8
 270 00f4 3E       		.byte	62
 271 00f5 42       		.byte	66
 272 00f6 5E       		.byte	94
 273 00f7 08       		.byte	8
 274 00f8 6D       		.byte	109
 275 00f9 14       		.byte	20
 276 00fa 6E       		.byte	110
 277 00fb 14       		.byte	20
 278 00fc 6F       		.byte	111
 279 00fd 01       		.byte	1
 280 00fe 74       		.byte	116
 281 00ff 10       		.byte	16
 282 0100 76       		.byte	118
 283 0101 06       		.byte	6
 284 0102 77       		.byte	119
 285 0103 20       		.byte	32
ARM GAS  C:\Users\ali\AppData\Local\Temp\ccHreZOI.s 			page 6


 286 0104 C0       		.byte	-64
 287 0105 F0       		.byte	-16
 288 0106 C2       		.byte	-62
 289 0107 F0       		.byte	-16
 290 0108 C4       		.byte	-60
 291 0109 F0       		.byte	-16
 292 010a CA       		.byte	-54
 293 010b 70       		.byte	112
 294 010c CC       		.byte	-52
 295 010d F0       		.byte	-16
 296 010e CE       		.byte	-50
 297 010f F0       		.byte	-16
 298 0110 D6       		.byte	-42
 299 0111 40       		.byte	64
 300 0112 03       		.byte	3
 301 0113 03       		.byte	3
 302 0114 04       		.byte	4
 303 0115 01       		.byte	1
 304 0116 05       		.byte	5
 305 0117 0C       		.byte	12
 306 0118 06       		.byte	6
 307 0119 0E       		.byte	14
 308 011a 07       		.byte	7
 309 011b 11       		.byte	17
 310 011c 08       		.byte	8
 311 011d 01       		.byte	1
 312 011e 0A       		.byte	10
 313 011f 26       		.byte	38
 314 0120 0C       		.byte	12
 315 0121 2C       		.byte	44
 316 0122 0D       		.byte	13
 317 0123 1C       		.byte	28
 318 0124 0E       		.byte	14
 319 0125 03       		.byte	3
 320 0126 0F       		.byte	15
 321 0127 02       		.byte	2
 322 0128 15       		.byte	21
 323 0129 10       		.byte	16
 324 012a 16       		.byte	22
 325 012b 2C       		.byte	44
 326 012c 17       		.byte	23
 327 012d 0C       		.byte	12
 328 012e 19       		.byte	25
 329 012f 09       		.byte	9
 330 0130 1B       		.byte	27
 331 0131 10       		.byte	16
 332 0132 1D       		.byte	29
 333 0133 10       		.byte	16
 334 0134 22       		.byte	34
 335 0135 08       		.byte	8
 336 0136 2A       		.byte	42
 337 0137 03       		.byte	3
 338 0138 2C       		.byte	44
 339 0139 10       		.byte	16
 340 013a 2D       		.byte	45
 341 013b 14       		.byte	20
 342 013c 30       		.byte	48
ARM GAS  C:\Users\ali\AppData\Local\Temp\ccHreZOI.s 			page 7


 343 013d 0F       		.byte	15
 344 013e 31       		.byte	49
 345 013f 1F       		.byte	31
 346 0140 34       		.byte	52
 347 0141 2A       		.byte	42
 348 0142 36       		.byte	54
 349 0143 10       		.byte	16
 350 0144 3A       		.byte	58
 351 0145 22       		.byte	34
 352 0146 3E       		.byte	62
 353 0147 40       		.byte	64
 354 0148 58       		.byte	88
 355 0149 04       		.byte	4
 356 014a 59       		.byte	89
 357 014b 04       		.byte	4
 358 014c 5C       		.byte	92
 359 014d 11       		.byte	17
 360 014e 5F       		.byte	95
 361 014f 01       		.byte	1
 362 0150 85       		.byte	-123
 363 0151 1F       		.byte	31
 364 0152 86       		.byte	-122
 365 0153 01       		.byte	1
 366 0154 89       		.byte	-119
 367 0155 1F       		.byte	31
 368 0156 8A       		.byte	-118
 369 0157 04       		.byte	4
 370 0158 8E       		.byte	-114
 371 0159 04       		.byte	4
 372 015a 95       		.byte	-107
 373 015b 01       		.byte	1
 374 015c 96       		.byte	-106
 375 015d 01       		.byte	1
 376 015e 97       		.byte	-105
 377 015f 26       		.byte	38
 378 0160 99       		.byte	-103
 379 0161 0A       		.byte	10
 380 0162 9B       		.byte	-101
 381 0163 51       		.byte	81
 382 0164 A0       		.byte	-96
 383 0165 02       		.byte	2
 384 0166 A4       		.byte	-92
 385 0167 02       		.byte	2
 386 0168 A8       		.byte	-88
 387 0169 02       		.byte	2
 388 016a AD       		.byte	-83
 389 016b 14       		.byte	20
 390 016c AF       		.byte	-81
 391 016d C9       		.byte	-55
 392 016e B0       		.byte	-80
 393 016f 01       		.byte	1
 394 0170 B1       		.byte	-79
 395 0171 60       		.byte	96
 396 0172 B2       		.byte	-78
 397 0173 04       		.byte	4
 398 0174 B3       		.byte	-77
 399 0175 18       		.byte	24
ARM GAS  C:\Users\ali\AppData\Local\Temp\ccHreZOI.s 			page 8


 400 0176 B5       		.byte	-75
 401 0177 07       		.byte	7
 402 0178 B6       		.byte	-74
 403 0179 02       		.byte	2
 404 017a B7       		.byte	-73
 405 017b 80       		.byte	-128
 406 017c BE       		.byte	-66
 407 017d 05       		.byte	5
 408 017e BF       		.byte	-65
 409 017f 01       		.byte	1
 410 0180 C0       		.byte	-64
 411 0181 25       		.byte	37
 412 0182 C1       		.byte	-63
 413 0183 04       		.byte	4
 414 0184 C2       		.byte	-62
 415 0185 03       		.byte	3
 416 0186 C4       		.byte	-60
 417 0187 01       		.byte	1
 418 0188 C6       		.byte	-58
 419 0189 C0       		.byte	-64
 420 018a C7       		.byte	-57
 421 018b 0E       		.byte	14
 422 018c C8       		.byte	-56
 423 018d 18       		.byte	24
 424 018e C9       		.byte	-55
 425 018f FF       		.byte	-1
 426 0190 CA       		.byte	-54
 427 0191 FF       		.byte	-1
 428 0192 CB       		.byte	-53
 429 0193 FF       		.byte	-1
 430 0194 CC       		.byte	-52
 431 0195 62       		.byte	98
 432 0196 CD       		.byte	-51
 433 0197 A0       		.byte	-96
 434 0198 CE       		.byte	-50
 435 0199 F0       		.byte	-16
 436 019a CF       		.byte	-49
 437 019b 41       		.byte	65
 438 019c D0       		.byte	-48
 439 019d 0C       		.byte	12
 440 019e D4       		.byte	-44
 441 019f 18       		.byte	24
 442 01a0 D6       		.byte	-42
 443 01a1 04       		.byte	4
 444 01a2 D8       		.byte	-40
 445 01a3 04       		.byte	4
 446 01a4 D9       		.byte	-39
 447 01a5 04       		.byte	4
 448 01a6 DA       		.byte	-38
 449 01a7 04       		.byte	4
 450 01a8 DB       		.byte	-37
 451 01a9 04       		.byte	4
 452 01aa DF       		.byte	-33
 453 01ab 01       		.byte	1
 454 01ac E6       		.byte	-26
 455 01ad 40       		.byte	64
 456 01ae E7       		.byte	-25
ARM GAS  C:\Users\ali\AppData\Local\Temp\ccHreZOI.s 			page 9


 457 01af 02       		.byte	2
 458 01b0 E9       		.byte	-23
 459 01b1 10       		.byte	16
 460 01b2 EA       		.byte	-22
 461 01b3 30       		.byte	48
 462 01b4 EB       		.byte	-21
 463 01b5 10       		.byte	16
 464 01b6 ED       		.byte	-19
 465 01b7 10       		.byte	16
 466 01b8 EE       		.byte	-18
 467 01b9 10       		.byte	16
 468 01ba EF       		.byte	-17
 469 01bb 12       		.byte	18
 470 01bc 00       		.byte	0
 471 01bd 44       		.byte	68
 472 01be 03       		.byte	3
 473 01bf 08       		.byte	8
 474 01c0 04       		.byte	4
 475 01c1 88       		.byte	-120
 476 01c2 06       		.byte	6
 477 01c3 14       		.byte	20
 478 01c4 0A       		.byte	10
 479 01c5 20       		.byte	32
 480 01c6 0F       		.byte	15
 481 01c7 20       		.byte	32
 482 01c8 10       		.byte	16
 483 01c9 88       		.byte	-120
 484 01ca 12       		.byte	18
 485 01cb 02       		.byte	2
 486 01cc 15       		.byte	21
 487 01cd 14       		.byte	20
 488 01ce 17       		.byte	23
 489 01cf 01       		.byte	1
 490 01d0 18       		.byte	24
 491 01d1 44       		.byte	68
 492 01d2 19       		.byte	25
 493 01d3 40       		.byte	64
 494 01d4 1E       		.byte	30
 495 01d5 42       		.byte	66
 496 01d6 1F       		.byte	31
 497 01d7 84       		.byte	-124
 498 01d8 21       		.byte	33
 499 01d9 01       		.byte	1
 500 01da 22       		.byte	34
 501 01db 02       		.byte	2
 502 01dc 24       		.byte	36
 503 01dd 02       		.byte	2
 504 01de 25       		.byte	37
 505 01df 04       		.byte	4
 506 01e0 27       		.byte	39
 507 01e1 54       		.byte	84
 508 01e2 2A       		.byte	42
 509 01e3 40       		.byte	64
 510 01e4 2B       		.byte	43
 511 01e5 C0       		.byte	-64
 512 01e6 2F       		.byte	47
 513 01e7 01       		.byte	1
ARM GAS  C:\Users\ali\AppData\Local\Temp\ccHreZOI.s 			page 10


 514 01e8 30       		.byte	48
 515 01e9 80       		.byte	-128
 516 01ea 32       		.byte	50
 517 01eb 10       		.byte	16
 518 01ec 33       		.byte	51
 519 01ed 08       		.byte	8
 520 01ee 37       		.byte	55
 521 01ef 14       		.byte	20
 522 01f0 38       		.byte	56
 523 01f1 44       		.byte	68
 524 01f2 39       		.byte	57
 525 01f3 02       		.byte	2
 526 01f4 3E       		.byte	62
 527 01f5 14       		.byte	20
 528 01f6 44       		.byte	68
 529 01f7 40       		.byte	64
 530 01f8 45       		.byte	69
 531 01f9 20       		.byte	32
 532 01fa 46       		.byte	70
 533 01fb 10       		.byte	16
 534 01fc 47       		.byte	71
 535 01fd 40       		.byte	64
 536 01fe 4F       		.byte	79
 537 01ff 80       		.byte	-128
 538 0200 56       		.byte	86
 539 0201 04       		.byte	4
 540 0202 57       		.byte	87
 541 0203 10       		.byte	16
 542 0204 5D       		.byte	93
 543 0205 80       		.byte	-128
 544 0206 5E       		.byte	94
 545 0207 40       		.byte	64
 546 0208 5F       		.byte	95
 547 0209 02       		.byte	2
 548 020a 65       		.byte	101
 549 020b 81       		.byte	-127
 550 020c 67       		.byte	103
 551 020d 48       		.byte	72
 552 020e 81       		.byte	-127
 553 020f 01       		.byte	1
 554 0210 87       		.byte	-121
 555 0211 40       		.byte	64
 556 0212 90       		.byte	-112
 557 0213 88       		.byte	-120
 558 0214 91       		.byte	-111
 559 0215 14       		.byte	20
 560 0216 92       		.byte	-110
 561 0217 14       		.byte	20
 562 0218 94       		.byte	-108
 563 0219 02       		.byte	2
 564 021a 97       		.byte	-105
 565 021b 02       		.byte	2
 566 021c 98       		.byte	-104
 567 021d 40       		.byte	64
 568 021e 9B       		.byte	-101
 569 021f 03       		.byte	3
 570 0220 9E       		.byte	-98
ARM GAS  C:\Users\ali\AppData\Local\Temp\ccHreZOI.s 			page 11


 571 0221 80       		.byte	-128
 572 0222 9F       		.byte	-97
 573 0223 14       		.byte	20
 574 0224 A1       		.byte	-95
 575 0225 20       		.byte	32
 576 0226 A5       		.byte	-91
 577 0227 04       		.byte	4
 578 0228 A6       		.byte	-90
 579 0229 01       		.byte	1
 580 022a C0       		.byte	-64
 581 022b E7       		.byte	-25
 582 022c C2       		.byte	-62
 583 022d 24       		.byte	36
 584 022e C4       		.byte	-60
 585 022f 7B       		.byte	123
 586 0230 CA       		.byte	-54
 587 0231 18       		.byte	24
 588 0232 CC       		.byte	-52
 589 0233 6E       		.byte	110
 590 0234 CE       		.byte	-50
 591 0235 6B       		.byte	107
 592 0236 D0       		.byte	-48
 593 0237 F0       		.byte	-16
 594 0238 D2       		.byte	-46
 595 0239 10       		.byte	16
 596 023a D6       		.byte	-42
 597 023b 80       		.byte	-128
 598 023c D8       		.byte	-40
 599 023d B0       		.byte	-80
 600 023e 01       		.byte	1
 601 023f 20       		.byte	32
 602 0240 05       		.byte	5
 603 0241 0C       		.byte	12
 604 0242 07       		.byte	7
 605 0243 11       		.byte	17
 606 0244 08       		.byte	8
 607 0245 07       		.byte	7
 608 0246 09       		.byte	9
 609 0247 09       		.byte	9
 610 0248 0B       		.byte	11
 611 0249 10       		.byte	16
 612 024a 10       		.byte	16
 613 024b 02       		.byte	2
 614 024c 12       		.byte	18
 615 024d 04       		.byte	4
 616 024e 15       		.byte	21
 617 024f 10       		.byte	16
 618 0250 17       		.byte	23
 619 0251 0C       		.byte	12
 620 0252 18       		.byte	24
 621 0253 07       		.byte	7
 622 0254 19       		.byte	25
 623 0255 40       		.byte	64
 624 0256 1B       		.byte	27
 625 0257 03       		.byte	3
 626 0258 1C       		.byte	28
 627 0259 08       		.byte	8
ARM GAS  C:\Users\ali\AppData\Local\Temp\ccHreZOI.s 			page 12


 628 025a 1E       		.byte	30
 629 025b 01       		.byte	1
 630 025c 25       		.byte	37
 631 025d 14       		.byte	20
 632 025e 29       		.byte	41
 633 025f 10       		.byte	16
 634 0260 2D       		.byte	45
 635 0261 1C       		.byte	28
 636 0262 2F       		.byte	47
 637 0263 02       		.byte	2
 638 0264 32       		.byte	50
 639 0265 0C       		.byte	12
 640 0266 33       		.byte	51
 641 0267 1F       		.byte	31
 642 0268 34       		.byte	52
 643 0269 03       		.byte	3
 644 026a 35       		.byte	53
 645 026b 20       		.byte	32
 646 026c 37       		.byte	55
 647 026d 40       		.byte	64
 648 026e 38       		.byte	56
 649 026f 28       		.byte	40
 650 0270 3E       		.byte	62
 651 0271 10       		.byte	16
 652 0272 3F       		.byte	63
 653 0273 50       		.byte	80
 654 0274 40       		.byte	64
 655 0275 02       		.byte	2
 656 0276 46       		.byte	70
 657 0277 40       		.byte	64
 658 0278 49       		.byte	73
 659 0279 FF       		.byte	-1
 660 027a 4A       		.byte	74
 661 027b 07       		.byte	7
 662 027c 4B       		.byte	75
 663 027d FF       		.byte	-1
 664 027e 4C       		.byte	76
 665 027f 40       		.byte	64
 666 0280 4D       		.byte	77
 667 0281 20       		.byte	32
 668 0282 4E       		.byte	78
 669 0283 F0       		.byte	-16
 670 0284 4F       		.byte	79
 671 0285 05       		.byte	5
 672 0286 50       		.byte	80
 673 0287 08       		.byte	8
 674 0288 56       		.byte	86
 675 0289 08       		.byte	8
 676 028a 58       		.byte	88
 677 028b 04       		.byte	4
 678 028c 59       		.byte	89
 679 028d 04       		.byte	4
 680 028e 5A       		.byte	90
 681 028f 04       		.byte	4
 682 0290 5B       		.byte	91
 683 0291 04       		.byte	4
 684 0292 5D       		.byte	93
ARM GAS  C:\Users\ali\AppData\Local\Temp\ccHreZOI.s 			page 13


 685 0293 90       		.byte	-112
 686 0294 5F       		.byte	95
 687 0295 01       		.byte	1
 688 0296 60       		.byte	96
 689 0297 40       		.byte	64
 690 0298 61       		.byte	97
 691 0299 A8       		.byte	-88
 692 029a 62       		.byte	98
 693 029b 40       		.byte	64
 694 029c 63       		.byte	99
 695 029d 20       		.byte	32
 696 029e 84       		.byte	-124
 697 029f 03       		.byte	3
 698 02a0 85       		.byte	-123
 699 02a1 1B       		.byte	27
 700 02a2 86       		.byte	-122
 701 02a3 04       		.byte	4
 702 02a4 88       		.byte	-120
 703 02a5 03       		.byte	3
 704 02a6 8A       		.byte	-118
 705 02a7 0C       		.byte	12
 706 02a8 8B       		.byte	-117
 707 02a9 01       		.byte	1
 708 02aa 8C       		.byte	-116
 709 02ab 0A       		.byte	10
 710 02ac 8D       		.byte	-115
 711 02ad 10       		.byte	16
 712 02ae 8E       		.byte	-114
 713 02af 04       		.byte	4
 714 02b0 8F       		.byte	-113
 715 02b1 03       		.byte	3
 716 02b2 95       		.byte	-107
 717 02b3 04       		.byte	4
 718 02b4 96       		.byte	-106
 719 02b5 08       		.byte	8
 720 02b6 97       		.byte	-105
 721 02b7 09       		.byte	9
 722 02b8 A4       		.byte	-92
 723 02b9 03       		.byte	3
 724 02ba A5       		.byte	-91
 725 02bb 1B       		.byte	27
 726 02bc A6       		.byte	-90
 727 02bd 04       		.byte	4
 728 02be AA       		.byte	-86
 729 02bf 05       		.byte	5
 730 02c0 B1       		.byte	-79
 731 02c1 01       		.byte	1
 732 02c2 B2       		.byte	-78
 733 02c3 0F       		.byte	15
 734 02c4 B3       		.byte	-77
 735 02c5 18       		.byte	24
 736 02c6 B5       		.byte	-75
 737 02c7 06       		.byte	6
 738 02c8 B9       		.byte	-71
 739 02c9 28       		.byte	40
 740 02ca BA       		.byte	-70
 741 02cb 08       		.byte	8
ARM GAS  C:\Users\ali\AppData\Local\Temp\ccHreZOI.s 			page 14


 742 02cc BF       		.byte	-65
 743 02cd 05       		.byte	5
 744 02ce C0       		.byte	-64
 745 02cf 36       		.byte	54
 746 02d0 C1       		.byte	-63
 747 02d1 02       		.byte	2
 748 02d2 C5       		.byte	-59
 749 02d3 E0       		.byte	-32
 750 02d4 C6       		.byte	-58
 751 02d5 CB       		.byte	-53
 752 02d6 C8       		.byte	-56
 753 02d7 0E       		.byte	14
 754 02d8 C9       		.byte	-55
 755 02d9 FF       		.byte	-1
 756 02da CA       		.byte	-54
 757 02db FF       		.byte	-1
 758 02dc CB       		.byte	-53
 759 02dd FF       		.byte	-1
 760 02de CE       		.byte	-50
 761 02df F0       		.byte	-16
 762 02e0 CF       		.byte	-49
 763 02e1 44       		.byte	68
 764 02e2 D0       		.byte	-48
 765 02e3 0C       		.byte	12
 766 02e4 D4       		.byte	-44
 767 02e5 01       		.byte	1
 768 02e6 D6       		.byte	-42
 769 02e7 04       		.byte	4
 770 02e8 D8       		.byte	-40
 771 02e9 04       		.byte	4
 772 02ea D9       		.byte	-39
 773 02eb 04       		.byte	4
 774 02ec DA       		.byte	-38
 775 02ed 04       		.byte	4
 776 02ee DB       		.byte	-37
 777 02ef 04       		.byte	4
 778 02f0 DC       		.byte	-36
 779 02f1 11       		.byte	17
 780 02f2 DD       		.byte	-35
 781 02f3 11       		.byte	17
 782 02f4 DF       		.byte	-33
 783 02f5 01       		.byte	1
 784 02f6 E6       		.byte	-26
 785 02f7 C0       		.byte	-64
 786 02f8 EA       		.byte	-22
 787 02f9 40       		.byte	64
 788 02fa EB       		.byte	-21
 789 02fb 02       		.byte	2
 790 02fc 00       		.byte	0
 791 02fd 44       		.byte	68
 792 02fe 03       		.byte	3
 793 02ff 08       		.byte	8
 794 0300 05       		.byte	5
 795 0301 10       		.byte	16
 796 0302 06       		.byte	6
 797 0303 08       		.byte	8
 798 0304 0A       		.byte	10
ARM GAS  C:\Users\ali\AppData\Local\Temp\ccHreZOI.s 			page 15


 799 0305 20       		.byte	32
 800 0306 0C       		.byte	12
 801 0307 40       		.byte	64
 802 0308 0E       		.byte	14
 803 0309 48       		.byte	72
 804 030a 0F       		.byte	15
 805 030b 02       		.byte	2
 806 030c 10       		.byte	16
 807 030d 38       		.byte	56
 808 030e 19       		.byte	25
 809 030f 08       		.byte	8
 810 0310 1B       		.byte	27
 811 0311 08       		.byte	8
 812 0312 1C       		.byte	28
 813 0313 10       		.byte	16
 814 0314 1D       		.byte	29
 815 0315 20       		.byte	32
 816 0316 21       		.byte	33
 817 0317 01       		.byte	1
 818 0318 22       		.byte	34
 819 0319 18       		.byte	24
 820 031a 25       		.byte	37
 821 031b 40       		.byte	64
 822 031c 27       		.byte	39
 823 031d 24       		.byte	36
 824 031e 29       		.byte	41
 825 031f 08       		.byte	8
 826 0320 2E       		.byte	46
 827 0321 60       		.byte	96
 828 0322 2F       		.byte	47
 829 0323 20       		.byte	32
 830 0324 30       		.byte	48
 831 0325 08       		.byte	8
 832 0326 36       		.byte	54
 833 0327 04       		.byte	4
 834 0328 37       		.byte	55
 835 0329 20       		.byte	32
 836 032a 38       		.byte	56
 837 032b 64       		.byte	100
 838 032c 3C       		.byte	60
 839 032d 10       		.byte	16
 840 032e 3E       		.byte	62
 841 032f 08       		.byte	8
 842 0330 3F       		.byte	63
 843 0331 01       		.byte	1
 844 0332 40       		.byte	64
 845 0333 84       		.byte	-124
 846 0334 41       		.byte	65
 847 0335 01       		.byte	1
 848 0336 43       		.byte	67
 849 0337 08       		.byte	8
 850 0338 45       		.byte	69
 851 0339 20       		.byte	32
 852 033a 48       		.byte	72
 853 033b 08       		.byte	8
 854 033c 49       		.byte	73
 855 033d 01       		.byte	1
ARM GAS  C:\Users\ali\AppData\Local\Temp\ccHreZOI.s 			page 16


 856 033e 4B       		.byte	75
 857 033f 01       		.byte	1
 858 0340 4F       		.byte	79
 859 0341 02       		.byte	2
 860 0342 50       		.byte	80
 861 0343 30       		.byte	48
 862 0344 52       		.byte	82
 863 0345 40       		.byte	64
 864 0346 56       		.byte	86
 865 0347 30       		.byte	48
 866 0348 58       		.byte	88
 867 0349 90       		.byte	-112
 868 034a 59       		.byte	89
 869 034b 01       		.byte	1
 870 034c 5B       		.byte	91
 871 034d 04       		.byte	4
 872 034e 5D       		.byte	93
 873 034f 40       		.byte	64
 874 0350 61       		.byte	97
 875 0351 02       		.byte	2
 876 0352 66       		.byte	102
 877 0353 80       		.byte	-128
 878 0354 67       		.byte	103
 879 0355 02       		.byte	2
 880 0356 90       		.byte	-112
 881 0357 44       		.byte	68
 882 0358 96       		.byte	-106
 883 0359 20       		.byte	32
 884 035a 97       		.byte	-105
 885 035b 02       		.byte	2
 886 035c 9E       		.byte	-98
 887 035d C0       		.byte	-64
 888 035e A4       		.byte	-92
 889 035f 88       		.byte	-120
 890 0360 A7       		.byte	-89
 891 0361 08       		.byte	8
 892 0362 AD       		.byte	-83
 893 0363 40       		.byte	64
 894 0364 C0       		.byte	-64
 895 0365 47       		.byte	71
 896 0366 C2       		.byte	-62
 897 0367 D4       		.byte	-44
 898 0368 C4       		.byte	-60
 899 0369 06       		.byte	6
 900 036a CA       		.byte	-54
 901 036b 72       		.byte	114
 902 036c CC       		.byte	-52
 903 036d 62       		.byte	98
 904 036e CE       		.byte	-50
 905 036f EE       		.byte	-18
 906 0370 D0       		.byte	-48
 907 0371 26       		.byte	38
 908 0372 D2       		.byte	-46
 909 0373 04       		.byte	4
 910 0374 D6       		.byte	-42
 911 0375 1F       		.byte	31
 912 0376 D8       		.byte	-40
ARM GAS  C:\Users\ali\AppData\Local\Temp\ccHreZOI.s 			page 17


 913 0377 11       		.byte	17
 914 0378 83       		.byte	-125
 915 0379 01       		.byte	1
 916 037a 94       		.byte	-108
 917 037b 0A       		.byte	10
 918 037c 96       		.byte	-106
 919 037d 51       		.byte	81
 920 037e 98       		.byte	-104
 921 037f 01       		.byte	1
 922 0380 9A       		.byte	-102
 923 0381 26       		.byte	38
 924 0382 9C       		.byte	-100
 925 0383 14       		.byte	20
 926 0384 9E       		.byte	-98
 927 0385 49       		.byte	73
 928 0386 A4       		.byte	-92
 929 0387 1F       		.byte	31
 930 0388 A8       		.byte	-88
 931 0389 1F       		.byte	31
 932 038a B0       		.byte	-80
 933 038b 60       		.byte	96
 934 038c B2       		.byte	-78
 935 038d 18       		.byte	24
 936 038e B4       		.byte	-76
 937 038f 07       		.byte	7
 938 0390 B7       		.byte	-73
 939 0391 01       		.byte	1
 940 0392 BE       		.byte	-66
 941 0393 01       		.byte	1
 942 0394 D6       		.byte	-42
 943 0395 08       		.byte	8
 944 0396 D8       		.byte	-40
 945 0397 04       		.byte	4
 946 0398 D9       		.byte	-39
 947 0399 04       		.byte	4
 948 039a DB       		.byte	-37
 949 039b 04       		.byte	4
 950 039c DC       		.byte	-36
 951 039d 11       		.byte	17
 952 039e DD       		.byte	-35
 953 039f 90       		.byte	-112
 954 03a0 DF       		.byte	-33
 955 03a1 01       		.byte	1
 956 03a2 00       		.byte	0
 957 03a3 40       		.byte	64
 958 03a4 02       		.byte	2
 959 03a5 20       		.byte	32
 960 03a6 03       		.byte	3
 961 03a7 88       		.byte	-120
 962 03a8 08       		.byte	8
 963 03a9 01       		.byte	1
 964 03aa 09       		.byte	9
 965 03ab 40       		.byte	64
 966 03ac 0A       		.byte	10
 967 03ad 14       		.byte	20
 968 03ae 0E       		.byte	14
 969 03af 28       		.byte	40
ARM GAS  C:\Users\ali\AppData\Local\Temp\ccHreZOI.s 			page 18


 970 03b0 0F       		.byte	15
 971 03b1 05       		.byte	5
 972 03b2 10       		.byte	16
 973 03b3 A8       		.byte	-88
 974 03b4 12       		.byte	18
 975 03b5 03       		.byte	3
 976 03b6 17       		.byte	23
 977 03b7 14       		.byte	20
 978 03b8 18       		.byte	24
 979 03b9 40       		.byte	64
 980 03ba 19       		.byte	25
 981 03bb 15       		.byte	21
 982 03bc 1A       		.byte	26
 983 03bd 14       		.byte	20
 984 03be 1B       		.byte	27
 985 03bf 80       		.byte	-128
 986 03c0 1D       		.byte	29
 987 03c1 02       		.byte	2
 988 03c2 1E       		.byte	30
 989 03c3 28       		.byte	40
 990 03c4 20       		.byte	32
 991 03c5 04       		.byte	4
 992 03c6 21       		.byte	33
 993 03c7 01       		.byte	1
 994 03c8 22       		.byte	34
 995 03c9 14       		.byte	20
 996 03ca 23       		.byte	35
 997 03cb 02       		.byte	2
 998 03cc 25       		.byte	37
 999 03cd 40       		.byte	64
 1000 03ce 29       		.byte	41
 1001 03cf 15       		.byte	21
 1002 03d0 2A       		.byte	42
 1003 03d1 02       		.byte	2
 1004 03d2 30       		.byte	48
 1005 03d3 11       		.byte	17
 1006 03d4 33       		.byte	51
 1007 03d5 88       		.byte	-120
 1008 03d6 34       		.byte	52
 1009 03d7 10       		.byte	16
 1010 03d8 36       		.byte	54
 1011 03d9 30       		.byte	48
 1012 03da 38       		.byte	56
 1013 03db A8       		.byte	-88
 1014 03dc 3A       		.byte	58
 1015 03dd 01       		.byte	1
 1016 03de 3F       		.byte	63
 1017 03df 01       		.byte	1
 1018 03e0 40       		.byte	64
 1019 03e1 04       		.byte	4
 1020 03e2 41       		.byte	65
 1021 03e3 02       		.byte	2
 1022 03e4 42       		.byte	66
 1023 03e5 02       		.byte	2
 1024 03e6 43       		.byte	67
 1025 03e7 08       		.byte	8
 1026 03e8 48       		.byte	72
ARM GAS  C:\Users\ali\AppData\Local\Temp\ccHreZOI.s 			page 19


 1027 03e9 10       		.byte	16
 1028 03ea 49       		.byte	73
 1029 03eb 10       		.byte	16
 1030 03ec 53       		.byte	83
 1031 03ed 10       		.byte	16
 1032 03ee 5A       		.byte	90
 1033 03ef 08       		.byte	8
 1034 03f0 5C       		.byte	92
 1035 03f1 80       		.byte	-128
 1036 03f2 64       		.byte	100
 1037 03f3 01       		.byte	1
 1038 03f4 67       		.byte	103
 1039 03f5 01       		.byte	1
 1040 03f6 69       		.byte	105
 1041 03f7 54       		.byte	84
 1042 03f8 6B       		.byte	107
 1043 03f9 14       		.byte	20
 1044 03fa 70       		.byte	112
 1045 03fb FC       		.byte	-4
 1046 03fc 84       		.byte	-124
 1047 03fd 80       		.byte	-128
 1048 03fe 8A       		.byte	-118
 1049 03ff 02       		.byte	2
 1050 0400 8B       		.byte	-117
 1051 0401 04       		.byte	4
 1052 0402 95       		.byte	-107
 1053 0403 56       		.byte	86
 1054 0404 96       		.byte	-106
 1055 0405 20       		.byte	32
 1056 0406 97       		.byte	-105
 1057 0407 20       		.byte	32
 1058 0408 9F       		.byte	-97
 1059 0409 02       		.byte	2
 1060 040a A3       		.byte	-93
 1061 040b 08       		.byte	8
 1062 040c A4       		.byte	-92
 1063 040d 10       		.byte	16
 1064 040e C0       		.byte	-64
 1065 040f 0F       		.byte	15
 1066 0410 C2       		.byte	-62
 1067 0411 EF       		.byte	-17
 1068 0412 C4       		.byte	-60
 1069 0413 6F       		.byte	111
 1070 0414 CA       		.byte	-54
 1071 0415 07       		.byte	7
 1072 0416 CC       		.byte	-52
 1073 0417 0F       		.byte	15
 1074 0418 CE       		.byte	-50
 1075 0419 8F       		.byte	-113
 1076 041a D0       		.byte	-48
 1077 041b 0F       		.byte	15
 1078 041c D2       		.byte	-46
 1079 041d 04       		.byte	4
 1080 041e D6       		.byte	-42
 1081 041f 12       		.byte	18
 1082 0420 D8       		.byte	-40
 1083 0421 10       		.byte	16
ARM GAS  C:\Users\ali\AppData\Local\Temp\ccHreZOI.s 			page 20


 1084 0422 00       		.byte	0
 1085 0423 1C       		.byte	28
 1086 0424 02       		.byte	2
 1087 0425 03       		.byte	3
 1088 0426 04       		.byte	4
 1089 0427 01       		.byte	1
 1090 0428 05       		.byte	5
 1091 0429 06       		.byte	6
 1092 042a 06       		.byte	6
 1093 042b 16       		.byte	22
 1094 042c 07       		.byte	7
 1095 042d 28       		.byte	40
 1096 042e 0A       		.byte	10
 1097 042f 1C       		.byte	28
 1098 0430 0B       		.byte	11
 1099 0431 10       		.byte	16
 1100 0432 15       		.byte	21
 1101 0433 26       		.byte	38
 1102 0434 17       		.byte	23
 1103 0435 18       		.byte	24
 1104 0436 1D       		.byte	29
 1105 0437 01       		.byte	1
 1106 0438 1E       		.byte	30
 1107 0439 03       		.byte	3
 1108 043a 23       		.byte	35
 1109 043b 2A       		.byte	42
 1110 043c 26       		.byte	38
 1111 043d 08       		.byte	8
 1112 043e 28       		.byte	40
 1113 043f 01       		.byte	1
 1114 0440 29       		.byte	41
 1115 0441 26       		.byte	38
 1116 0442 2A       		.byte	42
 1117 0443 0E       		.byte	14
 1118 0444 2B       		.byte	43
 1119 0445 08       		.byte	8
 1120 0446 2D       		.byte	45
 1121 0447 14       		.byte	20
 1122 0448 2F       		.byte	47
 1123 0449 28       		.byte	40
 1124 044a 30       		.byte	48
 1125 044b 0F       		.byte	15
 1126 044c 31       		.byte	49
 1127 044d 20       		.byte	32
 1128 044e 33       		.byte	51
 1129 044f 1E       		.byte	30
 1130 0450 34       		.byte	52
 1131 0451 1A       		.byte	26
 1132 0452 35       		.byte	53
 1133 0453 01       		.byte	1
 1134 0454 3A       		.byte	58
 1135 0455 22       		.byte	34
 1136 0456 3B       		.byte	59
 1137 0457 08       		.byte	8
 1138 0458 3F       		.byte	63
 1139 0459 11       		.byte	17
 1140 045a 40       		.byte	64
ARM GAS  C:\Users\ali\AppData\Local\Temp\ccHreZOI.s 			page 21


 1141 045b 24       		.byte	36
 1142 045c 41       		.byte	65
 1143 045d 06       		.byte	6
 1144 045e 45       		.byte	69
 1145 045f EC       		.byte	-20
 1146 0460 46       		.byte	70
 1147 0461 B0       		.byte	-80
 1148 0462 48       		.byte	72
 1149 0463 0B       		.byte	11
 1150 0464 49       		.byte	73
 1151 0465 FF       		.byte	-1
 1152 0466 4A       		.byte	74
 1153 0467 FF       		.byte	-1
 1154 0468 4B       		.byte	75
 1155 0469 FF       		.byte	-1
 1156 046a 4E       		.byte	78
 1157 046b F0       		.byte	-16
 1158 046c 4F       		.byte	79
 1159 046d 44       		.byte	68
 1160 046e 50       		.byte	80
 1161 046f 0C       		.byte	12
 1162 0470 54       		.byte	84
 1163 0471 01       		.byte	1
 1164 0472 56       		.byte	86
 1165 0473 04       		.byte	4
 1166 0474 58       		.byte	88
 1167 0475 04       		.byte	4
 1168 0476 59       		.byte	89
 1169 0477 04       		.byte	4
 1170 0478 5A       		.byte	90
 1171 0479 04       		.byte	4
 1172 047a 5B       		.byte	91
 1173 047b 04       		.byte	4
 1174 047c 5F       		.byte	95
 1175 047d 01       		.byte	1
 1176 047e 66       		.byte	102
 1177 047f C0       		.byte	-64
 1178 0480 6A       		.byte	106
 1179 0481 40       		.byte	64
 1180 0482 6B       		.byte	107
 1181 0483 02       		.byte	2
 1182 0484 83       		.byte	-125
 1183 0485 01       		.byte	1
 1184 0486 8A       		.byte	-118
 1185 0487 02       		.byte	2
 1186 0488 8B       		.byte	-117
 1187 0489 01       		.byte	1
 1188 048a 8C       		.byte	-116
 1189 048b 01       		.byte	1
 1190 048c 96       		.byte	-106
 1191 048d 02       		.byte	2
 1192 048e A4       		.byte	-92
 1193 048f 01       		.byte	1
 1194 0490 A8       		.byte	-88
 1195 0491 01       		.byte	1
 1196 0492 B0       		.byte	-80
 1197 0493 02       		.byte	2
ARM GAS  C:\Users\ali\AppData\Local\Temp\ccHreZOI.s 			page 22


 1198 0494 B2       		.byte	-78
 1199 0495 01       		.byte	1
 1200 0496 B5       		.byte	-75
 1201 0497 01       		.byte	1
 1202 0498 BE       		.byte	-66
 1203 0499 01       		.byte	1
 1204 049a BF       		.byte	-65
 1205 049b 10       		.byte	16
 1206 049c C0       		.byte	-64
 1207 049d 06       		.byte	6
 1208 049e C6       		.byte	-58
 1209 049f 04       		.byte	4
 1210 04a0 C9       		.byte	-55
 1211 04a1 FF       		.byte	-1
 1212 04a2 CA       		.byte	-54
 1213 04a3 07       		.byte	7
 1214 04a4 CB       		.byte	-53
 1215 04a5 FF       		.byte	-1
 1216 04a6 CC       		.byte	-52
 1217 04a7 40       		.byte	64
 1218 04a8 CD       		.byte	-51
 1219 04a9 20       		.byte	32
 1220 04aa CE       		.byte	-50
 1221 04ab F0       		.byte	-16
 1222 04ac CF       		.byte	-49
 1223 04ad 05       		.byte	5
 1224 04ae D0       		.byte	-48
 1225 04af 08       		.byte	8
 1226 04b0 D4       		.byte	-44
 1227 04b1 18       		.byte	24
 1228 04b2 D6       		.byte	-42
 1229 04b3 04       		.byte	4
 1230 04b4 D8       		.byte	-40
 1231 04b5 04       		.byte	4
 1232 04b6 D9       		.byte	-39
 1233 04b7 04       		.byte	4
 1234 04b8 DA       		.byte	-38
 1235 04b9 04       		.byte	4
 1236 04ba DB       		.byte	-37
 1237 04bb 04       		.byte	4
 1238 04bc DC       		.byte	-36
 1239 04bd 01       		.byte	1
 1240 04be DD       		.byte	-35
 1241 04bf 11       		.byte	17
 1242 04c0 DF       		.byte	-33
 1243 04c1 01       		.byte	1
 1244 04c2 E0       		.byte	-32
 1245 04c3 40       		.byte	64
 1246 04c4 E1       		.byte	-31
 1247 04c5 A8       		.byte	-88
 1248 04c6 E2       		.byte	-30
 1249 04c7 40       		.byte	64
 1250 04c8 E3       		.byte	-29
 1251 04c9 20       		.byte	32
 1252 04ca 00       		.byte	0
 1253 04cb 20       		.byte	32
 1254 04cc 01       		.byte	1
ARM GAS  C:\Users\ali\AppData\Local\Temp\ccHreZOI.s 			page 23


 1255 04cd 40       		.byte	64
 1256 04ce 04       		.byte	4
 1257 04cf 10       		.byte	16
 1258 04d0 05       		.byte	5
 1259 04d1 01       		.byte	1
 1260 04d2 07       		.byte	7
 1261 04d3 20       		.byte	32
 1262 04d4 08       		.byte	8
 1263 04d5 20       		.byte	32
 1264 04d6 0A       		.byte	10
 1265 04d7 20       		.byte	32
 1266 04d8 0B       		.byte	11
 1267 04d9 04       		.byte	4
 1268 04da 0C       		.byte	12
 1269 04db 40       		.byte	64
 1270 04dc 11       		.byte	17
 1271 04dd 14       		.byte	20
 1272 04de 16       		.byte	22
 1273 04df 10       		.byte	16
 1274 04e0 17       		.byte	23
 1275 04e1 10       		.byte	16
 1276 04e2 1B       		.byte	27
 1277 04e3 09       		.byte	9
 1278 04e4 1D       		.byte	29
 1279 04e5 11       		.byte	17
 1280 04e6 1E       		.byte	30
 1281 04e7 40       		.byte	64
 1282 04e8 20       		.byte	32
 1283 04e9 04       		.byte	4
 1284 04ea 26       		.byte	38
 1285 04eb 04       		.byte	4
 1286 04ec 27       		.byte	39
 1287 04ed A8       		.byte	-88
 1288 04ee 2C       		.byte	44
 1289 04ef 40       		.byte	64
 1290 04f0 2D       		.byte	45
 1291 04f1 20       		.byte	32
 1292 04f2 2E       		.byte	46
 1293 04f3 40       		.byte	64
 1294 04f4 36       		.byte	54
 1295 04f5 84       		.byte	-124
 1296 04f6 39       		.byte	57
 1297 04f7 02       		.byte	2
 1298 04f8 3B       		.byte	59
 1299 04f9 20       		.byte	32
 1300 04fa 3C       		.byte	60
 1301 04fb 10       		.byte	16
 1302 04fc 3F       		.byte	63
 1303 04fd 04       		.byte	4
 1304 04fe 44       		.byte	68
 1305 04ff 40       		.byte	64
 1306 0500 47       		.byte	71
 1307 0501 20       		.byte	32
 1308 0502 4A       		.byte	74
 1309 0503 08       		.byte	8
 1310 0504 4D       		.byte	77
 1311 0505 21       		.byte	33
ARM GAS  C:\Users\ali\AppData\Local\Temp\ccHreZOI.s 			page 24


 1312 0506 4E       		.byte	78
 1313 0507 80       		.byte	-128
 1314 0508 4F       		.byte	79
 1315 0509 04       		.byte	4
 1316 050a 50       		.byte	80
 1317 050b 88       		.byte	-120
 1318 050c 57       		.byte	87
 1319 050d 20       		.byte	32
 1320 050e 59       		.byte	89
 1321 050f 30       		.byte	48
 1322 0510 5B       		.byte	91
 1323 0511 12       		.byte	18
 1324 0512 5C       		.byte	92
 1325 0513 20       		.byte	32
 1326 0514 5D       		.byte	93
 1327 0515 01       		.byte	1
 1328 0516 5F       		.byte	95
 1329 0517 88       		.byte	-120
 1330 0518 60       		.byte	96
 1331 0519 44       		.byte	68
 1332 051a 63       		.byte	99
 1333 051b 02       		.byte	2
 1334 051c 67       		.byte	103
 1335 051d 40       		.byte	64
 1336 051e 80       		.byte	-128
 1337 051f 40       		.byte	64
 1338 0520 85       		.byte	-123
 1339 0521 40       		.byte	64
 1340 0522 87       		.byte	-121
 1341 0523 40       		.byte	64
 1342 0524 90       		.byte	-112
 1343 0525 10       		.byte	16
 1344 0526 96       		.byte	-106
 1345 0527 40       		.byte	64
 1346 0528 98       		.byte	-104
 1347 0529 40       		.byte	64
 1348 052a 9A       		.byte	-102
 1349 052b 10       		.byte	16
 1350 052c 9D       		.byte	-99
 1351 052d 10       		.byte	16
 1352 052e A1       		.byte	-95
 1353 052f 40       		.byte	64
 1354 0530 A2       		.byte	-94
 1355 0531 08       		.byte	8
 1356 0532 A4       		.byte	-92
 1357 0533 88       		.byte	-120
 1358 0534 A6       		.byte	-90
 1359 0535 04       		.byte	4
 1360 0536 A7       		.byte	-89
 1361 0537 20       		.byte	32
 1362 0538 B5       		.byte	-75
 1363 0539 42       		.byte	66
 1364 053a C0       		.byte	-64
 1365 053b 73       		.byte	115
 1366 053c C2       		.byte	-62
 1367 053d 84       		.byte	-124
 1368 053e C4       		.byte	-60
ARM GAS  C:\Users\ali\AppData\Local\Temp\ccHreZOI.s 			page 25


 1369 053f 66       		.byte	102
 1370 0540 CA       		.byte	-54
 1371 0541 B0       		.byte	-80
 1372 0542 CC       		.byte	-52
 1373 0543 50       		.byte	80
 1374 0544 CE       		.byte	-50
 1375 0545 65       		.byte	101
 1376 0546 D0       		.byte	-48
 1377 0547 A0       		.byte	-96
 1378 0548 D2       		.byte	-46
 1379 0549 24       		.byte	36
 1380 054a D6       		.byte	-42
 1381 054b F1       		.byte	-15
 1382 054c D8       		.byte	-40
 1383 054d 8D       		.byte	-115
 1384 054e E8       		.byte	-24
 1385 054f 40       		.byte	64
 1386 0550 EE       		.byte	-18
 1387 0551 10       		.byte	16
 1388 0552 30       		.byte	48
 1389 0553 02       		.byte	2
 1390 0554 33       		.byte	51
 1391 0555 80       		.byte	-128
 1392 0556 37       		.byte	55
 1393 0557 82       		.byte	-126
 1394 0558 3B       		.byte	59
 1395 0559 20       		.byte	32
 1396 055a CC       		.byte	-52
 1397 055b F0       		.byte	-16
 1398 055c CE       		.byte	-50
 1399 055d 10       		.byte	16
 1400 055e 97       		.byte	-105
 1401 055f 20       		.byte	32
 1402 0560 9F       		.byte	-97
 1403 0561 82       		.byte	-126
 1404 0562 A4       		.byte	-92
 1405 0563 02       		.byte	2
 1406 0564 A7       		.byte	-89
 1407 0565 80       		.byte	-128
 1408 0566 52       		.byte	82
 1409 0567 80       		.byte	-128
 1410 0568 80       		.byte	-128
 1411 0569 02       		.byte	2
 1412 056a 87       		.byte	-121
 1413 056b 10       		.byte	16
 1414 056c 97       		.byte	-105
 1415 056d 20       		.byte	32
 1416 056e 9F       		.byte	-97
 1417 056f 82       		.byte	-126
 1418 0570 A4       		.byte	-92
 1419 0571 02       		.byte	2
 1420 0572 A7       		.byte	-89
 1421 0573 80       		.byte	-128
 1422 0574 D4       		.byte	-44
 1423 0575 20       		.byte	32
 1424 0576 E2       		.byte	-30
 1425 0577 20       		.byte	32
ARM GAS  C:\Users\ali\AppData\Local\Temp\ccHreZOI.s 			page 26


 1426 0578 E6       		.byte	-26
 1427 0579 40       		.byte	64
 1428 057a 9F       		.byte	-97
 1429 057b 82       		.byte	-126
 1430 057c A7       		.byte	-89
 1431 057d 80       		.byte	-128
 1432 057e AE       		.byte	-82
 1433 057f 80       		.byte	-128
 1434 0580 EE       		.byte	-18
 1435 0581 10       		.byte	16
 1436 0582 83       		.byte	-125
 1437 0583 80       		.byte	-128
 1438 0584 85       		.byte	-123
 1439 0585 10       		.byte	16
 1440 0586 87       		.byte	-121
 1441 0587 02       		.byte	2
 1442 0588 9D       		.byte	-99
 1443 0589 02       		.byte	2
 1444 058a 9F       		.byte	-97
 1445 058b 02       		.byte	2
 1446 058c A7       		.byte	-89
 1447 058d 80       		.byte	-128
 1448 058e B5       		.byte	-75
 1449 058f 02       		.byte	2
 1450 0590 B7       		.byte	-73
 1451 0591 80       		.byte	-128
 1452 0592 E2       		.byte	-30
 1453 0593 40       		.byte	64
 1454 0594 E6       		.byte	-26
 1455 0595 60       		.byte	96
 1456 0596 05       		.byte	5
 1457 0597 02       		.byte	2
 1458 0598 12       		.byte	18
 1459 0599 20       		.byte	32
 1460 059a 51       		.byte	81
 1461 059b 10       		.byte	16
 1462 059c 86       		.byte	-122
 1463 059d 20       		.byte	32
 1464 059e 91       		.byte	-111
 1465 059f 20       		.byte	32
 1466 05a0 9D       		.byte	-99
 1467 05a1 02       		.byte	2
 1468 05a2 C0       		.byte	-64
 1469 05a3 20       		.byte	32
 1470 05a4 C4       		.byte	-60
 1471 05a5 10       		.byte	16
 1472 05a6 D4       		.byte	-44
 1473 05a7 20       		.byte	32
 1474 05a8 E4       		.byte	-28
 1475 05a9 40       		.byte	64
 1476 05aa 00       		.byte	0
 1477 05ab 03       		.byte	3
 1478 05ac 01       		.byte	1
 1479 05ad 01       		.byte	1
 1480 05ae 08       		.byte	8
 1481 05af 01       		.byte	1
 1482 05b0 0A       		.byte	10
ARM GAS  C:\Users\ali\AppData\Local\Temp\ccHreZOI.s 			page 27


 1483 05b1 03       		.byte	3
 1484 05b2 0B       		.byte	11
 1485 05b3 01       		.byte	1
 1486 05b4 10       		.byte	16
 1487 05b5 03       		.byte	3
 1488 05b6 11       		.byte	17
 1489 05b7 01       		.byte	1
 1490 05b8 1A       		.byte	26
 1491 05b9 03       		.byte	3
 1492 05ba 1B       		.byte	27
 1493 05bb 01       		.byte	1
 1494 05bc 00       		.byte	0
 1495 05bd FF       		.byte	-1
 1496 05be 01       		.byte	1
 1497 05bf 03       		.byte	3
 1498 05c0 4C       		.byte	76
 1499 05c1 03       		.byte	3
 1500 05c2 A3       		.byte	-93
 1501 05c3 00       		.byte	0
 1502 05c4 01       		.byte	1
 1503 05c5 30       		.byte	48
 1504 05c6 00       		.byte	0
 1505 05c7 00       		.byte	0
 1506 05c8 00       		.byte	0
 1507 05c9 10       		.byte	16
 1508 05ca B3       		.byte	-77
 1509 05cb 00       		.byte	0
 1510 05cc F3       		.byte	-13
 1511 05cd 20       		.byte	32
 1512 05ce 0C       		.byte	12
 1513 05cf 00       		.byte	0
 1514 05d0 42       		.byte	66
 1515 05d1 02       		.byte	2
 1516 05d2 00       		.byte	0
 1517 05d3 00       		.byte	0
 1518 05d4 4F       		.byte	79
 1519 05d5 00       		.byte	0
 1520 05d6 90       		.byte	-112
 1521 05d7 0B       		.byte	11
 1522 05d8 FF       		.byte	-1
 1523 05d9 01       		.byte	1
 1524 05da 00       		.byte	0
 1525 05db 00       		.byte	0
 1526 05dc 00       		.byte	0
 1527 05dd 78       		.byte	120
 1528 05de 40       		.byte	64
 1529 05df 07       		.byte	7
 1530 05e0 08       		.byte	8
 1531 05e1 4F       		.byte	79
 1532 05e2 00       		.byte	0
 1533 05e3 30       		.byte	48
 1534 05e4 04       		.byte	4
 1535 05e5 70       		.byte	112
 1536 05e6 00       		.byte	0
 1537 05e7 0F       		.byte	15
 1538 05e8 0C       		.byte	12
 1539 05e9 7F       		.byte	127
ARM GAS  C:\Users\ali\AppData\Local\Temp\ccHreZOI.s 			page 28


 1540 05ea 00       		.byte	0
 1541 05eb 00       		.byte	0
 1542 05ec 03       		.byte	3
 1543 05ed 00       		.byte	0
 1544 05ee 00       		.byte	0
 1545 05ef 00       		.byte	0
 1546 05f0 0F       		.byte	15
 1547 05f1 04       		.byte	4
 1548 05f2 8C       		.byte	-116
 1549 05f3 40       		.byte	64
 1550 05f4 00       		.byte	0
 1551 05f5 38       		.byte	56
 1552 05f6 7C       		.byte	124
 1553 05f7 03       		.byte	3
 1554 05f8 00       		.byte	0
 1555 05f9 02       		.byte	2
 1556 05fa AA       		.byte	-86
 1557 05fb 00       		.byte	0
 1558 05fc 00       		.byte	0
 1559 05fd 00       		.byte	0
 1560 05fe 00       		.byte	0
 1561 05ff 04       		.byte	4
 1562 0600 13       		.byte	19
 1563 0601 06       		.byte	6
 1564 0602 02       		.byte	2
 1565 0603 00       		.byte	0
 1566 0604 04       		.byte	4
 1567 0605 0C       		.byte	12
 1568 0606 E0       		.byte	-32
 1569 0607 00       		.byte	0
 1570 0608 09       		.byte	9
 1571 0609 FF       		.byte	-1
 1572 060a FF       		.byte	-1
 1573 060b FF       		.byte	-1
 1574 060c 62       		.byte	98
 1575 060d A0       		.byte	-96
 1576 060e F0       		.byte	-16
 1577 060f 41       		.byte	65
 1578 0610 0C       		.byte	12
 1579 0611 00       		.byte	0
 1580 0612 00       		.byte	0
 1581 0613 00       		.byte	0
 1582 0614 00       		.byte	0
 1583 0615 00       		.byte	0
 1584 0616 02       		.byte	2
 1585 0617 12       		.byte	18
 1586 0618 04       		.byte	4
 1587 0619 04       		.byte	4
 1588 061a 04       		.byte	4
 1589 061b 04       		.byte	4
 1590 061c 11       		.byte	17
 1591 061d 11       		.byte	17
 1592 061e 00       		.byte	0
 1593 061f 01       		.byte	1
 1594 0620 00       		.byte	0
 1595 0621 00       		.byte	0
 1596 0622 00       		.byte	0
ARM GAS  C:\Users\ali\AppData\Local\Temp\ccHreZOI.s 			page 29


 1597 0623 00       		.byte	0
 1598 0624 00       		.byte	0
 1599 0625 00       		.byte	0
 1600 0626 40       		.byte	64
 1601 0627 02       		.byte	2
 1602 0628 00       		.byte	0
 1603 0629 10       		.byte	16
 1604 062a 30       		.byte	48
 1605 062b 10       		.byte	16
 1606 062c 00       		.byte	0
 1607 062d 10       		.byte	16
 1608 062e 10       		.byte	16
 1609 062f 12       		.byte	18
 1610 0630 00       		.byte	0
 1611 0631 00       		.byte	0
 1612 0632 00       		.byte	0
 1613 0633 00       		.byte	0
 1614 0634 00       		.byte	0
 1615 0635 00       		.byte	0
 1616 0636 00       		.byte	0
 1617 0637 00       		.byte	0
 1618 0638 00       		.byte	0
 1619 0639 00       		.byte	0
 1620 063a 00       		.byte	0
 1621 063b 00       		.byte	0
 1622 063c 00       		.byte	0
 1623 063d 00       		.byte	0
 1624 063e 00       		.byte	0
 1625 063f 00       		.byte	0
 1626 0640 00       		.byte	0
 1627 0641 70       		.byte	112
 1628 0642 70       		.byte	112
 1629 0643 00       		.byte	0
 1630 0644 00       		.byte	0
 1631 0645 00       		.byte	0
 1632 0646 00       		.byte	0
 1633 0647 00       		.byte	0
 1634 0648 02       		.byte	2
 1635 0649 00       		.byte	0
 1636 064a 01       		.byte	1
 1637 064b 02       		.byte	2
 1638 064c 02       		.byte	2
 1639 064d 00       		.byte	0
 1640 064e 02       		.byte	2
 1641 064f 00       		.byte	0
 1642 0650 00       		.byte	0
 1643 0651 00       		.byte	0
 1644 0652 00       		.byte	0
 1645 0653 00       		.byte	0
 1646 0654 00       		.byte	0
 1647 0655 0B       		.byte	11
 1648 0656 0B       		.byte	11
 1649 0657 00       		.byte	0
 1650 0658 00       		.byte	0
 1651 0659 00       		.byte	0
 1652 065a 00       		.byte	0
 1653 065b 00       		.byte	0
ARM GAS  C:\Users\ali\AppData\Local\Temp\ccHreZOI.s 			page 30


 1654 065c 0E       		.byte	14
 1655 065d 00       		.byte	0
 1656 065e 00       		.byte	0
 1657 065f 4E       		.byte	78
 1658 0660 40       		.byte	64
 1659 0661 00       		.byte	0
 1660 0662 00       		.byte	0
 1661 0663 00       		.byte	0
 1662 0664 00       		.byte	0
 1663 0665 00       		.byte	0
 1664 0666 00       		.byte	0
 1665 0667 00       		.byte	0
 1666 0668 01       		.byte	1
 1667 0669 00       		.byte	0
 1668 066a 02       		.byte	2
 1669 066b 01       		.byte	1
 1670 066c 01       		.byte	1
 1671 066d 00       		.byte	0
 1672 066e 01       		.byte	1
 1673 066f 00       		.byte	0
 1674 0670 00       		.byte	0
 1675 0671 00       		.byte	0
 1676 0672 00       		.byte	0
 1677 0673 00       		.byte	0
 1678 0674 00       		.byte	0
 1679 0675 01       		.byte	1
 1680 0676 01       		.byte	1
 1681 0677 00       		.byte	0
 1682 0678 00       		.byte	0
 1683 0679 00       		.byte	0
 1684 067a 00       		.byte	0
 1685 067b 00       		.byte	0
 1686 067c 70       		.byte	112
 1687 067d 00       		.byte	0
 1688 067e 00       		.byte	0
 1689 067f 70       		.byte	112
 1690 0680 00       		.byte	0
 1691 0681 00       		.byte	0
 1692 0682 00       		.byte	0
 1693 0683 00       		.byte	0
 1694 0684 00       		.byte	0
 1695 0685 00       		.byte	0
 1696 0686 00       		.byte	0
 1697 0687 00       		.byte	0
 1698              		.section	.cywolatch,"a",%progbits
 1699              		.align	2
 1700              		.type	cy_meta_wonvl, %object
 1701              		.size	cy_meta_wonvl, 4
 1702              	cy_meta_wonvl:
 1703 0000 BC       		.byte	-68
 1704 0001 90       		.byte	-112
 1705 0002 AC       		.byte	-84
 1706 0003 AF       		.byte	-81
 1707              		.section	.cycustnvl,"a",%progbits
 1708              		.align	2
 1709              		.type	cy_meta_custnvl, %object
 1710              		.size	cy_meta_custnvl, 4
ARM GAS  C:\Users\ali\AppData\Local\Temp\ccHreZOI.s 			page 31


 1711              	cy_meta_custnvl:
 1712 0000 00       		.byte	0
 1713 0001 00       		.byte	0
 1714 0002 40       		.byte	64
 1715 0003 04       		.byte	4
 1716              		.section	.cymeta,"a",%progbits
 1717              		.align	2
 1718              		.type	cy_metadata, %object
 1719              		.size	cy_metadata, 12
 1720              	cy_metadata:
 1721 0000 00       		.byte	0
 1722 0001 01       		.byte	1
 1723 0002 2E       		.byte	46
 1724 0003 12       		.byte	18
 1725 0004 30       		.byte	48
 1726 0005 69       		.byte	105
 1727 0006 00       		.byte	0
 1728 0007 01       		.byte	1
 1729 0008 00       		.byte	0
 1730 0009 00       		.byte	0
 1731 000a 00       		.byte	0
 1732 000b 00       		.byte	0
 1733              		.section	.cyflashprotect,"a",%progbits
 1734              		.align	2
 1735              		.type	cy_meta_flashprotect, %object
 1736              		.size	cy_meta_flashprotect, 256
 1737              	cy_meta_flashprotect:
 1738 0000 00000000 		.space	256
 1738      00000000 
 1738      00000000 
 1738      00000000 
 1738      00000000 
 1739              		.ident	"GCC: (GNU Tools for ARM Embedded Processors) 5.4.1 20160609 (release) [ARM/embedded-5-bran
