ARM GAS  C:\Users\ali\AppData\Local\Temp\ccCLOBak.s 			page 1


   1              		.syntax unified
   2              		.cpu cortex-m3
   3              		.fpu softvfp
   4              		.eabi_attribute 20, 1
   5              		.eabi_attribute 21, 1
   6              		.eabi_attribute 23, 3
   7              		.eabi_attribute 24, 1
   8              		.eabi_attribute 25, 1
   9              		.eabi_attribute 26, 1
  10              		.eabi_attribute 30, 2
  11              		.eabi_attribute 34, 1
  12              		.eabi_attribute 18, 4
  13              		.thumb
  14              		.syntax unified
  15              		.file	"UART_Debug_IntClock.c"
  16              		.section	.text.UART_Debug_IntClock_Start,"ax",%progbits
  17              		.align	2
  18              		.global	UART_Debug_IntClock_Start
  19              		.thumb
  20              		.thumb_func
  21              		.type	UART_Debug_IntClock_Start, %function
  22              	UART_Debug_IntClock_Start:
  23              		@ args = 0, pretend = 0, frame = 0
  24              		@ frame_needed = 0, uses_anonymous_args = 0
  25              		@ link register save eliminated.
  26 0000 0549     		ldr	r1, .L2
  27 0002 064A     		ldr	r2, .L2+4
  28 0004 0B78     		ldrb	r3, [r1]	@ zero_extendqisi2
  29 0006 43F00203 		orr	r3, r3, #2
  30 000a 0B70     		strb	r3, [r1]
  31 000c 1378     		ldrb	r3, [r2]	@ zero_extendqisi2
  32 000e 43F00203 		orr	r3, r3, #2
  33 0012 1370     		strb	r3, [r2]
  34 0014 7047     		bx	lr
  35              	.L3:
  36 0016 00BF     		.align	2
  37              	.L2:
  38 0018 A2430040 		.word	1073759138
  39 001c B2430040 		.word	1073759154
  40              		.size	UART_Debug_IntClock_Start, .-UART_Debug_IntClock_Start
  41              		.section	.text.UART_Debug_IntClock_Stop,"ax",%progbits
  42              		.align	2
  43              		.global	UART_Debug_IntClock_Stop
  44              		.thumb
  45              		.thumb_func
  46              		.type	UART_Debug_IntClock_Stop, %function
  47              	UART_Debug_IntClock_Stop:
  48              		@ args = 0, pretend = 0, frame = 0
  49              		@ frame_needed = 0, uses_anonymous_args = 0
  50              		@ link register save eliminated.
  51 0000 0549     		ldr	r1, .L5
  52 0002 064A     		ldr	r2, .L5+4
  53 0004 0B78     		ldrb	r3, [r1]	@ zero_extendqisi2
  54 0006 03F0FD03 		and	r3, r3, #253
  55 000a 0B70     		strb	r3, [r1]
  56 000c 1378     		ldrb	r3, [r2]	@ zero_extendqisi2
  57 000e 03F0FD03 		and	r3, r3, #253
ARM GAS  C:\Users\ali\AppData\Local\Temp\ccCLOBak.s 			page 2


  58 0012 1370     		strb	r3, [r2]
  59 0014 7047     		bx	lr
  60              	.L6:
  61 0016 00BF     		.align	2
  62              	.L5:
  63 0018 A2430040 		.word	1073759138
  64 001c B2430040 		.word	1073759154
  65              		.size	UART_Debug_IntClock_Stop, .-UART_Debug_IntClock_Stop
  66              		.section	.text.UART_Debug_IntClock_StopBlock,"ax",%progbits
  67              		.align	2
  68              		.global	UART_Debug_IntClock_StopBlock
  69              		.thumb
  70              		.thumb_func
  71              		.type	UART_Debug_IntClock_StopBlock, %function
  72              	UART_Debug_IntClock_StopBlock:
  73              		@ args = 0, pretend = 0, frame = 0
  74              		@ frame_needed = 0, uses_anonymous_args = 0
  75              		@ link register save eliminated.
  76 0000 164B     		ldr	r3, .L18
  77 0002 1B78     		ldrb	r3, [r3]	@ zero_extendqisi2
  78 0004 9B07     		lsls	r3, r3, #30
  79 0006 28D5     		bpl	.L16
  80 0008 154B     		ldr	r3, .L18+4
  81 000a 70B4     		push	{r4, r5, r6}
  82 000c 1946     		mov	r1, r3
  83 000e 154C     		ldr	r4, .L18+8
  84 0010 154D     		ldr	r5, .L18+12
  85 0012 0022     		movs	r2, #0
  86 0014 1548     		ldr	r0, .L18+16
  87 0016 0226     		movs	r6, #2
  88 0018 1A70     		strb	r2, [r3]
  89 001a 2E70     		strb	r6, [r5]
  90 001c 2270     		strb	r2, [r4]
  91 001e 0278     		ldrb	r2, [r0]	@ zero_extendqisi2
  92 0020 02F07F02 		and	r2, r2, #127
  93 0024 0270     		strb	r2, [r0]
  94 0026 B4F87000 		ldrh	r0, [r4, #112]
  95 002a 0722     		movs	r2, #7
  96 002c 80B2     		uxth	r0, r0
  97 002e 24F8120C 		strh	r0, [r4, #-18]	@ movhi
  98 0032 1A70     		strb	r2, [r3]
  99              	.L9:
 100 0034 0B78     		ldrb	r3, [r1]	@ zero_extendqisi2
 101 0036 0A4A     		ldr	r2, .L18+4
 102 0038 13F00103 		ands	r3, r3, #1
 103 003c FAD1     		bne	.L9
 104 003e 074D     		ldr	r5, .L18
 105 0040 0B4C     		ldr	r4, .L18+20
 106 0042 2978     		ldrb	r1, [r5]	@ zero_extendqisi2
 107 0044 0B4E     		ldr	r6, .L18+24
 108 0046 01F0FD01 		and	r1, r1, #253
 109 004a 2970     		strb	r1, [r5]
 110 004c 2178     		ldrb	r1, [r4]	@ zero_extendqisi2
 111 004e 01F0FD01 		and	r1, r1, #253
 112 0052 2170     		strb	r1, [r4]
 113 0054 1370     		strb	r3, [r2]
 114 0056 3080     		strh	r0, [r6]	@ movhi
ARM GAS  C:\Users\ali\AppData\Local\Temp\ccCLOBak.s 			page 3


 115 0058 70BC     		pop	{r4, r5, r6}
 116              	.L16:
 117 005a 7047     		bx	lr
 118              	.L19:
 119              		.align	2
 120              	.L18:
 121 005c A2430040 		.word	1073759138
 122 0060 01400040 		.word	1073758209
 123 0064 14400040 		.word	1073758228
 124 0068 10400040 		.word	1073758224
 125 006c 08400040 		.word	1073758216
 126 0070 B2430040 		.word	1073759154
 127 0074 84400040 		.word	1073758340
 128              		.size	UART_Debug_IntClock_StopBlock, .-UART_Debug_IntClock_StopBlock
 129              		.section	.text.UART_Debug_IntClock_StandbyPower,"ax",%progbits
 130              		.align	2
 131              		.global	UART_Debug_IntClock_StandbyPower
 132              		.thumb
 133              		.thumb_func
 134              		.type	UART_Debug_IntClock_StandbyPower, %function
 135              	UART_Debug_IntClock_StandbyPower:
 136              		@ args = 0, pretend = 0, frame = 0
 137              		@ frame_needed = 0, uses_anonymous_args = 0
 138              		@ link register save eliminated.
 139 0000 054A     		ldr	r2, .L24
 140 0002 1378     		ldrb	r3, [r2]	@ zero_extendqisi2
 141 0004 18B1     		cbz	r0, .L23
 142 0006 43F00203 		orr	r3, r3, #2
 143 000a 1370     		strb	r3, [r2]
 144 000c 7047     		bx	lr
 145              	.L23:
 146 000e 03F0FD03 		and	r3, r3, #253
 147 0012 1370     		strb	r3, [r2]
 148 0014 7047     		bx	lr
 149              	.L25:
 150 0016 00BF     		.align	2
 151              	.L24:
 152 0018 B2430040 		.word	1073759154
 153              		.size	UART_Debug_IntClock_StandbyPower, .-UART_Debug_IntClock_StandbyPower
 154              		.section	.text.UART_Debug_IntClock_SetDividerRegister,"ax",%progbits
 155              		.align	2
 156              		.global	UART_Debug_IntClock_SetDividerRegister
 157              		.thumb
 158              		.thumb_func
 159              		.type	UART_Debug_IntClock_SetDividerRegister, %function
 160              	UART_Debug_IntClock_SetDividerRegister:
 161              		@ args = 0, pretend = 0, frame = 0
 162              		@ frame_needed = 0, uses_anonymous_args = 0
 163              		@ link register save eliminated.
 164 0000 F0B4     		push	{r4, r5, r6, r7}
 165 0002 324D     		ldr	r5, .L50
 166 0004 324E     		ldr	r6, .L50+4
 167 0006 2A78     		ldrb	r2, [r5]	@ zero_extendqisi2
 168 0008 3388     		ldrh	r3, [r6]
 169 000a 9BB2     		uxth	r3, r3
 170 000c 9842     		cmp	r0, r3
 171 000e 0BD0     		beq	.L26
ARM GAS  C:\Users\ali\AppData\Local\Temp\ccCLOBak.s 			page 4


 172 0010 02F00704 		and	r4, r2, #7
 173 0014 2F4A     		ldr	r2, .L50+8
 174 0016 1278     		ldrb	r2, [r2]	@ zero_extendqisi2
 175 0018 D2B2     		uxtb	r2, r2
 176 001a 4CB9     		cbnz	r4, .L29
 177 001c 33B9     		cbnz	r3, .L48
 178 001e 3080     		strh	r0, [r6]	@ movhi
 179 0020 2B78     		ldrb	r3, [r5]	@ zero_extendqisi2
 180 0022 03F0BF03 		and	r3, r3, #191
 181 0026 2B70     		strb	r3, [r5]
 182              	.L26:
 183 0028 F0BC     		pop	{r4, r5, r6, r7}
 184 002a 7047     		bx	lr
 185              	.L48:
 186 002c 0028     		cmp	r0, #0
 187 002e 45D0     		beq	.L31
 188              	.L29:
 189 0030 02F00202 		and	r2, r2, #2
 190 0034 02F0FF05 		and	r5, r2, #255
 191 0038 12B3     		cbz	r2, .L33
 192 003a 274F     		ldr	r7, .L50+12
 193 003c 274A     		ldr	r2, .L50+16
 194 003e 284E     		ldr	r6, .L50+20
 195 0040 0024     		movs	r4, #0
 196 0042 3C70     		strb	r4, [r7]
 197 0044 0227     		movs	r7, #2
 198 0046 1770     		strb	r7, [r2]
 199 0048 3470     		strb	r4, [r6]
 200 004a 12F8084C 		ldrb	r4, [r2, #-8]	@ zero_extendqisi2
 201 004e 04F07F04 		and	r4, r4, #127
 202 0052 02F8084C 		strb	r4, [r2, #-8]
 203 0056 96F87220 		ldrb	r2, [r6, #114]	@ zero_extendqisi2
 204 005a 1607     		lsls	r6, r2, #28
 205 005c 2BD4     		bmi	.L49
 206              	.L34:
 207 005e 1E4A     		ldr	r2, .L50+12
 208 0060 204F     		ldr	r7, .L50+24
 209 0062 1446     		mov	r4, r2
 210 0064 0726     		movs	r6, #7
 211 0066 3B80     		strh	r3, [r7]	@ movhi
 212 0068 1670     		strb	r6, [r2]
 213              	.L36:
 214 006a 2378     		ldrb	r3, [r4]	@ zero_extendqisi2
 215 006c 1A4A     		ldr	r2, .L50+12
 216 006e 13F00103 		ands	r3, r3, #1
 217 0072 FAD1     		bne	.L36
 218 0074 174E     		ldr	r6, .L50+8
 219 0076 3478     		ldrb	r4, [r6]	@ zero_extendqisi2
 220 0078 04F0FD04 		and	r4, r4, #253
 221 007c 3470     		strb	r4, [r6]
 222 007e 1370     		strb	r3, [r2]
 223              	.L33:
 224 0080 144B     		ldr	r3, .L50+8
 225 0082 1C78     		ldrb	r4, [r3]	@ zero_extendqisi2
 226 0084 A407     		lsls	r4, r4, #30
 227 0086 0FD5     		bpl	.L37
 228 0088 6FF46872 		mvn	r2, #928
ARM GAS  C:\Users\ali\AppData\Local\Temp\ccCLOBak.s 			page 5


 229 008c 1344     		add	r3, r3, r2
 230 008e 1A46     		mov	r2, r3
 231 0090 0029     		cmp	r1, #0
 232 0092 144C     		ldr	r4, .L50+24
 233 0094 14BF     		ite	ne
 234 0096 0321     		movne	r1, #3
 235 0098 0121     		moveq	r1, #1
 236 009a 2080     		strh	r0, [r4]	@ movhi
 237 009c 1970     		strb	r1, [r3]
 238              	.L39:
 239 009e 1378     		ldrb	r3, [r2]	@ zero_extendqisi2
 240 00a0 DB07     		lsls	r3, r3, #31
 241 00a2 FCD4     		bmi	.L39
 242 00a4 F0BC     		pop	{r4, r5, r6, r7}
 243 00a6 7047     		bx	lr
 244              	.L37:
 245 00a8 094A     		ldr	r2, .L50+4
 246 00aa 1080     		strh	r0, [r2]	@ movhi
 247 00ac 1A78     		ldrb	r2, [r3]	@ zero_extendqisi2
 248 00ae 2A43     		orrs	r2, r2, r5
 249 00b0 1A70     		strb	r2, [r3]
 250 00b2 F0BC     		pop	{r4, r5, r6, r7}
 251 00b4 7047     		bx	lr
 252              	.L49:
 253 00b6 0028     		cmp	r0, #0
 254 00b8 E2D1     		bne	.L33
 255 00ba D0E7     		b	.L34
 256              	.L31:
 257 00bc 2B78     		ldrb	r3, [r5]	@ zero_extendqisi2
 258 00be 43F04003 		orr	r3, r3, #64
 259 00c2 2B70     		strb	r3, [r5]
 260 00c4 3080     		strh	r0, [r6]	@ movhi
 261 00c6 F0BC     		pop	{r4, r5, r6, r7}
 262 00c8 7047     		bx	lr
 263              	.L51:
 264 00ca 00BF     		.align	2
 265              	.L50:
 266 00cc 86400040 		.word	1073758342
 267 00d0 84400040 		.word	1073758340
 268 00d4 A2430040 		.word	1073759138
 269 00d8 01400040 		.word	1073758209
 270 00dc 10400040 		.word	1073758224
 271 00e0 14400040 		.word	1073758228
 272 00e4 02400040 		.word	1073758210
 273              		.size	UART_Debug_IntClock_SetDividerRegister, .-UART_Debug_IntClock_SetDividerRegister
 274              		.section	.text.UART_Debug_IntClock_GetDividerRegister,"ax",%progbits
 275              		.align	2
 276              		.global	UART_Debug_IntClock_GetDividerRegister
 277              		.thumb
 278              		.thumb_func
 279              		.type	UART_Debug_IntClock_GetDividerRegister, %function
 280              	UART_Debug_IntClock_GetDividerRegister:
 281              		@ args = 0, pretend = 0, frame = 0
 282              		@ frame_needed = 0, uses_anonymous_args = 0
 283              		@ link register save eliminated.
 284 0000 014B     		ldr	r3, .L53
 285 0002 1888     		ldrh	r0, [r3]
ARM GAS  C:\Users\ali\AppData\Local\Temp\ccCLOBak.s 			page 6


 286 0004 80B2     		uxth	r0, r0
 287 0006 7047     		bx	lr
 288              	.L54:
 289              		.align	2
 290              	.L53:
 291 0008 84400040 		.word	1073758340
 292              		.size	UART_Debug_IntClock_GetDividerRegister, .-UART_Debug_IntClock_GetDividerRegister
 293              		.section	.text.UART_Debug_IntClock_SetModeRegister,"ax",%progbits
 294              		.align	2
 295              		.global	UART_Debug_IntClock_SetModeRegister
 296              		.thumb
 297              		.thumb_func
 298              		.type	UART_Debug_IntClock_SetModeRegister, %function
 299              	UART_Debug_IntClock_SetModeRegister:
 300              		@ args = 0, pretend = 0, frame = 0
 301              		@ frame_needed = 0, uses_anonymous_args = 0
 302              		@ link register save eliminated.
 303 0000 034A     		ldr	r2, .L56
 304 0002 00F0F800 		and	r0, r0, #248
 305 0006 1378     		ldrb	r3, [r2]	@ zero_extendqisi2
 306 0008 1843     		orrs	r0, r0, r3
 307 000a 1070     		strb	r0, [r2]
 308 000c 7047     		bx	lr
 309              	.L57:
 310 000e 00BF     		.align	2
 311              	.L56:
 312 0010 86400040 		.word	1073758342
 313              		.size	UART_Debug_IntClock_SetModeRegister, .-UART_Debug_IntClock_SetModeRegister
 314              		.section	.text.UART_Debug_IntClock_ClearModeRegister,"ax",%progbits
 315              		.align	2
 316              		.global	UART_Debug_IntClock_ClearModeRegister
 317              		.thumb
 318              		.thumb_func
 319              		.type	UART_Debug_IntClock_ClearModeRegister, %function
 320              	UART_Debug_IntClock_ClearModeRegister:
 321              		@ args = 0, pretend = 0, frame = 0
 322              		@ frame_needed = 0, uses_anonymous_args = 0
 323              		@ link register save eliminated.
 324 0000 C043     		mvns	r0, r0
 325 0002 034B     		ldr	r3, .L59
 326 0004 40F00700 		orr	r0, r0, #7
 327 0008 1A78     		ldrb	r2, [r3]	@ zero_extendqisi2
 328 000a 1040     		ands	r0, r0, r2
 329 000c 1870     		strb	r0, [r3]
 330 000e 7047     		bx	lr
 331              	.L60:
 332              		.align	2
 333              	.L59:
 334 0010 86400040 		.word	1073758342
 335              		.size	UART_Debug_IntClock_ClearModeRegister, .-UART_Debug_IntClock_ClearModeRegister
 336              		.section	.text.UART_Debug_IntClock_GetModeRegister,"ax",%progbits
 337              		.align	2
 338              		.global	UART_Debug_IntClock_GetModeRegister
 339              		.thumb
 340              		.thumb_func
 341              		.type	UART_Debug_IntClock_GetModeRegister, %function
 342              	UART_Debug_IntClock_GetModeRegister:
ARM GAS  C:\Users\ali\AppData\Local\Temp\ccCLOBak.s 			page 7


 343              		@ args = 0, pretend = 0, frame = 0
 344              		@ frame_needed = 0, uses_anonymous_args = 0
 345              		@ link register save eliminated.
 346 0000 024B     		ldr	r3, .L62
 347 0002 1878     		ldrb	r0, [r3]	@ zero_extendqisi2
 348 0004 00F0F800 		and	r0, r0, #248
 349 0008 7047     		bx	lr
 350              	.L63:
 351 000a 00BF     		.align	2
 352              	.L62:
 353 000c 86400040 		.word	1073758342
 354              		.size	UART_Debug_IntClock_GetModeRegister, .-UART_Debug_IntClock_GetModeRegister
 355              		.section	.text.UART_Debug_IntClock_SetSourceRegister,"ax",%progbits
 356              		.align	2
 357              		.global	UART_Debug_IntClock_SetSourceRegister
 358              		.thumb
 359              		.thumb_func
 360              		.type	UART_Debug_IntClock_SetSourceRegister, %function
 361              	UART_Debug_IntClock_SetSourceRegister:
 362              		@ args = 0, pretend = 0, frame = 0
 363              		@ frame_needed = 0, uses_anonymous_args = 0
 364              		@ link register save eliminated.
 365 0000 134B     		ldr	r3, .L72
 366 0002 144A     		ldr	r2, .L72+4
 367 0004 1B88     		ldrh	r3, [r3]
 368 0006 1178     		ldrb	r1, [r2]	@ zero_extendqisi2
 369 0008 9BB2     		uxth	r3, r3
 370 000a 4907     		lsls	r1, r1, #29
 371 000c 08D0     		beq	.L65
 372 000e 00B9     		cbnz	r0, .L66
 373 0010 A3B1     		cbz	r3, .L71
 374              	.L66:
 375 0012 104A     		ldr	r2, .L72+4
 376 0014 1378     		ldrb	r3, [r2]	@ zero_extendqisi2
 377 0016 03F0F803 		and	r3, r3, #248
 378 001a 1843     		orrs	r0, r0, r3
 379 001c 1070     		strb	r0, [r2]
 380 001e 7047     		bx	lr
 381              	.L65:
 382 0020 0028     		cmp	r0, #0
 383 0022 F6D0     		beq	.L66
 384 0024 002B     		cmp	r3, #0
 385 0026 F4D1     		bne	.L66
 386 0028 1378     		ldrb	r3, [r2]	@ zero_extendqisi2
 387 002a 03F0F803 		and	r3, r3, #248
 388 002e 1843     		orrs	r0, r0, r3
 389 0030 1070     		strb	r0, [r2]
 390 0032 1378     		ldrb	r3, [r2]	@ zero_extendqisi2
 391 0034 03F0BF03 		and	r3, r3, #191
 392 0038 1370     		strb	r3, [r2]
 393 003a 7047     		bx	lr
 394              	.L71:
 395 003c 1378     		ldrb	r3, [r2]	@ zero_extendqisi2
 396 003e 43F04003 		orr	r3, r3, #64
 397 0042 1370     		strb	r3, [r2]
 398 0044 1378     		ldrb	r3, [r2]	@ zero_extendqisi2
 399 0046 03F0F803 		and	r3, r3, #248
ARM GAS  C:\Users\ali\AppData\Local\Temp\ccCLOBak.s 			page 8


 400 004a 1370     		strb	r3, [r2]
 401 004c 7047     		bx	lr
 402              	.L73:
 403 004e 00BF     		.align	2
 404              	.L72:
 405 0050 84400040 		.word	1073758340
 406 0054 86400040 		.word	1073758342
 407              		.size	UART_Debug_IntClock_SetSourceRegister, .-UART_Debug_IntClock_SetSourceRegister
 408              		.section	.text.UART_Debug_IntClock_GetSourceRegister,"ax",%progbits
 409              		.align	2
 410              		.global	UART_Debug_IntClock_GetSourceRegister
 411              		.thumb
 412              		.thumb_func
 413              		.type	UART_Debug_IntClock_GetSourceRegister, %function
 414              	UART_Debug_IntClock_GetSourceRegister:
 415              		@ args = 0, pretend = 0, frame = 0
 416              		@ frame_needed = 0, uses_anonymous_args = 0
 417              		@ link register save eliminated.
 418 0000 024B     		ldr	r3, .L75
 419 0002 1878     		ldrb	r0, [r3]	@ zero_extendqisi2
 420 0004 00F00700 		and	r0, r0, #7
 421 0008 7047     		bx	lr
 422              	.L76:
 423 000a 00BF     		.align	2
 424              	.L75:
 425 000c 86400040 		.word	1073758342
 426              		.size	UART_Debug_IntClock_GetSourceRegister, .-UART_Debug_IntClock_GetSourceRegister
 427              		.ident	"GCC: (GNU Tools for ARM Embedded Processors) 5.4.1 20160609 (release) [ARM/embedded-5-bran
