ARM GAS  C:\Users\IroTeam\AppData\Local\Temp\ccpTxSup.s 			page 1


   1              		.syntax unified
   2              		.cpu cortex-m3
   3              		.fpu softvfp
   4              		.eabi_attribute 20, 1
   5              		.eabi_attribute 21, 1
   6              		.eabi_attribute 23, 3
   7              		.eabi_attribute 24, 1
   8              		.eabi_attribute 25, 1
   9              		.eabi_attribute 26, 1
  10              		.eabi_attribute 30, 4
  11              		.eabi_attribute 34, 1
  12              		.eabi_attribute 18, 4
  13              		.thumb
  14              		.syntax unified
  15              		.file	"RS485_Sensor_INT.c"
  16              		.text
  17              	.Ltext0:
  18              		.cfi_sections	.debug_frame
  19              		.section	.text.RS485_Sensor_RXISR,"ax",%progbits
  20              		.align	1
  21              		.global	RS485_Sensor_RXISR
  22              		.thumb
  23              		.thumb_func
  24              		.type	RS485_Sensor_RXISR, %function
  25              	RS485_Sensor_RXISR:
  26              	.LFB0:
  27              		.file 1 "Generated_Source\\PSoC5\\RS485_Sensor_INT.c"
   1:Generated_Source\PSoC5/RS485_Sensor_INT.c **** /*******************************************************************************
   2:Generated_Source\PSoC5/RS485_Sensor_INT.c **** * File Name: RS485_SensorINT.c
   3:Generated_Source\PSoC5/RS485_Sensor_INT.c **** * Version 2.50
   4:Generated_Source\PSoC5/RS485_Sensor_INT.c **** *
   5:Generated_Source\PSoC5/RS485_Sensor_INT.c **** * Description:
   6:Generated_Source\PSoC5/RS485_Sensor_INT.c **** *  This file provides all Interrupt Service functionality of the UART component
   7:Generated_Source\PSoC5/RS485_Sensor_INT.c **** *
   8:Generated_Source\PSoC5/RS485_Sensor_INT.c **** ********************************************************************************
   9:Generated_Source\PSoC5/RS485_Sensor_INT.c **** * Copyright 2008-2015, Cypress Semiconductor Corporation.  All rights reserved.
  10:Generated_Source\PSoC5/RS485_Sensor_INT.c **** * You may use this file only in accordance with the license, terms, conditions,
  11:Generated_Source\PSoC5/RS485_Sensor_INT.c **** * disclaimers, and limitations in the end user license agreement accompanying
  12:Generated_Source\PSoC5/RS485_Sensor_INT.c **** * the software package with which this file was provided.
  13:Generated_Source\PSoC5/RS485_Sensor_INT.c **** *******************************************************************************/
  14:Generated_Source\PSoC5/RS485_Sensor_INT.c **** 
  15:Generated_Source\PSoC5/RS485_Sensor_INT.c **** #include "RS485_Sensor.h"
  16:Generated_Source\PSoC5/RS485_Sensor_INT.c **** #include "cyapicallbacks.h"
  17:Generated_Source\PSoC5/RS485_Sensor_INT.c **** 
  18:Generated_Source\PSoC5/RS485_Sensor_INT.c **** 
  19:Generated_Source\PSoC5/RS485_Sensor_INT.c **** /***************************************
  20:Generated_Source\PSoC5/RS485_Sensor_INT.c **** * Custom Declarations
  21:Generated_Source\PSoC5/RS485_Sensor_INT.c **** ***************************************/
  22:Generated_Source\PSoC5/RS485_Sensor_INT.c **** /* `#START CUSTOM_DECLARATIONS` Place your declaration here */
  23:Generated_Source\PSoC5/RS485_Sensor_INT.c **** 
  24:Generated_Source\PSoC5/RS485_Sensor_INT.c **** /* `#END` */
  25:Generated_Source\PSoC5/RS485_Sensor_INT.c **** 
  26:Generated_Source\PSoC5/RS485_Sensor_INT.c **** #if (RS485_Sensor_RX_INTERRUPT_ENABLED && (RS485_Sensor_RX_ENABLED || RS485_Sensor_HD_ENABLED))
  27:Generated_Source\PSoC5/RS485_Sensor_INT.c ****     /*******************************************************************************
  28:Generated_Source\PSoC5/RS485_Sensor_INT.c ****     * Function Name: RS485_Sensor_RXISR
  29:Generated_Source\PSoC5/RS485_Sensor_INT.c ****     ********************************************************************************
  30:Generated_Source\PSoC5/RS485_Sensor_INT.c ****     *
ARM GAS  C:\Users\IroTeam\AppData\Local\Temp\ccpTxSup.s 			page 2


  31:Generated_Source\PSoC5/RS485_Sensor_INT.c ****     * Summary:
  32:Generated_Source\PSoC5/RS485_Sensor_INT.c ****     *  Interrupt Service Routine for RX portion of the UART
  33:Generated_Source\PSoC5/RS485_Sensor_INT.c ****     *
  34:Generated_Source\PSoC5/RS485_Sensor_INT.c ****     * Parameters:
  35:Generated_Source\PSoC5/RS485_Sensor_INT.c ****     *  None.
  36:Generated_Source\PSoC5/RS485_Sensor_INT.c ****     *
  37:Generated_Source\PSoC5/RS485_Sensor_INT.c ****     * Return:
  38:Generated_Source\PSoC5/RS485_Sensor_INT.c ****     *  None.
  39:Generated_Source\PSoC5/RS485_Sensor_INT.c ****     *
  40:Generated_Source\PSoC5/RS485_Sensor_INT.c ****     * Global Variables:
  41:Generated_Source\PSoC5/RS485_Sensor_INT.c ****     *  RS485_Sensor_rxBuffer - RAM buffer pointer for save received data.
  42:Generated_Source\PSoC5/RS485_Sensor_INT.c ****     *  RS485_Sensor_rxBufferWrite - cyclic index for write to rxBuffer,
  43:Generated_Source\PSoC5/RS485_Sensor_INT.c ****     *     increments after each byte saved to buffer.
  44:Generated_Source\PSoC5/RS485_Sensor_INT.c ****     *  RS485_Sensor_rxBufferRead - cyclic index for read from rxBuffer,
  45:Generated_Source\PSoC5/RS485_Sensor_INT.c ****     *     checked to detect overflow condition.
  46:Generated_Source\PSoC5/RS485_Sensor_INT.c ****     *  RS485_Sensor_rxBufferOverflow - software overflow flag. Set to one
  47:Generated_Source\PSoC5/RS485_Sensor_INT.c ****     *     when RS485_Sensor_rxBufferWrite index overtakes
  48:Generated_Source\PSoC5/RS485_Sensor_INT.c ****     *     RS485_Sensor_rxBufferRead index.
  49:Generated_Source\PSoC5/RS485_Sensor_INT.c ****     *  RS485_Sensor_rxBufferLoopDetect - additional variable to detect overflow.
  50:Generated_Source\PSoC5/RS485_Sensor_INT.c ****     *     Set to one when RS485_Sensor_rxBufferWrite is equal to
  51:Generated_Source\PSoC5/RS485_Sensor_INT.c ****     *    RS485_Sensor_rxBufferRead
  52:Generated_Source\PSoC5/RS485_Sensor_INT.c ****     *  RS485_Sensor_rxAddressMode - this variable contains the Address mode,
  53:Generated_Source\PSoC5/RS485_Sensor_INT.c ****     *     selected in customizer or set by UART_SetRxAddressMode() API.
  54:Generated_Source\PSoC5/RS485_Sensor_INT.c ****     *  RS485_Sensor_rxAddressDetected - set to 1 when correct address received,
  55:Generated_Source\PSoC5/RS485_Sensor_INT.c ****     *     and analysed to store following addressed data bytes to the buffer.
  56:Generated_Source\PSoC5/RS485_Sensor_INT.c ****     *     When not correct address received, set to 0 to skip following data bytes.
  57:Generated_Source\PSoC5/RS485_Sensor_INT.c ****     *
  58:Generated_Source\PSoC5/RS485_Sensor_INT.c ****     *******************************************************************************/
  59:Generated_Source\PSoC5/RS485_Sensor_INT.c ****     CY_ISR(RS485_Sensor_RXISR)
  60:Generated_Source\PSoC5/RS485_Sensor_INT.c ****     {
  28              		.loc 1 60 0
  29              		.cfi_startproc
  30              		@ args = 0, pretend = 0, frame = 0
  31              		@ frame_needed = 0, uses_anonymous_args = 0
  32              	.LVL0:
  33 0000 2DE9F043 		push	{r4, r5, r6, r7, r8, r9, lr}
  34              		.cfi_def_cfa_offset 28
  35              		.cfi_offset 4, -28
  36              		.cfi_offset 5, -24
  37              		.cfi_offset 6, -20
  38              		.cfi_offset 7, -16
  39              		.cfi_offset 8, -12
  40              		.cfi_offset 9, -8
  41              		.cfi_offset 14, -4
  61:Generated_Source\PSoC5/RS485_Sensor_INT.c ****         uint8 readData;
  62:Generated_Source\PSoC5/RS485_Sensor_INT.c ****         uint8 readStatus;
  63:Generated_Source\PSoC5/RS485_Sensor_INT.c ****         uint8 increment_pointer = 0u;
  64:Generated_Source\PSoC5/RS485_Sensor_INT.c **** 
  65:Generated_Source\PSoC5/RS485_Sensor_INT.c ****     #if(CY_PSOC3)
  66:Generated_Source\PSoC5/RS485_Sensor_INT.c ****         uint8 int_en;
  67:Generated_Source\PSoC5/RS485_Sensor_INT.c ****     #endif /* (CY_PSOC3) */
  68:Generated_Source\PSoC5/RS485_Sensor_INT.c **** 
  69:Generated_Source\PSoC5/RS485_Sensor_INT.c ****     #ifdef RS485_Sensor_RXISR_ENTRY_CALLBACK
  70:Generated_Source\PSoC5/RS485_Sensor_INT.c ****         RS485_Sensor_RXISR_EntryCallback();
  71:Generated_Source\PSoC5/RS485_Sensor_INT.c ****     #endif /* RS485_Sensor_RXISR_ENTRY_CALLBACK */
  72:Generated_Source\PSoC5/RS485_Sensor_INT.c **** 
  73:Generated_Source\PSoC5/RS485_Sensor_INT.c ****         /* User code required at start of ISR */
ARM GAS  C:\Users\IroTeam\AppData\Local\Temp\ccpTxSup.s 			page 3


  74:Generated_Source\PSoC5/RS485_Sensor_INT.c ****         /* `#START RS485_Sensor_RXISR_START` */
  75:Generated_Source\PSoC5/RS485_Sensor_INT.c **** 
  76:Generated_Source\PSoC5/RS485_Sensor_INT.c ****         /* `#END` */
  77:Generated_Source\PSoC5/RS485_Sensor_INT.c **** 
  78:Generated_Source\PSoC5/RS485_Sensor_INT.c ****     #if(CY_PSOC3)   /* Make sure nested interrupt is enabled */
  79:Generated_Source\PSoC5/RS485_Sensor_INT.c ****         int_en = EA;
  80:Generated_Source\PSoC5/RS485_Sensor_INT.c ****         CyGlobalIntEnable;
  81:Generated_Source\PSoC5/RS485_Sensor_INT.c ****     #endif /* (CY_PSOC3) */
  82:Generated_Source\PSoC5/RS485_Sensor_INT.c **** 
  83:Generated_Source\PSoC5/RS485_Sensor_INT.c ****         do
  84:Generated_Source\PSoC5/RS485_Sensor_INT.c ****         {
  85:Generated_Source\PSoC5/RS485_Sensor_INT.c ****             /* Read receiver status register */
  86:Generated_Source\PSoC5/RS485_Sensor_INT.c ****             readStatus = RS485_Sensor_RXSTATUS_REG;
  87:Generated_Source\PSoC5/RS485_Sensor_INT.c ****             /* Copy the same status to readData variable for backward compatibility support 
  88:Generated_Source\PSoC5/RS485_Sensor_INT.c ****             *  of the user code in RS485_Sensor_RXISR_ERROR` section. 
  89:Generated_Source\PSoC5/RS485_Sensor_INT.c ****             */
  90:Generated_Source\PSoC5/RS485_Sensor_INT.c ****             readData = readStatus;
  91:Generated_Source\PSoC5/RS485_Sensor_INT.c **** 
  92:Generated_Source\PSoC5/RS485_Sensor_INT.c ****             if((readStatus & (RS485_Sensor_RX_STS_BREAK | 
  93:Generated_Source\PSoC5/RS485_Sensor_INT.c ****                             RS485_Sensor_RX_STS_PAR_ERROR |
  94:Generated_Source\PSoC5/RS485_Sensor_INT.c ****                             RS485_Sensor_RX_STS_STOP_ERROR | 
  95:Generated_Source\PSoC5/RS485_Sensor_INT.c ****                             RS485_Sensor_RX_STS_OVERRUN)) != 0u)
  96:Generated_Source\PSoC5/RS485_Sensor_INT.c ****             {
  97:Generated_Source\PSoC5/RS485_Sensor_INT.c ****                 /* ERROR handling. */
  98:Generated_Source\PSoC5/RS485_Sensor_INT.c ****                 RS485_Sensor_errorStatus |= readStatus & ( RS485_Sensor_RX_STS_BREAK | 
  99:Generated_Source\PSoC5/RS485_Sensor_INT.c ****                                                             RS485_Sensor_RX_STS_PAR_ERROR | 
 100:Generated_Source\PSoC5/RS485_Sensor_INT.c ****                                                             RS485_Sensor_RX_STS_STOP_ERROR | 
 101:Generated_Source\PSoC5/RS485_Sensor_INT.c ****                                                             RS485_Sensor_RX_STS_OVERRUN);
 102:Generated_Source\PSoC5/RS485_Sensor_INT.c ****                 /* `#START RS485_Sensor_RXISR_ERROR` */
 103:Generated_Source\PSoC5/RS485_Sensor_INT.c **** 
 104:Generated_Source\PSoC5/RS485_Sensor_INT.c ****                 /* `#END` */
 105:Generated_Source\PSoC5/RS485_Sensor_INT.c ****                 
 106:Generated_Source\PSoC5/RS485_Sensor_INT.c ****             #ifdef RS485_Sensor_RXISR_ERROR_CALLBACK
 107:Generated_Source\PSoC5/RS485_Sensor_INT.c ****                 RS485_Sensor_RXISR_ERROR_Callback();
 108:Generated_Source\PSoC5/RS485_Sensor_INT.c ****             #endif /* RS485_Sensor_RXISR_ERROR_CALLBACK */
 109:Generated_Source\PSoC5/RS485_Sensor_INT.c ****             }
 110:Generated_Source\PSoC5/RS485_Sensor_INT.c ****             
 111:Generated_Source\PSoC5/RS485_Sensor_INT.c ****             if((readStatus & RS485_Sensor_RX_STS_FIFO_NOTEMPTY) != 0u)
 112:Generated_Source\PSoC5/RS485_Sensor_INT.c ****             {
 113:Generated_Source\PSoC5/RS485_Sensor_INT.c ****                 /* Read data from the RX data register */
 114:Generated_Source\PSoC5/RS485_Sensor_INT.c ****                 readData = RS485_Sensor_RXDATA_REG;
 115:Generated_Source\PSoC5/RS485_Sensor_INT.c ****             #if (RS485_Sensor_RXHW_ADDRESS_ENABLED)
 116:Generated_Source\PSoC5/RS485_Sensor_INT.c ****                 if(RS485_Sensor_rxAddressMode == (uint8)RS485_Sensor__B_UART__AM_SW_DETECT_TO_BUFFE
 117:Generated_Source\PSoC5/RS485_Sensor_INT.c ****                 {
 118:Generated_Source\PSoC5/RS485_Sensor_INT.c ****                     if((readStatus & RS485_Sensor_RX_STS_MRKSPC) != 0u)
 119:Generated_Source\PSoC5/RS485_Sensor_INT.c ****                     {
 120:Generated_Source\PSoC5/RS485_Sensor_INT.c ****                         if ((readStatus & RS485_Sensor_RX_STS_ADDR_MATCH) != 0u)
 121:Generated_Source\PSoC5/RS485_Sensor_INT.c ****                         {
 122:Generated_Source\PSoC5/RS485_Sensor_INT.c ****                             RS485_Sensor_rxAddressDetected = 1u;
 123:Generated_Source\PSoC5/RS485_Sensor_INT.c ****                         }
 124:Generated_Source\PSoC5/RS485_Sensor_INT.c ****                         else
 125:Generated_Source\PSoC5/RS485_Sensor_INT.c ****                         {
 126:Generated_Source\PSoC5/RS485_Sensor_INT.c ****                             RS485_Sensor_rxAddressDetected = 0u;
 127:Generated_Source\PSoC5/RS485_Sensor_INT.c ****                         }
 128:Generated_Source\PSoC5/RS485_Sensor_INT.c ****                     }
 129:Generated_Source\PSoC5/RS485_Sensor_INT.c ****                     if(RS485_Sensor_rxAddressDetected != 0u)
 130:Generated_Source\PSoC5/RS485_Sensor_INT.c ****                     {   /* Store only addressed data */
ARM GAS  C:\Users\IroTeam\AppData\Local\Temp\ccpTxSup.s 			page 4


 131:Generated_Source\PSoC5/RS485_Sensor_INT.c ****                         RS485_Sensor_rxBuffer[RS485_Sensor_rxBufferWrite] = readData;
 132:Generated_Source\PSoC5/RS485_Sensor_INT.c ****                         increment_pointer = 1u;
 133:Generated_Source\PSoC5/RS485_Sensor_INT.c ****                     }
 134:Generated_Source\PSoC5/RS485_Sensor_INT.c ****                 }
 135:Generated_Source\PSoC5/RS485_Sensor_INT.c ****                 else /* Without software addressing */
 136:Generated_Source\PSoC5/RS485_Sensor_INT.c ****                 {
 137:Generated_Source\PSoC5/RS485_Sensor_INT.c ****                     RS485_Sensor_rxBuffer[RS485_Sensor_rxBufferWrite] = readData;
 138:Generated_Source\PSoC5/RS485_Sensor_INT.c ****                     increment_pointer = 1u;
 139:Generated_Source\PSoC5/RS485_Sensor_INT.c ****                 }
 140:Generated_Source\PSoC5/RS485_Sensor_INT.c ****             #else  /* Without addressing */
 141:Generated_Source\PSoC5/RS485_Sensor_INT.c ****                 RS485_Sensor_rxBuffer[RS485_Sensor_rxBufferWrite] = readData;
  42              		.loc 1 141 0
  43 0004 1E49     		ldr	r1, .L15
 142:Generated_Source\PSoC5/RS485_Sensor_INT.c ****                 increment_pointer = 1u;
 143:Generated_Source\PSoC5/RS485_Sensor_INT.c ****             #endif /* (RS485_Sensor_RXHW_ADDRESS_ENABLED) */
 144:Generated_Source\PSoC5/RS485_Sensor_INT.c **** 
 145:Generated_Source\PSoC5/RS485_Sensor_INT.c ****                 /* Do not increment buffer pointer when skip not addressed data */
 146:Generated_Source\PSoC5/RS485_Sensor_INT.c ****                 if(increment_pointer != 0u)
 147:Generated_Source\PSoC5/RS485_Sensor_INT.c ****                 {
 148:Generated_Source\PSoC5/RS485_Sensor_INT.c ****                     if(RS485_Sensor_rxBufferLoopDetect != 0u)
  44              		.loc 1 148 0
  45 0006 1F4C     		ldr	r4, .L15+4
  46 0008 0A46     		mov	r2, r1
  47 000a 2546     		mov	r5, r4
  86:Generated_Source\PSoC5/RS485_Sensor_INT.c ****             /* Copy the same status to readData variable for backward compatibility support 
  48              		.loc 1 86 0
  49 000c 1E4E     		ldr	r6, .L15+8
  98:Generated_Source\PSoC5/RS485_Sensor_INT.c ****                                                             RS485_Sensor_RX_STS_PAR_ERROR | 
  50              		.loc 1 98 0
  51 000e 1F48     		ldr	r0, .L15+12
 114:Generated_Source\PSoC5/RS485_Sensor_INT.c ****             #if (RS485_Sensor_RXHW_ADDRESS_ENABLED)
  52              		.loc 1 114 0
  53 0010 1F4F     		ldr	r7, .L15+16
 141:Generated_Source\PSoC5/RS485_Sensor_INT.c ****                 increment_pointer = 1u;
  54              		.loc 1 141 0
  55 0012 DFF884E0 		ldr	lr, .L15+24
 149:Generated_Source\PSoC5/RS485_Sensor_INT.c ****                     {   /* Set Software Buffer status Overflow */
 150:Generated_Source\PSoC5/RS485_Sensor_INT.c ****                         RS485_Sensor_rxBufferOverflow = 1u;
  56              		.loc 1 150 0
  57 0016 DFF884C0 		ldr	ip, .L15+28
  58              	.LVL1:
  59              	.L7:
  86:Generated_Source\PSoC5/RS485_Sensor_INT.c ****             /* Copy the same status to readData variable for backward compatibility support 
  60              		.loc 1 86 0
  61 001a 3378     		ldrb	r3, [r6]	@ zero_extendqisi2
  62 001c DBB2     		uxtb	r3, r3
  63              	.LVL2:
  92:Generated_Source\PSoC5/RS485_Sensor_INT.c ****                             RS485_Sensor_RX_STS_PAR_ERROR |
  64              		.loc 1 92 0
  65 001e 13F01E09 		ands	r9, r3, #30
  98:Generated_Source\PSoC5/RS485_Sensor_INT.c ****                                                             RS485_Sensor_RX_STS_PAR_ERROR | 
  66              		.loc 1 98 0
  67 0022 1EBF     		ittt	ne
  68 0024 90F80080 		ldrbne	r8, [r0]	@ zero_extendqisi2
  69 0028 49EA0808 		orrne	r8, r9, r8
  70 002c 80F80080 		strbne	r8, [r0]
 111:Generated_Source\PSoC5/RS485_Sensor_INT.c ****             {
ARM GAS  C:\Users\IroTeam\AppData\Local\Temp\ccpTxSup.s 			page 5


  71              		.loc 1 111 0
  72 0030 9B06     		lsls	r3, r3, #26
  73              	.LVL3:
  74 0032 22D5     		bpl	.L1
 114:Generated_Source\PSoC5/RS485_Sensor_INT.c ****             #if (RS485_Sensor_RXHW_ADDRESS_ENABLED)
  75              		.loc 1 114 0
  76 0034 97F80080 		ldrb	r8, [r7]	@ zero_extendqisi2
 141:Generated_Source\PSoC5/RS485_Sensor_INT.c ****                 increment_pointer = 1u;
  77              		.loc 1 141 0
  78 0038 0B88     		ldrh	r3, [r1]
 114:Generated_Source\PSoC5/RS485_Sensor_INT.c ****             #if (RS485_Sensor_RXHW_ADDRESS_ENABLED)
  79              		.loc 1 114 0
  80 003a 5FFA88F8 		uxtb	r8, r8
  81              	.LVL4:
 141:Generated_Source\PSoC5/RS485_Sensor_INT.c ****                 increment_pointer = 1u;
  82              		.loc 1 141 0
  83 003e 9BB2     		uxth	r3, r3
  84 0040 0EF80380 		strb	r8, [lr, r3]
  85              	.LVL5:
 148:Generated_Source\PSoC5/RS485_Sensor_INT.c ****                     {   /* Set Software Buffer status Overflow */
  86              		.loc 1 148 0
  87 0044 2378     		ldrb	r3, [r4]	@ zero_extendqisi2
  88 0046 13B1     		cbz	r3, .L4
  89              		.loc 1 150 0
  90 0048 0123     		movs	r3, #1
  91 004a 8CF80030 		strb	r3, [ip]
  92              	.L4:
 151:Generated_Source\PSoC5/RS485_Sensor_INT.c ****                     }
 152:Generated_Source\PSoC5/RS485_Sensor_INT.c ****                     /* Set next pointer. */
 153:Generated_Source\PSoC5/RS485_Sensor_INT.c ****                     RS485_Sensor_rxBufferWrite++;
  93              		.loc 1 153 0
  94 004e 1388     		ldrh	r3, [r2]
  95 0050 0133     		adds	r3, r3, #1
  96 0052 9BB2     		uxth	r3, r3
  97 0054 1380     		strh	r3, [r2]	@ movhi
 154:Generated_Source\PSoC5/RS485_Sensor_INT.c **** 
 155:Generated_Source\PSoC5/RS485_Sensor_INT.c ****                     /* Check pointer for a loop condition */
 156:Generated_Source\PSoC5/RS485_Sensor_INT.c ****                     if(RS485_Sensor_rxBufferWrite >= RS485_Sensor_RX_BUFFER_SIZE)
  98              		.loc 1 156 0
  99 0056 1388     		ldrh	r3, [r2]
 100 0058 9BB2     		uxth	r3, r3
 101 005a FF2B     		cmp	r3, #255
 157:Generated_Source\PSoC5/RS485_Sensor_INT.c ****                     {
 158:Generated_Source\PSoC5/RS485_Sensor_INT.c ****                         RS485_Sensor_rxBufferWrite = 0u;
 102              		.loc 1 158 0
 103 005c 84BF     		itt	hi
 104 005e 0023     		movhi	r3, #0
 105 0060 0B80     		strhhi	r3, [r1]	@ movhi
 159:Generated_Source\PSoC5/RS485_Sensor_INT.c ****                     }
 160:Generated_Source\PSoC5/RS485_Sensor_INT.c **** 
 161:Generated_Source\PSoC5/RS485_Sensor_INT.c ****                     /* Detect pre-overload condition and set flag */
 162:Generated_Source\PSoC5/RS485_Sensor_INT.c ****                     if(RS485_Sensor_rxBufferWrite == RS485_Sensor_rxBufferRead)
 106              		.loc 1 162 0
 107 0062 0C4B     		ldr	r3, .L15+20
 108 0064 B2F80080 		ldrh	r8, [r2]
 109              	.LVL6:
 110 0068 1B88     		ldrh	r3, [r3]
ARM GAS  C:\Users\IroTeam\AppData\Local\Temp\ccpTxSup.s 			page 6


 111 006a 1FFA88F8 		uxth	r8, r8
 112 006e 9BB2     		uxth	r3, r3
 113 0070 9845     		cmp	r8, r3
 114 0072 D2D1     		bne	.L7
 163:Generated_Source\PSoC5/RS485_Sensor_INT.c ****                     {
 164:Generated_Source\PSoC5/RS485_Sensor_INT.c ****                         RS485_Sensor_rxBufferLoopDetect = 1u;
 115              		.loc 1 164 0
 116 0074 0123     		movs	r3, #1
 117 0076 2B70     		strb	r3, [r5]
 118 0078 CFE7     		b	.L7
 119              	.LVL7:
 120              	.L1:
 121 007a BDE8F083 		pop	{r4, r5, r6, r7, r8, r9, pc}
 122              	.L16:
 123 007e 00BF     		.align	2
 124              	.L15:
 125 0080 00000000 		.word	RS485_Sensor_rxBufferWrite
 126 0084 00000000 		.word	RS485_Sensor_rxBufferLoopDetect
 127 0088 6C640040 		.word	1073767532
 128 008c 00000000 		.word	RS485_Sensor_errorStatus
 129 0090 48640040 		.word	1073767496
 130 0094 00000000 		.word	RS485_Sensor_rxBufferRead
 131 0098 00000000 		.word	RS485_Sensor_rxBuffer
 132 009c 00000000 		.word	RS485_Sensor_rxBufferOverflow
 133              		.cfi_endproc
 134              	.LFE0:
 135              		.size	RS485_Sensor_RXISR, .-RS485_Sensor_RXISR
 136              		.section	.text.RS485_Sensor_TXISR,"ax",%progbits
 137              		.align	1
 138              		.global	RS485_Sensor_TXISR
 139              		.thumb
 140              		.thumb_func
 141              		.type	RS485_Sensor_TXISR, %function
 142              	RS485_Sensor_TXISR:
 143              	.LFB1:
 165:Generated_Source\PSoC5/RS485_Sensor_INT.c ****                         /* When Hardware Flow Control selected */
 166:Generated_Source\PSoC5/RS485_Sensor_INT.c ****                         #if (RS485_Sensor_FLOW_CONTROL != 0u)
 167:Generated_Source\PSoC5/RS485_Sensor_INT.c ****                             /* Disable RX interrupt mask, it is enabled when user read data from th
 168:Generated_Source\PSoC5/RS485_Sensor_INT.c ****                             RS485_Sensor_RXSTATUS_MASK_REG  &= (uint8)~RS485_Sensor_RX_STS_FIFO_NOT
 169:Generated_Source\PSoC5/RS485_Sensor_INT.c ****                             CyIntClearPending(RS485_Sensor_RX_VECT_NUM);
 170:Generated_Source\PSoC5/RS485_Sensor_INT.c ****                             break; /* Break the reading of the FIFO loop, leave the data there for 
 171:Generated_Source\PSoC5/RS485_Sensor_INT.c ****                         #endif /* (RS485_Sensor_FLOW_CONTROL != 0u) */
 172:Generated_Source\PSoC5/RS485_Sensor_INT.c ****                     }
 173:Generated_Source\PSoC5/RS485_Sensor_INT.c ****                 }
 174:Generated_Source\PSoC5/RS485_Sensor_INT.c ****             }
 175:Generated_Source\PSoC5/RS485_Sensor_INT.c ****         }while((readStatus & RS485_Sensor_RX_STS_FIFO_NOTEMPTY) != 0u);
 176:Generated_Source\PSoC5/RS485_Sensor_INT.c **** 
 177:Generated_Source\PSoC5/RS485_Sensor_INT.c ****         /* User code required at end of ISR (Optional) */
 178:Generated_Source\PSoC5/RS485_Sensor_INT.c ****         /* `#START RS485_Sensor_RXISR_END` */
 179:Generated_Source\PSoC5/RS485_Sensor_INT.c **** 
 180:Generated_Source\PSoC5/RS485_Sensor_INT.c ****         /* `#END` */
 181:Generated_Source\PSoC5/RS485_Sensor_INT.c **** 
 182:Generated_Source\PSoC5/RS485_Sensor_INT.c ****     #ifdef RS485_Sensor_RXISR_EXIT_CALLBACK
 183:Generated_Source\PSoC5/RS485_Sensor_INT.c ****         RS485_Sensor_RXISR_ExitCallback();
 184:Generated_Source\PSoC5/RS485_Sensor_INT.c ****     #endif /* RS485_Sensor_RXISR_EXIT_CALLBACK */
 185:Generated_Source\PSoC5/RS485_Sensor_INT.c **** 
 186:Generated_Source\PSoC5/RS485_Sensor_INT.c ****     #if(CY_PSOC3)
ARM GAS  C:\Users\IroTeam\AppData\Local\Temp\ccpTxSup.s 			page 7


 187:Generated_Source\PSoC5/RS485_Sensor_INT.c ****         EA = int_en;
 188:Generated_Source\PSoC5/RS485_Sensor_INT.c ****     #endif /* (CY_PSOC3) */
 189:Generated_Source\PSoC5/RS485_Sensor_INT.c ****     }
 190:Generated_Source\PSoC5/RS485_Sensor_INT.c ****     
 191:Generated_Source\PSoC5/RS485_Sensor_INT.c **** #endif /* (RS485_Sensor_RX_INTERRUPT_ENABLED && (RS485_Sensor_RX_ENABLED || RS485_Sensor_HD_ENABLED
 192:Generated_Source\PSoC5/RS485_Sensor_INT.c **** 
 193:Generated_Source\PSoC5/RS485_Sensor_INT.c **** 
 194:Generated_Source\PSoC5/RS485_Sensor_INT.c **** #if (RS485_Sensor_TX_INTERRUPT_ENABLED && RS485_Sensor_TX_ENABLED)
 195:Generated_Source\PSoC5/RS485_Sensor_INT.c ****     /*******************************************************************************
 196:Generated_Source\PSoC5/RS485_Sensor_INT.c ****     * Function Name: RS485_Sensor_TXISR
 197:Generated_Source\PSoC5/RS485_Sensor_INT.c ****     ********************************************************************************
 198:Generated_Source\PSoC5/RS485_Sensor_INT.c ****     *
 199:Generated_Source\PSoC5/RS485_Sensor_INT.c ****     * Summary:
 200:Generated_Source\PSoC5/RS485_Sensor_INT.c ****     * Interrupt Service Routine for the TX portion of the UART
 201:Generated_Source\PSoC5/RS485_Sensor_INT.c ****     *
 202:Generated_Source\PSoC5/RS485_Sensor_INT.c ****     * Parameters:
 203:Generated_Source\PSoC5/RS485_Sensor_INT.c ****     *  None.
 204:Generated_Source\PSoC5/RS485_Sensor_INT.c ****     *
 205:Generated_Source\PSoC5/RS485_Sensor_INT.c ****     * Return:
 206:Generated_Source\PSoC5/RS485_Sensor_INT.c ****     *  None.
 207:Generated_Source\PSoC5/RS485_Sensor_INT.c ****     *
 208:Generated_Source\PSoC5/RS485_Sensor_INT.c ****     * Global Variables:
 209:Generated_Source\PSoC5/RS485_Sensor_INT.c ****     *  RS485_Sensor_txBuffer - RAM buffer pointer for transmit data from.
 210:Generated_Source\PSoC5/RS485_Sensor_INT.c ****     *  RS485_Sensor_txBufferRead - cyclic index for read and transmit data
 211:Generated_Source\PSoC5/RS485_Sensor_INT.c ****     *     from txBuffer, increments after each transmitted byte.
 212:Generated_Source\PSoC5/RS485_Sensor_INT.c ****     *  RS485_Sensor_rxBufferWrite - cyclic index for write to txBuffer,
 213:Generated_Source\PSoC5/RS485_Sensor_INT.c ****     *     checked to detect available for transmission bytes.
 214:Generated_Source\PSoC5/RS485_Sensor_INT.c ****     *
 215:Generated_Source\PSoC5/RS485_Sensor_INT.c ****     *******************************************************************************/
 216:Generated_Source\PSoC5/RS485_Sensor_INT.c ****     CY_ISR(RS485_Sensor_TXISR)
 217:Generated_Source\PSoC5/RS485_Sensor_INT.c ****     {
 144              		.loc 1 217 0
 145              		.cfi_startproc
 146              		@ args = 0, pretend = 0, frame = 0
 147              		@ frame_needed = 0, uses_anonymous_args = 0
 218:Generated_Source\PSoC5/RS485_Sensor_INT.c ****     #if(CY_PSOC3)
 219:Generated_Source\PSoC5/RS485_Sensor_INT.c ****         uint8 int_en;
 220:Generated_Source\PSoC5/RS485_Sensor_INT.c ****     #endif /* (CY_PSOC3) */
 221:Generated_Source\PSoC5/RS485_Sensor_INT.c **** 
 222:Generated_Source\PSoC5/RS485_Sensor_INT.c ****     #ifdef RS485_Sensor_TXISR_ENTRY_CALLBACK
 223:Generated_Source\PSoC5/RS485_Sensor_INT.c ****         RS485_Sensor_TXISR_EntryCallback();
 224:Generated_Source\PSoC5/RS485_Sensor_INT.c ****     #endif /* RS485_Sensor_TXISR_ENTRY_CALLBACK */
 225:Generated_Source\PSoC5/RS485_Sensor_INT.c **** 
 226:Generated_Source\PSoC5/RS485_Sensor_INT.c ****         /* User code required at start of ISR */
 227:Generated_Source\PSoC5/RS485_Sensor_INT.c ****         /* `#START RS485_Sensor_TXISR_START` */
 228:Generated_Source\PSoC5/RS485_Sensor_INT.c **** 
 229:Generated_Source\PSoC5/RS485_Sensor_INT.c ****         /* `#END` */
 230:Generated_Source\PSoC5/RS485_Sensor_INT.c **** 
 231:Generated_Source\PSoC5/RS485_Sensor_INT.c ****     #if(CY_PSOC3)   /* Make sure nested interrupt is enabled */
 232:Generated_Source\PSoC5/RS485_Sensor_INT.c ****         int_en = EA;
 233:Generated_Source\PSoC5/RS485_Sensor_INT.c ****         CyGlobalIntEnable;
 234:Generated_Source\PSoC5/RS485_Sensor_INT.c ****     #endif /* (CY_PSOC3) */
 235:Generated_Source\PSoC5/RS485_Sensor_INT.c **** 
 236:Generated_Source\PSoC5/RS485_Sensor_INT.c ****         while((RS485_Sensor_txBufferRead != RS485_Sensor_txBufferWrite) &&
 148              		.loc 1 236 0
 149 0000 114A     		ldr	r2, .L22
 217:Generated_Source\PSoC5/RS485_Sensor_INT.c ****     #if(CY_PSOC3)
ARM GAS  C:\Users\IroTeam\AppData\Local\Temp\ccpTxSup.s 			page 8


 150              		.loc 1 217 0
 151 0002 F0B5     		push	{r4, r5, r6, r7, lr}
 152              		.cfi_def_cfa_offset 20
 153              		.cfi_offset 4, -20
 154              		.cfi_offset 5, -16
 155              		.cfi_offset 6, -12
 156              		.cfi_offset 7, -8
 157              		.cfi_offset 14, -4
 158 0004 1146     		mov	r1, r2
 159              		.loc 1 236 0
 160 0006 114C     		ldr	r4, .L22+4
 237:Generated_Source\PSoC5/RS485_Sensor_INT.c ****              ((RS485_Sensor_TXSTATUS_REG & RS485_Sensor_TX_STS_FIFO_FULL) == 0u))
 161              		.loc 1 237 0
 162 0008 1148     		ldr	r0, .L22+8
 238:Generated_Source\PSoC5/RS485_Sensor_INT.c ****         {
 239:Generated_Source\PSoC5/RS485_Sensor_INT.c ****             /* Check pointer wrap around */
 240:Generated_Source\PSoC5/RS485_Sensor_INT.c ****             if(RS485_Sensor_txBufferRead >= RS485_Sensor_TX_BUFFER_SIZE)
 241:Generated_Source\PSoC5/RS485_Sensor_INT.c ****             {
 242:Generated_Source\PSoC5/RS485_Sensor_INT.c ****                 RS485_Sensor_txBufferRead = 0u;
 243:Generated_Source\PSoC5/RS485_Sensor_INT.c ****             }
 244:Generated_Source\PSoC5/RS485_Sensor_INT.c **** 
 245:Generated_Source\PSoC5/RS485_Sensor_INT.c ****             RS485_Sensor_TXDATA_REG = RS485_Sensor_txBuffer[RS485_Sensor_txBufferRead];
 163              		.loc 1 245 0
 164 000a 124D     		ldr	r5, .L22+12
 165 000c 124E     		ldr	r6, .L22+16
 166              	.L18:
 236:Generated_Source\PSoC5/RS485_Sensor_INT.c ****              ((RS485_Sensor_TXSTATUS_REG & RS485_Sensor_TX_STS_FIFO_FULL) == 0u))
 167              		.loc 1 236 0
 168 000e 1388     		ldrh	r3, [r2]
 169 0010 2788     		ldrh	r7, [r4]
 170 0012 9BB2     		uxth	r3, r3
 171 0014 9F42     		cmp	r7, r3
 172 0016 15D0     		beq	.L17
 237:Generated_Source\PSoC5/RS485_Sensor_INT.c ****              ((RS485_Sensor_TXSTATUS_REG & RS485_Sensor_TX_STS_FIFO_FULL) == 0u))
 173              		.loc 1 237 0 discriminator 1
 174 0018 0378     		ldrb	r3, [r0]	@ zero_extendqisi2
 236:Generated_Source\PSoC5/RS485_Sensor_INT.c ****              ((RS485_Sensor_TXSTATUS_REG & RS485_Sensor_TX_STS_FIFO_FULL) == 0u))
 175              		.loc 1 236 0 discriminator 1
 176 001a 03F00403 		and	r3, r3, #4
 177 001e 03F0FF07 		and	r7, r3, #255
 178 0022 7BB9     		cbnz	r3, .L17
 240:Generated_Source\PSoC5/RS485_Sensor_INT.c ****             {
 179              		.loc 1 240 0
 180 0024 1388     		ldrh	r3, [r2]
 181 0026 9BB2     		uxth	r3, r3
 182 0028 B3F5006F 		cmp	r3, #2048
 242:Generated_Source\PSoC5/RS485_Sensor_INT.c ****             }
 183              		.loc 1 242 0
 184 002c 28BF     		it	cs
 185 002e 1780     		strhcs	r7, [r2]	@ movhi
 186              		.loc 1 245 0
 187 0030 0B88     		ldrh	r3, [r1]
 188 0032 9BB2     		uxth	r3, r3
 189 0034 EB5C     		ldrb	r3, [r5, r3]	@ zero_extendqisi2
 190 0036 DBB2     		uxtb	r3, r3
 191 0038 3370     		strb	r3, [r6]
 246:Generated_Source\PSoC5/RS485_Sensor_INT.c **** 
ARM GAS  C:\Users\IroTeam\AppData\Local\Temp\ccpTxSup.s 			page 9


 247:Generated_Source\PSoC5/RS485_Sensor_INT.c ****             /* Set next pointer */
 248:Generated_Source\PSoC5/RS485_Sensor_INT.c ****             RS485_Sensor_txBufferRead++;
 192              		.loc 1 248 0
 193 003a 0B88     		ldrh	r3, [r1]
 194 003c 0133     		adds	r3, r3, #1
 195 003e 9BB2     		uxth	r3, r3
 196 0040 0B80     		strh	r3, [r1]	@ movhi
 197 0042 E4E7     		b	.L18
 198              	.L17:
 199 0044 F0BD     		pop	{r4, r5, r6, r7, pc}
 200              	.L23:
 201 0046 00BF     		.align	2
 202              	.L22:
 203 0048 00000000 		.word	RS485_Sensor_txBufferRead
 204 004c 00000000 		.word	RS485_Sensor_txBufferWrite
 205 0050 69640040 		.word	1073767529
 206 0054 00000000 		.word	RS485_Sensor_txBuffer
 207 0058 4D640040 		.word	1073767501
 208              		.cfi_endproc
 209              	.LFE1:
 210              		.size	RS485_Sensor_TXISR, .-RS485_Sensor_TXISR
 211              		.text
 212              	.Letext0:
 213              		.file 2 "Generated_Source\\PSoC5\\cytypes.h"
 214              		.file 3 "Generated_Source\\PSoC5\\RS485_Sensor.h"
 215              		.section	.debug_info,"",%progbits
 216              	.Ldebug_info0:
 217 0000 A4010000 		.4byte	0x1a4
 218 0004 0400     		.2byte	0x4
 219 0006 00000000 		.4byte	.Ldebug_abbrev0
 220 000a 04       		.byte	0x4
 221 000b 01       		.uleb128 0x1
 222 000c D9000000 		.4byte	.LASF29
 223 0010 0C       		.byte	0xc
 224 0011 9C000000 		.4byte	.LASF30
 225 0015 AE020000 		.4byte	.LASF31
 226 0019 00000000 		.4byte	.Ldebug_ranges0+0
 227 001d 00000000 		.4byte	0
 228 0021 00000000 		.4byte	.Ldebug_line0
 229 0025 02       		.uleb128 0x2
 230 0026 01       		.byte	0x1
 231 0027 06       		.byte	0x6
 232 0028 99020000 		.4byte	.LASF0
 233 002c 02       		.uleb128 0x2
 234 002d 01       		.byte	0x1
 235 002e 08       		.byte	0x8
 236 002f C6000000 		.4byte	.LASF1
 237 0033 02       		.uleb128 0x2
 238 0034 02       		.byte	0x2
 239 0035 05       		.byte	0x5
 240 0036 75020000 		.4byte	.LASF2
 241 003a 02       		.uleb128 0x2
 242 003b 02       		.byte	0x2
 243 003c 07       		.byte	0x7
 244 003d 37000000 		.4byte	.LASF3
 245 0041 02       		.uleb128 0x2
 246 0042 04       		.byte	0x4
ARM GAS  C:\Users\IroTeam\AppData\Local\Temp\ccpTxSup.s 			page 10


 247 0043 05       		.byte	0x5
 248 0044 7F020000 		.4byte	.LASF4
 249 0048 02       		.uleb128 0x2
 250 0049 04       		.byte	0x4
 251 004a 07       		.byte	0x7
 252 004b CF010000 		.4byte	.LASF5
 253 004f 02       		.uleb128 0x2
 254 0050 08       		.byte	0x8
 255 0051 05       		.byte	0x5
 256 0052 55020000 		.4byte	.LASF6
 257 0056 02       		.uleb128 0x2
 258 0057 08       		.byte	0x8
 259 0058 07       		.byte	0x7
 260 0059 EE010000 		.4byte	.LASF7
 261 005d 03       		.uleb128 0x3
 262 005e 04       		.byte	0x4
 263 005f 05       		.byte	0x5
 264 0060 696E7400 		.ascii	"int\000"
 265 0064 02       		.uleb128 0x2
 266 0065 04       		.byte	0x4
 267 0066 07       		.byte	0x7
 268 0067 E1010000 		.4byte	.LASF8
 269 006b 04       		.uleb128 0x4
 270 006c 81010000 		.4byte	.LASF9
 271 0070 02       		.byte	0x2
 272 0071 E901     		.2byte	0x1e9
 273 0073 2C000000 		.4byte	0x2c
 274 0077 04       		.uleb128 0x4
 275 0078 AE010000 		.4byte	.LASF10
 276 007c 02       		.byte	0x2
 277 007d EA01     		.2byte	0x1ea
 278 007f 3A000000 		.4byte	0x3a
 279 0083 02       		.uleb128 0x2
 280 0084 04       		.byte	0x4
 281 0085 04       		.byte	0x4
 282 0086 1B000000 		.4byte	.LASF11
 283 008a 02       		.uleb128 0x2
 284 008b 08       		.byte	0x8
 285 008c 04       		.byte	0x4
 286 008d 87010000 		.4byte	.LASF12
 287 0091 02       		.uleb128 0x2
 288 0092 01       		.byte	0x1
 289 0093 08       		.byte	0x8
 290 0094 88020000 		.4byte	.LASF13
 291 0098 04       		.uleb128 0x4
 292 0099 D4000000 		.4byte	.LASF14
 293 009d 02       		.byte	0x2
 294 009e 9302     		.2byte	0x293
 295 00a0 A4000000 		.4byte	0xa4
 296 00a4 05       		.uleb128 0x5
 297 00a5 6B000000 		.4byte	0x6b
 298 00a9 05       		.uleb128 0x5
 299 00aa 77000000 		.4byte	0x77
 300 00ae 02       		.uleb128 0x2
 301 00af 08       		.byte	0x8
 302 00b0 04       		.byte	0x4
 303 00b1 8D020000 		.4byte	.LASF15
ARM GAS  C:\Users\IroTeam\AppData\Local\Temp\ccpTxSup.s 			page 11


 304 00b5 02       		.uleb128 0x2
 305 00b6 04       		.byte	0x4
 306 00b7 07       		.byte	0x7
 307 00b8 39020000 		.4byte	.LASF16
 308 00bc 06       		.uleb128 0x6
 309 00bd 42020000 		.4byte	.LASF32
 310 00c1 01       		.byte	0x1
 311 00c2 3B       		.byte	0x3b
 312 00c3 00000000 		.4byte	.LFB0
 313 00c7 A0000000 		.4byte	.LFE0-.LFB0
 314 00cb 01       		.uleb128 0x1
 315 00cc 9C       		.byte	0x9c
 316 00cd FF000000 		.4byte	0xff
 317 00d1 07       		.uleb128 0x7
 318 00d2 A5020000 		.4byte	.LASF17
 319 00d6 01       		.byte	0x1
 320 00d7 3D       		.byte	0x3d
 321 00d8 6B000000 		.4byte	0x6b
 322 00dc 00000000 		.4byte	.LLST0
 323 00e0 07       		.uleb128 0x7
 324 00e1 91000000 		.4byte	.LASF18
 325 00e5 01       		.byte	0x1
 326 00e6 3E       		.byte	0x3e
 327 00e7 6B000000 		.4byte	0x6b
 328 00eb 1E000000 		.4byte	.LLST1
 329 00ef 07       		.uleb128 0x7
 330 00f0 63020000 		.4byte	.LASF19
 331 00f4 01       		.byte	0x1
 332 00f5 3F       		.byte	0x3f
 333 00f6 6B000000 		.4byte	0x6b
 334 00fa 31000000 		.4byte	.LLST2
 335 00fe 00       		.byte	0
 336 00ff 08       		.uleb128 0x8
 337 0100 4A000000 		.4byte	.LASF33
 338 0104 01       		.byte	0x1
 339 0105 D8       		.byte	0xd8
 340 0106 00000000 		.4byte	.LFB1
 341 010a 5C000000 		.4byte	.LFE1-.LFB1
 342 010e 01       		.uleb128 0x1
 343 010f 9C       		.byte	0x9c
 344 0110 09       		.uleb128 0x9
 345 0111 A4000000 		.4byte	0xa4
 346 0115 21010000 		.4byte	0x121
 347 0119 0A       		.uleb128 0xa
 348 011a B5000000 		.4byte	0xb5
 349 011e FF07     		.2byte	0x7ff
 350 0120 00       		.byte	0
 351 0121 0B       		.uleb128 0xb
 352 0122 7B000000 		.4byte	.LASF20
 353 0126 03       		.byte	0x3
 354 0127 3801     		.2byte	0x138
 355 0129 2D010000 		.4byte	0x12d
 356 012d 05       		.uleb128 0x5
 357 012e 10010000 		.4byte	0x110
 358 0132 0B       		.uleb128 0xb
 359 0133 67010000 		.4byte	.LASF21
 360 0137 03       		.byte	0x3
ARM GAS  C:\Users\IroTeam\AppData\Local\Temp\ccpTxSup.s 			page 12


 361 0138 3901     		.2byte	0x139
 362 013a A9000000 		.4byte	0xa9
 363 013e 0B       		.uleb128 0xb
 364 013f 1E020000 		.4byte	.LASF22
 365 0143 03       		.byte	0x3
 366 0144 3A01     		.2byte	0x13a
 367 0146 77000000 		.4byte	0x77
 368 014a 0B       		.uleb128 0xb
 369 014b 05020000 		.4byte	.LASF23
 370 014f 03       		.byte	0x3
 371 0150 3D01     		.2byte	0x13d
 372 0152 6B000000 		.4byte	0x6b
 373 0156 09       		.uleb128 0x9
 374 0157 A4000000 		.4byte	0xa4
 375 015b 66010000 		.4byte	0x166
 376 015f 0C       		.uleb128 0xc
 377 0160 B5000000 		.4byte	0xb5
 378 0164 FF       		.byte	0xff
 379 0165 00       		.byte	0
 380 0166 0B       		.uleb128 0xb
 381 0167 21000000 		.4byte	.LASF24
 382 016b 03       		.byte	0x3
 383 016c 3E01     		.2byte	0x13e
 384 016e 72010000 		.4byte	0x172
 385 0172 05       		.uleb128 0x5
 386 0173 56010000 		.4byte	0x156
 387 0177 0B       		.uleb128 0xb
 388 0178 B5010000 		.4byte	.LASF25
 389 017c 03       		.byte	0x3
 390 017d 3F01     		.2byte	0x13f
 391 017f A9000000 		.4byte	0xa9
 392 0183 0B       		.uleb128 0xb
 393 0184 00000000 		.4byte	.LASF26
 394 0188 03       		.byte	0x3
 395 0189 4001     		.2byte	0x140
 396 018b A9000000 		.4byte	0xa9
 397 018f 0B       		.uleb128 0xb
 398 0190 8E010000 		.4byte	.LASF27
 399 0194 03       		.byte	0x3
 400 0195 4101     		.2byte	0x141
 401 0197 A4000000 		.4byte	0xa4
 402 019b 0B       		.uleb128 0xb
 403 019c 5D000000 		.4byte	.LASF28
 404 01a0 03       		.byte	0x3
 405 01a1 4201     		.2byte	0x142
 406 01a3 A4000000 		.4byte	0xa4
 407 01a7 00       		.byte	0
 408              		.section	.debug_abbrev,"",%progbits
 409              	.Ldebug_abbrev0:
 410 0000 01       		.uleb128 0x1
 411 0001 11       		.uleb128 0x11
 412 0002 01       		.byte	0x1
 413 0003 25       		.uleb128 0x25
 414 0004 0E       		.uleb128 0xe
 415 0005 13       		.uleb128 0x13
 416 0006 0B       		.uleb128 0xb
 417 0007 03       		.uleb128 0x3
ARM GAS  C:\Users\IroTeam\AppData\Local\Temp\ccpTxSup.s 			page 13


 418 0008 0E       		.uleb128 0xe
 419 0009 1B       		.uleb128 0x1b
 420 000a 0E       		.uleb128 0xe
 421 000b 55       		.uleb128 0x55
 422 000c 17       		.uleb128 0x17
 423 000d 11       		.uleb128 0x11
 424 000e 01       		.uleb128 0x1
 425 000f 10       		.uleb128 0x10
 426 0010 17       		.uleb128 0x17
 427 0011 00       		.byte	0
 428 0012 00       		.byte	0
 429 0013 02       		.uleb128 0x2
 430 0014 24       		.uleb128 0x24
 431 0015 00       		.byte	0
 432 0016 0B       		.uleb128 0xb
 433 0017 0B       		.uleb128 0xb
 434 0018 3E       		.uleb128 0x3e
 435 0019 0B       		.uleb128 0xb
 436 001a 03       		.uleb128 0x3
 437 001b 0E       		.uleb128 0xe
 438 001c 00       		.byte	0
 439 001d 00       		.byte	0
 440 001e 03       		.uleb128 0x3
 441 001f 24       		.uleb128 0x24
 442 0020 00       		.byte	0
 443 0021 0B       		.uleb128 0xb
 444 0022 0B       		.uleb128 0xb
 445 0023 3E       		.uleb128 0x3e
 446 0024 0B       		.uleb128 0xb
 447 0025 03       		.uleb128 0x3
 448 0026 08       		.uleb128 0x8
 449 0027 00       		.byte	0
 450 0028 00       		.byte	0
 451 0029 04       		.uleb128 0x4
 452 002a 16       		.uleb128 0x16
 453 002b 00       		.byte	0
 454 002c 03       		.uleb128 0x3
 455 002d 0E       		.uleb128 0xe
 456 002e 3A       		.uleb128 0x3a
 457 002f 0B       		.uleb128 0xb
 458 0030 3B       		.uleb128 0x3b
 459 0031 05       		.uleb128 0x5
 460 0032 49       		.uleb128 0x49
 461 0033 13       		.uleb128 0x13
 462 0034 00       		.byte	0
 463 0035 00       		.byte	0
 464 0036 05       		.uleb128 0x5
 465 0037 35       		.uleb128 0x35
 466 0038 00       		.byte	0
 467 0039 49       		.uleb128 0x49
 468 003a 13       		.uleb128 0x13
 469 003b 00       		.byte	0
 470 003c 00       		.byte	0
 471 003d 06       		.uleb128 0x6
 472 003e 2E       		.uleb128 0x2e
 473 003f 01       		.byte	0x1
 474 0040 3F       		.uleb128 0x3f
ARM GAS  C:\Users\IroTeam\AppData\Local\Temp\ccpTxSup.s 			page 14


 475 0041 19       		.uleb128 0x19
 476 0042 03       		.uleb128 0x3
 477 0043 0E       		.uleb128 0xe
 478 0044 3A       		.uleb128 0x3a
 479 0045 0B       		.uleb128 0xb
 480 0046 3B       		.uleb128 0x3b
 481 0047 0B       		.uleb128 0xb
 482 0048 27       		.uleb128 0x27
 483 0049 19       		.uleb128 0x19
 484 004a 11       		.uleb128 0x11
 485 004b 01       		.uleb128 0x1
 486 004c 12       		.uleb128 0x12
 487 004d 06       		.uleb128 0x6
 488 004e 40       		.uleb128 0x40
 489 004f 18       		.uleb128 0x18
 490 0050 9742     		.uleb128 0x2117
 491 0052 19       		.uleb128 0x19
 492 0053 01       		.uleb128 0x1
 493 0054 13       		.uleb128 0x13
 494 0055 00       		.byte	0
 495 0056 00       		.byte	0
 496 0057 07       		.uleb128 0x7
 497 0058 34       		.uleb128 0x34
 498 0059 00       		.byte	0
 499 005a 03       		.uleb128 0x3
 500 005b 0E       		.uleb128 0xe
 501 005c 3A       		.uleb128 0x3a
 502 005d 0B       		.uleb128 0xb
 503 005e 3B       		.uleb128 0x3b
 504 005f 0B       		.uleb128 0xb
 505 0060 49       		.uleb128 0x49
 506 0061 13       		.uleb128 0x13
 507 0062 02       		.uleb128 0x2
 508 0063 17       		.uleb128 0x17
 509 0064 00       		.byte	0
 510 0065 00       		.byte	0
 511 0066 08       		.uleb128 0x8
 512 0067 2E       		.uleb128 0x2e
 513 0068 00       		.byte	0
 514 0069 3F       		.uleb128 0x3f
 515 006a 19       		.uleb128 0x19
 516 006b 03       		.uleb128 0x3
 517 006c 0E       		.uleb128 0xe
 518 006d 3A       		.uleb128 0x3a
 519 006e 0B       		.uleb128 0xb
 520 006f 3B       		.uleb128 0x3b
 521 0070 0B       		.uleb128 0xb
 522 0071 27       		.uleb128 0x27
 523 0072 19       		.uleb128 0x19
 524 0073 11       		.uleb128 0x11
 525 0074 01       		.uleb128 0x1
 526 0075 12       		.uleb128 0x12
 527 0076 06       		.uleb128 0x6
 528 0077 40       		.uleb128 0x40
 529 0078 18       		.uleb128 0x18
 530 0079 9742     		.uleb128 0x2117
 531 007b 19       		.uleb128 0x19
ARM GAS  C:\Users\IroTeam\AppData\Local\Temp\ccpTxSup.s 			page 15


 532 007c 00       		.byte	0
 533 007d 00       		.byte	0
 534 007e 09       		.uleb128 0x9
 535 007f 01       		.uleb128 0x1
 536 0080 01       		.byte	0x1
 537 0081 49       		.uleb128 0x49
 538 0082 13       		.uleb128 0x13
 539 0083 01       		.uleb128 0x1
 540 0084 13       		.uleb128 0x13
 541 0085 00       		.byte	0
 542 0086 00       		.byte	0
 543 0087 0A       		.uleb128 0xa
 544 0088 21       		.uleb128 0x21
 545 0089 00       		.byte	0
 546 008a 49       		.uleb128 0x49
 547 008b 13       		.uleb128 0x13
 548 008c 2F       		.uleb128 0x2f
 549 008d 05       		.uleb128 0x5
 550 008e 00       		.byte	0
 551 008f 00       		.byte	0
 552 0090 0B       		.uleb128 0xb
 553 0091 34       		.uleb128 0x34
 554 0092 00       		.byte	0
 555 0093 03       		.uleb128 0x3
 556 0094 0E       		.uleb128 0xe
 557 0095 3A       		.uleb128 0x3a
 558 0096 0B       		.uleb128 0xb
 559 0097 3B       		.uleb128 0x3b
 560 0098 05       		.uleb128 0x5
 561 0099 49       		.uleb128 0x49
 562 009a 13       		.uleb128 0x13
 563 009b 3F       		.uleb128 0x3f
 564 009c 19       		.uleb128 0x19
 565 009d 3C       		.uleb128 0x3c
 566 009e 19       		.uleb128 0x19
 567 009f 00       		.byte	0
 568 00a0 00       		.byte	0
 569 00a1 0C       		.uleb128 0xc
 570 00a2 21       		.uleb128 0x21
 571 00a3 00       		.byte	0
 572 00a4 49       		.uleb128 0x49
 573 00a5 13       		.uleb128 0x13
 574 00a6 2F       		.uleb128 0x2f
 575 00a7 0B       		.uleb128 0xb
 576 00a8 00       		.byte	0
 577 00a9 00       		.byte	0
 578 00aa 00       		.byte	0
 579              		.section	.debug_loc,"",%progbits
 580              	.Ldebug_loc0:
 581              	.LLST0:
 582 0000 1E000000 		.4byte	.LVL2
 583 0004 32000000 		.4byte	.LVL3
 584 0008 0100     		.2byte	0x1
 585 000a 53       		.byte	0x53
 586 000b 3E000000 		.4byte	.LVL4
 587 000f 68000000 		.4byte	.LVL6
 588 0013 0100     		.2byte	0x1
ARM GAS  C:\Users\IroTeam\AppData\Local\Temp\ccpTxSup.s 			page 16


 589 0015 58       		.byte	0x58
 590 0016 00000000 		.4byte	0
 591 001a 00000000 		.4byte	0
 592              	.LLST1:
 593 001e 1E000000 		.4byte	.LVL2
 594 0022 32000000 		.4byte	.LVL3
 595 0026 0100     		.2byte	0x1
 596 0028 53       		.byte	0x53
 597 0029 00000000 		.4byte	0
 598 002d 00000000 		.4byte	0
 599              	.LLST2:
 600 0031 00000000 		.4byte	.LVL0
 601 0035 1A000000 		.4byte	.LVL1
 602 0039 0200     		.2byte	0x2
 603 003b 30       		.byte	0x30
 604 003c 9F       		.byte	0x9f
 605 003d 44000000 		.4byte	.LVL5
 606 0041 7A000000 		.4byte	.LVL7
 607 0045 0200     		.2byte	0x2
 608 0047 31       		.byte	0x31
 609 0048 9F       		.byte	0x9f
 610 0049 00000000 		.4byte	0
 611 004d 00000000 		.4byte	0
 612              		.section	.debug_aranges,"",%progbits
 613 0000 24000000 		.4byte	0x24
 614 0004 0200     		.2byte	0x2
 615 0006 00000000 		.4byte	.Ldebug_info0
 616 000a 04       		.byte	0x4
 617 000b 00       		.byte	0
 618 000c 0000     		.2byte	0
 619 000e 0000     		.2byte	0
 620 0010 00000000 		.4byte	.LFB0
 621 0014 A0000000 		.4byte	.LFE0-.LFB0
 622 0018 00000000 		.4byte	.LFB1
 623 001c 5C000000 		.4byte	.LFE1-.LFB1
 624 0020 00000000 		.4byte	0
 625 0024 00000000 		.4byte	0
 626              		.section	.debug_ranges,"",%progbits
 627              	.Ldebug_ranges0:
 628 0000 00000000 		.4byte	.LFB0
 629 0004 A0000000 		.4byte	.LFE0
 630 0008 00000000 		.4byte	.LFB1
 631 000c 5C000000 		.4byte	.LFE1
 632 0010 00000000 		.4byte	0
 633 0014 00000000 		.4byte	0
 634              		.section	.debug_line,"",%progbits
 635              	.Ldebug_line0:
 636 0000 CC000000 		.section	.debug_str,"MS",%progbits,1
 636      02005F00 
 636      00000201 
 636      FB0E0D00 
 636      01010101 
 637              	.LASF26:
 638 0000 52533438 		.ascii	"RS485_Sensor_rxBufferWrite\000"
 638      355F5365 
 638      6E736F72 
 638      5F727842 
ARM GAS  C:\Users\IroTeam\AppData\Local\Temp\ccpTxSup.s 			page 17


 638      75666665 
 639              	.LASF11:
 640 001b 666C6F61 		.ascii	"float\000"
 640      7400
 641              	.LASF24:
 642 0021 52533438 		.ascii	"RS485_Sensor_rxBuffer\000"
 642      355F5365 
 642      6E736F72 
 642      5F727842 
 642      75666665 
 643              	.LASF3:
 644 0037 73686F72 		.ascii	"short unsigned int\000"
 644      7420756E 
 644      7369676E 
 644      65642069 
 644      6E7400
 645              	.LASF33:
 646 004a 52533438 		.ascii	"RS485_Sensor_TXISR\000"
 646      355F5365 
 646      6E736F72 
 646      5F545849 
 646      535200
 647              	.LASF28:
 648 005d 52533438 		.ascii	"RS485_Sensor_rxBufferOverflow\000"
 648      355F5365 
 648      6E736F72 
 648      5F727842 
 648      75666665 
 649              	.LASF20:
 650 007b 52533438 		.ascii	"RS485_Sensor_txBuffer\000"
 650      355F5365 
 650      6E736F72 
 650      5F747842 
 650      75666665 
 651              	.LASF18:
 652 0091 72656164 		.ascii	"readStatus\000"
 652      53746174 
 652      757300
 653              	.LASF30:
 654 009c 47656E65 		.ascii	"Generated_Source\\PSoC5\\RS485_Sensor_INT.c\000"
 654      72617465 
 654      645F536F 
 654      75726365 
 654      5C50536F 
 655              	.LASF1:
 656 00c6 756E7369 		.ascii	"unsigned char\000"
 656      676E6564 
 656      20636861 
 656      7200
 657              	.LASF14:
 658 00d4 72656738 		.ascii	"reg8\000"
 658      00
 659              	.LASF29:
 660 00d9 474E5520 		.ascii	"GNU C11 5.4.1 20160609 (release) [ARM/embedded-5-br"
 660      43313120 
 660      352E342E 
 660      31203230 
ARM GAS  C:\Users\IroTeam\AppData\Local\Temp\ccpTxSup.s 			page 18


 660      31363036 
 661 010c 616E6368 		.ascii	"anch revision 237715] -mcpu=cortex-m3 -mthumb -g -O"
 661      20726576 
 661      6973696F 
 661      6E203233 
 661      37373135 
 662 013f 73202D66 		.ascii	"s -ffunction-sections -ffat-lto-objects\000"
 662      66756E63 
 662      74696F6E 
 662      2D736563 
 662      74696F6E 
 663              	.LASF21:
 664 0167 52533438 		.ascii	"RS485_Sensor_txBufferRead\000"
 664      355F5365 
 664      6E736F72 
 664      5F747842 
 664      75666665 
 665              	.LASF9:
 666 0181 75696E74 		.ascii	"uint8\000"
 666      3800
 667              	.LASF12:
 668 0187 646F7562 		.ascii	"double\000"
 668      6C6500
 669              	.LASF27:
 670 018e 52533438 		.ascii	"RS485_Sensor_rxBufferLoopDetect\000"
 670      355F5365 
 670      6E736F72 
 670      5F727842 
 670      75666665 
 671              	.LASF10:
 672 01ae 75696E74 		.ascii	"uint16\000"
 672      313600
 673              	.LASF25:
 674 01b5 52533438 		.ascii	"RS485_Sensor_rxBufferRead\000"
 674      355F5365 
 674      6E736F72 
 674      5F727842 
 674      75666665 
 675              	.LASF5:
 676 01cf 6C6F6E67 		.ascii	"long unsigned int\000"
 676      20756E73 
 676      69676E65 
 676      6420696E 
 676      7400
 677              	.LASF8:
 678 01e1 756E7369 		.ascii	"unsigned int\000"
 678      676E6564 
 678      20696E74 
 678      00
 679              	.LASF7:
 680 01ee 6C6F6E67 		.ascii	"long long unsigned int\000"
 680      206C6F6E 
 680      6720756E 
 680      7369676E 
 680      65642069 
 681              	.LASF23:
 682 0205 52533438 		.ascii	"RS485_Sensor_errorStatus\000"
ARM GAS  C:\Users\IroTeam\AppData\Local\Temp\ccpTxSup.s 			page 19


 682      355F5365 
 682      6E736F72 
 682      5F657272 
 682      6F725374 
 683              	.LASF22:
 684 021e 52533438 		.ascii	"RS485_Sensor_txBufferWrite\000"
 684      355F5365 
 684      6E736F72 
 684      5F747842 
 684      75666665 
 685              	.LASF16:
 686 0239 73697A65 		.ascii	"sizetype\000"
 686      74797065 
 686      00
 687              	.LASF32:
 688 0242 52533438 		.ascii	"RS485_Sensor_RXISR\000"
 688      355F5365 
 688      6E736F72 
 688      5F525849 
 688      535200
 689              	.LASF6:
 690 0255 6C6F6E67 		.ascii	"long long int\000"
 690      206C6F6E 
 690      6720696E 
 690      7400
 691              	.LASF19:
 692 0263 696E6372 		.ascii	"increment_pointer\000"
 692      656D656E 
 692      745F706F 
 692      696E7465 
 692      7200
 693              	.LASF2:
 694 0275 73686F72 		.ascii	"short int\000"
 694      7420696E 
 694      7400
 695              	.LASF4:
 696 027f 6C6F6E67 		.ascii	"long int\000"
 696      20696E74 
 696      00
 697              	.LASF13:
 698 0288 63686172 		.ascii	"char\000"
 698      00
 699              	.LASF15:
 700 028d 6C6F6E67 		.ascii	"long double\000"
 700      20646F75 
 700      626C6500 
 701              	.LASF0:
 702 0299 7369676E 		.ascii	"signed char\000"
 702      65642063 
 702      68617200 
 703              	.LASF17:
 704 02a5 72656164 		.ascii	"readData\000"
 704      44617461 
 704      00
 705              	.LASF31:
 706 02ae 453A5C49 		.ascii	"E:\\IroTeam\\Developing Projects\\Cypress\\100 PIN\\"
 706      726F5465 
ARM GAS  C:\Users\IroTeam\AppData\Local\Temp\ccpTxSup.s 			page 20


 706      616D5C44 
 706      6576656C 
 706      6F70696E 
 707 02dd 63792D6D 		.ascii	"cy-micro\\cy-bootloader\\Bootloader.cydsn\000"
 707      6963726F 
 707      5C63792D 
 707      626F6F74 
 707      6C6F6164 
 708              		.ident	"GCC: (GNU Tools for ARM Embedded Processors) 5.4.1 20160609 (release) [ARM/embedded-5-bran
