ARM GAS  C:\Users\IroTeam\AppData\Local\Temp\ccpfnFDy.s 			page 1


   1              		.syntax unified
   2              		.cpu cortex-m3
   3              		.fpu softvfp
   4              		.eabi_attribute 20, 1
   5              		.eabi_attribute 21, 1
   6              		.eabi_attribute 23, 3
   7              		.eabi_attribute 24, 1
   8              		.eabi_attribute 25, 1
   9              		.eabi_attribute 26, 1
  10              		.eabi_attribute 30, 4
  11              		.eabi_attribute 34, 1
  12              		.eabi_attribute 18, 4
  13              		.thumb
  14              		.syntax unified
  15              		.file	"RS485_Sensor_BOOT.c"
  16              		.text
  17              	.Ltext0:
  18              		.cfi_sections	.debug_frame
  19              		.section	.text.RS485_Sensor_CyBtldrCommStart,"ax",%progbits
  20              		.align	1
  21              		.global	RS485_Sensor_CyBtldrCommStart
  22              		.thumb
  23              		.thumb_func
  24              		.type	RS485_Sensor_CyBtldrCommStart, %function
  25              	RS485_Sensor_CyBtldrCommStart:
  26              	.LFB0:
  27              		.file 1 "Generated_Source\\PSoC5\\RS485_Sensor_BOOT.c"
   1:Generated_Source\PSoC5/RS485_Sensor_BOOT.c **** /*******************************************************************************
   2:Generated_Source\PSoC5/RS485_Sensor_BOOT.c **** * File Name: RS485_Sensor_BOOT.c
   3:Generated_Source\PSoC5/RS485_Sensor_BOOT.c **** * Version 2.50
   4:Generated_Source\PSoC5/RS485_Sensor_BOOT.c **** *
   5:Generated_Source\PSoC5/RS485_Sensor_BOOT.c **** * Description:
   6:Generated_Source\PSoC5/RS485_Sensor_BOOT.c **** *  This file provides the source code of bootloader communication APIs for the
   7:Generated_Source\PSoC5/RS485_Sensor_BOOT.c **** *  UART component.
   8:Generated_Source\PSoC5/RS485_Sensor_BOOT.c **** *
   9:Generated_Source\PSoC5/RS485_Sensor_BOOT.c **** * Note:
  10:Generated_Source\PSoC5/RS485_Sensor_BOOT.c **** *
  11:Generated_Source\PSoC5/RS485_Sensor_BOOT.c **** ********************************************************************************
  12:Generated_Source\PSoC5/RS485_Sensor_BOOT.c **** * Copyright 2008-2015, Cypress Semiconductor Corporation.  All rights reserved.
  13:Generated_Source\PSoC5/RS485_Sensor_BOOT.c **** * You may use this file only in accordance with the license, terms, conditions,
  14:Generated_Source\PSoC5/RS485_Sensor_BOOT.c **** * disclaimers, and limitations in the end user license agreement accompanying
  15:Generated_Source\PSoC5/RS485_Sensor_BOOT.c **** * the software package with which this file was provided.
  16:Generated_Source\PSoC5/RS485_Sensor_BOOT.c **** *******************************************************************************/
  17:Generated_Source\PSoC5/RS485_Sensor_BOOT.c **** 
  18:Generated_Source\PSoC5/RS485_Sensor_BOOT.c **** #include "RS485_Sensor.h"
  19:Generated_Source\PSoC5/RS485_Sensor_BOOT.c **** 
  20:Generated_Source\PSoC5/RS485_Sensor_BOOT.c **** #if defined(CYDEV_BOOTLOADER_IO_COMP) && (0u != ((CYDEV_BOOTLOADER_IO_COMP == CyBtldr_RS485_Sensor)
  21:Generated_Source\PSoC5/RS485_Sensor_BOOT.c ****                                           (CYDEV_BOOTLOADER_IO_COMP == CyBtldr_Custom_Interface)))
  22:Generated_Source\PSoC5/RS485_Sensor_BOOT.c **** 
  23:Generated_Source\PSoC5/RS485_Sensor_BOOT.c **** 
  24:Generated_Source\PSoC5/RS485_Sensor_BOOT.c **** /*******************************************************************************
  25:Generated_Source\PSoC5/RS485_Sensor_BOOT.c **** * Function Name: RS485_Sensor_CyBtldrCommStart
  26:Generated_Source\PSoC5/RS485_Sensor_BOOT.c **** ********************************************************************************
  27:Generated_Source\PSoC5/RS485_Sensor_BOOT.c **** *
  28:Generated_Source\PSoC5/RS485_Sensor_BOOT.c **** * Summary:
  29:Generated_Source\PSoC5/RS485_Sensor_BOOT.c **** *  Starts the UART communication component.
  30:Generated_Source\PSoC5/RS485_Sensor_BOOT.c **** *
ARM GAS  C:\Users\IroTeam\AppData\Local\Temp\ccpfnFDy.s 			page 2


  31:Generated_Source\PSoC5/RS485_Sensor_BOOT.c **** * Parameters:
  32:Generated_Source\PSoC5/RS485_Sensor_BOOT.c **** *  None
  33:Generated_Source\PSoC5/RS485_Sensor_BOOT.c **** *
  34:Generated_Source\PSoC5/RS485_Sensor_BOOT.c **** * Return:
  35:Generated_Source\PSoC5/RS485_Sensor_BOOT.c **** *  None
  36:Generated_Source\PSoC5/RS485_Sensor_BOOT.c **** *
  37:Generated_Source\PSoC5/RS485_Sensor_BOOT.c **** * Side Effects:
  38:Generated_Source\PSoC5/RS485_Sensor_BOOT.c **** *  This component automatically enables global interrupt.
  39:Generated_Source\PSoC5/RS485_Sensor_BOOT.c **** *
  40:Generated_Source\PSoC5/RS485_Sensor_BOOT.c **** *******************************************************************************/
  41:Generated_Source\PSoC5/RS485_Sensor_BOOT.c **** void RS485_Sensor_CyBtldrCommStart(void) CYSMALL 
  42:Generated_Source\PSoC5/RS485_Sensor_BOOT.c **** {
  28              		.loc 1 42 0
  29              		.cfi_startproc
  30              		@ args = 0, pretend = 0, frame = 0
  31              		@ frame_needed = 0, uses_anonymous_args = 0
  32 0000 08B5     		push	{r3, lr}
  33              		.cfi_def_cfa_offset 8
  34              		.cfi_offset 3, -8
  35              		.cfi_offset 14, -4
  43:Generated_Source\PSoC5/RS485_Sensor_BOOT.c ****     /* Start UART component and clear the Tx,Rx buffers */
  44:Generated_Source\PSoC5/RS485_Sensor_BOOT.c ****     RS485_Sensor_Start();
  36              		.loc 1 44 0
  37 0002 FFF7FEFF 		bl	RS485_Sensor_Start
  38              	.LVL0:
  45:Generated_Source\PSoC5/RS485_Sensor_BOOT.c ****     RS485_Sensor_ClearRxBuffer();
  39              		.loc 1 45 0
  40 0006 FFF7FEFF 		bl	RS485_Sensor_ClearRxBuffer
  41              	.LVL1:
  46:Generated_Source\PSoC5/RS485_Sensor_BOOT.c ****     RS485_Sensor_ClearTxBuffer();
  47:Generated_Source\PSoC5/RS485_Sensor_BOOT.c **** }
  42              		.loc 1 47 0
  43 000a BDE80840 		pop	{r3, lr}
  44              		.cfi_restore 14
  45              		.cfi_restore 3
  46              		.cfi_def_cfa_offset 0
  46:Generated_Source\PSoC5/RS485_Sensor_BOOT.c ****     RS485_Sensor_ClearTxBuffer();
  47              		.loc 1 46 0
  48 000e FFF7FEBF 		b	RS485_Sensor_ClearTxBuffer
  49              	.LVL2:
  50              		.cfi_endproc
  51              	.LFE0:
  52              		.size	RS485_Sensor_CyBtldrCommStart, .-RS485_Sensor_CyBtldrCommStart
  53              		.section	.text.RS485_Sensor_CyBtldrCommStop,"ax",%progbits
  54              		.align	1
  55              		.global	RS485_Sensor_CyBtldrCommStop
  56              		.thumb
  57              		.thumb_func
  58              		.type	RS485_Sensor_CyBtldrCommStop, %function
  59              	RS485_Sensor_CyBtldrCommStop:
  60              	.LFB1:
  48:Generated_Source\PSoC5/RS485_Sensor_BOOT.c **** 
  49:Generated_Source\PSoC5/RS485_Sensor_BOOT.c **** 
  50:Generated_Source\PSoC5/RS485_Sensor_BOOT.c **** /*******************************************************************************
  51:Generated_Source\PSoC5/RS485_Sensor_BOOT.c **** * Function Name: RS485_Sensor_CyBtldrCommStop
  52:Generated_Source\PSoC5/RS485_Sensor_BOOT.c **** ********************************************************************************
  53:Generated_Source\PSoC5/RS485_Sensor_BOOT.c **** *
ARM GAS  C:\Users\IroTeam\AppData\Local\Temp\ccpfnFDy.s 			page 3


  54:Generated_Source\PSoC5/RS485_Sensor_BOOT.c **** * Summary:
  55:Generated_Source\PSoC5/RS485_Sensor_BOOT.c **** *  Disables the communication component and disables the interrupt.
  56:Generated_Source\PSoC5/RS485_Sensor_BOOT.c **** *
  57:Generated_Source\PSoC5/RS485_Sensor_BOOT.c **** * Parameters:
  58:Generated_Source\PSoC5/RS485_Sensor_BOOT.c **** *  None
  59:Generated_Source\PSoC5/RS485_Sensor_BOOT.c **** *
  60:Generated_Source\PSoC5/RS485_Sensor_BOOT.c **** * Return:
  61:Generated_Source\PSoC5/RS485_Sensor_BOOT.c **** *  None
  62:Generated_Source\PSoC5/RS485_Sensor_BOOT.c **** *
  63:Generated_Source\PSoC5/RS485_Sensor_BOOT.c **** *******************************************************************************/
  64:Generated_Source\PSoC5/RS485_Sensor_BOOT.c **** void RS485_Sensor_CyBtldrCommStop(void) CYSMALL 
  65:Generated_Source\PSoC5/RS485_Sensor_BOOT.c **** {
  61              		.loc 1 65 0
  62              		.cfi_startproc
  63              		@ args = 0, pretend = 0, frame = 0
  64              		@ frame_needed = 0, uses_anonymous_args = 0
  65              		@ link register save eliminated.
  66:Generated_Source\PSoC5/RS485_Sensor_BOOT.c ****     /* Stop UART component */
  67:Generated_Source\PSoC5/RS485_Sensor_BOOT.c ****     RS485_Sensor_Stop();
  66              		.loc 1 67 0
  67 0000 FFF7FEBF 		b	RS485_Sensor_Stop
  68              	.LVL3:
  69              		.cfi_endproc
  70              	.LFE1:
  71              		.size	RS485_Sensor_CyBtldrCommStop, .-RS485_Sensor_CyBtldrCommStop
  72              		.section	.text.RS485_Sensor_CyBtldrCommReset,"ax",%progbits
  73              		.align	1
  74              		.global	RS485_Sensor_CyBtldrCommReset
  75              		.thumb
  76              		.thumb_func
  77              		.type	RS485_Sensor_CyBtldrCommReset, %function
  78              	RS485_Sensor_CyBtldrCommReset:
  79              	.LFB2:
  68:Generated_Source\PSoC5/RS485_Sensor_BOOT.c **** }
  69:Generated_Source\PSoC5/RS485_Sensor_BOOT.c **** 
  70:Generated_Source\PSoC5/RS485_Sensor_BOOT.c **** 
  71:Generated_Source\PSoC5/RS485_Sensor_BOOT.c **** /*******************************************************************************
  72:Generated_Source\PSoC5/RS485_Sensor_BOOT.c **** * Function Name: RS485_Sensor_CyBtldrCommReset
  73:Generated_Source\PSoC5/RS485_Sensor_BOOT.c **** ********************************************************************************
  74:Generated_Source\PSoC5/RS485_Sensor_BOOT.c **** *
  75:Generated_Source\PSoC5/RS485_Sensor_BOOT.c **** * Summary:
  76:Generated_Source\PSoC5/RS485_Sensor_BOOT.c **** *  Resets the receive and transmit communication Buffers.
  77:Generated_Source\PSoC5/RS485_Sensor_BOOT.c **** *
  78:Generated_Source\PSoC5/RS485_Sensor_BOOT.c **** * Parameters:
  79:Generated_Source\PSoC5/RS485_Sensor_BOOT.c **** *  None
  80:Generated_Source\PSoC5/RS485_Sensor_BOOT.c **** *
  81:Generated_Source\PSoC5/RS485_Sensor_BOOT.c **** * Return:
  82:Generated_Source\PSoC5/RS485_Sensor_BOOT.c **** *  None
  83:Generated_Source\PSoC5/RS485_Sensor_BOOT.c **** *
  84:Generated_Source\PSoC5/RS485_Sensor_BOOT.c **** *******************************************************************************/
  85:Generated_Source\PSoC5/RS485_Sensor_BOOT.c **** void RS485_Sensor_CyBtldrCommReset(void) CYSMALL 
  86:Generated_Source\PSoC5/RS485_Sensor_BOOT.c **** {
  80              		.loc 1 86 0
  81              		.cfi_startproc
  82              		@ args = 0, pretend = 0, frame = 0
  83              		@ frame_needed = 0, uses_anonymous_args = 0
  84 0000 08B5     		push	{r3, lr}
ARM GAS  C:\Users\IroTeam\AppData\Local\Temp\ccpfnFDy.s 			page 4


  85              		.cfi_def_cfa_offset 8
  86              		.cfi_offset 3, -8
  87              		.cfi_offset 14, -4
  87:Generated_Source\PSoC5/RS485_Sensor_BOOT.c ****     /* Clear RX and TX buffers */
  88:Generated_Source\PSoC5/RS485_Sensor_BOOT.c ****     RS485_Sensor_ClearRxBuffer();
  88              		.loc 1 88 0
  89 0002 FFF7FEFF 		bl	RS485_Sensor_ClearRxBuffer
  90              	.LVL4:
  89:Generated_Source\PSoC5/RS485_Sensor_BOOT.c ****     RS485_Sensor_ClearTxBuffer();
  90:Generated_Source\PSoC5/RS485_Sensor_BOOT.c **** }
  91              		.loc 1 90 0
  92 0006 BDE80840 		pop	{r3, lr}
  93              		.cfi_restore 14
  94              		.cfi_restore 3
  95              		.cfi_def_cfa_offset 0
  89:Generated_Source\PSoC5/RS485_Sensor_BOOT.c ****     RS485_Sensor_ClearTxBuffer();
  96              		.loc 1 89 0
  97 000a FFF7FEBF 		b	RS485_Sensor_ClearTxBuffer
  98              	.LVL5:
  99              		.cfi_endproc
 100              	.LFE2:
 101              		.size	RS485_Sensor_CyBtldrCommReset, .-RS485_Sensor_CyBtldrCommReset
 102              		.section	.text.RS485_Sensor_CyBtldrCommWrite,"ax",%progbits
 103              		.align	1
 104              		.global	RS485_Sensor_CyBtldrCommWrite
 105              		.thumb
 106              		.thumb_func
 107              		.type	RS485_Sensor_CyBtldrCommWrite, %function
 108              	RS485_Sensor_CyBtldrCommWrite:
 109              	.LFB3:
  91:Generated_Source\PSoC5/RS485_Sensor_BOOT.c **** 
  92:Generated_Source\PSoC5/RS485_Sensor_BOOT.c **** 
  93:Generated_Source\PSoC5/RS485_Sensor_BOOT.c **** /*******************************************************************************
  94:Generated_Source\PSoC5/RS485_Sensor_BOOT.c **** * Function Name: RS485_Sensor_CyBtldrCommWrite
  95:Generated_Source\PSoC5/RS485_Sensor_BOOT.c **** ********************************************************************************
  96:Generated_Source\PSoC5/RS485_Sensor_BOOT.c **** *
  97:Generated_Source\PSoC5/RS485_Sensor_BOOT.c **** * Summary:
  98:Generated_Source\PSoC5/RS485_Sensor_BOOT.c **** *  Allows the caller to write data to the boot loader host. This function uses
  99:Generated_Source\PSoC5/RS485_Sensor_BOOT.c **** * a blocking write function for writing data using UART communication component.
 100:Generated_Source\PSoC5/RS485_Sensor_BOOT.c **** *
 101:Generated_Source\PSoC5/RS485_Sensor_BOOT.c **** * Parameters:
 102:Generated_Source\PSoC5/RS485_Sensor_BOOT.c **** *  pData:    A pointer to the block of data to send to the device
 103:Generated_Source\PSoC5/RS485_Sensor_BOOT.c **** *  size:     The number of bytes to write.
 104:Generated_Source\PSoC5/RS485_Sensor_BOOT.c **** *  count:    Pointer to an unsigned short variable to write the number of
 105:Generated_Source\PSoC5/RS485_Sensor_BOOT.c **** *             bytes actually written.
 106:Generated_Source\PSoC5/RS485_Sensor_BOOT.c **** *  timeOut:  Number of units to wait before returning because of a timeout.
 107:Generated_Source\PSoC5/RS485_Sensor_BOOT.c **** *
 108:Generated_Source\PSoC5/RS485_Sensor_BOOT.c **** * Return:
 109:Generated_Source\PSoC5/RS485_Sensor_BOOT.c **** *   cystatus: This function will return CYRET_SUCCESS if data is sent
 110:Generated_Source\PSoC5/RS485_Sensor_BOOT.c **** *             successfully.
 111:Generated_Source\PSoC5/RS485_Sensor_BOOT.c **** *
 112:Generated_Source\PSoC5/RS485_Sensor_BOOT.c **** * Side Effects:
 113:Generated_Source\PSoC5/RS485_Sensor_BOOT.c **** *  This function should be called after command was received .
 114:Generated_Source\PSoC5/RS485_Sensor_BOOT.c **** *
 115:Generated_Source\PSoC5/RS485_Sensor_BOOT.c **** *******************************************************************************/
 116:Generated_Source\PSoC5/RS485_Sensor_BOOT.c **** cystatus RS485_Sensor_CyBtldrCommWrite(const uint8 pData[], uint16 size, uint16 * count, uint8 time
 117:Generated_Source\PSoC5/RS485_Sensor_BOOT.c ****          
ARM GAS  C:\Users\IroTeam\AppData\Local\Temp\ccpfnFDy.s 			page 5


 118:Generated_Source\PSoC5/RS485_Sensor_BOOT.c **** {
 110              		.loc 1 118 0
 111              		.cfi_startproc
 112              		@ args = 0, pretend = 0, frame = 0
 113              		@ frame_needed = 0, uses_anonymous_args = 0
 114              	.LVL6:
 115 0000 F8B5     		push	{r3, r4, r5, r6, r7, lr}
 116              		.cfi_def_cfa_offset 24
 117              		.cfi_offset 3, -24
 118              		.cfi_offset 4, -20
 119              		.cfi_offset 5, -16
 120              		.cfi_offset 6, -12
 121              		.cfi_offset 7, -8
 122              		.cfi_offset 14, -4
 123              		.loc 1 118 0
 124 0002 0E46     		mov	r6, r1
 125 0004 0446     		mov	r4, r0
 126 0006 1746     		mov	r7, r2
 119:Generated_Source\PSoC5/RS485_Sensor_BOOT.c ****     uint16 bufIndex = 0u;
 120:Generated_Source\PSoC5/RS485_Sensor_BOOT.c **** 
 121:Generated_Source\PSoC5/RS485_Sensor_BOOT.c ****     if(0u != timeOut)
 122:Generated_Source\PSoC5/RS485_Sensor_BOOT.c ****     {
 123:Generated_Source\PSoC5/RS485_Sensor_BOOT.c ****         /* Suppress compiler warning */
 124:Generated_Source\PSoC5/RS485_Sensor_BOOT.c ****     }
 125:Generated_Source\PSoC5/RS485_Sensor_BOOT.c **** 
 126:Generated_Source\PSoC5/RS485_Sensor_BOOT.c ****     /* Clear receive buffers */
 127:Generated_Source\PSoC5/RS485_Sensor_BOOT.c ****     RS485_Sensor_ClearRxBuffer();
 127              		.loc 1 127 0
 128 0008 FFF7FEFF 		bl	RS485_Sensor_ClearRxBuffer
 129              	.LVL7:
 130 000c 731E     		subs	r3, r6, #1
 131 000e 651E     		subs	r5, r4, #1
 132 0010 1C44     		add	r4, r4, r3
 133              	.LVL8:
 134              	.L5:
 128:Generated_Source\PSoC5/RS485_Sensor_BOOT.c **** 
 129:Generated_Source\PSoC5/RS485_Sensor_BOOT.c ****     /* Write TX data using blocking function */
 130:Generated_Source\PSoC5/RS485_Sensor_BOOT.c ****     while(bufIndex < size)
 135              		.loc 1 130 0
 136 0012 A542     		cmp	r5, r4
 137 0014 04D0     		beq	.L8
 131:Generated_Source\PSoC5/RS485_Sensor_BOOT.c ****     {
 132:Generated_Source\PSoC5/RS485_Sensor_BOOT.c ****         RS485_Sensor_PutChar(pData[bufIndex]);
 138              		.loc 1 132 0
 139 0016 15F8010F 		ldrb	r0, [r5, #1]!	@ zero_extendqisi2
 140              	.LVL9:
 141 001a FFF7FEFF 		bl	RS485_Sensor_PutChar
 142              	.LVL10:
 143 001e F8E7     		b	.L5
 144              	.L8:
 133:Generated_Source\PSoC5/RS485_Sensor_BOOT.c ****         bufIndex++;
 134:Generated_Source\PSoC5/RS485_Sensor_BOOT.c ****     }
 135:Generated_Source\PSoC5/RS485_Sensor_BOOT.c **** 
 136:Generated_Source\PSoC5/RS485_Sensor_BOOT.c ****     /* Return success code */
 137:Generated_Source\PSoC5/RS485_Sensor_BOOT.c ****     *count = size;
 145              		.loc 1 137 0
 146 0020 3E80     		strh	r6, [r7]	@ movhi
ARM GAS  C:\Users\IroTeam\AppData\Local\Temp\ccpfnFDy.s 			page 6


 138:Generated_Source\PSoC5/RS485_Sensor_BOOT.c **** 
 139:Generated_Source\PSoC5/RS485_Sensor_BOOT.c ****     return (CYRET_SUCCESS);
 140:Generated_Source\PSoC5/RS485_Sensor_BOOT.c **** }
 147              		.loc 1 140 0
 148 0022 0020     		movs	r0, #0
 149 0024 F8BD     		pop	{r3, r4, r5, r6, r7, pc}
 150              		.cfi_endproc
 151              	.LFE3:
 152              		.size	RS485_Sensor_CyBtldrCommWrite, .-RS485_Sensor_CyBtldrCommWrite
 153              		.section	.text.RS485_Sensor_CyBtldrCommRead,"ax",%progbits
 154              		.align	1
 155              		.global	RS485_Sensor_CyBtldrCommRead
 156              		.thumb
 157              		.thumb_func
 158              		.type	RS485_Sensor_CyBtldrCommRead, %function
 159              	RS485_Sensor_CyBtldrCommRead:
 160              	.LFB4:
 141:Generated_Source\PSoC5/RS485_Sensor_BOOT.c **** 
 142:Generated_Source\PSoC5/RS485_Sensor_BOOT.c **** 
 143:Generated_Source\PSoC5/RS485_Sensor_BOOT.c **** /*******************************************************************************
 144:Generated_Source\PSoC5/RS485_Sensor_BOOT.c **** * Function Name: RS485_Sensor_CyBtldrCommRead
 145:Generated_Source\PSoC5/RS485_Sensor_BOOT.c **** ********************************************************************************
 146:Generated_Source\PSoC5/RS485_Sensor_BOOT.c **** *
 147:Generated_Source\PSoC5/RS485_Sensor_BOOT.c **** * Summary:
 148:Generated_Source\PSoC5/RS485_Sensor_BOOT.c **** *  Receives the command.
 149:Generated_Source\PSoC5/RS485_Sensor_BOOT.c **** *
 150:Generated_Source\PSoC5/RS485_Sensor_BOOT.c **** * Parameters:
 151:Generated_Source\PSoC5/RS485_Sensor_BOOT.c **** *  pData:    A pointer to the area to store the block of data received
 152:Generated_Source\PSoC5/RS485_Sensor_BOOT.c **** *             from the device.
 153:Generated_Source\PSoC5/RS485_Sensor_BOOT.c **** *  size:     Maximum size of the read buffer
 154:Generated_Source\PSoC5/RS485_Sensor_BOOT.c **** *  count:    Pointer to an unsigned short variable to write the number
 155:Generated_Source\PSoC5/RS485_Sensor_BOOT.c **** *             of bytes actually read.
 156:Generated_Source\PSoC5/RS485_Sensor_BOOT.c **** *  timeOut:  Number of units to wait before returning because of a timeOut.
 157:Generated_Source\PSoC5/RS485_Sensor_BOOT.c **** *            Time out is measured in 10s of ms.
 158:Generated_Source\PSoC5/RS485_Sensor_BOOT.c **** *
 159:Generated_Source\PSoC5/RS485_Sensor_BOOT.c **** * Return:
 160:Generated_Source\PSoC5/RS485_Sensor_BOOT.c **** *  cystatus: This function will return CYRET_SUCCESS if at least one byte is
 161:Generated_Source\PSoC5/RS485_Sensor_BOOT.c **** *            received successfully within the time out interval. If no data is
 162:Generated_Source\PSoC5/RS485_Sensor_BOOT.c **** *            received  this function will return CYRET_EMPTY.
 163:Generated_Source\PSoC5/RS485_Sensor_BOOT.c **** *
 164:Generated_Source\PSoC5/RS485_Sensor_BOOT.c **** *  BYTE2BYTE_TIME_OUT is used for detecting time out marking end of block data
 165:Generated_Source\PSoC5/RS485_Sensor_BOOT.c **** *  from host. This has to be set to a value which is greater than the expected
 166:Generated_Source\PSoC5/RS485_Sensor_BOOT.c **** *  maximum delay between two bytes during a block/packet transmission from the
 167:Generated_Source\PSoC5/RS485_Sensor_BOOT.c **** *  host. You have to account for the delay in hardware converters while
 168:Generated_Source\PSoC5/RS485_Sensor_BOOT.c **** *  calculating this value, if you are using any USB-UART bridges.
 169:Generated_Source\PSoC5/RS485_Sensor_BOOT.c **** *******************************************************************************/
 170:Generated_Source\PSoC5/RS485_Sensor_BOOT.c **** cystatus RS485_Sensor_CyBtldrCommRead(uint8 pData[], uint16 size, uint16 * count, uint8 timeOut) CY
 171:Generated_Source\PSoC5/RS485_Sensor_BOOT.c ****          
 172:Generated_Source\PSoC5/RS485_Sensor_BOOT.c **** {
 161              		.loc 1 172 0
 162              		.cfi_startproc
 163              		@ args = 0, pretend = 0, frame = 0
 164              		@ frame_needed = 0, uses_anonymous_args = 0
 165              	.LVL11:
 166 0000 2DE9F84F 		push	{r3, r4, r5, r6, r7, r8, r9, r10, fp, lr}
 167              		.cfi_def_cfa_offset 40
 168              		.cfi_offset 3, -40
ARM GAS  C:\Users\IroTeam\AppData\Local\Temp\ccpfnFDy.s 			page 7


 169              		.cfi_offset 4, -36
 170              		.cfi_offset 5, -32
 171              		.cfi_offset 6, -28
 172              		.cfi_offset 7, -24
 173              		.cfi_offset 8, -20
 174              		.cfi_offset 9, -16
 175              		.cfi_offset 10, -12
 176              		.cfi_offset 11, -8
 177              		.cfi_offset 14, -4
 178              		.loc 1 172 0
 179 0004 8046     		mov	r8, r0
 180 0006 8946     		mov	r9, r1
 181 0008 1646     		mov	r6, r2
 173:Generated_Source\PSoC5/RS485_Sensor_BOOT.c ****     uint16 iCntr;
 174:Generated_Source\PSoC5/RS485_Sensor_BOOT.c ****     uint16 dataIndexCntr;
 175:Generated_Source\PSoC5/RS485_Sensor_BOOT.c ****     uint16 tempCount;
 176:Generated_Source\PSoC5/RS485_Sensor_BOOT.c ****     uint16 oldDataCount;
 177:Generated_Source\PSoC5/RS485_Sensor_BOOT.c **** 
 178:Generated_Source\PSoC5/RS485_Sensor_BOOT.c ****     cystatus status = CYRET_EMPTY;
 179:Generated_Source\PSoC5/RS485_Sensor_BOOT.c **** 
 180:Generated_Source\PSoC5/RS485_Sensor_BOOT.c ****     /* Check whether data is received within the time out period.
 181:Generated_Source\PSoC5/RS485_Sensor_BOOT.c ****     *  Time out period is in units of 10ms.
 182:Generated_Source\PSoC5/RS485_Sensor_BOOT.c ****     *  If at least one byte is received within the time out interval, wait for more data */
 183:Generated_Source\PSoC5/RS485_Sensor_BOOT.c ****     for (iCntr = 0u; iCntr < ((uint16)10u * timeOut); iCntr++)
 182              		.loc 1 183 0
 183 000a 0A24     		movs	r4, #10
 184 000c 5C43     		muls	r4, r3, r4
 185 000e 0025     		movs	r5, #0
 186              	.LVL12:
 187              	.L10:
 188              		.loc 1 183 0 is_stmt 0 discriminator 1
 189 0010 ABB2     		uxth	r3, r5
 190              	.LVL13:
 191 0012 A342     		cmp	r3, r4
 192 0014 13DA     		bge	.L27
 184:Generated_Source\PSoC5/RS485_Sensor_BOOT.c ****     {
 185:Generated_Source\PSoC5/RS485_Sensor_BOOT.c ****         /* If at least one byte is received within the timeout interval
 186:Generated_Source\PSoC5/RS485_Sensor_BOOT.c ****         *  enter the next loop waiting for more data reception
 187:Generated_Source\PSoC5/RS485_Sensor_BOOT.c ****         */
 188:Generated_Source\PSoC5/RS485_Sensor_BOOT.c ****         if(0u != RS485_Sensor_GetRxBufferSize())
 193              		.loc 1 188 0 is_stmt 1
 194 0016 FFF7FEFF 		bl	RS485_Sensor_GetRxBufferSize
 195              	.LVL14:
 196 001a 0135     		adds	r5, r5, #1
 197              	.LVL15:
 198 001c 58B1     		cbz	r0, .L11
 199              	.L24:
 189:Generated_Source\PSoC5/RS485_Sensor_BOOT.c ****         {
 190:Generated_Source\PSoC5/RS485_Sensor_BOOT.c ****             /* Wait for more data until 25ms byte to byte time out interval.
 191:Generated_Source\PSoC5/RS485_Sensor_BOOT.c ****             * If no data is received during the last 25 ms(BYTE2BYTE_TIME_OUT)
 192:Generated_Source\PSoC5/RS485_Sensor_BOOT.c ****             * then it is considered as end of transmitted data block(packet)
 193:Generated_Source\PSoC5/RS485_Sensor_BOOT.c ****             * from the host and the program execution will break from the
 194:Generated_Source\PSoC5/RS485_Sensor_BOOT.c ****             * data awaiting loop with status=CYRET_SUCCESS
 195:Generated_Source\PSoC5/RS485_Sensor_BOOT.c ****             */
 196:Generated_Source\PSoC5/RS485_Sensor_BOOT.c ****             do
 197:Generated_Source\PSoC5/RS485_Sensor_BOOT.c ****             {
 198:Generated_Source\PSoC5/RS485_Sensor_BOOT.c ****                 oldDataCount = RS485_Sensor_GetRxBufferSize();
ARM GAS  C:\Users\IroTeam\AppData\Local\Temp\ccpfnFDy.s 			page 8


 200              		.loc 1 198 0 discriminator 1
 201 001e FFF7FEFF 		bl	RS485_Sensor_GetRxBufferSize
 202              	.LVL16:
 203 0022 0446     		mov	r4, r0
 204              	.LVL17:
 199:Generated_Source\PSoC5/RS485_Sensor_BOOT.c ****                 CyDelay(RS485_Sensor_BYTE2BYTE_TIME_OUT);
 205              		.loc 1 199 0 discriminator 1
 206 0024 1920     		movs	r0, #25
 207 0026 FFF7FEFF 		bl	CyDelay
 208              	.LVL18:
 200:Generated_Source\PSoC5/RS485_Sensor_BOOT.c ****             }
 201:Generated_Source\PSoC5/RS485_Sensor_BOOT.c ****             while(RS485_Sensor_GetRxBufferSize() > oldDataCount);
 209              		.loc 1 201 0 discriminator 1
 210 002a FFF7FEFF 		bl	RS485_Sensor_GetRxBufferSize
 211              	.LVL19:
 212 002e 8442     		cmp	r4, r0
 213 0030 F5D3     		bcc	.L24
 202:Generated_Source\PSoC5/RS485_Sensor_BOOT.c **** 
 203:Generated_Source\PSoC5/RS485_Sensor_BOOT.c ****             status = CYRET_SUCCESS;
 214              		.loc 1 203 0
 215 0032 0027     		movs	r7, #0
 216 0034 04E0     		b	.L13
 217              	.LVL20:
 218              	.L11:
 204:Generated_Source\PSoC5/RS485_Sensor_BOOT.c ****             break;
 205:Generated_Source\PSoC5/RS485_Sensor_BOOT.c ****         }
 206:Generated_Source\PSoC5/RS485_Sensor_BOOT.c ****         /* If the data is not received, give a delay of 
 207:Generated_Source\PSoC5/RS485_Sensor_BOOT.c ****         *  RS485_Sensor_BL_CHK_DELAY_MS and check again until the timeOut specified.
 208:Generated_Source\PSoC5/RS485_Sensor_BOOT.c ****         */
 209:Generated_Source\PSoC5/RS485_Sensor_BOOT.c ****         else
 210:Generated_Source\PSoC5/RS485_Sensor_BOOT.c ****         {
 211:Generated_Source\PSoC5/RS485_Sensor_BOOT.c ****             CyDelay(RS485_Sensor_BL_CHK_DELAY_MS);
 219              		.loc 1 211 0 discriminator 2
 220 0036 0120     		movs	r0, #1
 221 0038 FFF7FEFF 		bl	CyDelay
 222              	.LVL21:
 223 003c E8E7     		b	.L10
 224              	.LVL22:
 225              	.L27:
 178:Generated_Source\PSoC5/RS485_Sensor_BOOT.c **** 
 226              		.loc 1 178 0
 227 003e 0527     		movs	r7, #5
 228              	.LVL23:
 229              	.L13:
 212:Generated_Source\PSoC5/RS485_Sensor_BOOT.c ****         }
 213:Generated_Source\PSoC5/RS485_Sensor_BOOT.c ****     }
 214:Generated_Source\PSoC5/RS485_Sensor_BOOT.c **** 
 215:Generated_Source\PSoC5/RS485_Sensor_BOOT.c ****     /* Initialize the data read indexes and Count value */
 216:Generated_Source\PSoC5/RS485_Sensor_BOOT.c ****     *count = 0u;
 230              		.loc 1 216 0
 231 0040 0024     		movs	r4, #0
 232 0042 3480     		strh	r4, [r6]	@ movhi
 233              	.LVL24:
 234              	.L15:
 217:Generated_Source\PSoC5/RS485_Sensor_BOOT.c ****     dataIndexCntr = 0u;
 218:Generated_Source\PSoC5/RS485_Sensor_BOOT.c **** 
 219:Generated_Source\PSoC5/RS485_Sensor_BOOT.c ****     /* If GetRxBufferSize()>0 , move the received data to the pData buffer */
ARM GAS  C:\Users\IroTeam\AppData\Local\Temp\ccpfnFDy.s 			page 9


 220:Generated_Source\PSoC5/RS485_Sensor_BOOT.c ****     while(RS485_Sensor_GetRxBufferSize() > 0u)
 235              		.loc 1 220 0
 236 0044 FFF7FEFF 		bl	RS485_Sensor_GetRxBufferSize
 237              	.LVL25:
 238 0048 30B3     		cbz	r0, .L20
 221:Generated_Source\PSoC5/RS485_Sensor_BOOT.c ****     {
 222:Generated_Source\PSoC5/RS485_Sensor_BOOT.c ****         tempCount = RS485_Sensor_GetRxBufferSize();
 239              		.loc 1 222 0
 240 004a FFF7FEFF 		bl	RS485_Sensor_GetRxBufferSize
 241              	.LVL26:
 223:Generated_Source\PSoC5/RS485_Sensor_BOOT.c ****         *count  =(*count) + tempCount;
 242              		.loc 1 223 0
 243 004e 3288     		ldrh	r2, [r6]
 222:Generated_Source\PSoC5/RS485_Sensor_BOOT.c ****         *count  =(*count) + tempCount;
 244              		.loc 1 222 0
 245 0050 0546     		mov	r5, r0
 246              	.LVL27:
 247              		.loc 1 223 0
 248 0052 8318     		adds	r3, r0, r2
 249 0054 9BB2     		uxth	r3, r3
 224:Generated_Source\PSoC5/RS485_Sensor_BOOT.c **** 
 225:Generated_Source\PSoC5/RS485_Sensor_BOOT.c ****         /* Check if buffer overflow will occur before moving the data */
 226:Generated_Source\PSoC5/RS485_Sensor_BOOT.c ****         if(*count < size)
 250              		.loc 1 226 0
 251 0056 4B45     		cmp	r3, r9
 223:Generated_Source\PSoC5/RS485_Sensor_BOOT.c **** 
 252              		.loc 1 223 0
 253 0058 3380     		strh	r3, [r6]	@ movhi
 254              		.loc 1 226 0
 255 005a 1CD2     		bcs	.L16
 256 005c 4FF0000B 		mov	fp, #0
 257              	.LVL28:
 258              	.L17:
 259 0060 1FFA8BF3 		uxth	r3, fp
 260 0064 04EB030A 		add	r10, r4, r3
 227:Generated_Source\PSoC5/RS485_Sensor_BOOT.c ****         {
 228:Generated_Source\PSoC5/RS485_Sensor_BOOT.c ****             for (iCntr = 0u; iCntr < tempCount; iCntr++)
 261              		.loc 1 228 0 discriminator 1
 262 0068 AB42     		cmp	r3, r5
 263 006a 1FFA8AFA 		uxth	r10, r10
 264              	.LVL29:
 265 006e 06D2     		bcs	.L28
 229:Generated_Source\PSoC5/RS485_Sensor_BOOT.c ****             {
 230:Generated_Source\PSoC5/RS485_Sensor_BOOT.c ****                 /* Read the data and move it to the pData buffer */
 231:Generated_Source\PSoC5/RS485_Sensor_BOOT.c ****                 pData[dataIndexCntr] = RS485_Sensor_ReadRxData();
 266              		.loc 1 231 0 discriminator 3
 267 0070 FFF7FEFF 		bl	RS485_Sensor_ReadRxData
 268              	.LVL30:
 269 0074 0BF1010B 		add	fp, fp, #1
 270              	.LVL31:
 271 0078 08F80A00 		strb	r0, [r8, r10]
 272              	.LVL32:
 273 007c F0E7     		b	.L17
 274              	.LVL33:
 275              	.L28:
 276 007e 2C44     		add	r4, r4, r5
 277 0080 A4B2     		uxth	r4, r4
ARM GAS  C:\Users\IroTeam\AppData\Local\Temp\ccpfnFDy.s 			page 10


 232:Generated_Source\PSoC5/RS485_Sensor_BOOT.c ****                 dataIndexCntr++;
 233:Generated_Source\PSoC5/RS485_Sensor_BOOT.c ****             }
 234:Generated_Source\PSoC5/RS485_Sensor_BOOT.c **** 
 235:Generated_Source\PSoC5/RS485_Sensor_BOOT.c ****             /* Check if the last received byte is end of packet defined by bootloader
 236:Generated_Source\PSoC5/RS485_Sensor_BOOT.c ****             *  If not wait for additional RS485_Sensor_WAIT_EOP_DELAY ms.
 237:Generated_Source\PSoC5/RS485_Sensor_BOOT.c ****             */
 238:Generated_Source\PSoC5/RS485_Sensor_BOOT.c ****             if(pData[dataIndexCntr - 1u] != RS485_Sensor_PACKET_EOP)
 278              		.loc 1 238 0
 279 0082 08EB0403 		add	r3, r8, r4
 280 0086 13F8013C 		ldrb	r3, [r3, #-1]	@ zero_extendqisi2
 281 008a 172B     		cmp	r3, #23
 282 008c DAD0     		beq	.L15
 239:Generated_Source\PSoC5/RS485_Sensor_BOOT.c ****             {
 240:Generated_Source\PSoC5/RS485_Sensor_BOOT.c ****                 CyDelay(RS485_Sensor_WAIT_EOP_DELAY);
 283              		.loc 1 240 0
 284 008e 0520     		movs	r0, #5
 285 0090 FFF7FEFF 		bl	CyDelay
 286              	.LVL34:
 287 0094 D6E7     		b	.L15
 288              	.LVL35:
 289              	.L16:
 241:Generated_Source\PSoC5/RS485_Sensor_BOOT.c ****             }
 242:Generated_Source\PSoC5/RS485_Sensor_BOOT.c ****         }
 243:Generated_Source\PSoC5/RS485_Sensor_BOOT.c ****         /* If there is no space to move data, break from the loop */
 244:Generated_Source\PSoC5/RS485_Sensor_BOOT.c ****         else
 245:Generated_Source\PSoC5/RS485_Sensor_BOOT.c ****         {
 246:Generated_Source\PSoC5/RS485_Sensor_BOOT.c ****             *count = (*count) - tempCount;
 290              		.loc 1 246 0
 291 0096 3280     		strh	r2, [r6]	@ movhi
 292              	.LVL36:
 293              	.L20:
 247:Generated_Source\PSoC5/RS485_Sensor_BOOT.c ****             break;
 248:Generated_Source\PSoC5/RS485_Sensor_BOOT.c ****         }
 249:Generated_Source\PSoC5/RS485_Sensor_BOOT.c ****     }
 250:Generated_Source\PSoC5/RS485_Sensor_BOOT.c **** 
 251:Generated_Source\PSoC5/RS485_Sensor_BOOT.c ****     return (status);
 252:Generated_Source\PSoC5/RS485_Sensor_BOOT.c **** }
 294              		.loc 1 252 0
 295 0098 3846     		mov	r0, r7
 296 009a BDE8F88F 		pop	{r3, r4, r5, r6, r7, r8, r9, r10, fp, pc}
 297              		.cfi_endproc
 298              	.LFE4:
 299              		.size	RS485_Sensor_CyBtldrCommRead, .-RS485_Sensor_CyBtldrCommRead
 300              		.text
 301              	.Letext0:
 302              		.file 2 "Generated_Source\\PSoC5\\cytypes.h"
 303              		.file 3 "Generated_Source\\PSoC5\\RS485_Sensor.h"
 304              		.file 4 "Generated_Source\\PSoC5\\CyLib.h"
 305              		.section	.debug_info,"",%progbits
 306              	.Ldebug_info0:
 307 0000 19030000 		.4byte	0x319
 308 0004 0400     		.2byte	0x4
 309 0006 00000000 		.4byte	.Ldebug_abbrev0
 310 000a 04       		.byte	0x4
 311 000b 01       		.uleb128 0x1
 312 000c EF000000 		.4byte	.LASF40
 313 0010 0C       		.byte	0xc
ARM GAS  C:\Users\IroTeam\AppData\Local\Temp\ccpfnFDy.s 			page 11


 314 0011 5A020000 		.4byte	.LASF41
 315 0015 07030000 		.4byte	.LASF42
 316 0019 00000000 		.4byte	.Ldebug_ranges0+0
 317 001d 00000000 		.4byte	0
 318 0021 00000000 		.4byte	.Ldebug_line0
 319 0025 02       		.uleb128 0x2
 320 0026 01       		.byte	0x1
 321 0027 06       		.byte	0x6
 322 0028 F5020000 		.4byte	.LASF0
 323 002c 02       		.uleb128 0x2
 324 002d 01       		.byte	0x1
 325 002e 08       		.byte	0x8
 326 002f 98010000 		.4byte	.LASF1
 327 0033 02       		.uleb128 0x2
 328 0034 02       		.byte	0x2
 329 0035 05       		.byte	0x5
 330 0036 85020000 		.4byte	.LASF2
 331 003a 02       		.uleb128 0x2
 332 003b 02       		.byte	0x2
 333 003c 07       		.byte	0x7
 334 003d 4C000000 		.4byte	.LASF3
 335 0041 02       		.uleb128 0x2
 336 0042 04       		.byte	0x4
 337 0043 05       		.byte	0x5
 338 0044 E0020000 		.4byte	.LASF4
 339 0048 02       		.uleb128 0x2
 340 0049 04       		.byte	0x4
 341 004a 07       		.byte	0x7
 342 004b C1010000 		.4byte	.LASF5
 343 004f 02       		.uleb128 0x2
 344 0050 08       		.byte	0x8
 345 0051 05       		.byte	0x5
 346 0052 29020000 		.4byte	.LASF6
 347 0056 02       		.uleb128 0x2
 348 0057 08       		.byte	0x8
 349 0058 07       		.byte	0x7
 350 0059 E5010000 		.4byte	.LASF7
 351 005d 03       		.uleb128 0x3
 352 005e 04       		.byte	0x4
 353 005f 05       		.byte	0x5
 354 0060 696E7400 		.ascii	"int\000"
 355 0064 02       		.uleb128 0x2
 356 0065 04       		.byte	0x4
 357 0066 07       		.byte	0x7
 358 0067 5F000000 		.4byte	.LASF8
 359 006b 04       		.uleb128 0x4
 360 006c 92010000 		.4byte	.LASF9
 361 0070 02       		.byte	0x2
 362 0071 E901     		.2byte	0x1e9
 363 0073 2C000000 		.4byte	0x2c
 364 0077 04       		.uleb128 0x4
 365 0078 AD010000 		.4byte	.LASF10
 366 007c 02       		.byte	0x2
 367 007d EA01     		.2byte	0x1ea
 368 007f 3A000000 		.4byte	0x3a
 369 0083 02       		.uleb128 0x2
 370 0084 04       		.byte	0x4
ARM GAS  C:\Users\IroTeam\AppData\Local\Temp\ccpfnFDy.s 			page 12


 371 0085 04       		.byte	0x4
 372 0086 AA000000 		.4byte	.LASF11
 373 008a 02       		.uleb128 0x2
 374 008b 08       		.byte	0x8
 375 008c 04       		.byte	0x4
 376 008d A6010000 		.4byte	.LASF12
 377 0091 02       		.uleb128 0x2
 378 0092 01       		.byte	0x1
 379 0093 08       		.byte	0x8
 380 0094 37020000 		.4byte	.LASF13
 381 0098 04       		.uleb128 0x4
 382 0099 00000000 		.4byte	.LASF14
 383 009d 02       		.byte	0x2
 384 009e 8B02     		.2byte	0x28b
 385 00a0 48000000 		.4byte	0x48
 386 00a4 02       		.uleb128 0x2
 387 00a5 08       		.byte	0x8
 388 00a6 04       		.byte	0x4
 389 00a7 E9020000 		.4byte	.LASF15
 390 00ab 02       		.uleb128 0x2
 391 00ac 04       		.byte	0x4
 392 00ad 07       		.byte	0x7
 393 00ae 20020000 		.4byte	.LASF16
 394 00b2 05       		.uleb128 0x5
 395 00b3 AA020000 		.4byte	.LASF17
 396 00b7 01       		.byte	0x1
 397 00b8 29       		.byte	0x29
 398 00b9 00000000 		.4byte	.LFB0
 399 00bd 12000000 		.4byte	.LFE0-.LFB0
 400 00c1 01       		.uleb128 0x1
 401 00c2 9C       		.byte	0x9c
 402 00c3 E3000000 		.4byte	0xe3
 403 00c7 06       		.uleb128 0x6
 404 00c8 06000000 		.4byte	.LVL0
 405 00cc C4020000 		.4byte	0x2c4
 406 00d0 06       		.uleb128 0x6
 407 00d1 0A000000 		.4byte	.LVL1
 408 00d5 CF020000 		.4byte	0x2cf
 409 00d9 07       		.uleb128 0x7
 410 00da 12000000 		.4byte	.LVL2
 411 00de DA020000 		.4byte	0x2da
 412 00e2 00       		.byte	0
 413 00e3 05       		.uleb128 0x5
 414 00e4 6C000000 		.4byte	.LASF18
 415 00e8 01       		.byte	0x1
 416 00e9 40       		.byte	0x40
 417 00ea 00000000 		.4byte	.LFB1
 418 00ee 04000000 		.4byte	.LFE1-.LFB1
 419 00f2 01       		.uleb128 0x1
 420 00f3 9C       		.byte	0x9c
 421 00f4 02010000 		.4byte	0x102
 422 00f8 07       		.uleb128 0x7
 423 00f9 04000000 		.4byte	.LVL3
 424 00fd E5020000 		.4byte	0x2e5
 425 0101 00       		.byte	0
 426 0102 05       		.uleb128 0x5
 427 0103 3C020000 		.4byte	.LASF19
ARM GAS  C:\Users\IroTeam\AppData\Local\Temp\ccpfnFDy.s 			page 13


 428 0107 01       		.byte	0x1
 429 0108 55       		.byte	0x55
 430 0109 00000000 		.4byte	.LFB2
 431 010d 0E000000 		.4byte	.LFE2-.LFB2
 432 0111 01       		.uleb128 0x1
 433 0112 9C       		.byte	0x9c
 434 0113 2A010000 		.4byte	0x12a
 435 0117 06       		.uleb128 0x6
 436 0118 06000000 		.4byte	.LVL4
 437 011c CF020000 		.4byte	0x2cf
 438 0120 07       		.uleb128 0x7
 439 0121 0E000000 		.4byte	.LVL5
 440 0125 DA020000 		.4byte	0x2da
 441 0129 00       		.byte	0
 442 012a 08       		.uleb128 0x8
 443 012b 28000000 		.4byte	.LASF24
 444 012f 01       		.byte	0x1
 445 0130 74       		.byte	0x74
 446 0131 98000000 		.4byte	0x98
 447 0135 00000000 		.4byte	.LFB3
 448 0139 26000000 		.4byte	.LFE3-.LFB3
 449 013d 01       		.uleb128 0x1
 450 013e 9C       		.byte	0x9c
 451 013f A1010000 		.4byte	0x1a1
 452 0143 09       		.uleb128 0x9
 453 0144 A4000000 		.4byte	.LASF20
 454 0148 01       		.byte	0x1
 455 0149 74       		.byte	0x74
 456 014a A1010000 		.4byte	0x1a1
 457 014e 00000000 		.4byte	.LLST0
 458 0152 09       		.uleb128 0x9
 459 0153 EA000000 		.4byte	.LASF21
 460 0157 01       		.byte	0x1
 461 0158 74       		.byte	0x74
 462 0159 77000000 		.4byte	0x77
 463 015d 2C000000 		.4byte	.LLST1
 464 0161 09       		.uleb128 0x9
 465 0162 46000000 		.4byte	.LASF22
 466 0166 01       		.byte	0x1
 467 0167 74       		.byte	0x74
 468 0168 AC010000 		.4byte	0x1ac
 469 016c 4D000000 		.4byte	.LLST2
 470 0170 09       		.uleb128 0x9
 471 0171 8F020000 		.4byte	.LASF23
 472 0175 01       		.byte	0x1
 473 0176 74       		.byte	0x74
 474 0177 6B000000 		.4byte	0x6b
 475 017b 6B000000 		.4byte	.LLST3
 476 017f 0A       		.uleb128 0xa
 477 0180 FC010000 		.4byte	.LASF26
 478 0184 01       		.byte	0x1
 479 0185 77       		.byte	0x77
 480 0186 77000000 		.4byte	0x77
 481 018a 8C000000 		.4byte	.LLST4
 482 018e 06       		.uleb128 0x6
 483 018f 0C000000 		.4byte	.LVL7
 484 0193 CF020000 		.4byte	0x2cf
ARM GAS  C:\Users\IroTeam\AppData\Local\Temp\ccpfnFDy.s 			page 14


 485 0197 06       		.uleb128 0x6
 486 0198 1E000000 		.4byte	.LVL10
 487 019c F0020000 		.4byte	0x2f0
 488 01a0 00       		.byte	0
 489 01a1 0B       		.uleb128 0xb
 490 01a2 04       		.byte	0x4
 491 01a3 A7010000 		.4byte	0x1a7
 492 01a7 0C       		.uleb128 0xc
 493 01a8 6B000000 		.4byte	0x6b
 494 01ac 0B       		.uleb128 0xb
 495 01ad 04       		.byte	0x4
 496 01ae 77000000 		.4byte	0x77
 497 01b2 08       		.uleb128 0x8
 498 01b3 CD000000 		.4byte	.LASF25
 499 01b7 01       		.byte	0x1
 500 01b8 AA       		.byte	0xaa
 501 01b9 98000000 		.4byte	0x98
 502 01bd 00000000 		.4byte	.LFB4
 503 01c1 9E000000 		.4byte	.LFE4-.LFB4
 504 01c5 01       		.uleb128 0x1
 505 01c6 9C       		.byte	0x9c
 506 01c7 BE020000 		.4byte	0x2be
 507 01cb 09       		.uleb128 0x9
 508 01cc A4000000 		.4byte	.LASF20
 509 01d0 01       		.byte	0x1
 510 01d1 AA       		.byte	0xaa
 511 01d2 BE020000 		.4byte	0x2be
 512 01d6 C6000000 		.4byte	.LLST5
 513 01da 09       		.uleb128 0x9
 514 01db EA000000 		.4byte	.LASF21
 515 01df 01       		.byte	0x1
 516 01e0 AA       		.byte	0xaa
 517 01e1 77000000 		.4byte	0x77
 518 01e5 E4000000 		.4byte	.LLST6
 519 01e9 09       		.uleb128 0x9
 520 01ea 46000000 		.4byte	.LASF22
 521 01ee 01       		.byte	0x1
 522 01ef AA       		.byte	0xaa
 523 01f0 AC010000 		.4byte	0x1ac
 524 01f4 05010000 		.4byte	.LLST7
 525 01f8 09       		.uleb128 0x9
 526 01f9 8F020000 		.4byte	.LASF23
 527 01fd 01       		.byte	0x1
 528 01fe AA       		.byte	0xaa
 529 01ff 6B000000 		.4byte	0x6b
 530 0203 23010000 		.4byte	.LLST8
 531 0207 0A       		.uleb128 0xa
 532 0208 01030000 		.4byte	.LASF27
 533 020c 01       		.byte	0x1
 534 020d AD       		.byte	0xad
 535 020e 77000000 		.4byte	0x77
 536 0212 44010000 		.4byte	.LLST9
 537 0216 0A       		.uleb128 0xa
 538 0217 1A000000 		.4byte	.LASF28
 539 021b 01       		.byte	0x1
 540 021c AE       		.byte	0xae
 541 021d 77000000 		.4byte	0x77
ARM GAS  C:\Users\IroTeam\AppData\Local\Temp\ccpfnFDy.s 			page 15


 542 0221 A5010000 		.4byte	.LLST10
 543 0225 0A       		.uleb128 0xa
 544 0226 10000000 		.4byte	.LASF29
 545 022a 01       		.byte	0x1
 546 022b AF       		.byte	0xaf
 547 022c 77000000 		.4byte	0x77
 548 0230 D9010000 		.4byte	.LLST11
 549 0234 0A       		.uleb128 0xa
 550 0235 B4010000 		.4byte	.LASF30
 551 0239 01       		.byte	0x1
 552 023a B0       		.byte	0xb0
 553 023b 77000000 		.4byte	0x77
 554 023f F7010000 		.4byte	.LLST12
 555 0243 0A       		.uleb128 0xa
 556 0244 09000000 		.4byte	.LASF31
 557 0248 01       		.byte	0x1
 558 0249 B2       		.byte	0xb2
 559 024a 98000000 		.4byte	0x98
 560 024e 0A020000 		.4byte	.LLST13
 561 0252 06       		.uleb128 0x6
 562 0253 1A000000 		.4byte	.LVL14
 563 0257 FB020000 		.4byte	0x2fb
 564 025b 06       		.uleb128 0x6
 565 025c 22000000 		.4byte	.LVL16
 566 0260 FB020000 		.4byte	0x2fb
 567 0264 0D       		.uleb128 0xd
 568 0265 2A000000 		.4byte	.LVL18
 569 0269 06030000 		.4byte	0x306
 570 026d 77020000 		.4byte	0x277
 571 0271 0E       		.uleb128 0xe
 572 0272 01       		.uleb128 0x1
 573 0273 50       		.byte	0x50
 574 0274 01       		.uleb128 0x1
 575 0275 49       		.byte	0x49
 576 0276 00       		.byte	0
 577 0277 06       		.uleb128 0x6
 578 0278 2E000000 		.4byte	.LVL19
 579 027c FB020000 		.4byte	0x2fb
 580 0280 0D       		.uleb128 0xd
 581 0281 3C000000 		.4byte	.LVL21
 582 0285 06030000 		.4byte	0x306
 583 0289 93020000 		.4byte	0x293
 584 028d 0E       		.uleb128 0xe
 585 028e 01       		.uleb128 0x1
 586 028f 50       		.byte	0x50
 587 0290 01       		.uleb128 0x1
 588 0291 31       		.byte	0x31
 589 0292 00       		.byte	0
 590 0293 06       		.uleb128 0x6
 591 0294 48000000 		.4byte	.LVL25
 592 0298 FB020000 		.4byte	0x2fb
 593 029c 06       		.uleb128 0x6
 594 029d 4E000000 		.4byte	.LVL26
 595 02a1 FB020000 		.4byte	0x2fb
 596 02a5 06       		.uleb128 0x6
 597 02a6 74000000 		.4byte	.LVL30
 598 02aa 11030000 		.4byte	0x311
ARM GAS  C:\Users\IroTeam\AppData\Local\Temp\ccpfnFDy.s 			page 16


 599 02ae 0F       		.uleb128 0xf
 600 02af 94000000 		.4byte	.LVL34
 601 02b3 06030000 		.4byte	0x306
 602 02b7 0E       		.uleb128 0xe
 603 02b8 01       		.uleb128 0x1
 604 02b9 50       		.byte	0x50
 605 02ba 01       		.uleb128 0x1
 606 02bb 35       		.byte	0x35
 607 02bc 00       		.byte	0
 608 02bd 00       		.byte	0
 609 02be 0B       		.uleb128 0xb
 610 02bf 04       		.byte	0x4
 611 02c0 6B000000 		.4byte	0x6b
 612 02c4 10       		.uleb128 0x10
 613 02c5 97020000 		.4byte	.LASF32
 614 02c9 97020000 		.4byte	.LASF32
 615 02cd 03       		.byte	0x3
 616 02ce 54       		.byte	0x54
 617 02cf 10       		.uleb128 0x10
 618 02d0 05020000 		.4byte	.LASF33
 619 02d4 05020000 		.4byte	.LASF33
 620 02d8 03       		.byte	0x3
 621 02d9 75       		.byte	0x75
 622 02da 10       		.uleb128 0x10
 623 02db 89000000 		.4byte	.LASF34
 624 02df 89000000 		.4byte	.LASF34
 625 02e3 03       		.byte	0x3
 626 02e4 8F       		.byte	0x8f
 627 02e5 10       		.uleb128 0x10
 628 02e6 D3010000 		.4byte	.LASF35
 629 02ea D3010000 		.4byte	.LASF35
 630 02ee 03       		.byte	0x3
 631 02ef 55       		.byte	0x55
 632 02f0 10       		.uleb128 0x10
 633 02f1 7D010000 		.4byte	.LASF36
 634 02f5 7D010000 		.4byte	.LASF36
 635 02f9 03       		.byte	0x3
 636 02fa 8A       		.byte	0x8a
 637 02fb 10       		.uleb128 0x10
 638 02fc B0000000 		.4byte	.LASF37
 639 0300 B0000000 		.4byte	.LASF37
 640 0304 03       		.byte	0x3
 641 0305 73       		.byte	0x73
 642 0306 10       		.uleb128 0x10
 643 0307 5E030000 		.4byte	.LASF38
 644 030b 5E030000 		.4byte	.LASF38
 645 030f 04       		.byte	0x4
 646 0310 76       		.byte	0x76
 647 0311 10       		.uleb128 0x10
 648 0312 C8020000 		.4byte	.LASF39
 649 0316 C8020000 		.4byte	.LASF39
 650 031a 03       		.byte	0x3
 651 031b 6F       		.byte	0x6f
 652 031c 00       		.byte	0
 653              		.section	.debug_abbrev,"",%progbits
 654              	.Ldebug_abbrev0:
 655 0000 01       		.uleb128 0x1
ARM GAS  C:\Users\IroTeam\AppData\Local\Temp\ccpfnFDy.s 			page 17


 656 0001 11       		.uleb128 0x11
 657 0002 01       		.byte	0x1
 658 0003 25       		.uleb128 0x25
 659 0004 0E       		.uleb128 0xe
 660 0005 13       		.uleb128 0x13
 661 0006 0B       		.uleb128 0xb
 662 0007 03       		.uleb128 0x3
 663 0008 0E       		.uleb128 0xe
 664 0009 1B       		.uleb128 0x1b
 665 000a 0E       		.uleb128 0xe
 666 000b 55       		.uleb128 0x55
 667 000c 17       		.uleb128 0x17
 668 000d 11       		.uleb128 0x11
 669 000e 01       		.uleb128 0x1
 670 000f 10       		.uleb128 0x10
 671 0010 17       		.uleb128 0x17
 672 0011 00       		.byte	0
 673 0012 00       		.byte	0
 674 0013 02       		.uleb128 0x2
 675 0014 24       		.uleb128 0x24
 676 0015 00       		.byte	0
 677 0016 0B       		.uleb128 0xb
 678 0017 0B       		.uleb128 0xb
 679 0018 3E       		.uleb128 0x3e
 680 0019 0B       		.uleb128 0xb
 681 001a 03       		.uleb128 0x3
 682 001b 0E       		.uleb128 0xe
 683 001c 00       		.byte	0
 684 001d 00       		.byte	0
 685 001e 03       		.uleb128 0x3
 686 001f 24       		.uleb128 0x24
 687 0020 00       		.byte	0
 688 0021 0B       		.uleb128 0xb
 689 0022 0B       		.uleb128 0xb
 690 0023 3E       		.uleb128 0x3e
 691 0024 0B       		.uleb128 0xb
 692 0025 03       		.uleb128 0x3
 693 0026 08       		.uleb128 0x8
 694 0027 00       		.byte	0
 695 0028 00       		.byte	0
 696 0029 04       		.uleb128 0x4
 697 002a 16       		.uleb128 0x16
 698 002b 00       		.byte	0
 699 002c 03       		.uleb128 0x3
 700 002d 0E       		.uleb128 0xe
 701 002e 3A       		.uleb128 0x3a
 702 002f 0B       		.uleb128 0xb
 703 0030 3B       		.uleb128 0x3b
 704 0031 05       		.uleb128 0x5
 705 0032 49       		.uleb128 0x49
 706 0033 13       		.uleb128 0x13
 707 0034 00       		.byte	0
 708 0035 00       		.byte	0
 709 0036 05       		.uleb128 0x5
 710 0037 2E       		.uleb128 0x2e
 711 0038 01       		.byte	0x1
 712 0039 3F       		.uleb128 0x3f
ARM GAS  C:\Users\IroTeam\AppData\Local\Temp\ccpfnFDy.s 			page 18


 713 003a 19       		.uleb128 0x19
 714 003b 03       		.uleb128 0x3
 715 003c 0E       		.uleb128 0xe
 716 003d 3A       		.uleb128 0x3a
 717 003e 0B       		.uleb128 0xb
 718 003f 3B       		.uleb128 0x3b
 719 0040 0B       		.uleb128 0xb
 720 0041 27       		.uleb128 0x27
 721 0042 19       		.uleb128 0x19
 722 0043 11       		.uleb128 0x11
 723 0044 01       		.uleb128 0x1
 724 0045 12       		.uleb128 0x12
 725 0046 06       		.uleb128 0x6
 726 0047 40       		.uleb128 0x40
 727 0048 18       		.uleb128 0x18
 728 0049 9742     		.uleb128 0x2117
 729 004b 19       		.uleb128 0x19
 730 004c 01       		.uleb128 0x1
 731 004d 13       		.uleb128 0x13
 732 004e 00       		.byte	0
 733 004f 00       		.byte	0
 734 0050 06       		.uleb128 0x6
 735 0051 898201   		.uleb128 0x4109
 736 0054 00       		.byte	0
 737 0055 11       		.uleb128 0x11
 738 0056 01       		.uleb128 0x1
 739 0057 31       		.uleb128 0x31
 740 0058 13       		.uleb128 0x13
 741 0059 00       		.byte	0
 742 005a 00       		.byte	0
 743 005b 07       		.uleb128 0x7
 744 005c 898201   		.uleb128 0x4109
 745 005f 00       		.byte	0
 746 0060 11       		.uleb128 0x11
 747 0061 01       		.uleb128 0x1
 748 0062 9542     		.uleb128 0x2115
 749 0064 19       		.uleb128 0x19
 750 0065 31       		.uleb128 0x31
 751 0066 13       		.uleb128 0x13
 752 0067 00       		.byte	0
 753 0068 00       		.byte	0
 754 0069 08       		.uleb128 0x8
 755 006a 2E       		.uleb128 0x2e
 756 006b 01       		.byte	0x1
 757 006c 3F       		.uleb128 0x3f
 758 006d 19       		.uleb128 0x19
 759 006e 03       		.uleb128 0x3
 760 006f 0E       		.uleb128 0xe
 761 0070 3A       		.uleb128 0x3a
 762 0071 0B       		.uleb128 0xb
 763 0072 3B       		.uleb128 0x3b
 764 0073 0B       		.uleb128 0xb
 765 0074 27       		.uleb128 0x27
 766 0075 19       		.uleb128 0x19
 767 0076 49       		.uleb128 0x49
 768 0077 13       		.uleb128 0x13
 769 0078 11       		.uleb128 0x11
ARM GAS  C:\Users\IroTeam\AppData\Local\Temp\ccpfnFDy.s 			page 19


 770 0079 01       		.uleb128 0x1
 771 007a 12       		.uleb128 0x12
 772 007b 06       		.uleb128 0x6
 773 007c 40       		.uleb128 0x40
 774 007d 18       		.uleb128 0x18
 775 007e 9742     		.uleb128 0x2117
 776 0080 19       		.uleb128 0x19
 777 0081 01       		.uleb128 0x1
 778 0082 13       		.uleb128 0x13
 779 0083 00       		.byte	0
 780 0084 00       		.byte	0
 781 0085 09       		.uleb128 0x9
 782 0086 05       		.uleb128 0x5
 783 0087 00       		.byte	0
 784 0088 03       		.uleb128 0x3
 785 0089 0E       		.uleb128 0xe
 786 008a 3A       		.uleb128 0x3a
 787 008b 0B       		.uleb128 0xb
 788 008c 3B       		.uleb128 0x3b
 789 008d 0B       		.uleb128 0xb
 790 008e 49       		.uleb128 0x49
 791 008f 13       		.uleb128 0x13
 792 0090 02       		.uleb128 0x2
 793 0091 17       		.uleb128 0x17
 794 0092 00       		.byte	0
 795 0093 00       		.byte	0
 796 0094 0A       		.uleb128 0xa
 797 0095 34       		.uleb128 0x34
 798 0096 00       		.byte	0
 799 0097 03       		.uleb128 0x3
 800 0098 0E       		.uleb128 0xe
 801 0099 3A       		.uleb128 0x3a
 802 009a 0B       		.uleb128 0xb
 803 009b 3B       		.uleb128 0x3b
 804 009c 0B       		.uleb128 0xb
 805 009d 49       		.uleb128 0x49
 806 009e 13       		.uleb128 0x13
 807 009f 02       		.uleb128 0x2
 808 00a0 17       		.uleb128 0x17
 809 00a1 00       		.byte	0
 810 00a2 00       		.byte	0
 811 00a3 0B       		.uleb128 0xb
 812 00a4 0F       		.uleb128 0xf
 813 00a5 00       		.byte	0
 814 00a6 0B       		.uleb128 0xb
 815 00a7 0B       		.uleb128 0xb
 816 00a8 49       		.uleb128 0x49
 817 00a9 13       		.uleb128 0x13
 818 00aa 00       		.byte	0
 819 00ab 00       		.byte	0
 820 00ac 0C       		.uleb128 0xc
 821 00ad 26       		.uleb128 0x26
 822 00ae 00       		.byte	0
 823 00af 49       		.uleb128 0x49
 824 00b0 13       		.uleb128 0x13
 825 00b1 00       		.byte	0
 826 00b2 00       		.byte	0
ARM GAS  C:\Users\IroTeam\AppData\Local\Temp\ccpfnFDy.s 			page 20


 827 00b3 0D       		.uleb128 0xd
 828 00b4 898201   		.uleb128 0x4109
 829 00b7 01       		.byte	0x1
 830 00b8 11       		.uleb128 0x11
 831 00b9 01       		.uleb128 0x1
 832 00ba 31       		.uleb128 0x31
 833 00bb 13       		.uleb128 0x13
 834 00bc 01       		.uleb128 0x1
 835 00bd 13       		.uleb128 0x13
 836 00be 00       		.byte	0
 837 00bf 00       		.byte	0
 838 00c0 0E       		.uleb128 0xe
 839 00c1 8A8201   		.uleb128 0x410a
 840 00c4 00       		.byte	0
 841 00c5 02       		.uleb128 0x2
 842 00c6 18       		.uleb128 0x18
 843 00c7 9142     		.uleb128 0x2111
 844 00c9 18       		.uleb128 0x18
 845 00ca 00       		.byte	0
 846 00cb 00       		.byte	0
 847 00cc 0F       		.uleb128 0xf
 848 00cd 898201   		.uleb128 0x4109
 849 00d0 01       		.byte	0x1
 850 00d1 11       		.uleb128 0x11
 851 00d2 01       		.uleb128 0x1
 852 00d3 31       		.uleb128 0x31
 853 00d4 13       		.uleb128 0x13
 854 00d5 00       		.byte	0
 855 00d6 00       		.byte	0
 856 00d7 10       		.uleb128 0x10
 857 00d8 2E       		.uleb128 0x2e
 858 00d9 00       		.byte	0
 859 00da 3F       		.uleb128 0x3f
 860 00db 19       		.uleb128 0x19
 861 00dc 3C       		.uleb128 0x3c
 862 00dd 19       		.uleb128 0x19
 863 00de 6E       		.uleb128 0x6e
 864 00df 0E       		.uleb128 0xe
 865 00e0 03       		.uleb128 0x3
 866 00e1 0E       		.uleb128 0xe
 867 00e2 3A       		.uleb128 0x3a
 868 00e3 0B       		.uleb128 0xb
 869 00e4 3B       		.uleb128 0x3b
 870 00e5 0B       		.uleb128 0xb
 871 00e6 00       		.byte	0
 872 00e7 00       		.byte	0
 873 00e8 00       		.byte	0
 874              		.section	.debug_loc,"",%progbits
 875              	.Ldebug_loc0:
 876              	.LLST0:
 877 0000 00000000 		.4byte	.LVL6
 878 0004 0B000000 		.4byte	.LVL7-1
 879 0008 0100     		.2byte	0x1
 880 000a 50       		.byte	0x50
 881 000b 0B000000 		.4byte	.LVL7-1
 882 000f 12000000 		.4byte	.LVL8
 883 0013 0100     		.2byte	0x1
ARM GAS  C:\Users\IroTeam\AppData\Local\Temp\ccpfnFDy.s 			page 21


 884 0015 54       		.byte	0x54
 885 0016 12000000 		.4byte	.LVL8
 886 001a 26000000 		.4byte	.LFE3
 887 001e 0400     		.2byte	0x4
 888 0020 F3       		.byte	0xf3
 889 0021 01       		.uleb128 0x1
 890 0022 50       		.byte	0x50
 891 0023 9F       		.byte	0x9f
 892 0024 00000000 		.4byte	0
 893 0028 00000000 		.4byte	0
 894              	.LLST1:
 895 002c 00000000 		.4byte	.LVL6
 896 0030 0B000000 		.4byte	.LVL7-1
 897 0034 0100     		.2byte	0x1
 898 0036 51       		.byte	0x51
 899 0037 0B000000 		.4byte	.LVL7-1
 900 003b 26000000 		.4byte	.LFE3
 901 003f 0400     		.2byte	0x4
 902 0041 F3       		.byte	0xf3
 903 0042 01       		.uleb128 0x1
 904 0043 51       		.byte	0x51
 905 0044 9F       		.byte	0x9f
 906 0045 00000000 		.4byte	0
 907 0049 00000000 		.4byte	0
 908              	.LLST2:
 909 004d 00000000 		.4byte	.LVL6
 910 0051 0B000000 		.4byte	.LVL7-1
 911 0055 0100     		.2byte	0x1
 912 0057 52       		.byte	0x52
 913 0058 0B000000 		.4byte	.LVL7-1
 914 005c 26000000 		.4byte	.LFE3
 915 0060 0100     		.2byte	0x1
 916 0062 57       		.byte	0x57
 917 0063 00000000 		.4byte	0
 918 0067 00000000 		.4byte	0
 919              	.LLST3:
 920 006b 00000000 		.4byte	.LVL6
 921 006f 0B000000 		.4byte	.LVL7-1
 922 0073 0100     		.2byte	0x1
 923 0075 53       		.byte	0x53
 924 0076 0B000000 		.4byte	.LVL7-1
 925 007a 26000000 		.4byte	.LFE3
 926 007e 0400     		.2byte	0x4
 927 0080 F3       		.byte	0xf3
 928 0081 01       		.uleb128 0x1
 929 0082 53       		.byte	0x53
 930 0083 9F       		.byte	0x9f
 931 0084 00000000 		.4byte	0
 932 0088 00000000 		.4byte	0
 933              	.LLST4:
 934 008c 00000000 		.4byte	.LVL6
 935 0090 12000000 		.4byte	.LVL8
 936 0094 0200     		.2byte	0x2
 937 0096 30       		.byte	0x30
 938 0097 9F       		.byte	0x9f
 939 0098 12000000 		.4byte	.LVL8
 940 009c 1A000000 		.4byte	.LVL9
ARM GAS  C:\Users\IroTeam\AppData\Local\Temp\ccpfnFDy.s 			page 22


 941 00a0 0900     		.2byte	0x9
 942 00a2 75       		.byte	0x75
 943 00a3 00       		.sleb128 0
 944 00a4 F3       		.byte	0xf3
 945 00a5 01       		.uleb128 0x1
 946 00a6 50       		.byte	0x50
 947 00a7 31       		.byte	0x31
 948 00a8 1C       		.byte	0x1c
 949 00a9 1C       		.byte	0x1c
 950 00aa 9F       		.byte	0x9f
 951 00ab 1E000000 		.4byte	.LVL10
 952 00af 26000000 		.4byte	.LFE3
 953 00b3 0900     		.2byte	0x9
 954 00b5 75       		.byte	0x75
 955 00b6 00       		.sleb128 0
 956 00b7 F3       		.byte	0xf3
 957 00b8 01       		.uleb128 0x1
 958 00b9 50       		.byte	0x50
 959 00ba 31       		.byte	0x31
 960 00bb 1C       		.byte	0x1c
 961 00bc 1C       		.byte	0x1c
 962 00bd 9F       		.byte	0x9f
 963 00be 00000000 		.4byte	0
 964 00c2 00000000 		.4byte	0
 965              	.LLST5:
 966 00c6 00000000 		.4byte	.LVL11
 967 00ca 10000000 		.4byte	.LVL12
 968 00ce 0100     		.2byte	0x1
 969 00d0 50       		.byte	0x50
 970 00d1 10000000 		.4byte	.LVL12
 971 00d5 9E000000 		.4byte	.LFE4
 972 00d9 0100     		.2byte	0x1
 973 00db 58       		.byte	0x58
 974 00dc 00000000 		.4byte	0
 975 00e0 00000000 		.4byte	0
 976              	.LLST6:
 977 00e4 00000000 		.4byte	.LVL11
 978 00e8 10000000 		.4byte	.LVL12
 979 00ec 0100     		.2byte	0x1
 980 00ee 51       		.byte	0x51
 981 00ef 10000000 		.4byte	.LVL12
 982 00f3 9E000000 		.4byte	.LFE4
 983 00f7 0400     		.2byte	0x4
 984 00f9 F3       		.byte	0xf3
 985 00fa 01       		.uleb128 0x1
 986 00fb 51       		.byte	0x51
 987 00fc 9F       		.byte	0x9f
 988 00fd 00000000 		.4byte	0
 989 0101 00000000 		.4byte	0
 990              	.LLST7:
 991 0105 00000000 		.4byte	.LVL11
 992 0109 10000000 		.4byte	.LVL12
 993 010d 0100     		.2byte	0x1
 994 010f 52       		.byte	0x52
 995 0110 10000000 		.4byte	.LVL12
 996 0114 9E000000 		.4byte	.LFE4
 997 0118 0100     		.2byte	0x1
ARM GAS  C:\Users\IroTeam\AppData\Local\Temp\ccpfnFDy.s 			page 23


 998 011a 56       		.byte	0x56
 999 011b 00000000 		.4byte	0
 1000 011f 00000000 		.4byte	0
 1001              	.LLST8:
 1002 0123 00000000 		.4byte	.LVL11
 1003 0127 10000000 		.4byte	.LVL12
 1004 012b 0100     		.2byte	0x1
 1005 012d 53       		.byte	0x53
 1006 012e 10000000 		.4byte	.LVL12
 1007 0132 9E000000 		.4byte	.LFE4
 1008 0136 0400     		.2byte	0x4
 1009 0138 F3       		.byte	0xf3
 1010 0139 01       		.uleb128 0x1
 1011 013a 53       		.byte	0x53
 1012 013b 9F       		.byte	0x9f
 1013 013c 00000000 		.4byte	0
 1014 0140 00000000 		.4byte	0
 1015              	.LLST9:
 1016 0144 00000000 		.4byte	.LVL11
 1017 0148 10000000 		.4byte	.LVL12
 1018 014c 0200     		.2byte	0x2
 1019 014e 30       		.byte	0x30
 1020 014f 9F       		.byte	0x9f
 1021 0150 10000000 		.4byte	.LVL12
 1022 0154 12000000 		.4byte	.LVL13
 1023 0158 0100     		.2byte	0x1
 1024 015a 55       		.byte	0x55
 1025 015b 12000000 		.4byte	.LVL13
 1026 015f 19000000 		.4byte	.LVL14-1
 1027 0163 0100     		.2byte	0x1
 1028 0165 53       		.byte	0x53
 1029 0166 19000000 		.4byte	.LVL14-1
 1030 016a 1C000000 		.4byte	.LVL15
 1031 016e 0100     		.2byte	0x1
 1032 0170 55       		.byte	0x55
 1033 0171 3C000000 		.4byte	.LVL21
 1034 0175 3E000000 		.4byte	.LVL22
 1035 0179 0100     		.2byte	0x1
 1036 017b 55       		.byte	0x55
 1037 017c 3E000000 		.4byte	.LVL22
 1038 0180 40000000 		.4byte	.LVL23
 1039 0184 0100     		.2byte	0x1
 1040 0186 53       		.byte	0x53
 1041 0187 6E000000 		.4byte	.LVL29
 1042 018b 78000000 		.4byte	.LVL31
 1043 018f 0100     		.2byte	0x1
 1044 0191 5B       		.byte	0x5b
 1045 0192 7E000000 		.4byte	.LVL33
 1046 0196 96000000 		.4byte	.LVL35
 1047 019a 0100     		.2byte	0x1
 1048 019c 5B       		.byte	0x5b
 1049 019d 00000000 		.4byte	0
 1050 01a1 00000000 		.4byte	0
 1051              	.LLST10:
 1052 01a5 44000000 		.4byte	.LVL24
 1053 01a9 60000000 		.4byte	.LVL28
 1054 01ad 0100     		.2byte	0x1
ARM GAS  C:\Users\IroTeam\AppData\Local\Temp\ccpfnFDy.s 			page 24


 1055 01af 54       		.byte	0x54
 1056 01b0 6E000000 		.4byte	.LVL29
 1057 01b4 7C000000 		.4byte	.LVL32
 1058 01b8 0100     		.2byte	0x1
 1059 01ba 5A       		.byte	0x5a
 1060 01bb 7E000000 		.4byte	.LVL33
 1061 01bf 96000000 		.4byte	.LVL35
 1062 01c3 0100     		.2byte	0x1
 1063 01c5 5A       		.byte	0x5a
 1064 01c6 96000000 		.4byte	.LVL35
 1065 01ca 9E000000 		.4byte	.LFE4
 1066 01ce 0100     		.2byte	0x1
 1067 01d0 54       		.byte	0x54
 1068 01d1 00000000 		.4byte	0
 1069 01d5 00000000 		.4byte	0
 1070              	.LLST11:
 1071 01d9 52000000 		.4byte	.LVL27
 1072 01dd 60000000 		.4byte	.LVL28
 1073 01e1 0100     		.2byte	0x1
 1074 01e3 50       		.byte	0x50
 1075 01e4 96000000 		.4byte	.LVL35
 1076 01e8 98000000 		.4byte	.LVL36
 1077 01ec 0100     		.2byte	0x1
 1078 01ee 50       		.byte	0x50
 1079 01ef 00000000 		.4byte	0
 1080 01f3 00000000 		.4byte	0
 1081              	.LLST12:
 1082 01f7 24000000 		.4byte	.LVL17
 1083 01fb 36000000 		.4byte	.LVL20
 1084 01ff 0100     		.2byte	0x1
 1085 0201 54       		.byte	0x54
 1086 0202 00000000 		.4byte	0
 1087 0206 00000000 		.4byte	0
 1088              	.LLST13:
 1089 020a 00000000 		.4byte	.LVL11
 1090 020e 40000000 		.4byte	.LVL23
 1091 0212 0200     		.2byte	0x2
 1092 0214 35       		.byte	0x35
 1093 0215 9F       		.byte	0x9f
 1094 0216 40000000 		.4byte	.LVL23
 1095 021a 9E000000 		.4byte	.LFE4
 1096 021e 0100     		.2byte	0x1
 1097 0220 57       		.byte	0x57
 1098 0221 00000000 		.4byte	0
 1099 0225 00000000 		.4byte	0
 1100              		.section	.debug_aranges,"",%progbits
 1101 0000 3C000000 		.4byte	0x3c
 1102 0004 0200     		.2byte	0x2
 1103 0006 00000000 		.4byte	.Ldebug_info0
 1104 000a 04       		.byte	0x4
 1105 000b 00       		.byte	0
 1106 000c 0000     		.2byte	0
 1107 000e 0000     		.2byte	0
 1108 0010 00000000 		.4byte	.LFB0
 1109 0014 12000000 		.4byte	.LFE0-.LFB0
 1110 0018 00000000 		.4byte	.LFB1
 1111 001c 04000000 		.4byte	.LFE1-.LFB1
ARM GAS  C:\Users\IroTeam\AppData\Local\Temp\ccpfnFDy.s 			page 25


 1112 0020 00000000 		.4byte	.LFB2
 1113 0024 0E000000 		.4byte	.LFE2-.LFB2
 1114 0028 00000000 		.4byte	.LFB3
 1115 002c 26000000 		.4byte	.LFE3-.LFB3
 1116 0030 00000000 		.4byte	.LFB4
 1117 0034 9E000000 		.4byte	.LFE4-.LFB4
 1118 0038 00000000 		.4byte	0
 1119 003c 00000000 		.4byte	0
 1120              		.section	.debug_ranges,"",%progbits
 1121              	.Ldebug_ranges0:
 1122 0000 00000000 		.4byte	.LFB0
 1123 0004 12000000 		.4byte	.LFE0
 1124 0008 00000000 		.4byte	.LFB1
 1125 000c 04000000 		.4byte	.LFE1
 1126 0010 00000000 		.4byte	.LFB2
 1127 0014 0E000000 		.4byte	.LFE2
 1128 0018 00000000 		.4byte	.LFB3
 1129 001c 26000000 		.4byte	.LFE3
 1130 0020 00000000 		.4byte	.LFB4
 1131 0024 9E000000 		.4byte	.LFE4
 1132 0028 00000000 		.4byte	0
 1133 002c 00000000 		.4byte	0
 1134              		.section	.debug_line,"",%progbits
 1135              	.Ldebug_line0:
 1136 0000 0F010000 		.section	.debug_str,"MS",%progbits,1
 1136      02006B00 
 1136      00000201 
 1136      FB0E0D00 
 1136      01010101 
 1137              	.LASF14:
 1138 0000 63797374 		.ascii	"cystatus\000"
 1138      61747573 
 1138      00
 1139              	.LASF31:
 1140 0009 73746174 		.ascii	"status\000"
 1140      757300
 1141              	.LASF29:
 1142 0010 74656D70 		.ascii	"tempCount\000"
 1142      436F756E 
 1142      7400
 1143              	.LASF28:
 1144 001a 64617461 		.ascii	"dataIndexCntr\000"
 1144      496E6465 
 1144      78436E74 
 1144      7200
 1145              	.LASF24:
 1146 0028 52533438 		.ascii	"RS485_Sensor_CyBtldrCommWrite\000"
 1146      355F5365 
 1146      6E736F72 
 1146      5F437942 
 1146      746C6472 
 1147              	.LASF22:
 1148 0046 636F756E 		.ascii	"count\000"
 1148      7400
 1149              	.LASF3:
 1150 004c 73686F72 		.ascii	"short unsigned int\000"
 1150      7420756E 
ARM GAS  C:\Users\IroTeam\AppData\Local\Temp\ccpfnFDy.s 			page 26


 1150      7369676E 
 1150      65642069 
 1150      6E7400
 1151              	.LASF8:
 1152 005f 756E7369 		.ascii	"unsigned int\000"
 1152      676E6564 
 1152      20696E74 
 1152      00
 1153              	.LASF18:
 1154 006c 52533438 		.ascii	"RS485_Sensor_CyBtldrCommStop\000"
 1154      355F5365 
 1154      6E736F72 
 1154      5F437942 
 1154      746C6472 
 1155              	.LASF34:
 1156 0089 52533438 		.ascii	"RS485_Sensor_ClearTxBuffer\000"
 1156      355F5365 
 1156      6E736F72 
 1156      5F436C65 
 1156      61725478 
 1157              	.LASF20:
 1158 00a4 70446174 		.ascii	"pData\000"
 1158      6100
 1159              	.LASF11:
 1160 00aa 666C6F61 		.ascii	"float\000"
 1160      7400
 1161              	.LASF37:
 1162 00b0 52533438 		.ascii	"RS485_Sensor_GetRxBufferSize\000"
 1162      355F5365 
 1162      6E736F72 
 1162      5F476574 
 1162      52784275 
 1163              	.LASF25:
 1164 00cd 52533438 		.ascii	"RS485_Sensor_CyBtldrCommRead\000"
 1164      355F5365 
 1164      6E736F72 
 1164      5F437942 
 1164      746C6472 
 1165              	.LASF21:
 1166 00ea 73697A65 		.ascii	"size\000"
 1166      00
 1167              	.LASF40:
 1168 00ef 474E5520 		.ascii	"GNU C11 5.4.1 20160609 (release) [ARM/embedded-5-br"
 1168      43313120 
 1168      352E342E 
 1168      31203230 
 1168      31363036 
 1169 0122 616E6368 		.ascii	"anch revision 237715] -mcpu=cortex-m3 -mthumb -g -O"
 1169      20726576 
 1169      6973696F 
 1169      6E203233 
 1169      37373135 
 1170 0155 73202D66 		.ascii	"s -ffunction-sections -ffat-lto-objects\000"
 1170      66756E63 
 1170      74696F6E 
 1170      2D736563 
 1170      74696F6E 
ARM GAS  C:\Users\IroTeam\AppData\Local\Temp\ccpfnFDy.s 			page 27


 1171              	.LASF36:
 1172 017d 52533438 		.ascii	"RS485_Sensor_PutChar\000"
 1172      355F5365 
 1172      6E736F72 
 1172      5F507574 
 1172      43686172 
 1173              	.LASF9:
 1174 0192 75696E74 		.ascii	"uint8\000"
 1174      3800
 1175              	.LASF1:
 1176 0198 756E7369 		.ascii	"unsigned char\000"
 1176      676E6564 
 1176      20636861 
 1176      7200
 1177              	.LASF12:
 1178 01a6 646F7562 		.ascii	"double\000"
 1178      6C6500
 1179              	.LASF10:
 1180 01ad 75696E74 		.ascii	"uint16\000"
 1180      313600
 1181              	.LASF30:
 1182 01b4 6F6C6444 		.ascii	"oldDataCount\000"
 1182      61746143 
 1182      6F756E74 
 1182      00
 1183              	.LASF5:
 1184 01c1 6C6F6E67 		.ascii	"long unsigned int\000"
 1184      20756E73 
 1184      69676E65 
 1184      6420696E 
 1184      7400
 1185              	.LASF35:
 1186 01d3 52533438 		.ascii	"RS485_Sensor_Stop\000"
 1186      355F5365 
 1186      6E736F72 
 1186      5F53746F 
 1186      7000
 1187              	.LASF7:
 1188 01e5 6C6F6E67 		.ascii	"long long unsigned int\000"
 1188      206C6F6E 
 1188      6720756E 
 1188      7369676E 
 1188      65642069 
 1189              	.LASF26:
 1190 01fc 62756649 		.ascii	"bufIndex\000"
 1190      6E646578 
 1190      00
 1191              	.LASF33:
 1192 0205 52533438 		.ascii	"RS485_Sensor_ClearRxBuffer\000"
 1192      355F5365 
 1192      6E736F72 
 1192      5F436C65 
 1192      61725278 
 1193              	.LASF16:
 1194 0220 73697A65 		.ascii	"sizetype\000"
 1194      74797065 
 1194      00
ARM GAS  C:\Users\IroTeam\AppData\Local\Temp\ccpfnFDy.s 			page 28


 1195              	.LASF6:
 1196 0229 6C6F6E67 		.ascii	"long long int\000"
 1196      206C6F6E 
 1196      6720696E 
 1196      7400
 1197              	.LASF13:
 1198 0237 63686172 		.ascii	"char\000"
 1198      00
 1199              	.LASF19:
 1200 023c 52533438 		.ascii	"RS485_Sensor_CyBtldrCommReset\000"
 1200      355F5365 
 1200      6E736F72 
 1200      5F437942 
 1200      746C6472 
 1201              	.LASF41:
 1202 025a 47656E65 		.ascii	"Generated_Source\\PSoC5\\RS485_Sensor_BOOT.c\000"
 1202      72617465 
 1202      645F536F 
 1202      75726365 
 1202      5C50536F 
 1203              	.LASF2:
 1204 0285 73686F72 		.ascii	"short int\000"
 1204      7420696E 
 1204      7400
 1205              	.LASF23:
 1206 028f 74696D65 		.ascii	"timeOut\000"
 1206      4F757400 
 1207              	.LASF32:
 1208 0297 52533438 		.ascii	"RS485_Sensor_Start\000"
 1208      355F5365 
 1208      6E736F72 
 1208      5F537461 
 1208      727400
 1209              	.LASF17:
 1210 02aa 52533438 		.ascii	"RS485_Sensor_CyBtldrCommStart\000"
 1210      355F5365 
 1210      6E736F72 
 1210      5F437942 
 1210      746C6472 
 1211              	.LASF39:
 1212 02c8 52533438 		.ascii	"RS485_Sensor_ReadRxData\000"
 1212      355F5365 
 1212      6E736F72 
 1212      5F526561 
 1212      64527844 
 1213              	.LASF4:
 1214 02e0 6C6F6E67 		.ascii	"long int\000"
 1214      20696E74 
 1214      00
 1215              	.LASF15:
 1216 02e9 6C6F6E67 		.ascii	"long double\000"
 1216      20646F75 
 1216      626C6500 
 1217              	.LASF0:
 1218 02f5 7369676E 		.ascii	"signed char\000"
 1218      65642063 
 1218      68617200 
ARM GAS  C:\Users\IroTeam\AppData\Local\Temp\ccpfnFDy.s 			page 29


 1219              	.LASF27:
 1220 0301 69436E74 		.ascii	"iCntr\000"
 1220      7200
 1221              	.LASF42:
 1222 0307 453A5C49 		.ascii	"E:\\IroTeam\\Developing Projects\\Cypress\\100 PIN\\"
 1222      726F5465 
 1222      616D5C44 
 1222      6576656C 
 1222      6F70696E 
 1223 0336 63792D6D 		.ascii	"cy-micro\\cy-bootloader\\Bootloader.cydsn\000"
 1223      6963726F 
 1223      5C63792D 
 1223      626F6F74 
 1223      6C6F6164 
 1224              	.LASF38:
 1225 035e 43794465 		.ascii	"CyDelay\000"
 1225      6C617900 
 1226              		.ident	"GCC: (GNU Tools for ARM Embedded Processors) 5.4.1 20160609 (release) [ARM/embedded-5-bran
